[12:45:57] [main/INFO]: Loading tweak class name optifine.OptiFineTweaker
[12:45:57] [main/INFO]: Using primary tweak class name optifine.OptiFineTweaker
[12:45:57] [main/INFO]: Calling tweak class optifine.OptiFineTweaker
[12:45:57] [main/INFO]: Launching wrapped minecraft {net.minecraft.client.main.Main}
[12:45:58] [main/INFO]: [OptiFine] (Reflector) Field not found: World.tileEntitiesToBeRemoved
[12:45:58] [main/INFO]: [OptiFine] (Reflector) Class not present: net.minecraftforge.eventbus.api.Event$Result
[12:45:58] [main/INFO]: [OptiFine] (Reflector) Method not present: net.minecraftforge.common.extensions.IForgeBlockState.hasTileEntity
[12:45:58] [main/INFO]: [OptiFine] (Reflector) Class not present: net.minecraftforge.common.extensions.IForgeEntity
[12:45:58] [main/INFO]: [OptiFine] (Reflector) Class not present: net.minecraftforge.fml.CrashReportExtender
[12:46:01] [main/INFO]: [OptiFine] (Reflector) Class not present: net.minecraftforge.client.ForgeHooksClient
[12:46:01] [main/INFO]: Environment: authHost='https://authserver.mojang.com', accountsHost='https://api.mojang.com', sessionHost='https://sessionserver.mojang.com', name='PROD'
[12:46:01] [main/INFO]: Setting user: odoggy21
[12:46:01] [main/INFO]: [OptiFine] (Reflector) Class not present: net.minecraftforge.client.settings.KeyConflictContext
[12:46:01] [main/INFO]: [OptiFine] (Reflector) Class not present: net.minecraftforge.client.settings.KeyModifier
[12:46:01] [main/INFO]: Backend library: LWJGL version 3.2.2 build 10
[12:46:02] [main/INFO]: [OptiFine] (Reflector) Class not present: net.minecraftforge.fml.loading.progress.EarlyProgressVisualization
[12:46:03] [main/INFO]: [OptiFine] 
[12:46:03] [main/INFO]: [OptiFine] OptiFine_1.16.2_HD_U_G3_pre1
[12:46:03] [main/INFO]: [OptiFine] Build: 20200816-001634
[12:46:03] [main/INFO]: [OptiFine] OS: Windows 10 (amd64) version 10.0
[12:46:03] [main/INFO]: [OptiFine] Java: 1.8.0_51, Oracle Corporation
[12:46:03] [main/INFO]: [OptiFine] VM: Java HotSpot(TM) 64-Bit Server VM (mixed mode), Oracle Corporation
[12:46:03] [main/INFO]: [OptiFine] LWJGL: 3.3.0 Win32 WGL EGL OSMesa VisualC DLL
[12:46:03] [main/INFO]: [OptiFine] OpenGL: GeForce GTX 1050/PCIe/SSE2, version 4.6.0 NVIDIA 442.23, NVIDIA Corporation
[12:46:03] [main/INFO]: [OptiFine] OpenGL Version: 4.6.0
[12:46:03] [main/INFO]: [OptiFine] Maximum texture size: 32768x32768
[12:46:03] [VersionCheck/INFO]: [OptiFine] Checking for new version
[12:46:03] [main/INFO]: [Shaders] OpenGL Version: 4.6.0 NVIDIA 442.23
[12:46:03] [main/INFO]: [Shaders] Vendor:  NVIDIA Corporation
[12:46:03] [main/INFO]: [Shaders] Renderer: GeForce GTX 1050/PCIe/SSE2
[12:46:03] [main/INFO]: [Shaders] Capabilities:  2.0  2.1  3.0  3.2  4.0 
[12:46:03] [main/INFO]: [Shaders] GL_MAX_DRAW_BUFFERS: 8
[12:46:03] [main/INFO]: [Shaders] GL_MAX_COLOR_ATTACHMENTS_EXT: 8
[12:46:03] [main/INFO]: [Shaders] GL_MAX_TEXTURE_IMAGE_UNITS: 32
[12:46:03] [main/INFO]: [Shaders] Load shaders configuration.
[12:46:03] [main/INFO]: [Shaders] No shaderpack loaded.
[12:46:03] [main/INFO]: [OptiFine] (Reflector) Class not present: net.minecraftforge.fml.common.Loader
[12:46:03] [VersionCheck/INFO]: [OptiFine] java.io.FileNotFoundException: http://optifine.net/version/1.16.2/HD_U.txt
[12:46:03] [main/INFO]: [OptiFine] (Reflector) Class not present: net.minecraftforge.client.ItemModelMesherForge
[12:46:04] [main/INFO]: [OptiFine] (Reflector) Class not present: net.minecraftforge.client.model.pipeline.ForgeBlockModelRenderer
[12:46:04] [main/INFO]: Narrator library for x64 successfully loaded
[12:46:04] [main/INFO]: [OptiFine] (Reflector) Class not present: net.minecraftforge.fml.client.gui.screen.ModListScreen
[12:46:04] [main/INFO]: [OptiFine] (Reflector) Class not present: net.minecraftforge.client.gui.NotificationModUpdateScreen
[12:46:04] [main/INFO]: Reloading ResourceManager: Default, Owen's Resource Pack, Redstone Lines, food-preview-ressources-pack.zip
[12:46:04] [main/INFO]: [OptiFine] *** Reloading textures ***
[12:46:04] [main/INFO]: [OptiFine] Resource packs: Owen's Resource Pack, Redstone Lines, food-preview-ressources-pack.zip
[12:46:04] [main/INFO]: [OptiFine] EmissiveTextures: Loading optifine/emissive.properties
[12:46:04] [main/INFO]: [OptiFine] (Reflector) Method not present: dzt.canRenderInLayer
[12:46:04] [main/INFO]: [OptiFine] *** Reflector Forge ***
[12:46:04] [main/INFO]: [OptiFine] (Reflector) Class not present: mods.betterfoliage.client.BetterFoliageClient
[12:46:04] [main/INFO]: [OptiFine] (Reflector) Class not present: net.minecraftforge.fml.BrandingControl
[12:46:04] [main/INFO]: [OptiFine] (Reflector) Class not present: net.minecraftforge.common.capabilities.ICapabilityProvider
[12:46:04] [main/INFO]: [OptiFine] (Reflector) Class not present: net.minecraftforge.common.capabilities.CapabilityProvider
[12:46:04] [main/INFO]: [OptiFine] (Reflector) Class not present: net.minecraftforge.fml.client.ClientModLoader
[12:46:04] [main/INFO]: [OptiFine] (Reflector) Class not present: net.minecraftforge.event.world.ChunkDataEvent$Save
[12:46:04] [main/INFO]: [OptiFine] (Reflector) Class not present: net.minecraftforge.event.world.ChunkEvent$Load
[12:46:04] [main/INFO]: [OptiFine] (Reflector) Class not present: net.minecraftforge.event.world.ChunkEvent$Unload
[12:46:04] [main/INFO]: [OptiFine] (Reflector) Class not present: net.minecraftforge.fml.client.ClientHooks
[12:46:04] [main/INFO]: [OptiFine] (Reflector) Class not present: net.minecraftforge.client.event.GuiScreenEvent$DrawScreenEvent$Pre
[12:46:04] [main/INFO]: [OptiFine] (Reflector) Class not present: net.minecraftforge.client.event.GuiScreenEvent$DrawScreenEvent$Post
[12:46:04] [main/INFO]: [OptiFine] (Reflector) Class not present: net.minecraftforge.event.entity.EntityLeaveWorldEvent
[12:46:04] [main/INFO]: [OptiFine] (Reflector) Class not present: net.minecraftforge.client.event.EntityViewRenderEvent$CameraSetup
[12:46:04] [main/INFO]: [OptiFine] (Reflector) Class not present: net.minecraftforge.client.event.EntityViewRenderEvent$FogColors
[12:46:04] [main/INFO]: [OptiFine] (Reflector) Class not present: net.minecraftforge.client.event.EntityViewRenderEvent$RenderFogEvent
[12:46:04] [main/INFO]: [OptiFine] (Reflector) Class not present: net.minecraftforge.event.entity.EntityJoinWorldEvent
[12:46:04] [main/INFO]: [OptiFine] (Reflector) Method not present: net.minecraftforge.eventbus.api.Event.isCanceled
[12:46:04] [main/INFO]: [OptiFine] (Reflector) Method not present: net.minecraftforge.eventbus.api.Event.getResult
[12:46:04] [main/INFO]: [OptiFine] (Reflector) Class not present: net.minecraftforge.eventbus.api.IEventBus
[12:46:04] [main/INFO]: [OptiFine] (Reflector) Class not present: net.minecraftforge.common.extensions.IForgeBlock
[12:46:04] [main/INFO]: [OptiFine] (Reflector) Method not present: eao.getTexture
[12:46:04] [main/INFO]: [OptiFine] (Reflector) Method not present: net.minecraftforge.common.extensions.IForgeBlockState.addDestroyEffects
[12:46:04] [main/INFO]: [OptiFine] (Reflector) Method not present: net.minecraftforge.common.extensions.IForgeBlockState.addHitEffects
[12:46:04] [main/INFO]: [OptiFine] (Reflector) Method not present: net.minecraftforge.common.extensions.IForgeBlockState.getLightValue
[12:46:04] [main/INFO]: [OptiFine] (Reflector) Method not present: net.minecraftforge.common.extensions.IForgeBlockState.getSoundType
[12:46:04] [main/INFO]: [OptiFine] (Reflector) Method not present: net.minecraftforge.common.extensions.IForgeBlockState.getStateAtViewpoint
[12:46:04] [main/INFO]: [OptiFine] (Reflector) Method not present: net.minecraftforge.common.extensions.IForgeBlockState.isAir
[12:46:04] [main/INFO]: [OptiFine] (Reflector) Method not present: net.minecraftforge.common.extensions.IForgeBlockState.shouldDisplayFluidOverlay
[12:46:04] [main/INFO]: [OptiFine] (Reflector) Class not present: net.minecraftforge.common.extensions.IForgeFluid
[12:46:04] [main/INFO]: [OptiFine] (Reflector) Class not present: net.minecraftforge.fluids.FluidAttributes
[12:46:04] [main/INFO]: [OptiFine] (Reflector) Method not present: aqb.getTags
[12:46:04] [main/INFO]: [OptiFine] (Reflector) Class not present: net.minecraftforge.event.ForgeEventFactory
[12:46:04] [main/INFO]: [OptiFine] (Reflector) Method not present: cut.getTags
[12:46:04] [main/INFO]: [OptiFine] (Reflector) Class not present: net.minecraftforge.common.ForgeHooks
[12:46:04] [main/INFO]: [OptiFine] (Reflector) Class not present: net.minecraftforge.common.ForgeConfig
[12:46:04] [main/INFO]: [OptiFine] (Reflector) Class not present: net.minecraftforge.common.ForgeConfig$Client
[12:46:04] [main/INFO]: [OptiFine] (Reflector) Class not present: net.minecraftforge.common.ForgeConfigSpec
[12:46:04] [main/INFO]: [OptiFine] (Reflector) Class not present: net.minecraftforge.common.ForgeConfigSpec$ConfigValue
[12:46:04] [main/INFO]: [OptiFine] (Reflector) Method not present: cft.getWorldForge
[12:46:04] [main/INFO]: [OptiFine] (Reflector) Class not present: net.minecraftforge.common.extensions.IForgeItem
[12:46:04] [main/INFO]: [OptiFine] (Reflector) Class not present: net.minecraftforge.common.extensions.IForgeItemStack
[12:46:04] [main/INFO]: [OptiFine] (Reflector) Class not present: net.minecraftforge.fml.ForgeI18n
[12:46:04] [main/INFO]: [OptiFine] (Reflector) Method not present: djt.setKeyConflictContext
[12:46:04] [main/INFO]: [OptiFine] (Reflector) Method not present: djt.setKeyModifierAndCode
[12:46:04] [main/INFO]: [OptiFine] (Reflector) Method not present: djt.getKeyModifier
[12:46:04] [main/INFO]: [OptiFine] (Reflector) Class not present: net.minecraftforge.common.extensions.IForgeEffectInstance
[12:46:04] [main/INFO]: [OptiFine] (Reflector) Class not present: net.minecraftforge.registries.ForgeRegistryEntry
[12:46:04] [main/INFO]: [OptiFine] (Reflector) Method not present: dzt.canRenderInLayer
[12:46:04] [main/INFO]: [OptiFine] (Reflector) Class not present: net.minecraftforge.common.extensions.IForgeTileEntity
[12:46:04] [main/INFO]: [OptiFine] (Reflector) Class not present: net.minecraftforge.common.extensions.IForgeDimension
[12:46:04] [main/INFO]: [OptiFine] (Reflector) Class not present: net.minecraftforge.client.model.pipeline.LightUtil
[12:46:04] [main/INFO]: [OptiFine] (Reflector) Class not present: net.minecraftforge.common.MinecraftForge
[12:46:04] [main/INFO]: [OptiFine] (Reflector) Class not present: net.minecraftforge.client.MinecraftForgeClient
[12:46:04] [main/INFO]: [OptiFine] (Reflector) Class not present: net.minecraftforge.fml.common.ModContainer
[12:46:04] [Worker-Main-14/INFO]: [OptiFine] Multitexture: false
[12:46:04] [Worker-Main-8/INFO]: [OptiFine] Multitexture: false
[12:46:04] [Worker-Main-12/INFO]: [OptiFine] Multitexture: false
[12:46:04] [main/INFO]: [OptiFine] (Reflector) Class not present: net.minecraftforge.event.entity.PlaySoundAtEntityEvent
[12:46:04] [main/INFO]: [OptiFine] (Reflector) Class not present: net.minecraftforge.client.event.RenderBlockOverlayEvent$OverlayType
[12:46:04] [main/INFO]: [OptiFine] (Reflector) Class not present: net.minecraftforge.fml.client.registry.RenderingRegistry
[12:46:04] [main/INFO]: [OptiFine] (Reflector) Class not present: net.minecraftforge.client.event.RenderItemInFrameEvent
[12:46:04] [main/INFO]: [OptiFine] (Reflector) Class not present: net.minecraftforge.client.event.RenderLivingEvent$Pre
[12:46:04] [main/INFO]: [OptiFine] (Reflector) Class not present: net.minecraftforge.client.event.RenderLivingEvent$Post
[12:46:04] [main/INFO]: [OptiFine] (Reflector) Class not present: net.minecraftforge.client.event.RenderNameplateEvent
[12:46:04] [main/INFO]: [OptiFine] (Reflector) Class not present: net.minecraftforge.client.event.ScreenshotEvent
[12:46:04] [main/INFO]: [OptiFine] (Reflector) Class not present: net.minecraftforge.fml.server.ServerLifecycleHooks
[12:46:04] [main/INFO]: [OptiFine] (Reflector) Class not present: net.minecraftforge.event.world.WorldEvent$Load
[12:46:04] [main/INFO]: [OptiFine] *** Reflector Vanilla ***
[12:46:04] [main/INFO]: [OptiFine] Loading optifine/color.properties
[12:46:04] [main/INFO]: [OptiFine] screen.loading = 000000
[12:46:04] [main/INFO]: [OptiFine] screen.loading.bar = 000000
[12:46:04] [main/INFO]: [OptiFine] screen.loading.progress = ffffff
[12:46:06] [Worker-Main-9/WARN]: Exception loading blockstate definition: 'minecraft:blockstates/kelp.json' in resourcepack: 'Owen's Resource Pack' for variant: 'normal': Unknown blockstate property: 'normal'
[12:46:08] [Worker-Main-9/INFO]: [OptiFine] CustomItems: optifine/cit/aqua_affinity.properties
[12:46:08] [Worker-Main-9/INFO]: [OptiFine] CustomItems: optifine/cit/bane_of_arthropods.properties
[12:46:08] [Worker-Main-9/INFO]: [OptiFine] CustomItems: optifine/cit/blast_protection.properties
[12:46:08] [Worker-Main-9/INFO]: [OptiFine] CustomItems: optifine/cit/channeling.properties
[12:46:08] [Worker-Main-9/INFO]: [OptiFine] CustomItems: optifine/cit/curse_of_binding.properties
[12:46:08] [Worker-Main-9/INFO]: [OptiFine] CustomItems: optifine/cit/curse_of_vanishing.properties
[12:46:08] [Worker-Main-9/INFO]: [OptiFine] CustomItems: optifine/cit/depth_strider.properties
[12:46:08] [Worker-Main-9/INFO]: [OptiFine] CustomItems: optifine/cit/efficiency.properties
[12:46:08] [Worker-Main-9/INFO]: [OptiFine] CustomItems: optifine/cit/feather_falling.properties
[12:46:08] [Worker-Main-9/INFO]: [OptiFine] CustomItems: optifine/cit/fire_aspect.properties
[12:46:08] [Worker-Main-9/INFO]: [OptiFine] CustomItems: optifine/cit/fire_protection.properties
[12:46:08] [Worker-Main-9/INFO]: [OptiFine] CustomItems: optifine/cit/flame.properties
[12:46:08] [Worker-Main-9/INFO]: [OptiFine] CustomItems: optifine/cit/fortune.properties
[12:46:08] [Worker-Main-9/INFO]: [OptiFine] CustomItems: optifine/cit/frost_walker.properties
[12:46:08] [Worker-Main-9/INFO]: [OptiFine] CustomItems: optifine/cit/impailing.properties
[12:46:08] [Worker-Main-9/INFO]: [OptiFine] CustomItems: optifine/cit/infinity.properties
[12:46:08] [Worker-Main-9/INFO]: [OptiFine] CustomItems: optifine/cit/items/axe/diamond_axe/diamond_axe2.properties
[12:46:08] [Worker-Main-9/INFO]: [OptiFine] CustomItems: optifine/cit/items/axe/diamond_axe/diamond_axe3.properties
[12:46:08] [Worker-Main-9/INFO]: [OptiFine] CustomItems: optifine/cit/items/axe/diamond_axe/diamond_axe4.properties
[12:46:08] [Worker-Main-9/INFO]: [OptiFine] CustomItems: optifine/cit/items/axe/golden_axe/golden_axe2.properties
[12:46:08] [Worker-Main-9/INFO]: [OptiFine] CustomItems: optifine/cit/items/axe/golden_axe/golden_axe3.properties
[12:46:08] [Worker-Main-9/INFO]: [OptiFine] CustomItems: optifine/cit/items/axe/golden_axe/golden_axe4.properties
[12:46:08] [Worker-Main-9/INFO]: [OptiFine] CustomItems: optifine/cit/items/axe/iron_axe/iron_axe2.properties
[12:46:08] [Worker-Main-9/INFO]: [OptiFine] CustomItems: optifine/cit/items/axe/iron_axe/iron_axe3.properties
[12:46:08] [Worker-Main-9/INFO]: [OptiFine] CustomItems: optifine/cit/items/axe/iron_axe/iron_axe4.properties
[12:46:08] [Worker-Main-9/INFO]: [OptiFine] CustomItems: optifine/cit/items/axe/stone_axe/stone_axe2.properties
[12:46:08] [Worker-Main-9/INFO]: [OptiFine] CustomItems: optifine/cit/items/axe/stone_axe/stone_axe3.properties
[12:46:08] [Worker-Main-9/INFO]: [OptiFine] CustomItems: optifine/cit/items/axe/stone_axe/stone_axe4.properties
[12:46:08] [Worker-Main-9/INFO]: [OptiFine] CustomItems: optifine/cit/items/axe/wooden_axe/wooden-axe4.properties
[12:46:08] [Worker-Main-9/INFO]: [OptiFine] CustomItems: optifine/cit/items/axe/wooden_axe/wooden_axe2.properties
[12:46:08] [Worker-Main-9/INFO]: [OptiFine] CustomItems: optifine/cit/items/axe/wooden_axe/wooden_axe3.properties
[12:46:08] [Worker-Main-9/INFO]: [OptiFine] CustomItems: optifine/cit/items/boots/chailmail_boots/chainmail_boots2.properties
[12:46:08] [Worker-Main-9/INFO]: [OptiFine] CustomItems: optifine/cit/items/boots/chailmail_boots/chainmail_boots3.properties
[12:46:09] [Worker-Main-9/INFO]: [OptiFine] CustomItems: optifine/cit/items/boots/chailmail_boots/chainmail_boots4.properties
[12:46:09] [Worker-Main-9/INFO]: [OptiFine] CustomItems: optifine/cit/items/boots/diamond_boots/diamond_boots2.properties
[12:46:09] [Worker-Main-9/INFO]: [OptiFine] CustomItems: optifine/cit/items/boots/diamond_boots/diamond_boots3.properties
[12:46:09] [Worker-Main-9/INFO]: [OptiFine] CustomItems: optifine/cit/items/boots/diamond_boots/diamond_boots4.properties
[12:46:09] [Worker-Main-9/INFO]: [OptiFine] CustomItems: optifine/cit/items/boots/golden_boots/golden_boots2.properties
[12:46:09] [Worker-Main-9/INFO]: [OptiFine] CustomItems: optifine/cit/items/boots/golden_boots/golden_boots3.properties
[12:46:09] [Worker-Main-9/INFO]: [OptiFine] CustomItems: optifine/cit/items/boots/golden_boots/golden_boots4.properties
[12:46:09] [Worker-Main-9/INFO]: [OptiFine] CustomItems: optifine/cit/items/boots/iron_boots/iron_boots2.properties
[12:46:09] [Worker-Main-9/INFO]: [OptiFine] CustomItems: optifine/cit/items/boots/iron_boots/iron_boots3.properties
[12:46:09] [Worker-Main-9/INFO]: [OptiFine] CustomItems: optifine/cit/items/boots/iron_boots/iron_boots4.properties
[12:46:09] [Worker-Main-9/INFO]: [OptiFine] CustomItems: optifine/cit/items/boots/leather_boots/leather_boots2.properties
[12:46:09] [Worker-Main-9/INFO]: [OptiFine] CustomItems: optifine/cit/items/boots/leather_boots/leather_boots3.properties
[12:46:09] [Worker-Main-9/INFO]: [OptiFine] CustomItems: optifine/cit/items/boots/leather_boots/leather_boots4.properties
[12:46:09] [Worker-Main-9/INFO]: [OptiFine] CustomItems: optifine/cit/items/bow/bow2.properties
[12:46:09] [Worker-Main-9/INFO]: [OptiFine] CustomItems: optifine/cit/items/bow/bow3.properties
[12:46:09] [Worker-Main-9/INFO]: [OptiFine] CustomItems: optifine/cit/items/bow/bow4.properties
[12:46:09] [Worker-Main-9/INFO]: [OptiFine] CustomItems: optifine/cit/items/carrot_on_a_stick/carrot_on_a_stick2.properties
[12:46:09] [Worker-Main-9/INFO]: [OptiFine] CustomItems: optifine/cit/items/carrot_on_a_stick/carrot_on_a_stick3.properties
[12:46:09] [Worker-Main-9/INFO]: [OptiFine] CustomItems: optifine/cit/items/carrot_on_a_stick/carrot_on_a_stick4.properties
[12:46:09] [Worker-Main-9/INFO]: [OptiFine] CustomItems: optifine/cit/items/chestplate/chainmail_chestplate/chainmail_chestplate2.properties
[12:46:09] [Worker-Main-9/INFO]: [OptiFine] CustomItems: optifine/cit/items/chestplate/chainmail_chestplate/chainmail_chestplate3.properties
[12:46:09] [Worker-Main-9/INFO]: [OptiFine] CustomItems: optifine/cit/items/chestplate/chainmail_chestplate/chainmail_chestplate4.properties
[12:46:09] [Worker-Main-9/INFO]: [OptiFine] CustomItems: optifine/cit/items/chestplate/diamond_chestplate/diamond_chestplate2.properties
[12:46:09] [Worker-Main-9/INFO]: [OptiFine] CustomItems: optifine/cit/items/chestplate/diamond_chestplate/diamond_chestplate3.properties
[12:46:09] [Worker-Main-9/INFO]: [OptiFine] CustomItems: optifine/cit/items/chestplate/diamond_chestplate/diamond_chestplate4.properties
[12:46:09] [Worker-Main-9/INFO]: [OptiFine] CustomItems: optifine/cit/items/chestplate/golden_chestplate/golden_chestplate2.properties
[12:46:09] [Worker-Main-9/INFO]: [OptiFine] CustomItems: optifine/cit/items/chestplate/golden_chestplate/golden_chestplate3.properties
[12:46:09] [Worker-Main-9/INFO]: [OptiFine] CustomItems: optifine/cit/items/chestplate/golden_chestplate/golden_chestplate4.properties
[12:46:09] [Worker-Main-9/INFO]: [OptiFine] CustomItems: optifine/cit/items/chestplate/iron_chestplate/iron_chestplate2.properties
[12:46:09] [Worker-Main-9/INFO]: [OptiFine] CustomItems: optifine/cit/items/chestplate/iron_chestplate/iron_chestplate3.properties
[12:46:09] [Worker-Main-9/INFO]: [OptiFine] CustomItems: optifine/cit/items/chestplate/iron_chestplate/iron_chestplate4.properties
[12:46:09] [Worker-Main-9/INFO]: [OptiFine] CustomItems: optifine/cit/items/chestplate/leather_chestplate/leather_chestplate2.properties
[12:46:09] [Worker-Main-9/INFO]: [OptiFine] CustomItems: optifine/cit/items/chestplate/leather_chestplate/leather_chestplate3.properties
[12:46:09] [Worker-Main-9/INFO]: [OptiFine] CustomItems: optifine/cit/items/chestplate/leather_chestplate/leather_chestplate4.properties
[12:46:09] [Worker-Main-9/INFO]: [OptiFine] CustomItems: optifine/cit/items/crossbow/crossbow2.properties
[12:46:09] [Worker-Main-9/INFO]: [OptiFine] CustomItems: optifine/cit/items/crossbow/crossbow3.properties
[12:46:09] [Worker-Main-9/INFO]: [OptiFine] CustomItems: optifine/cit/items/crossbow/crossbow4.properties
[12:46:09] [Worker-Main-9/INFO]: [OptiFine] CustomItems: optifine/cit/items/fishing_rod/fishing_rod2.properties
[12:46:09] [Worker-Main-9/INFO]: [OptiFine] CustomItems: optifine/cit/items/fishing_rod/fishing_rod3.properties
[12:46:09] [Worker-Main-9/INFO]: [OptiFine] CustomItems: optifine/cit/items/fishing_rod/fishing_rod4.properties
[12:46:09] [Worker-Main-9/INFO]: [OptiFine] CustomItems: optifine/cit/items/flint_and_steel/flint_and_steel_2.properties
[12:46:09] [Worker-Main-9/INFO]: [OptiFine] CustomItems: optifine/cit/items/flint_and_steel/flint_and_steel_3.properties
[12:46:09] [Worker-Main-9/INFO]: [OptiFine] CustomItems: optifine/cit/items/flint_and_steel/flint_and_steel_4.properties
[12:46:09] [Worker-Main-9/INFO]: [OptiFine] CustomItems: optifine/cit/items/helmet/chailmail_helmet/chainmail_helmet2.properties
[12:46:09] [Worker-Main-9/INFO]: [OptiFine] CustomItems: optifine/cit/items/helmet/chailmail_helmet/chainmail_helmet3.properties
[12:46:09] [Worker-Main-9/INFO]: [OptiFine] CustomItems: optifine/cit/items/helmet/chailmail_helmet/chainmail_helmet4.properties
[12:46:09] [Worker-Main-9/INFO]: [OptiFine] CustomItems: optifine/cit/items/helmet/diamond_helmet/diamond_helmet2.properties
[12:46:09] [Worker-Main-9/INFO]: [OptiFine] CustomItems: optifine/cit/items/helmet/diamond_helmet/diamond_helmet3.properties
[12:46:09] [Worker-Main-9/INFO]: [OptiFine] CustomItems: optifine/cit/items/helmet/diamond_helmet/diamond_helmet4.properties
[12:46:09] [Worker-Main-9/INFO]: [OptiFine] CustomItems: optifine/cit/items/helmet/golden_helmet/golden_helmet2.properties
[12:46:09] [Worker-Main-9/INFO]: [OptiFine] CustomItems: optifine/cit/items/helmet/golden_helmet/golden_helmet3.properties
[12:46:09] [Worker-Main-9/INFO]: [OptiFine] CustomItems: optifine/cit/items/helmet/golden_helmet/golden_helmet4.properties
[12:46:09] [Worker-Main-9/INFO]: [OptiFine] CustomItems: optifine/cit/items/helmet/iron_helmet/iron_helmet2.properties
[12:46:09] [Worker-Main-9/INFO]: [OptiFine] CustomItems: optifine/cit/items/helmet/iron_helmet/iron_helmet3.properties
[12:46:09] [Worker-Main-9/INFO]: [OptiFine] CustomItems: optifine/cit/items/helmet/iron_helmet/iron_helmet4.properties
[12:46:09] [Worker-Main-9/INFO]: [OptiFine] CustomItems: optifine/cit/items/helmet/leather_helmet/leather_helmet2.properties
[12:46:09] [Worker-Main-9/INFO]: [OptiFine] CustomItems: optifine/cit/items/helmet/leather_helmet/leather_helmet3.properties
[12:46:09] [Worker-Main-9/INFO]: [OptiFine] CustomItems: optifine/cit/items/helmet/leather_helmet/leather_helmet4.properties
[12:46:09] [Worker-Main-9/INFO]: [OptiFine] CustomItems: optifine/cit/items/helmet/turtle_helmet/turtle_helmet2.properties
[12:46:09] [Worker-Main-9/INFO]: [OptiFine] CustomItems: optifine/cit/items/helmet/turtle_helmet/turtle_helmet3.properties
[12:46:09] [Worker-Main-9/INFO]: [OptiFine] CustomItems: optifine/cit/items/helmet/turtle_helmet/turtle_helmet4.properties
[12:46:09] [Worker-Main-9/INFO]: [OptiFine] CustomItems: optifine/cit/items/hoe/diamond_hoe/diamond_hoe2.properties
[12:46:09] [Worker-Main-9/INFO]: [OptiFine] CustomItems: optifine/cit/items/hoe/diamond_hoe/diamond_hoe3.properties
[12:46:09] [Worker-Main-9/INFO]: [OptiFine] CustomItems: optifine/cit/items/hoe/diamond_hoe/diamond_hoe4.properties
[12:46:09] [Worker-Main-9/INFO]: [OptiFine] CustomItems: optifine/cit/items/hoe/golden_hoe/golden_hoe2.properties
[12:46:09] [Worker-Main-9/INFO]: [OptiFine] CustomItems: optifine/cit/items/hoe/golden_hoe/golden_hoe3.properties
[12:46:09] [Worker-Main-9/INFO]: [OptiFine] CustomItems: optifine/cit/items/hoe/golden_hoe/golden_hoe4.properties
[12:46:09] [Worker-Main-9/INFO]: [OptiFine] CustomItems: optifine/cit/items/hoe/iron_hoe/iron_hoe2.properties
[12:46:09] [Worker-Main-9/INFO]: [OptiFine] CustomItems: optifine/cit/items/hoe/iron_hoe/iron_hoe3.properties
[12:46:09] [Worker-Main-9/INFO]: [OptiFine] CustomItems: optifine/cit/items/hoe/iron_hoe/iron_hoe4.properties
[12:46:09] [Worker-Main-9/INFO]: [OptiFine] CustomItems: optifine/cit/items/hoe/stone_hoe/stone_hoe2.properties
[12:46:09] [Worker-Main-9/INFO]: [OptiFine] CustomItems: optifine/cit/items/hoe/stone_hoe/stone_hoe3.properties
[12:46:09] [Worker-Main-9/INFO]: [OptiFine] CustomItems: optifine/cit/items/hoe/stone_hoe/stone_hoe4.properties
[12:46:09] [Worker-Main-9/INFO]: [OptiFine] CustomItems: optifine/cit/items/hoe/wooden_hoe/wooden-hoe4.properties
[12:46:09] [Worker-Main-9/INFO]: [OptiFine] CustomItems: optifine/cit/items/hoe/wooden_hoe/wooden_hoe2.properties
[12:46:09] [Worker-Main-9/INFO]: [OptiFine] CustomItems: optifine/cit/items/hoe/wooden_hoe/wooden_hoe3.properties
[12:46:09] [Worker-Main-9/INFO]: [OptiFine] CustomItems: optifine/cit/items/leggings/chainmail_leggings/chainmail_leggings2.properties
[12:46:09] [Worker-Main-9/INFO]: [OptiFine] CustomItems: optifine/cit/items/leggings/chainmail_leggings/chainmail_leggings3.properties
[12:46:09] [Worker-Main-9/INFO]: [OptiFine] CustomItems: optifine/cit/items/leggings/chainmail_leggings/chainmail_leggings4.properties
[12:46:09] [Worker-Main-9/INFO]: [OptiFine] CustomItems: optifine/cit/items/leggings/diamond_leggings/diamond_leggings2.properties
[12:46:09] [Worker-Main-9/INFO]: [OptiFine] CustomItems: optifine/cit/items/leggings/diamond_leggings/diamond_leggings3.properties
[12:46:09] [Worker-Main-9/INFO]: [OptiFine] CustomItems: optifine/cit/items/leggings/diamond_leggings/diamond_leggings4.properties
[12:46:09] [Worker-Main-9/INFO]: [OptiFine] CustomItems: optifine/cit/items/leggings/golden_leggings/golden_leggings2.properties
[12:46:09] [Worker-Main-9/INFO]: [OptiFine] CustomItems: optifine/cit/items/leggings/golden_leggings/golden_leggings3.properties
[12:46:09] [Worker-Main-9/INFO]: [OptiFine] CustomItems: optifine/cit/items/leggings/golden_leggings/golden_leggings4.properties
[12:46:09] [Worker-Main-9/INFO]: [OptiFine] CustomItems: optifine/cit/items/leggings/iron_leggings/iron_leggings2.properties
[12:46:09] [Worker-Main-9/INFO]: [OptiFine] CustomItems: optifine/cit/items/leggings/iron_leggings/iron_leggings3.properties
[12:46:09] [Worker-Main-9/INFO]: [OptiFine] CustomItems: optifine/cit/items/leggings/iron_leggings/iron_leggings4.properties
[12:46:09] [Worker-Main-9/INFO]: [OptiFine] CustomItems: optifine/cit/items/leggings/leather_leggings/leather_leggings2.properties
[12:46:09] [Worker-Main-9/INFO]: [OptiFine] CustomItems: optifine/cit/items/leggings/leather_leggings/leather_leggings3.properties
[12:46:09] [Worker-Main-9/INFO]: [OptiFine] CustomItems: optifine/cit/items/leggings/leather_leggings/leather_leggings4.properties
[12:46:09] [Worker-Main-9/INFO]: [OptiFine] CustomItems: optifine/cit/items/pickaxe/diamond_pickaxe/diamond_pickaxe2.properties
[12:46:09] [Worker-Main-9/INFO]: [OptiFine] CustomItems: optifine/cit/items/pickaxe/diamond_pickaxe/diamond_pickaxe3.properties
[12:46:09] [Worker-Main-9/INFO]: [OptiFine] CustomItems: optifine/cit/items/pickaxe/diamond_pickaxe/diamond_pickaxe4.properties
[12:46:09] [Worker-Main-9/INFO]: [OptiFine] CustomItems: optifine/cit/items/pickaxe/golden_pickaxe/golden_pickaxe2.properties
[12:46:09] [Worker-Main-9/INFO]: [OptiFine] CustomItems: optifine/cit/items/pickaxe/golden_pickaxe/golden_pickaxe3.properties
[12:46:09] [Worker-Main-9/INFO]: [OptiFine] CustomItems: optifine/cit/items/pickaxe/golden_pickaxe/golden_pickaxe4.properties
[12:46:09] [Worker-Main-9/INFO]: [OptiFine] CustomItems: optifine/cit/items/pickaxe/iron_pickaxe/iron_pickaxe2.properties
[12:46:09] [Worker-Main-9/INFO]: [OptiFine] CustomItems: optifine/cit/items/pickaxe/iron_pickaxe/iron_pickaxe3.properties
[12:46:09] [Worker-Main-9/INFO]: [OptiFine] CustomItems: optifine/cit/items/pickaxe/iron_pickaxe/iron_pickaxe4.properties
[12:46:09] [Worker-Main-9/INFO]: [OptiFine] CustomItems: optifine/cit/items/pickaxe/stone_pickaxe/stone_pickaxe2.properties
[12:46:09] [Worker-Main-9/INFO]: [OptiFine] CustomItems: optifine/cit/items/pickaxe/stone_pickaxe/stone_pickaxe3.properties
[12:46:09] [Worker-Main-9/INFO]: [OptiFine] CustomItems: optifine/cit/items/pickaxe/stone_pickaxe/stone_pickaxe4.properties
[12:46:09] [Worker-Main-9/INFO]: [OptiFine] CustomItems: optifine/cit/items/pickaxe/wooden_pickaxe/wooden-pickaxe4.properties
[12:46:09] [Worker-Main-9/INFO]: [OptiFine] CustomItems: optifine/cit/items/pickaxe/wooden_pickaxe/wooden_pickaxe2.properties
[12:46:09] [Worker-Main-9/INFO]: [OptiFine] CustomItems: optifine/cit/items/pickaxe/wooden_pickaxe/wooden_pickaxe3.properties
[12:46:09] [Worker-Main-9/INFO]: [OptiFine] CustomItems: optifine/cit/items/shears/shears2.properties
[12:46:09] [Worker-Main-9/INFO]: [OptiFine] CustomItems: optifine/cit/items/shears/shears3.properties
[12:46:09] [Worker-Main-9/INFO]: [OptiFine] CustomItems: optifine/cit/items/shears/shears4.properties
[12:46:09] [Worker-Main-9/INFO]: [OptiFine] CustomItems: optifine/cit/items/shovel/diamond_shovel/diamond_shovel2.properties
[12:46:09] [Worker-Main-9/INFO]: [OptiFine] CustomItems: optifine/cit/items/shovel/diamond_shovel/diamond_shovel3.properties
[12:46:09] [Worker-Main-9/INFO]: [OptiFine] CustomItems: optifine/cit/items/shovel/diamond_shovel/diamond_shovel4.properties
[12:46:09] [Worker-Main-9/INFO]: [OptiFine] CustomItems: optifine/cit/items/shovel/golden_shovel/golden_shovel2.properties
[12:46:09] [Worker-Main-9/INFO]: [OptiFine] CustomItems: optifine/cit/items/shovel/golden_shovel/golden_shovel3.properties
[12:46:09] [Worker-Main-9/INFO]: [OptiFine] CustomItems: optifine/cit/items/shovel/golden_shovel/golden_shovel4.properties
[12:46:09] [Worker-Main-9/INFO]: [OptiFine] CustomItems: optifine/cit/items/shovel/iron_shovel/iron_shovel2.properties
[12:46:09] [Worker-Main-9/INFO]: [OptiFine] CustomItems: optifine/cit/items/shovel/iron_shovel/iron_shovel3.properties
[12:46:09] [Worker-Main-9/INFO]: [OptiFine] CustomItems: optifine/cit/items/shovel/iron_shovel/iron_shovel4.properties
[12:46:09] [Worker-Main-9/INFO]: [OptiFine] CustomItems: optifine/cit/items/shovel/stone_shovel/stone_shovel2.properties
[12:46:09] [Worker-Main-9/INFO]: [OptiFine] CustomItems: optifine/cit/items/shovel/stone_shovel/stone_shovel3.properties
[12:46:09] [Worker-Main-9/INFO]: [OptiFine] CustomItems: optifine/cit/items/shovel/stone_shovel/stone_shovel4.properties
[12:46:09] [Worker-Main-9/INFO]: [OptiFine] CustomItems: optifine/cit/items/shovel/wooden_shovel/wooden-shovel4.properties
[12:46:09] [Worker-Main-9/INFO]: [OptiFine] CustomItems: optifine/cit/items/shovel/wooden_shovel/wooden_shovel2.properties
[12:46:09] [Worker-Main-9/INFO]: [OptiFine] CustomItems: optifine/cit/items/shovel/wooden_shovel/wooden_shovel3.properties
[12:46:09] [Worker-Main-9/INFO]: [OptiFine] CustomItems: optifine/cit/items/sword/diamond_sword/diamond_sword2.properties
[12:46:09] [Worker-Main-9/INFO]: [OptiFine] CustomItems: optifine/cit/items/sword/diamond_sword/diamond_sword3.properties
[12:46:09] [Worker-Main-9/INFO]: [OptiFine] CustomItems: optifine/cit/items/sword/diamond_sword/diamond_sword4.properties
[12:46:09] [Worker-Main-9/INFO]: [OptiFine] CustomItems: optifine/cit/items/sword/golden_sword/golden_sword2.properties
[12:46:09] [Worker-Main-9/INFO]: [OptiFine] CustomItems: optifine/cit/items/sword/golden_sword/golden_sword3.properties
[12:46:09] [Worker-Main-9/INFO]: [OptiFine] CustomItems: optifine/cit/items/sword/golden_sword/golden_sword4.properties
[12:46:09] [Worker-Main-9/INFO]: [OptiFine] CustomItems: optifine/cit/items/sword/iron_sword/iron_sword2.properties
[12:46:09] [Worker-Main-9/INFO]: [OptiFine] CustomItems: optifine/cit/items/sword/iron_sword/iron_sword3.properties
[12:46:09] [Worker-Main-9/INFO]: [OptiFine] CustomItems: optifine/cit/items/sword/iron_sword/iron_sword4.properties
[12:46:09] [Worker-Main-9/INFO]: [OptiFine] CustomItems: optifine/cit/items/sword/stone_sword/stone_sword2.properties
[12:46:09] [Worker-Main-9/INFO]: [OptiFine] CustomItems: optifine/cit/items/sword/stone_sword/stone_sword3.properties
[12:46:09] [Worker-Main-9/INFO]: [OptiFine] CustomItems: optifine/cit/items/sword/stone_sword/stone_sword4.properties
[12:46:09] [Worker-Main-9/INFO]: [OptiFine] CustomItems: optifine/cit/items/sword/wooden_sword/wooden-sword4.properties
[12:46:09] [Worker-Main-9/INFO]: [OptiFine] CustomItems: optifine/cit/items/sword/wooden_sword/wooden_sword2.properties
[12:46:09] [Worker-Main-9/INFO]: [OptiFine] CustomItems: optifine/cit/items/sword/wooden_sword/wooden_sword3.properties
[12:46:09] [Worker-Main-9/INFO]: [OptiFine] CustomItems: optifine/cit/items/trident/trident2.properties
[12:46:09] [Worker-Main-9/INFO]: [OptiFine] CustomItems: optifine/cit/items/trident/trident3.properties
[12:46:09] [Worker-Main-9/INFO]: [OptiFine] CustomItems: optifine/cit/items/trident/trident4.properties
[12:46:09] [Worker-Main-9/INFO]: [OptiFine] CustomItems: optifine/cit/knockback.properties
[12:46:09] [Worker-Main-9/INFO]: [OptiFine] CustomItems: optifine/cit/looting.properties
[12:46:09] [Worker-Main-9/INFO]: [OptiFine] CustomItems: optifine/cit/loyalty.properties
[12:46:09] [Worker-Main-9/INFO]: [OptiFine] CustomItems: optifine/cit/luck_of_the_sea.properties
[12:46:09] [Worker-Main-9/INFO]: [OptiFine] CustomItems: optifine/cit/lure.properties
[12:46:09] [Worker-Main-9/INFO]: [OptiFine] CustomItems: optifine/cit/mending.properties
[12:46:09] [Worker-Main-9/INFO]: [OptiFine] CustomItems: optifine/cit/multishot.properties
[12:46:09] [Worker-Main-9/INFO]: [OptiFine] CustomItems: optifine/cit/piercing.properties
[12:46:09] [Worker-Main-9/INFO]: [OptiFine] CustomItems: optifine/cit/power.properties
[12:46:09] [Worker-Main-9/INFO]: [OptiFine] CustomItems: optifine/cit/projectile_protection.properties
[12:46:09] [Worker-Main-9/INFO]: [OptiFine] CustomItems: optifine/cit/protection.properties
[12:46:09] [Worker-Main-9/INFO]: [OptiFine] CustomItems: optifine/cit/punch.properties
[12:46:09] [Worker-Main-9/INFO]: [OptiFine] CustomItems: optifine/cit/quick_charge.properties
[12:46:09] [Worker-Main-9/INFO]: [OptiFine] CustomItems: optifine/cit/respiration.properties
[12:46:09] [Worker-Main-9/INFO]: [OptiFine] CustomItems: optifine/cit/riptide.properties
[12:46:09] [Worker-Main-9/INFO]: [OptiFine] CustomItems: optifine/cit/sharpness.properties
[12:46:09] [Worker-Main-9/INFO]: [OptiFine] CustomItems: optifine/cit/silk_touch.properties
[12:46:09] [Worker-Main-9/INFO]: [OptiFine] CustomItems: optifine/cit/smite.properties
[12:46:09] [Worker-Main-9/INFO]: [OptiFine] CustomItems: optifine/cit/sweeping_edge.properties
[12:46:09] [Worker-Main-9/INFO]: [OptiFine] CustomItems: optifine/cit/thorns.properties
[12:46:09] [Worker-Main-9/INFO]: [OptiFine] CustomItems: optifine/cit/unbreaking.properties
[12:46:09] [Worker-Main-9/WARN]: Unable to resolve texture reference: #missing in minecraft:block/lever_on
[12:46:09] [Worker-Main-9/WARN]: Unable to resolve texture reference: #missing in minecraft:block/lever
[12:46:09] [Worker-Main-9/WARN]: Unable to resolve texture reference: #missing in minecraft:item/lever
[12:46:09] [Worker-Main-9/INFO]: [OptiFine] Multitexture: false
[12:46:09] [Worker-Main-9/INFO]: [OptiFine] Multipass connected textures: false
[12:46:09] [Worker-Main-9/INFO]: [OptiFine] Multipass connected textures: false
[12:46:10] [Worker-Main-9/INFO]: [OptiFine] ConnectedTextures: optifine/ctm/glass/aregular/glass.properties
[12:46:10] [Worker-Main-9/INFO]: [OptiFine] ConnectedTextures: optifine/ctm/glass/aregular/glass_pane.properties
[12:46:10] [Worker-Main-9/INFO]: [OptiFine] ConnectedTextures: optifine/ctm/glass/black/black_stained_glass.properties
[12:46:10] [Worker-Main-9/INFO]: [OptiFine] ConnectedTextures: optifine/ctm/glass/black/black_stained_glass_pane.properties
[12:46:10] [Worker-Main-9/INFO]: [OptiFine] ConnectedTextures: optifine/ctm/glass/black/glass_black.properties
[12:46:10] [Worker-Main-9/WARN]: [OptiFine] No matchBlocks or matchTiles specified: optifine/ctm/glass/black/glass_black.properties
[12:46:10] [Worker-Main-9/INFO]: [OptiFine] ConnectedTextures: optifine/ctm/glass/blue/blue_stained_glass.properties
[12:46:10] [Worker-Main-9/INFO]: [OptiFine] ConnectedTextures: optifine/ctm/glass/blue/blue_stained_glass_pane.properties
[12:46:10] [Worker-Main-9/INFO]: [OptiFine] ConnectedTextures: optifine/ctm/glass/blue/glass_blue.properties
[12:46:10] [Worker-Main-9/WARN]: [OptiFine] No matchBlocks or matchTiles specified: optifine/ctm/glass/blue/glass_blue.properties
[12:46:10] [Worker-Main-9/INFO]: [OptiFine] ConnectedTextures: optifine/ctm/glass/brown/brown_stained_glass.properties
[12:46:10] [Worker-Main-9/INFO]: [OptiFine] ConnectedTextures: optifine/ctm/glass/brown/brown_stained_glass_pane.properties
[12:46:10] [Worker-Main-9/INFO]: [OptiFine] ConnectedTextures: optifine/ctm/glass/brown/glass_brown.properties
[12:46:10] [Worker-Main-9/WARN]: [OptiFine] No matchBlocks or matchTiles specified: optifine/ctm/glass/brown/glass_brown.properties
[12:46:10] [Worker-Main-9/INFO]: [OptiFine] ConnectedTextures: optifine/ctm/glass/cyan/cyan_stained_glass.properties
[12:46:10] [Worker-Main-9/INFO]: [OptiFine] ConnectedTextures: optifine/ctm/glass/cyan/cyan_stained_glass_pane.properties
[12:46:10] [Worker-Main-9/INFO]: [OptiFine] ConnectedTextures: optifine/ctm/glass/cyan/glass_cyan.properties
[12:46:10] [Worker-Main-9/WARN]: [OptiFine] No matchBlocks or matchTiles specified: optifine/ctm/glass/cyan/glass_cyan.properties
[12:46:10] [Worker-Main-9/INFO]: [OptiFine] ConnectedTextures: optifine/ctm/glass/gray/glass_gray.properties
[12:46:10] [Worker-Main-9/WARN]: [OptiFine] No matchBlocks or matchTiles specified: optifine/ctm/glass/gray/glass_gray.properties
[12:46:10] [Worker-Main-9/INFO]: [OptiFine] ConnectedTextures: optifine/ctm/glass/gray/gray_stained_glass.properties
[12:46:10] [Worker-Main-9/INFO]: [OptiFine] ConnectedTextures: optifine/ctm/glass/gray/gray_stained_glass_pane.properties
[12:46:10] [Worker-Main-9/INFO]: [OptiFine] ConnectedTextures: optifine/ctm/glass/green/glass_green.properties
[12:46:10] [Worker-Main-9/WARN]: [OptiFine] No matchBlocks or matchTiles specified: optifine/ctm/glass/green/glass_green.properties
[12:46:10] [Worker-Main-9/INFO]: [OptiFine] ConnectedTextures: optifine/ctm/glass/green/green_stained_glass.properties
[12:46:10] [Worker-Main-9/INFO]: [OptiFine] ConnectedTextures: optifine/ctm/glass/green/green_stained_glass_pane.properties
[12:46:10] [Worker-Main-9/INFO]: [OptiFine] ConnectedTextures: optifine/ctm/glass/lightblue/glass_light_blue.properties
[12:46:10] [Worker-Main-9/WARN]: [OptiFine] No matchBlocks or matchTiles specified: optifine/ctm/glass/lightblue/glass_light_blue.properties
[12:46:10] [Worker-Main-9/INFO]: [OptiFine] ConnectedTextures: optifine/ctm/glass/lightblue/light_blue_stained_glass.properties
[12:46:10] [Worker-Main-9/INFO]: [OptiFine] ConnectedTextures: optifine/ctm/glass/lightblue/light_blue_stained_glass_pane.properties
[12:46:10] [Worker-Main-9/INFO]: [OptiFine] ConnectedTextures: optifine/ctm/glass/lime/glass_lime.properties
[12:46:10] [Worker-Main-9/WARN]: [OptiFine] No matchBlocks or matchTiles specified: optifine/ctm/glass/lime/glass_lime.properties
[12:46:10] [Worker-Main-9/INFO]: [OptiFine] ConnectedTextures: optifine/ctm/glass/lime/lime_stained_glass.properties
[12:46:10] [Worker-Main-9/INFO]: [OptiFine] ConnectedTextures: optifine/ctm/glass/lime/lime_stained_glass_pane.properties
[12:46:10] [Worker-Main-9/INFO]: [OptiFine] ConnectedTextures: optifine/ctm/glass/magenta/glass_magenta.properties
[12:46:10] [Worker-Main-9/WARN]: [OptiFine] No matchBlocks or matchTiles specified: optifine/ctm/glass/magenta/glass_magenta.properties
[12:46:10] [Worker-Main-9/INFO]: [OptiFine] ConnectedTextures: optifine/ctm/glass/magenta/magenta_stained_glass.properties
[12:46:10] [Worker-Main-9/INFO]: [OptiFine] ConnectedTextures: optifine/ctm/glass/magenta/magenta_stained_glass_pane.properties
[12:46:10] [Worker-Main-9/INFO]: [OptiFine] ConnectedTextures: optifine/ctm/glass/orange/glass_orange.properties
[12:46:10] [Worker-Main-9/WARN]: [OptiFine] No matchBlocks or matchTiles specified: optifine/ctm/glass/orange/glass_orange.properties
[12:46:10] [Worker-Main-9/INFO]: [OptiFine] ConnectedTextures: optifine/ctm/glass/orange/orange_stained_glass.properties
[12:46:10] [Worker-Main-9/INFO]: [OptiFine] ConnectedTextures: optifine/ctm/glass/orange/orange_stained_glass_pane.properties
[12:46:10] [Worker-Main-9/INFO]: [OptiFine] ConnectedTextures: optifine/ctm/glass/pink/glass_pink.properties
[12:46:10] [Worker-Main-9/WARN]: [OptiFine] No matchBlocks or matchTiles specified: optifine/ctm/glass/pink/glass_pink.properties
[12:46:10] [Worker-Main-9/INFO]: [OptiFine] ConnectedTextures: optifine/ctm/glass/pink/pink_stained_glass.properties
[12:46:10] [Worker-Main-9/INFO]: [OptiFine] ConnectedTextures: optifine/ctm/glass/pink/pink_stained_glass_pane.properties
[12:46:10] [Worker-Main-9/INFO]: [OptiFine] ConnectedTextures: optifine/ctm/glass/purple/glass_purple.properties
[12:46:10] [Worker-Main-9/WARN]: [OptiFine] No matchBlocks or matchTiles specified: optifine/ctm/glass/purple/glass_purple.properties
[12:46:10] [Worker-Main-9/INFO]: [OptiFine] ConnectedTextures: optifine/ctm/glass/purple/purple_stained_glass.properties
[12:46:10] [Worker-Main-9/INFO]: [OptiFine] ConnectedTextures: optifine/ctm/glass/purple/purple_stained_glass_pane.properties
[12:46:10] [Worker-Main-9/INFO]: [OptiFine] ConnectedTextures: optifine/ctm/glass/red/glass_red.properties
[12:46:10] [Worker-Main-9/WARN]: [OptiFine] No matchBlocks or matchTiles specified: optifine/ctm/glass/red/glass_red.properties
[12:46:10] [Worker-Main-9/INFO]: [OptiFine] ConnectedTextures: optifine/ctm/glass/red/red_stained_glass.properties
[12:46:10] [Worker-Main-9/INFO]: [OptiFine] ConnectedTextures: optifine/ctm/glass/red/red_stained_glass_pane.properties
[12:46:10] [Worker-Main-9/INFO]: [OptiFine] ConnectedTextures: optifine/ctm/glass/silver/glass_silver.properties
[12:46:10] [Worker-Main-9/WARN]: [OptiFine] No matchBlocks or matchTiles specified: optifine/ctm/glass/silver/glass_silver.properties
[12:46:10] [Worker-Main-9/INFO]: [OptiFine] ConnectedTextures: optifine/ctm/glass/silver/light_gray_stained_glass.properties
[12:46:10] [Worker-Main-9/INFO]: [OptiFine] ConnectedTextures: optifine/ctm/glass/silver/light_gray_stained_glass_pane.properties
[12:46:10] [Worker-Main-9/INFO]: [OptiFine] ConnectedTextures: optifine/ctm/glass/white/glass_white.properties
[12:46:10] [Worker-Main-9/WARN]: [OptiFine] No matchBlocks or matchTiles specified: optifine/ctm/glass/white/glass_white.properties
[12:46:10] [Worker-Main-9/INFO]: [OptiFine] ConnectedTextures: optifine/ctm/glass/white/white_stained_glass.properties
[12:46:10] [Worker-Main-9/INFO]: [OptiFine] ConnectedTextures: optifine/ctm/glass/white/white_stained_glass_pane.properties
[12:46:10] [Worker-Main-9/INFO]: [OptiFine] ConnectedTextures: optifine/ctm/glass/yellow/glass_yellow.properties
[12:46:10] [Worker-Main-9/WARN]: [OptiFine] No matchBlocks or matchTiles specified: optifine/ctm/glass/yellow/glass_yellow.properties
[12:46:10] [Worker-Main-9/INFO]: [OptiFine] ConnectedTextures: optifine/ctm/glass/yellow/yellow_stained_glass.properties
[12:46:10] [Worker-Main-9/INFO]: [OptiFine] ConnectedTextures: optifine/ctm/glass/yellow/yellow_stained_glass_pane.properties
[12:46:10] [Worker-Main-9/INFO]: [OptiFine] Multipass connected textures: false
[12:46:10] [Worker-Main-9/INFO]: [OptiFine] ConnectedTextures: optifine/ctm/default/30_bookshelf/bookshelf.properties
[12:46:10] [Worker-Main-9/INFO]: [OptiFine] ConnectedTextures: optifine/ctm/default/40_sandstone/sandstone.properties
[12:46:10] [Worker-Main-9/INFO]: [OptiFine] ConnectedTextures: optifine/ctm/default/41_red_sandstone/red_sandstone.properties
[12:46:10] [Worker-Main-9/INFO]: [OptiFine] Multipass connected textures: false
[12:46:10] [Worker-Main-9/INFO]: [OptiFine] BetterGrass: Parsing default configuration optifine/bettergrass.properties
[12:46:15] [Worker-Main-9/INFO]: [OptiFine] Mipmap levels: 4
[12:46:15] [Worker-Main-11/ERROR]: Using missing texture, unable to load minecraft:textures/block/stone_slab_top.png : java.io.FileNotFoundException: minecraft:textures/block/stone_slab_top.png
[12:46:16] [Worker-Main-9/INFO]: [OptiFine] Multitexture: false
[12:46:16] [Worker-Main-9/INFO]: [OptiFine] Sprite size: 64
[12:46:16] [Worker-Main-9/INFO]: [OptiFine] Mipmap levels: 6
[12:46:16] [Worker-Main-9/INFO]: [OptiFine] Multitexture: false
[12:46:16] [Worker-Main-9/INFO]: [OptiFine] Sprite size: 64
[12:46:16] [Worker-Main-9/INFO]: [OptiFine] Mipmap levels: 6
[12:46:16] [Worker-Main-9/INFO]: [OptiFine] Multitexture: false
[12:46:16] [Worker-Main-9/INFO]: [OptiFine] Sprite size: 64
[12:46:16] [Worker-Main-9/INFO]: [OptiFine] Mipmap levels: 6
[12:46:16] [Worker-Main-9/INFO]: [OptiFine] Multitexture: false
[12:46:16] [Worker-Main-9/INFO]: [OptiFine] Sprite size: 64
[12:46:16] [Worker-Main-9/INFO]: [OptiFine] Mipmap levels: 6
[12:46:16] [Worker-Main-9/INFO]: [OptiFine] Multitexture: false
[12:46:16] [Worker-Main-9/INFO]: [OptiFine] Sprite size: 64
[12:46:16] [Worker-Main-9/INFO]: [OptiFine] Mipmap levels: 6
[12:46:16] [Worker-Main-9/INFO]: [OptiFine] Multitexture: false
[12:46:16] [Worker-Main-9/INFO]: [OptiFine] Sprite size: 64
[12:46:16] [Worker-Main-9/INFO]: [OptiFine] Mipmap levels: 6
[12:46:17] [main/INFO]: OpenAL initialized.
[12:46:17] [main/INFO]: Sound engine started
[12:46:17] [main/INFO]: Created: 1024x1024x4 minecraft:textures/atlas/blocks.png-atlas
[12:46:17] [main/INFO]: [OptiFine] Animated sprites: 44
[12:46:17] [main/INFO]: Created: 256x128x4 minecraft:textures/atlas/signs.png-atlas
[12:46:17] [main/INFO]: [OptiFine] Animated sprites: 0
[12:46:17] [main/INFO]: Created: 512x512x4 minecraft:textures/atlas/banner_patterns.png-atlas
[12:46:17] [main/INFO]: [OptiFine] Animated sprites: 0
[12:46:17] [main/INFO]: Created: 512x512x4 minecraft:textures/atlas/shield_patterns.png-atlas
[12:46:17] [main/INFO]: [OptiFine] Animated sprites: 0
[12:46:17] [main/INFO]: Created: 256x256x4 minecraft:textures/atlas/chest.png-atlas
[12:46:17] [main/INFO]: [OptiFine] Animated sprites: 0
[12:46:17] [main/INFO]: Created: 512x256x4 minecraft:textures/atlas/beds.png-atlas
[12:46:17] [main/INFO]: [OptiFine] Animated sprites: 0
[12:46:17] [main/INFO]: Created: 512x256x4 minecraft:textures/atlas/shulker_boxes.png-atlas
[12:46:17] [main/INFO]: [OptiFine] Animated sprites: 0
[12:46:18] [main/INFO]: Created: 256x256x0 minecraft:textures/atlas/particles.png-atlas
[12:46:18] [main/INFO]: [OptiFine] Animated sprites: 0
[12:46:18] [main/INFO]: Created: 4096x4096x0 minecraft:textures/atlas/paintings.png-atlas
[12:46:18] [main/INFO]: [OptiFine] Animated sprites: 0
[12:46:18] [main/INFO]: Created: 128x128x0 minecraft:textures/atlas/mob_effects.png-atlas
[12:46:18] [main/INFO]: [OptiFine] Animated sprites: 0
[12:46:18] [main/INFO]: [OptiFine] *** Reloading custom textures ***
[12:46:18] [main/INFO]: [OptiFine] CustomColors: Loading optifine/color.properties
[12:46:22] [main/INFO]: [OptiFine] Disable Forge light pipeline
[12:46:26] [main/ERROR]: Invalid icon for world Owen's World
java.lang.IllegalStateException: Must be 64 pixels wide
	at org.apache.commons.lang3.Validate.validState(Validate.java:829) ~[Validate.class:3.5]
	at dse$a.g(SourceFile:422) [dse$a.class:?]
	at dse$a.<init>(SourceFile:189) [dse$a.class:?]
	at dse.a(SourceFile:108) [dse.class:?]
	at dse.<init>(SourceFile:83) [dse.class:?]
	at dsb.b(SourceFile:48) [dsb.class:?]
	at doq.b(SourceFile:325) [doq.class:?]
	at djw.a(SourceFile:897) [djw.class:?]
	at dov.lambda$addSingleplayerMultiplayerButtons$4(MainMenuScreen.java:192) [dov.class:?]
	at dov$$Lambda$2727/1871319536.onPress(Unknown Source) [dov.class:?]
	at dlg.b(SourceFile:33) [dlg.class:?]
	at dla.a(SourceFile:16) [dla.class:?]
	at dle.a(SourceFile:149) [dle.class:?]
	at dme.a(SourceFile:27) [dme.class:?]
	at dov.a(MainMenuScreen.java:418) [dov.class:?]
	at djx.b(SourceFile:92) [djx.class:?]
	at djx$$Lambda$3060/1072364450.run(Unknown Source) [djx.class:?]
	at doq.a(SourceFile:435) [doq.class:?]
	at djx.a(SourceFile:92) [djx.class:?]
	at djx.c(SourceFile:162) [djx.class:?]
	at djx$$Lambda$3059/1066777757.run(Unknown Source) [djx.class:?]
	at any.execute(ThreadTaskExecutor.java:104) [any.class:?]
	at djx.b(SourceFile:162) [djx.class:?]
	at djx$$Lambda$2379/1243071766.invoke(Unknown Source) [djx.class:?]
	at org.lwjgl.glfw.GLFWMouseButtonCallbackI.callback(GLFWMouseButtonCallbackI.java:36) [lwjgl-glfw-3.2.2.jar:build 10]
	at org.lwjgl.system.JNI.invokeV(Native Method) ~[lwjgl-3.2.2.jar:build 10]
	at org.lwjgl.glfw.GLFW.glfwWaitEventsTimeout(GLFW.java:3174) [lwjgl-glfw-3.2.2.jar:build 10]
	at com.mojang.blaze3d.systems.RenderSystem.limitDisplayFPS(SourceFile:127) [RenderSystem.class:?]
	at djw.e(SourceFile:1046) [djw.class:?]
	at djw.e(SourceFile:656) [djw.class:?]
	at net.minecraft.client.main.Main.main(SourceFile:215) [Main.class:?]
	at sun.reflect.NativeMethodAccessorImpl.invoke0(Native Method) ~[?:1.8.0_51]
	at sun.reflect.NativeMethodAccessorImpl.invoke(NativeMethodAccessorImpl.java:62) ~[?:1.8.0_51]
	at sun.reflect.DelegatingMethodAccessorImpl.invoke(DelegatingMethodAccessorImpl.java:43) ~[?:1.8.0_51]
	at java.lang.reflect.Method.invoke(Method.java:497) ~[?:1.8.0_51]
	at net.minecraft.launchwrapper.Launch.launch(Launch.java:159) [launchwrapper-of-2.1.jar:2.1]
	at net.minecraft.launchwrapper.Launch.main(Launch.java:30) [launchwrapper-of-2.1.jar:2.1]
[12:46:33] [main/ERROR]: Invalid icon for world Owen's World
java.lang.IllegalStateException: Must be 64 pixels wide
	at org.apache.commons.lang3.Validate.validState(Validate.java:829) ~[Validate.class:3.5]
	at dse$a.g(SourceFile:422) [dse$a.class:?]
	at dse$a.<init>(SourceFile:189) [dse$a.class:?]
	at dse.a(SourceFile:108) [dse.class:?]
	at dse.<init>(SourceFile:83) [dse.class:?]
	at dsb.b(SourceFile:48) [dsb.class:?]
	at doq.b(SourceFile:325) [doq.class:?]
	at djw.a(SourceFile:897) [djw.class:?]
	at dnl.a(SourceFile:41) [dnl.class:?]
	at dnl$$Lambda$3149/606816495.onPress(Unknown Source) [dnl.class:?]
	at dlg.b(SourceFile:33) [dlg.class:?]
	at dla.a(SourceFile:16) [dla.class:?]
	at dle.a(SourceFile:149) [dle.class:?]
	at dme.a(SourceFile:27) [dme.class:?]
	at djx.b(SourceFile:92) [djx.class:?]
	at djx$$Lambda$3060/1072364450.run(Unknown Source) [djx.class:?]
	at doq.a(SourceFile:435) [doq.class:?]
	at djx.a(SourceFile:92) [djx.class:?]
	at djx.c(SourceFile:162) [djx.class:?]
	at djx$$Lambda$3059/1066777757.run(Unknown Source) [djx.class:?]
	at any.execute(ThreadTaskExecutor.java:104) [any.class:?]
	at djx.b(SourceFile:162) [djx.class:?]
	at djx$$Lambda$2379/1243071766.invoke(Unknown Source) [djx.class:?]
	at org.lwjgl.glfw.GLFWMouseButtonCallbackI.callback(GLFWMouseButtonCallbackI.java:36) [lwjgl-glfw-3.2.2.jar:build 10]
	at org.lwjgl.system.JNI.invokeV(Native Method) ~[lwjgl-3.2.2.jar:build 10]
	at org.lwjgl.glfw.GLFW.glfwWaitEventsTimeout(GLFW.java:3174) [lwjgl-glfw-3.2.2.jar:build 10]
	at com.mojang.blaze3d.systems.RenderSystem.limitDisplayFPS(SourceFile:127) [RenderSystem.class:?]
	at djw.e(SourceFile:1046) [djw.class:?]
	at djw.e(SourceFile:656) [djw.class:?]
	at net.minecraft.client.main.Main.main(SourceFile:215) [Main.class:?]
	at sun.reflect.NativeMethodAccessorImpl.invoke0(Native Method) ~[?:1.8.0_51]
	at sun.reflect.NativeMethodAccessorImpl.invoke(NativeMethodAccessorImpl.java:62) ~[?:1.8.0_51]
	at sun.reflect.DelegatingMethodAccessorImpl.invoke(DelegatingMethodAccessorImpl.java:43) ~[?:1.8.0_51]
	at java.lang.reflect.Method.invoke(Method.java:497) ~[?:1.8.0_51]
	at net.minecraft.launchwrapper.Launch.launch(Launch.java:159) [launchwrapper-of-2.1.jar:2.1]
	at net.minecraft.launchwrapper.Launch.main(Launch.java:30) [launchwrapper-of-2.1.jar:2.1]
[12:46:34] [main/WARN]: Ambiguity between arguments [teleport, destination] and [teleport, targets] with inputs: [Player, 0123, @e, dd12be42-52a9-4a91-a8a1-11c01849e498]
[12:46:34] [main/WARN]: Ambiguity between arguments [teleport, location] and [teleport, destination] with inputs: [0.1 -0.5 .9, 0 0 0]
[12:46:34] [main/WARN]: Ambiguity between arguments [teleport, location] and [teleport, targets] with inputs: [0.1 -0.5 .9, 0 0 0]
[12:46:34] [main/WARN]: Ambiguity between arguments [teleport, targets] and [teleport, destination] with inputs: [Player, 0123, dd12be42-52a9-4a91-a8a1-11c01849e498]
[12:46:34] [main/WARN]: Ambiguity between arguments [teleport, targets, location] and [teleport, targets, destination] with inputs: [0.1 -0.5 .9, 0 0 0]
[12:46:34] [main/INFO]: Reloading ResourceManager: Default, skyblockDatapack, Recycle Crafting, Uncraftable Ice.zip, anti creeper grief v1.0.2.zip, anti ghast grief v1.0.0.zip, crafting.zip, double shulker shells v1.2.0.zip, dragon drops v1.2.0.zip, silence mobs v1.0.0.zip, food-preview-datapack.zip, Infinite Trades (1.14)
[12:46:34] [main/INFO]: Loaded 7 recipes
[12:46:34] [main/WARN]: Datapack tried to redefine minecraft:empty loot table, ignoring
[12:46:35] [main/WARN]: Found validation problem in {minecraft:entities/ender_dragon}.pools[1].entries[0]: Unknown loot table called minecraft:entities/reference/mmh/ender_dragon
[12:46:35] [main/WARN]: Found validation problem in {minecraft:entities/shulker}.pools[1].entries[0]: Unknown loot table called minecraft:entities/reference/mmh/shulker
[12:46:35] [main/INFO]: Loaded 1087 advancements
[12:46:36] [main/WARN]: Ambiguity between arguments [teleport, destination] and [teleport, targets] with inputs: [Player, 0123, @e, dd12be42-52a9-4a91-a8a1-11c01849e498]
[12:46:36] [main/WARN]: Ambiguity between arguments [teleport, location] and [teleport, destination] with inputs: [0.1 -0.5 .9, 0 0 0]
[12:46:36] [main/WARN]: Ambiguity between arguments [teleport, location] and [teleport, targets] with inputs: [0.1 -0.5 .9, 0 0 0]
[12:46:36] [main/WARN]: Ambiguity between arguments [teleport, targets] and [teleport, destination] with inputs: [Player, 0123, dd12be42-52a9-4a91-a8a1-11c01849e498]
[12:46:36] [main/WARN]: Ambiguity between arguments [teleport, targets, location] and [teleport, targets, destination] with inputs: [0.1 -0.5 .9, 0 0 0]
[12:46:36] [main/INFO]: Reloading ResourceManager: Default, skyblockDatapack, Recycle Crafting, Uncraftable Ice.zip, anti creeper grief v1.0.2.zip, anti ghast grief v1.0.0.zip, crafting.zip, double shulker shells v1.2.0.zip, dragon drops v1.2.0.zip, silence mobs v1.0.0.zip, food-preview-datapack.zip, Infinite Trades (1.14)
[12:46:37] [main/INFO]: Loaded 7 recipes
[12:46:37] [main/WARN]: Datapack tried to redefine minecraft:empty loot table, ignoring
[12:46:37] [main/WARN]: Found validation problem in {minecraft:entities/ender_dragon}.pools[1].entries[0]: Unknown loot table called minecraft:entities/reference/mmh/ender_dragon
[12:46:37] [main/WARN]: Found validation problem in {minecraft:entities/shulker}.pools[1].entries[0]: Unknown loot table called minecraft:entities/reference/mmh/shulker
[12:46:37] [main/INFO]: Loaded 1087 advancements
[12:46:37] [main/INFO]: Environment: authHost='https://authserver.mojang.com', accountsHost='https://api.mojang.com', sessionHost='https://sessionserver.mojang.com', name='PROD'
[12:46:37] [Server thread/INFO]: Starting integrated minecraft server version 1.16.2
[12:46:37] [Server thread/INFO]: Generating keypair
[12:46:37] [Server thread/INFO]: Preparing start region for dimension minecraft:overworld
[12:46:38] [main/INFO]: Preparing spawn area: 0%
[12:46:38] [main/INFO]: Preparing spawn area: 4%
[12:46:38] [main/INFO]: Time elapsed: 709 ms
[12:46:38] [Server thread/INFO]: Changing view distance to 30, from 10
[12:46:40] [Server thread/INFO]: odoggy21[local:E:efb29bf2] logged in with entity id 169 at (9.499779197223594, 63.875, 3.4709514991059986)
[12:46:40] [Server thread/INFO]: odoggy21 joined the game
[12:46:40] [Netty Local Client IO #0/INFO]: Applying server pack C:\Users\owenm\AppData\Roaming\.minecraft\saves\Skyblock\resources.zip
[12:46:41] [Server thread/INFO]: Saving and pausing game...
[12:46:41] [Server thread/INFO]: Saving chunks for level 'ServerLevel[Skyblock Evolution]'/minecraft:overworld
[12:46:41] [Server thread/INFO]: Saving chunks for level 'ServerLevel[Skyblock Evolution]'/minecraft:the_nether
[12:46:41] [Server thread/INFO]: Saving chunks for level 'ServerLevel[Skyblock Evolution]'/minecraft:the_end
[12:46:42] [main/INFO]: Reloading ResourceManager: Default, Owen's Resource Pack, Redstone Lines, food-preview-ressources-pack.zip, resources.zip
[12:46:42] [main/INFO]: [OptiFine] *** Reloading textures ***
[12:46:42] [main/INFO]: [OptiFine] Resource packs: Owen's Resource Pack, Redstone Lines, food-preview-ressources-pack.zip, resources.zip
[12:46:42] [main/INFO]: [OptiFine] EmissiveTextures: Loading optifine/emissive.properties
[12:46:42] [main/INFO]: Loaded 304 advancements
[12:46:42] [Worker-Main-16/INFO]: [OptiFine] Multitexture: false
[12:46:42] [Worker-Main-15/INFO]: [OptiFine] Multitexture: false
[12:46:42] [Worker-Main-13/INFO]: [OptiFine] Multitexture: false
[12:46:42] [main/INFO]: [OptiFine] Loading optifine/color.properties
[12:46:42] [main/INFO]: [OptiFine] screen.loading = 000000
[12:46:42] [main/INFO]: [OptiFine] screen.loading.bar = 000000
[12:46:42] [main/INFO]: [OptiFine] screen.loading.progress = ffffff
[12:46:43] [Worker-Main-10/WARN]: Exception loading blockstate definition: 'minecraft:blockstates/kelp.json' in resourcepack: 'Owen's Resource Pack' for variant: 'normal': Unknown blockstate property: 'normal'
[12:46:44] [Worker-Main-10/INFO]: [OptiFine] CustomItems: optifine/cit/aqua_affinity.properties
[12:46:44] [Worker-Main-10/INFO]: [OptiFine] CustomItems: optifine/cit/bane_of_arthropods.properties
[12:46:44] [Worker-Main-10/INFO]: [OptiFine] CustomItems: optifine/cit/blast_protection.properties
[12:46:44] [Worker-Main-10/INFO]: [OptiFine] CustomItems: optifine/cit/channeling.properties
[12:46:44] [Worker-Main-10/INFO]: [OptiFine] CustomItems: optifine/cit/curse_of_binding.properties
[12:46:44] [Worker-Main-10/INFO]: [OptiFine] CustomItems: optifine/cit/curse_of_vanishing.properties
[12:46:44] [Worker-Main-10/INFO]: [OptiFine] CustomItems: optifine/cit/depth_strider.properties
[12:46:44] [Worker-Main-10/INFO]: [OptiFine] CustomItems: optifine/cit/efficiency.properties
[12:46:44] [Worker-Main-10/INFO]: [OptiFine] CustomItems: optifine/cit/feather_falling.properties
[12:46:44] [Worker-Main-10/INFO]: [OptiFine] CustomItems: optifine/cit/fire_aspect.properties
[12:46:44] [Worker-Main-10/INFO]: [OptiFine] CustomItems: optifine/cit/fire_protection.properties
[12:46:44] [Worker-Main-10/INFO]: [OptiFine] CustomItems: optifine/cit/flame.properties
[12:46:44] [Worker-Main-10/INFO]: [OptiFine] CustomItems: optifine/cit/fortune.properties
[12:46:44] [Worker-Main-10/INFO]: [OptiFine] CustomItems: optifine/cit/frost_walker.properties
[12:46:44] [Worker-Main-10/INFO]: [OptiFine] CustomItems: optifine/cit/impailing.properties
[12:46:44] [Worker-Main-10/INFO]: [OptiFine] CustomItems: optifine/cit/infinity.properties
[12:46:44] [Worker-Main-10/INFO]: [OptiFine] CustomItems: optifine/cit/items/axe/diamond_axe/diamond_axe2.properties
[12:46:44] [Worker-Main-10/INFO]: [OptiFine] CustomItems: optifine/cit/items/axe/diamond_axe/diamond_axe3.properties
[12:46:44] [Worker-Main-10/INFO]: [OptiFine] CustomItems: optifine/cit/items/axe/diamond_axe/diamond_axe4.properties
[12:46:44] [Worker-Main-10/INFO]: [OptiFine] CustomItems: optifine/cit/items/axe/golden_axe/golden_axe2.properties
[12:46:44] [Worker-Main-10/INFO]: [OptiFine] CustomItems: optifine/cit/items/axe/golden_axe/golden_axe3.properties
[12:46:44] [Worker-Main-10/INFO]: [OptiFine] CustomItems: optifine/cit/items/axe/golden_axe/golden_axe4.properties
[12:46:44] [Worker-Main-10/INFO]: [OptiFine] CustomItems: optifine/cit/items/axe/iron_axe/iron_axe2.properties
[12:46:44] [Worker-Main-10/INFO]: [OptiFine] CustomItems: optifine/cit/items/axe/iron_axe/iron_axe3.properties
[12:46:44] [Worker-Main-10/INFO]: [OptiFine] CustomItems: optifine/cit/items/axe/iron_axe/iron_axe4.properties
[12:46:44] [Worker-Main-10/INFO]: [OptiFine] CustomItems: optifine/cit/items/axe/stone_axe/stone_axe2.properties
[12:46:44] [Worker-Main-10/INFO]: [OptiFine] CustomItems: optifine/cit/items/axe/stone_axe/stone_axe3.properties
[12:46:44] [Worker-Main-10/INFO]: [OptiFine] CustomItems: optifine/cit/items/axe/stone_axe/stone_axe4.properties
[12:46:44] [Worker-Main-10/INFO]: [OptiFine] CustomItems: optifine/cit/items/axe/wooden_axe/wooden-axe4.properties
[12:46:44] [Worker-Main-10/INFO]: [OptiFine] CustomItems: optifine/cit/items/axe/wooden_axe/wooden_axe2.properties
[12:46:44] [Worker-Main-10/INFO]: [OptiFine] CustomItems: optifine/cit/items/axe/wooden_axe/wooden_axe3.properties
[12:46:44] [Worker-Main-10/INFO]: [OptiFine] CustomItems: optifine/cit/items/boots/chailmail_boots/chainmail_boots2.properties
[12:46:44] [Worker-Main-10/INFO]: [OptiFine] CustomItems: optifine/cit/items/boots/chailmail_boots/chainmail_boots3.properties
[12:46:44] [Worker-Main-10/INFO]: [OptiFine] CustomItems: optifine/cit/items/boots/chailmail_boots/chainmail_boots4.properties
[12:46:44] [Worker-Main-10/INFO]: [OptiFine] CustomItems: optifine/cit/items/boots/diamond_boots/diamond_boots2.properties
[12:46:44] [Worker-Main-10/INFO]: [OptiFine] CustomItems: optifine/cit/items/boots/diamond_boots/diamond_boots3.properties
[12:46:44] [Worker-Main-10/INFO]: [OptiFine] CustomItems: optifine/cit/items/boots/diamond_boots/diamond_boots4.properties
[12:46:44] [Worker-Main-10/INFO]: [OptiFine] CustomItems: optifine/cit/items/boots/golden_boots/golden_boots2.properties
[12:46:44] [Worker-Main-10/INFO]: [OptiFine] CustomItems: optifine/cit/items/boots/golden_boots/golden_boots3.properties
[12:46:44] [Worker-Main-10/INFO]: [OptiFine] CustomItems: optifine/cit/items/boots/golden_boots/golden_boots4.properties
[12:46:44] [Worker-Main-10/INFO]: [OptiFine] CustomItems: optifine/cit/items/boots/iron_boots/iron_boots2.properties
[12:46:44] [Worker-Main-10/INFO]: [OptiFine] CustomItems: optifine/cit/items/boots/iron_boots/iron_boots3.properties
[12:46:44] [Worker-Main-10/INFO]: [OptiFine] CustomItems: optifine/cit/items/boots/iron_boots/iron_boots4.properties
[12:46:44] [Worker-Main-10/INFO]: [OptiFine] CustomItems: optifine/cit/items/boots/leather_boots/leather_boots2.properties
[12:46:44] [Worker-Main-10/INFO]: [OptiFine] CustomItems: optifine/cit/items/boots/leather_boots/leather_boots3.properties
[12:46:44] [Worker-Main-10/INFO]: [OptiFine] CustomItems: optifine/cit/items/boots/leather_boots/leather_boots4.properties
[12:46:44] [Worker-Main-10/INFO]: [OptiFine] CustomItems: optifine/cit/items/bow/bow2.properties
[12:46:44] [Worker-Main-10/INFO]: [OptiFine] CustomItems: optifine/cit/items/bow/bow3.properties
[12:46:44] [Worker-Main-10/INFO]: [OptiFine] CustomItems: optifine/cit/items/bow/bow4.properties
[12:46:44] [Worker-Main-10/INFO]: [OptiFine] CustomItems: optifine/cit/items/carrot_on_a_stick/carrot_on_a_stick2.properties
[12:46:44] [Worker-Main-10/INFO]: [OptiFine] CustomItems: optifine/cit/items/carrot_on_a_stick/carrot_on_a_stick3.properties
[12:46:44] [Worker-Main-10/INFO]: [OptiFine] CustomItems: optifine/cit/items/carrot_on_a_stick/carrot_on_a_stick4.properties
[12:46:44] [Worker-Main-10/INFO]: [OptiFine] CustomItems: optifine/cit/items/chestplate/chainmail_chestplate/chainmail_chestplate2.properties
[12:46:44] [Worker-Main-10/INFO]: [OptiFine] CustomItems: optifine/cit/items/chestplate/chainmail_chestplate/chainmail_chestplate3.properties
[12:46:44] [Worker-Main-10/INFO]: [OptiFine] CustomItems: optifine/cit/items/chestplate/chainmail_chestplate/chainmail_chestplate4.properties
[12:46:44] [Worker-Main-10/INFO]: [OptiFine] CustomItems: optifine/cit/items/chestplate/diamond_chestplate/diamond_chestplate2.properties
[12:46:44] [Worker-Main-10/INFO]: [OptiFine] CustomItems: optifine/cit/items/chestplate/diamond_chestplate/diamond_chestplate3.properties
[12:46:44] [Worker-Main-10/INFO]: [OptiFine] CustomItems: optifine/cit/items/chestplate/diamond_chestplate/diamond_chestplate4.properties
[12:46:44] [Worker-Main-10/INFO]: [OptiFine] CustomItems: optifine/cit/items/chestplate/golden_chestplate/golden_chestplate2.properties
[12:46:44] [Worker-Main-10/INFO]: [OptiFine] CustomItems: optifine/cit/items/chestplate/golden_chestplate/golden_chestplate3.properties
[12:46:44] [Worker-Main-10/INFO]: [OptiFine] CustomItems: optifine/cit/items/chestplate/golden_chestplate/golden_chestplate4.properties
[12:46:44] [Worker-Main-10/INFO]: [OptiFine] CustomItems: optifine/cit/items/chestplate/iron_chestplate/iron_chestplate2.properties
[12:46:44] [Worker-Main-10/INFO]: [OptiFine] CustomItems: optifine/cit/items/chestplate/iron_chestplate/iron_chestplate3.properties
[12:46:44] [Worker-Main-10/INFO]: [OptiFine] CustomItems: optifine/cit/items/chestplate/iron_chestplate/iron_chestplate4.properties
[12:46:44] [Worker-Main-10/INFO]: [OptiFine] CustomItems: optifine/cit/items/chestplate/leather_chestplate/leather_chestplate2.properties
[12:46:44] [Worker-Main-10/INFO]: [OptiFine] CustomItems: optifine/cit/items/chestplate/leather_chestplate/leather_chestplate3.properties
[12:46:44] [Worker-Main-10/INFO]: [OptiFine] CustomItems: optifine/cit/items/chestplate/leather_chestplate/leather_chestplate4.properties
[12:46:44] [Worker-Main-10/INFO]: [OptiFine] CustomItems: optifine/cit/items/crossbow/crossbow2.properties
[12:46:44] [Worker-Main-10/INFO]: [OptiFine] CustomItems: optifine/cit/items/crossbow/crossbow3.properties
[12:46:44] [Worker-Main-10/INFO]: [OptiFine] CustomItems: optifine/cit/items/crossbow/crossbow4.properties
[12:46:44] [Worker-Main-10/INFO]: [OptiFine] CustomItems: optifine/cit/items/fishing_rod/fishing_rod2.properties
[12:46:44] [Worker-Main-10/INFO]: [OptiFine] CustomItems: optifine/cit/items/fishing_rod/fishing_rod3.properties
[12:46:44] [Worker-Main-10/INFO]: [OptiFine] CustomItems: optifine/cit/items/fishing_rod/fishing_rod4.properties
[12:46:44] [Worker-Main-10/INFO]: [OptiFine] CustomItems: optifine/cit/items/flint_and_steel/flint_and_steel_2.properties
[12:46:44] [Worker-Main-10/INFO]: [OptiFine] CustomItems: optifine/cit/items/flint_and_steel/flint_and_steel_3.properties
[12:46:44] [Worker-Main-10/INFO]: [OptiFine] CustomItems: optifine/cit/items/flint_and_steel/flint_and_steel_4.properties
[12:46:44] [Worker-Main-10/INFO]: [OptiFine] CustomItems: optifine/cit/items/helmet/chailmail_helmet/chainmail_helmet2.properties
[12:46:44] [Worker-Main-10/INFO]: [OptiFine] CustomItems: optifine/cit/items/helmet/chailmail_helmet/chainmail_helmet3.properties
[12:46:44] [Worker-Main-10/INFO]: [OptiFine] CustomItems: optifine/cit/items/helmet/chailmail_helmet/chainmail_helmet4.properties
[12:46:44] [Worker-Main-10/INFO]: [OptiFine] CustomItems: optifine/cit/items/helmet/diamond_helmet/diamond_helmet2.properties
[12:46:44] [Worker-Main-10/INFO]: [OptiFine] CustomItems: optifine/cit/items/helmet/diamond_helmet/diamond_helmet3.properties
[12:46:44] [Worker-Main-10/INFO]: [OptiFine] CustomItems: optifine/cit/items/helmet/diamond_helmet/diamond_helmet4.properties
[12:46:44] [Worker-Main-10/INFO]: [OptiFine] CustomItems: optifine/cit/items/helmet/golden_helmet/golden_helmet2.properties
[12:46:44] [Worker-Main-10/INFO]: [OptiFine] CustomItems: optifine/cit/items/helmet/golden_helmet/golden_helmet3.properties
[12:46:44] [Worker-Main-10/INFO]: [OptiFine] CustomItems: optifine/cit/items/helmet/golden_helmet/golden_helmet4.properties
[12:46:45] [Worker-Main-10/INFO]: [OptiFine] CustomItems: optifine/cit/items/helmet/iron_helmet/iron_helmet2.properties
[12:46:45] [Worker-Main-10/INFO]: [OptiFine] CustomItems: optifine/cit/items/helmet/iron_helmet/iron_helmet3.properties
[12:46:45] [Worker-Main-10/INFO]: [OptiFine] CustomItems: optifine/cit/items/helmet/iron_helmet/iron_helmet4.properties
[12:46:45] [Worker-Main-10/INFO]: [OptiFine] CustomItems: optifine/cit/items/helmet/leather_helmet/leather_helmet2.properties
[12:46:45] [Worker-Main-10/INFO]: [OptiFine] CustomItems: optifine/cit/items/helmet/leather_helmet/leather_helmet3.properties
[12:46:45] [Worker-Main-10/INFO]: [OptiFine] CustomItems: optifine/cit/items/helmet/leather_helmet/leather_helmet4.properties
[12:46:45] [Worker-Main-10/INFO]: [OptiFine] CustomItems: optifine/cit/items/helmet/turtle_helmet/turtle_helmet2.properties
[12:46:45] [Worker-Main-10/INFO]: [OptiFine] CustomItems: optifine/cit/items/helmet/turtle_helmet/turtle_helmet3.properties
[12:46:45] [Worker-Main-10/INFO]: [OptiFine] CustomItems: optifine/cit/items/helmet/turtle_helmet/turtle_helmet4.properties
[12:46:45] [Worker-Main-10/INFO]: [OptiFine] CustomItems: optifine/cit/items/hoe/diamond_hoe/diamond_hoe2.properties
[12:46:45] [Worker-Main-10/INFO]: [OptiFine] CustomItems: optifine/cit/items/hoe/diamond_hoe/diamond_hoe3.properties
[12:46:45] [Worker-Main-10/INFO]: [OptiFine] CustomItems: optifine/cit/items/hoe/diamond_hoe/diamond_hoe4.properties
[12:46:45] [Worker-Main-10/INFO]: [OptiFine] CustomItems: optifine/cit/items/hoe/golden_hoe/golden_hoe2.properties
[12:46:45] [Worker-Main-10/INFO]: [OptiFine] CustomItems: optifine/cit/items/hoe/golden_hoe/golden_hoe3.properties
[12:46:45] [Worker-Main-10/INFO]: [OptiFine] CustomItems: optifine/cit/items/hoe/golden_hoe/golden_hoe4.properties
[12:46:45] [Worker-Main-10/INFO]: [OptiFine] CustomItems: optifine/cit/items/hoe/iron_hoe/iron_hoe2.properties
[12:46:45] [Worker-Main-10/INFO]: [OptiFine] CustomItems: optifine/cit/items/hoe/iron_hoe/iron_hoe3.properties
[12:46:45] [Worker-Main-10/INFO]: [OptiFine] CustomItems: optifine/cit/items/hoe/iron_hoe/iron_hoe4.properties
[12:46:45] [Worker-Main-10/INFO]: [OptiFine] CustomItems: optifine/cit/items/hoe/stone_hoe/stone_hoe2.properties
[12:46:45] [Worker-Main-10/INFO]: [OptiFine] CustomItems: optifine/cit/items/hoe/stone_hoe/stone_hoe3.properties
[12:46:45] [Worker-Main-10/INFO]: [OptiFine] CustomItems: optifine/cit/items/hoe/stone_hoe/stone_hoe4.properties
[12:46:45] [Worker-Main-10/INFO]: [OptiFine] CustomItems: optifine/cit/items/hoe/wooden_hoe/wooden-hoe4.properties
[12:46:45] [Worker-Main-10/INFO]: [OptiFine] CustomItems: optifine/cit/items/hoe/wooden_hoe/wooden_hoe2.properties
[12:46:45] [Worker-Main-10/INFO]: [OptiFine] CustomItems: optifine/cit/items/hoe/wooden_hoe/wooden_hoe3.properties
[12:46:45] [Worker-Main-10/INFO]: [OptiFine] CustomItems: optifine/cit/items/leggings/chainmail_leggings/chainmail_leggings2.properties
[12:46:45] [Worker-Main-10/INFO]: [OptiFine] CustomItems: optifine/cit/items/leggings/chainmail_leggings/chainmail_leggings3.properties
[12:46:45] [Worker-Main-10/INFO]: [OptiFine] CustomItems: optifine/cit/items/leggings/chainmail_leggings/chainmail_leggings4.properties
[12:46:45] [Worker-Main-10/INFO]: [OptiFine] CustomItems: optifine/cit/items/leggings/diamond_leggings/diamond_leggings2.properties
[12:46:45] [Worker-Main-10/INFO]: [OptiFine] CustomItems: optifine/cit/items/leggings/diamond_leggings/diamond_leggings3.properties
[12:46:45] [Worker-Main-10/INFO]: [OptiFine] CustomItems: optifine/cit/items/leggings/diamond_leggings/diamond_leggings4.properties
[12:46:45] [Worker-Main-10/INFO]: [OptiFine] CustomItems: optifine/cit/items/leggings/golden_leggings/golden_leggings2.properties
[12:46:45] [Worker-Main-10/INFO]: [OptiFine] CustomItems: optifine/cit/items/leggings/golden_leggings/golden_leggings3.properties
[12:46:45] [Worker-Main-10/INFO]: [OptiFine] CustomItems: optifine/cit/items/leggings/golden_leggings/golden_leggings4.properties
[12:46:45] [Worker-Main-10/INFO]: [OptiFine] CustomItems: optifine/cit/items/leggings/iron_leggings/iron_leggings2.properties
[12:46:45] [Worker-Main-10/INFO]: [OptiFine] CustomItems: optifine/cit/items/leggings/iron_leggings/iron_leggings3.properties
[12:46:45] [Worker-Main-10/INFO]: [OptiFine] CustomItems: optifine/cit/items/leggings/iron_leggings/iron_leggings4.properties
[12:46:45] [Worker-Main-10/INFO]: [OptiFine] CustomItems: optifine/cit/items/leggings/leather_leggings/leather_leggings2.properties
[12:46:45] [Worker-Main-10/INFO]: [OptiFine] CustomItems: optifine/cit/items/leggings/leather_leggings/leather_leggings3.properties
[12:46:45] [Worker-Main-10/INFO]: [OptiFine] CustomItems: optifine/cit/items/leggings/leather_leggings/leather_leggings4.properties
[12:46:45] [Worker-Main-10/INFO]: [OptiFine] CustomItems: optifine/cit/items/pickaxe/diamond_pickaxe/diamond_pickaxe2.properties
[12:46:45] [Worker-Main-10/INFO]: [OptiFine] CustomItems: optifine/cit/items/pickaxe/diamond_pickaxe/diamond_pickaxe3.properties
[12:46:45] [Worker-Main-10/INFO]: [OptiFine] CustomItems: optifine/cit/items/pickaxe/diamond_pickaxe/diamond_pickaxe4.properties
[12:46:45] [Worker-Main-10/INFO]: [OptiFine] CustomItems: optifine/cit/items/pickaxe/golden_pickaxe/golden_pickaxe2.properties
[12:46:45] [Worker-Main-10/INFO]: [OptiFine] CustomItems: optifine/cit/items/pickaxe/golden_pickaxe/golden_pickaxe3.properties
[12:46:45] [Worker-Main-10/INFO]: [OptiFine] CustomItems: optifine/cit/items/pickaxe/golden_pickaxe/golden_pickaxe4.properties
[12:46:45] [Worker-Main-10/INFO]: [OptiFine] CustomItems: optifine/cit/items/pickaxe/iron_pickaxe/iron_pickaxe2.properties
[12:46:45] [Worker-Main-10/INFO]: [OptiFine] CustomItems: optifine/cit/items/pickaxe/iron_pickaxe/iron_pickaxe3.properties
[12:46:45] [Worker-Main-10/INFO]: [OptiFine] CustomItems: optifine/cit/items/pickaxe/iron_pickaxe/iron_pickaxe4.properties
[12:46:45] [Worker-Main-10/INFO]: [OptiFine] CustomItems: optifine/cit/items/pickaxe/stone_pickaxe/stone_pickaxe2.properties
[12:46:45] [Worker-Main-10/INFO]: [OptiFine] CustomItems: optifine/cit/items/pickaxe/stone_pickaxe/stone_pickaxe3.properties
[12:46:45] [Worker-Main-10/INFO]: [OptiFine] CustomItems: optifine/cit/items/pickaxe/stone_pickaxe/stone_pickaxe4.properties
[12:46:45] [Worker-Main-10/INFO]: [OptiFine] CustomItems: optifine/cit/items/pickaxe/wooden_pickaxe/wooden-pickaxe4.properties
[12:46:45] [Worker-Main-10/INFO]: [OptiFine] CustomItems: optifine/cit/items/pickaxe/wooden_pickaxe/wooden_pickaxe2.properties
[12:46:45] [Worker-Main-10/INFO]: [OptiFine] CustomItems: optifine/cit/items/pickaxe/wooden_pickaxe/wooden_pickaxe3.properties
[12:46:45] [Worker-Main-10/INFO]: [OptiFine] CustomItems: optifine/cit/items/shears/shears2.properties
[12:46:45] [Worker-Main-10/INFO]: [OptiFine] CustomItems: optifine/cit/items/shears/shears3.properties
[12:46:45] [Worker-Main-10/INFO]: [OptiFine] CustomItems: optifine/cit/items/shears/shears4.properties
[12:46:45] [Worker-Main-10/INFO]: [OptiFine] CustomItems: optifine/cit/items/shovel/diamond_shovel/diamond_shovel2.properties
[12:46:45] [Worker-Main-10/INFO]: [OptiFine] CustomItems: optifine/cit/items/shovel/diamond_shovel/diamond_shovel3.properties
[12:46:45] [Worker-Main-10/INFO]: [OptiFine] CustomItems: optifine/cit/items/shovel/diamond_shovel/diamond_shovel4.properties
[12:46:45] [Worker-Main-10/INFO]: [OptiFine] CustomItems: optifine/cit/items/shovel/golden_shovel/golden_shovel2.properties
[12:46:45] [Worker-Main-10/INFO]: [OptiFine] CustomItems: optifine/cit/items/shovel/golden_shovel/golden_shovel3.properties
[12:46:45] [Worker-Main-10/INFO]: [OptiFine] CustomItems: optifine/cit/items/shovel/golden_shovel/golden_shovel4.properties
[12:46:45] [Worker-Main-10/INFO]: [OptiFine] CustomItems: optifine/cit/items/shovel/iron_shovel/iron_shovel2.properties
[12:46:45] [Worker-Main-10/INFO]: [OptiFine] CustomItems: optifine/cit/items/shovel/iron_shovel/iron_shovel3.properties
[12:46:45] [Worker-Main-10/INFO]: [OptiFine] CustomItems: optifine/cit/items/shovel/iron_shovel/iron_shovel4.properties
[12:46:45] [Worker-Main-10/INFO]: [OptiFine] CustomItems: optifine/cit/items/shovel/stone_shovel/stone_shovel2.properties
[12:46:45] [Worker-Main-10/INFO]: [OptiFine] CustomItems: optifine/cit/items/shovel/stone_shovel/stone_shovel3.properties
[12:46:45] [Worker-Main-10/INFO]: [OptiFine] CustomItems: optifine/cit/items/shovel/stone_shovel/stone_shovel4.properties
[12:46:45] [Worker-Main-10/INFO]: [OptiFine] CustomItems: optifine/cit/items/shovel/wooden_shovel/wooden-shovel4.properties
[12:46:45] [Worker-Main-10/INFO]: [OptiFine] CustomItems: optifine/cit/items/shovel/wooden_shovel/wooden_shovel2.properties
[12:46:45] [Worker-Main-10/INFO]: [OptiFine] CustomItems: optifine/cit/items/shovel/wooden_shovel/wooden_shovel3.properties
[12:46:45] [Worker-Main-10/INFO]: [OptiFine] CustomItems: optifine/cit/items/sword/diamond_sword/diamond_sword2.properties
[12:46:45] [Worker-Main-10/INFO]: [OptiFine] CustomItems: optifine/cit/items/sword/diamond_sword/diamond_sword3.properties
[12:46:45] [Worker-Main-10/INFO]: [OptiFine] CustomItems: optifine/cit/items/sword/diamond_sword/diamond_sword4.properties
[12:46:45] [Worker-Main-10/INFO]: [OptiFine] CustomItems: optifine/cit/items/sword/golden_sword/golden_sword2.properties
[12:46:45] [Worker-Main-10/INFO]: [OptiFine] CustomItems: optifine/cit/items/sword/golden_sword/golden_sword3.properties
[12:46:45] [Worker-Main-10/INFO]: [OptiFine] CustomItems: optifine/cit/items/sword/golden_sword/golden_sword4.properties
[12:46:45] [Worker-Main-10/INFO]: [OptiFine] CustomItems: optifine/cit/items/sword/iron_sword/iron_sword2.properties
[12:46:45] [Worker-Main-10/INFO]: [OptiFine] CustomItems: optifine/cit/items/sword/iron_sword/iron_sword3.properties
[12:46:45] [Worker-Main-10/INFO]: [OptiFine] CustomItems: optifine/cit/items/sword/iron_sword/iron_sword4.properties
[12:46:45] [Worker-Main-10/INFO]: [OptiFine] CustomItems: optifine/cit/items/sword/stone_sword/stone_sword2.properties
[12:46:45] [Worker-Main-10/INFO]: [OptiFine] CustomItems: optifine/cit/items/sword/stone_sword/stone_sword3.properties
[12:46:45] [Worker-Main-10/INFO]: [OptiFine] CustomItems: optifine/cit/items/sword/stone_sword/stone_sword4.properties
[12:46:45] [Worker-Main-10/INFO]: [OptiFine] CustomItems: optifine/cit/items/sword/wooden_sword/wooden-sword4.properties
[12:46:45] [Worker-Main-10/INFO]: [OptiFine] CustomItems: optifine/cit/items/sword/wooden_sword/wooden_sword2.properties
[12:46:45] [Worker-Main-10/INFO]: [OptiFine] CustomItems: optifine/cit/items/sword/wooden_sword/wooden_sword3.properties
[12:46:45] [Worker-Main-10/INFO]: [OptiFine] CustomItems: optifine/cit/items/trident/trident2.properties
[12:46:45] [Worker-Main-10/INFO]: [OptiFine] CustomItems: optifine/cit/items/trident/trident3.properties
[12:46:45] [Worker-Main-10/INFO]: [OptiFine] CustomItems: optifine/cit/items/trident/trident4.properties
[12:46:45] [Worker-Main-10/INFO]: [OptiFine] CustomItems: optifine/cit/knockback.properties
[12:46:45] [Worker-Main-10/INFO]: [OptiFine] CustomItems: optifine/cit/looting.properties
[12:46:45] [Worker-Main-10/INFO]: [OptiFine] CustomItems: optifine/cit/loyalty.properties
[12:46:45] [Worker-Main-10/INFO]: [OptiFine] CustomItems: optifine/cit/luck_of_the_sea.properties
[12:46:45] [Worker-Main-10/INFO]: [OptiFine] CustomItems: optifine/cit/lure.properties
[12:46:45] [Worker-Main-10/INFO]: [OptiFine] CustomItems: optifine/cit/mending.properties
[12:46:45] [Worker-Main-10/INFO]: [OptiFine] CustomItems: optifine/cit/multishot.properties
[12:46:45] [Worker-Main-10/INFO]: [OptiFine] CustomItems: optifine/cit/piercing.properties
[12:46:45] [Worker-Main-10/INFO]: [OptiFine] CustomItems: optifine/cit/power.properties
[12:46:45] [Worker-Main-10/INFO]: [OptiFine] CustomItems: optifine/cit/projectile_protection.properties
[12:46:45] [Worker-Main-10/INFO]: [OptiFine] CustomItems: optifine/cit/protection.properties
[12:46:45] [Worker-Main-10/INFO]: [OptiFine] CustomItems: optifine/cit/punch.properties
[12:46:45] [Worker-Main-10/INFO]: [OptiFine] CustomItems: optifine/cit/quick_charge.properties
[12:46:45] [Worker-Main-10/INFO]: [OptiFine] CustomItems: optifine/cit/respiration.properties
[12:46:45] [Worker-Main-10/INFO]: [OptiFine] CustomItems: optifine/cit/riptide.properties
[12:46:45] [Worker-Main-10/INFO]: [OptiFine] CustomItems: optifine/cit/sharpness.properties
[12:46:45] [Worker-Main-10/INFO]: [OptiFine] CustomItems: optifine/cit/silk_touch.properties
[12:46:45] [Worker-Main-10/INFO]: [OptiFine] CustomItems: optifine/cit/smite.properties
[12:46:45] [Worker-Main-10/INFO]: [OptiFine] CustomItems: optifine/cit/sweeping_edge.properties
[12:46:45] [Worker-Main-10/INFO]: [OptiFine] CustomItems: optifine/cit/thorns.properties
[12:46:45] [Worker-Main-10/INFO]: [OptiFine] CustomItems: optifine/cit/unbreaking.properties
[12:46:45] [Worker-Main-10/WARN]: Unable to resolve texture reference: #missing in minecraft:block/lever_on
[12:46:45] [Worker-Main-10/WARN]: Unable to resolve texture reference: #missing in minecraft:block/lever
[12:46:45] [Worker-Main-10/WARN]: Unable to resolve texture reference: #missing in minecraft:item/lever
[12:46:45] [Worker-Main-10/INFO]: [OptiFine] Multitexture: false
[12:46:45] [Worker-Main-10/INFO]: [OptiFine] Multipass connected textures: false
[12:46:45] [Worker-Main-10/INFO]: [OptiFine] Multipass connected textures: false
[12:46:45] [Worker-Main-10/INFO]: [OptiFine] Multipass connected textures: false
[12:46:45] [Worker-Main-10/INFO]: [OptiFine] ConnectedTextures: optifine/ctm/glass/aregular/glass.properties
[12:46:45] [Worker-Main-10/INFO]: [OptiFine] ConnectedTextures: optifine/ctm/glass/aregular/glass_pane.properties
[12:46:45] [Worker-Main-10/INFO]: [OptiFine] ConnectedTextures: optifine/ctm/glass/black/black_stained_glass.properties
[12:46:45] [Worker-Main-10/INFO]: [OptiFine] ConnectedTextures: optifine/ctm/glass/black/black_stained_glass_pane.properties
[12:46:45] [Worker-Main-10/INFO]: [OptiFine] ConnectedTextures: optifine/ctm/glass/black/glass_black.properties
[12:46:45] [Worker-Main-10/WARN]: [OptiFine] No matchBlocks or matchTiles specified: optifine/ctm/glass/black/glass_black.properties
[12:46:45] [Worker-Main-10/INFO]: [OptiFine] ConnectedTextures: optifine/ctm/glass/blue/blue_stained_glass.properties
[12:46:45] [Worker-Main-10/INFO]: [OptiFine] ConnectedTextures: optifine/ctm/glass/blue/blue_stained_glass_pane.properties
[12:46:45] [Worker-Main-10/INFO]: [OptiFine] ConnectedTextures: optifine/ctm/glass/blue/glass_blue.properties
[12:46:45] [Worker-Main-10/WARN]: [OptiFine] No matchBlocks or matchTiles specified: optifine/ctm/glass/blue/glass_blue.properties
[12:46:45] [Worker-Main-10/INFO]: [OptiFine] ConnectedTextures: optifine/ctm/glass/brown/brown_stained_glass.properties
[12:46:45] [Worker-Main-10/INFO]: [OptiFine] ConnectedTextures: optifine/ctm/glass/brown/brown_stained_glass_pane.properties
[12:46:45] [Worker-Main-10/INFO]: [OptiFine] ConnectedTextures: optifine/ctm/glass/brown/glass_brown.properties
[12:46:45] [Worker-Main-10/WARN]: [OptiFine] No matchBlocks or matchTiles specified: optifine/ctm/glass/brown/glass_brown.properties
[12:46:45] [Worker-Main-10/INFO]: [OptiFine] ConnectedTextures: optifine/ctm/glass/cyan/cyan_stained_glass.properties
[12:46:45] [Worker-Main-10/INFO]: [OptiFine] ConnectedTextures: optifine/ctm/glass/cyan/cyan_stained_glass_pane.properties
[12:46:45] [Worker-Main-10/INFO]: [OptiFine] ConnectedTextures: optifine/ctm/glass/cyan/glass_cyan.properties
[12:46:45] [Worker-Main-10/WARN]: [OptiFine] No matchBlocks or matchTiles specified: optifine/ctm/glass/cyan/glass_cyan.properties
[12:46:45] [Worker-Main-10/INFO]: [OptiFine] ConnectedTextures: optifine/ctm/glass/gray/glass_gray.properties
[12:46:45] [Worker-Main-10/WARN]: [OptiFine] No matchBlocks or matchTiles specified: optifine/ctm/glass/gray/glass_gray.properties
[12:46:45] [Worker-Main-10/INFO]: [OptiFine] ConnectedTextures: optifine/ctm/glass/gray/gray_stained_glass.properties
[12:46:45] [Worker-Main-10/INFO]: [OptiFine] ConnectedTextures: optifine/ctm/glass/gray/gray_stained_glass_pane.properties
[12:46:45] [Worker-Main-10/INFO]: [OptiFine] ConnectedTextures: optifine/ctm/glass/green/glass_green.properties
[12:46:45] [Worker-Main-10/WARN]: [OptiFine] No matchBlocks or matchTiles specified: optifine/ctm/glass/green/glass_green.properties
[12:46:45] [Worker-Main-10/INFO]: [OptiFine] ConnectedTextures: optifine/ctm/glass/green/green_stained_glass.properties
[12:46:45] [Worker-Main-10/INFO]: [OptiFine] ConnectedTextures: optifine/ctm/glass/green/green_stained_glass_pane.properties
[12:46:45] [Worker-Main-10/INFO]: [OptiFine] ConnectedTextures: optifine/ctm/glass/lightblue/glass_light_blue.properties
[12:46:45] [Worker-Main-10/WARN]: [OptiFine] No matchBlocks or matchTiles specified: optifine/ctm/glass/lightblue/glass_light_blue.properties
[12:46:45] [Worker-Main-10/INFO]: [OptiFine] ConnectedTextures: optifine/ctm/glass/lightblue/light_blue_stained_glass.properties
[12:46:45] [Worker-Main-10/INFO]: [OptiFine] ConnectedTextures: optifine/ctm/glass/lightblue/light_blue_stained_glass_pane.properties
[12:46:45] [Worker-Main-10/INFO]: [OptiFine] ConnectedTextures: optifine/ctm/glass/lime/glass_lime.properties
[12:46:45] [Worker-Main-10/WARN]: [OptiFine] No matchBlocks or matchTiles specified: optifine/ctm/glass/lime/glass_lime.properties
[12:46:45] [Worker-Main-10/INFO]: [OptiFine] ConnectedTextures: optifine/ctm/glass/lime/lime_stained_glass.properties
[12:46:45] [Worker-Main-10/INFO]: [OptiFine] ConnectedTextures: optifine/ctm/glass/lime/lime_stained_glass_pane.properties
[12:46:45] [Worker-Main-10/INFO]: [OptiFine] ConnectedTextures: optifine/ctm/glass/magenta/glass_magenta.properties
[12:46:45] [Worker-Main-10/WARN]: [OptiFine] No matchBlocks or matchTiles specified: optifine/ctm/glass/magenta/glass_magenta.properties
[12:46:45] [Worker-Main-10/INFO]: [OptiFine] ConnectedTextures: optifine/ctm/glass/magenta/magenta_stained_glass.properties
[12:46:45] [Worker-Main-10/INFO]: [OptiFine] ConnectedTextures: optifine/ctm/glass/magenta/magenta_stained_glass_pane.properties
[12:46:45] [Worker-Main-10/INFO]: [OptiFine] ConnectedTextures: optifine/ctm/glass/orange/glass_orange.properties
[12:46:45] [Worker-Main-10/WARN]: [OptiFine] No matchBlocks or matchTiles specified: optifine/ctm/glass/orange/glass_orange.properties
[12:46:45] [Worker-Main-10/INFO]: [OptiFine] ConnectedTextures: optifine/ctm/glass/orange/orange_stained_glass.properties
[12:46:45] [Worker-Main-10/INFO]: [OptiFine] ConnectedTextures: optifine/ctm/glass/orange/orange_stained_glass_pane.properties
[12:46:45] [Worker-Main-10/INFO]: [OptiFine] ConnectedTextures: optifine/ctm/glass/pink/glass_pink.properties
[12:46:45] [Worker-Main-10/WARN]: [OptiFine] No matchBlocks or matchTiles specified: optifine/ctm/glass/pink/glass_pink.properties
[12:46:45] [Worker-Main-10/INFO]: [OptiFine] ConnectedTextures: optifine/ctm/glass/pink/pink_stained_glass.properties
[12:46:45] [Worker-Main-10/INFO]: [OptiFine] ConnectedTextures: optifine/ctm/glass/pink/pink_stained_glass_pane.properties
[12:46:45] [Worker-Main-10/INFO]: [OptiFine] ConnectedTextures: optifine/ctm/glass/purple/glass_purple.properties
[12:46:45] [Worker-Main-10/WARN]: [OptiFine] No matchBlocks or matchTiles specified: optifine/ctm/glass/purple/glass_purple.properties
[12:46:45] [Worker-Main-10/INFO]: [OptiFine] ConnectedTextures: optifine/ctm/glass/purple/purple_stained_glass.properties
[12:46:45] [Worker-Main-10/INFO]: [OptiFine] ConnectedTextures: optifine/ctm/glass/purple/purple_stained_glass_pane.properties
[12:46:45] [Worker-Main-10/INFO]: [OptiFine] ConnectedTextures: optifine/ctm/glass/red/glass_red.properties
[12:46:45] [Worker-Main-10/WARN]: [OptiFine] No matchBlocks or matchTiles specified: optifine/ctm/glass/red/glass_red.properties
[12:46:45] [Worker-Main-10/INFO]: [OptiFine] ConnectedTextures: optifine/ctm/glass/red/red_stained_glass.properties
[12:46:45] [Worker-Main-10/INFO]: [OptiFine] ConnectedTextures: optifine/ctm/glass/red/red_stained_glass_pane.properties
[12:46:45] [Worker-Main-10/INFO]: [OptiFine] ConnectedTextures: optifine/ctm/glass/silver/glass_silver.properties
[12:46:45] [Worker-Main-10/WARN]: [OptiFine] No matchBlocks or matchTiles specified: optifine/ctm/glass/silver/glass_silver.properties
[12:46:45] [Worker-Main-10/INFO]: [OptiFine] ConnectedTextures: optifine/ctm/glass/silver/light_gray_stained_glass.properties
[12:46:45] [Worker-Main-10/INFO]: [OptiFine] ConnectedTextures: optifine/ctm/glass/silver/light_gray_stained_glass_pane.properties
[12:46:45] [Worker-Main-10/INFO]: [OptiFine] ConnectedTextures: optifine/ctm/glass/white/glass_white.properties
[12:46:45] [Worker-Main-10/WARN]: [OptiFine] No matchBlocks or matchTiles specified: optifine/ctm/glass/white/glass_white.properties
[12:46:45] [Worker-Main-10/INFO]: [OptiFine] ConnectedTextures: optifine/ctm/glass/white/white_stained_glass.properties
[12:46:45] [Worker-Main-10/INFO]: [OptiFine] ConnectedTextures: optifine/ctm/glass/white/white_stained_glass_pane.properties
[12:46:45] [Worker-Main-10/INFO]: [OptiFine] ConnectedTextures: optifine/ctm/glass/yellow/glass_yellow.properties
[12:46:45] [Worker-Main-10/WARN]: [OptiFine] No matchBlocks or matchTiles specified: optifine/ctm/glass/yellow/glass_yellow.properties
[12:46:45] [Worker-Main-10/INFO]: [OptiFine] ConnectedTextures: optifine/ctm/glass/yellow/yellow_stained_glass.properties
[12:46:45] [Worker-Main-10/INFO]: [OptiFine] ConnectedTextures: optifine/ctm/glass/yellow/yellow_stained_glass_pane.properties
[12:46:46] [Worker-Main-10/INFO]: [OptiFine] Multipass connected textures: false
[12:46:46] [Worker-Main-10/INFO]: [OptiFine] ConnectedTextures: optifine/ctm/default/30_bookshelf/bookshelf.properties
[12:46:46] [Worker-Main-10/INFO]: [OptiFine] ConnectedTextures: optifine/ctm/default/40_sandstone/sandstone.properties
[12:46:46] [Worker-Main-10/INFO]: [OptiFine] ConnectedTextures: optifine/ctm/default/41_red_sandstone/red_sandstone.properties
[12:46:46] [Worker-Main-10/INFO]: [OptiFine] Multipass connected textures: false
[12:46:46] [Worker-Main-10/INFO]: [OptiFine] BetterGrass: Parsing default configuration optifine/bettergrass.properties
[12:46:49] [Worker-Main-10/INFO]: [OptiFine] Mipmap levels: 4
[12:46:49] [Worker-Main-16/ERROR]: Using missing texture, unable to load minecraft:textures/block/stone_slab_top.png : java.io.FileNotFoundException: minecraft:textures/block/stone_slab_top.png
[12:46:50] [Worker-Main-10/INFO]: [OptiFine] Multitexture: false
[12:46:50] [Worker-Main-10/INFO]: [OptiFine] Sprite size: 64
[12:46:50] [Worker-Main-10/INFO]: [OptiFine] Mipmap levels: 6
[12:46:50] [Worker-Main-10/INFO]: [OptiFine] Multitexture: false
[12:46:50] [Worker-Main-10/INFO]: [OptiFine] Sprite size: 64
[12:46:50] [Worker-Main-10/INFO]: [OptiFine] Mipmap levels: 6
[12:46:50] [Worker-Main-10/INFO]: [OptiFine] Multitexture: false
[12:46:50] [Worker-Main-10/INFO]: [OptiFine] Sprite size: 64
[12:46:50] [Worker-Main-10/INFO]: [OptiFine] Mipmap levels: 6
[12:46:50] [Worker-Main-10/INFO]: [OptiFine] Multitexture: false
[12:46:50] [Worker-Main-10/INFO]: [OptiFine] Sprite size: 64
[12:46:50] [Worker-Main-10/INFO]: [OptiFine] Mipmap levels: 6
[12:46:50] [Worker-Main-10/INFO]: [OptiFine] Multitexture: false
[12:46:50] [Worker-Main-10/INFO]: [OptiFine] Sprite size: 64
[12:46:50] [Worker-Main-10/INFO]: [OptiFine] Mipmap levels: 6
[12:46:50] [Worker-Main-10/INFO]: [OptiFine] Multitexture: false
[12:46:50] [Worker-Main-10/INFO]: [OptiFine] Sprite size: 64
[12:46:50] [Worker-Main-10/INFO]: [OptiFine] Mipmap levels: 6
[12:46:50] [main/INFO]: OpenAL initialized.
[12:46:50] [main/INFO]: Sound engine started
[12:46:50] [main/INFO]: Created: 1024x1024x4 minecraft:textures/atlas/blocks.png-atlas
[12:46:50] [main/INFO]: [OptiFine] Animated sprites: 44
[12:46:50] [main/INFO]: Created: 256x128x4 minecraft:textures/atlas/signs.png-atlas
[12:46:50] [main/INFO]: [OptiFine] Animated sprites: 0
[12:46:50] [main/INFO]: Created: 512x512x4 minecraft:textures/atlas/banner_patterns.png-atlas
[12:46:50] [main/INFO]: [OptiFine] Animated sprites: 0
[12:46:50] [main/INFO]: Created: 512x512x4 minecraft:textures/atlas/shield_patterns.png-atlas
[12:46:50] [main/INFO]: [OptiFine] Animated sprites: 0
[12:46:50] [main/INFO]: Created: 256x256x4 minecraft:textures/atlas/chest.png-atlas
[12:46:50] [main/INFO]: [OptiFine] Animated sprites: 0
[12:46:50] [main/INFO]: Created: 512x256x4 minecraft:textures/atlas/beds.png-atlas
[12:46:50] [main/INFO]: [OptiFine] Animated sprites: 0
[12:46:50] [main/INFO]: Created: 512x256x4 minecraft:textures/atlas/shulker_boxes.png-atlas
[12:46:50] [main/INFO]: [OptiFine] Animated sprites: 0
[12:46:51] [main/INFO]: Created: 256x256x0 minecraft:textures/atlas/particles.png-atlas
[12:46:51] [main/INFO]: [OptiFine] Animated sprites: 0
[12:46:51] [main/INFO]: Created: 4096x4096x0 minecraft:textures/atlas/paintings.png-atlas
[12:46:51] [main/INFO]: [OptiFine] Animated sprites: 0
[12:46:51] [main/INFO]: Created: 128x128x0 minecraft:textures/atlas/mob_effects.png-atlas
[12:46:51] [main/INFO]: [OptiFine] Animated sprites: 0
[12:46:51] [main/INFO]: [OptiFine] *** Reloading custom textures ***
[12:46:51] [main/INFO]: [OptiFine] CustomColors: Loading optifine/color.properties
[12:46:53] [main/INFO]: [OptiFine] Disable Forge light pipeline
[12:48:39] [Server thread/INFO]: Saving and pausing game...
[12:48:39] [Server thread/INFO]: Saving chunks for level 'ServerLevel[Skyblock Evolution]'/minecraft:overworld
[12:48:39] [Server thread/INFO]: Saving chunks for level 'ServerLevel[Skyblock Evolution]'/minecraft:the_nether
[12:48:39] [Server thread/INFO]: Saving chunks for level 'ServerLevel[Skyblock Evolution]'/minecraft:the_end
[12:56:57] [main/WARN]: Unable to play empty soundEvent: minecraft:entity.snow_golem.ambient
[13:03:07] [Server thread/INFO]: Saving and pausing game...
[13:03:07] [Server thread/INFO]: Saving chunks for level 'ServerLevel[Skyblock Evolution]'/minecraft:overworld
[13:03:07] [Server thread/INFO]: Saving chunks for level 'ServerLevel[Skyblock Evolution]'/minecraft:the_nether
[13:03:07] [Server thread/INFO]: Saving chunks for level 'ServerLevel[Skyblock Evolution]'/minecraft:the_end
[13:05:11] [Server thread/WARN]: Mismatch in destroy block pos: fx{x=12, y=67, z=53} fx{x=12, y=72, z=52}
[13:11:53] [Server thread/WARN]: Mismatch in destroy block pos: fx{x=12, y=62, z=39} fx{x=11, y=71, z=48}
[13:11:53] [Server thread/WARN]: Mismatch in destroy block pos: fx{x=12, y=62, z=39} fx{x=11, y=71, z=48}
[13:11:53] [Server thread/WARN]: Mismatch in destroy block pos: fx{x=12, y=62, z=39} fx{x=11, y=71, z=48}
[13:12:28] [Server thread/WARN]: Mismatch in destroy block pos: fx{x=12, y=73, z=52} fx{x=13, y=72, z=52}
[13:12:28] [Server thread/WARN]: Mismatch in destroy block pos: fx{x=12, y=73, z=52} fx{x=13, y=72, z=52}
[13:13:55] [Server thread/WARN]: Mismatch in destroy block pos: fx{x=10, y=62, z=39} fx{x=13, y=67, z=50}
[13:14:08] [Server thread/WARN]: Mismatch in destroy block pos: fx{x=13, y=63, z=50} fx{x=11, y=71, z=48}
[13:14:08] [Server thread/WARN]: Mismatch in destroy block pos: fx{x=13, y=63, z=50} fx{x=11, y=71, z=48}
[13:14:08] [Server thread/WARN]: Mismatch in destroy block pos: fx{x=13, y=63, z=50} fx{x=11, y=71, z=48}
[13:14:18] [Server thread/WARN]: Mismatch in destroy block pos: fx{x=14, y=74, z=49} fx{x=13, y=75, z=49}
[13:15:55] [Server thread/INFO]: Saving and pausing game...
[13:15:55] [Server thread/INFO]: Saving chunks for level 'ServerLevel[Skyblock Evolution]'/minecraft:overworld
[13:15:55] [Server thread/INFO]: Saving chunks for level 'ServerLevel[Skyblock Evolution]'/minecraft:the_nether
[13:15:55] [Server thread/INFO]: Saving chunks for level 'ServerLevel[Skyblock Evolution]'/minecraft:the_end
