[21:23:37] [Render thread/INFO]: Environment: authHost='https://authserver.mojang.com', accountsHost='https://api.mojang.com', sessionHost='https://sessionserver.mojang.com', name='PROD'
[21:23:37] [Render thread/INFO]: Setting user: odoggy21
[21:23:37] [Render thread/INFO]: Backend library: LWJGL version 3.2.2 build 10
[21:23:40] [Render thread/INFO]: Narrator library for x64 successfully loaded
[21:23:41] [Render thread/INFO]: Reloading ResourceManager: Default, Owen's Resource Pack, Redstone Lines, food-preview-ressources-pack.zip
[21:23:44] [Worker-Main-12/WARN]: Exception loading blockstate definition: 'minecraft:blockstates/kelp.json' in resourcepack: 'Owen's Resource Pack' for variant: 'normal': Unknown blockstate property: 'normal'
[21:23:47] [Worker-Main-12/WARN]: Unable to resolve texture reference: #missing in minecraft:block/lever_on
[21:23:47] [Worker-Main-12/WARN]: Unable to resolve texture reference: #missing in minecraft:block/lever
[21:23:47] [Worker-Main-12/WARN]: Unable to resolve texture reference: #missing in minecraft:item/lever
[21:23:48] [Worker-Main-10/ERROR]: Using missing texture, unable to load minecraft:textures/block/stone_slab_top.png : java.io.FileNotFoundException: minecraft:textures/block/stone_slab_top.png
[21:23:49] [Render thread/INFO]: OpenAL initialized.
[21:23:49] [Render thread/INFO]: Sound engine started
[21:23:50] [Render thread/INFO]: Created: 1024x1024x4 minecraft:textures/atlas/blocks.png-atlas
[21:23:50] [Render thread/INFO]: Created: 256x128x4 minecraft:textures/atlas/signs.png-atlas
[21:23:50] [Render thread/INFO]: Created: 1024x512x4 minecraft:textures/atlas/banner_patterns.png-atlas
[21:23:50] [Render thread/INFO]: Created: 1024x512x4 minecraft:textures/atlas/shield_patterns.png-atlas
[21:23:50] [Render thread/INFO]: Created: 256x256x4 minecraft:textures/atlas/chest.png-atlas
[21:23:50] [Render thread/INFO]: Created: 512x256x4 minecraft:textures/atlas/beds.png-atlas
[21:23:50] [Render thread/INFO]: Created: 512x256x4 minecraft:textures/atlas/shulker_boxes.png-atlas
[21:23:51] [Render thread/INFO]: Created: 256x256x0 minecraft:textures/atlas/particles.png-atlas
[21:23:51] [Render thread/INFO]: Created: 4096x4096x0 minecraft:textures/atlas/paintings.png-atlas
[21:23:51] [Render thread/INFO]: Created: 256x128x0 minecraft:textures/atlas/mob_effects.png-atlas
[21:23:56] [Render thread/ERROR]: Invalid icon for world Owen's World
java.lang.IllegalStateException: Must be 64 pixels wide
	at org.apache.commons.lang3.Validate.validState(Validate.java:829) ~[commons-lang3-3.5.jar:3.5]
	at dse$a.g(SourceFile:422) [1.16.3.jar:?]
	at dse$a.<init>(SourceFile:189) [1.16.3.jar:?]
	at dse.a(SourceFile:108) [1.16.3.jar:?]
	at dse.<init>(SourceFile:83) [1.16.3.jar:?]
	at dsb.b(SourceFile:48) [1.16.3.jar:?]
	at doq.b(SourceFile:325) [1.16.3.jar:?]
	at djw.a(SourceFile:897) [1.16.3.jar:?]
	at dov.d(SourceFile:141) [1.16.3.jar:?]
	at dov$$Lambda$2722/1099218157.onPress(Unknown Source) [1.16.3.jar:?]
	at dlg.b(SourceFile:33) [1.16.3.jar:?]
	at dla.a(SourceFile:16) [1.16.3.jar:?]
	at dle.a(SourceFile:149) [1.16.3.jar:?]
	at dme.a(SourceFile:27) [1.16.3.jar:?]
	at dov.a(SourceFile:296) [1.16.3.jar:?]
	at djx.b(SourceFile:92) [1.16.3.jar:?]
	at djx$$Lambda$3039/862562079.run(Unknown Source) [1.16.3.jar:?]
	at doq.a(SourceFile:435) [1.16.3.jar:?]
	at djx.a(SourceFile:92) [1.16.3.jar:?]
	at djx.c(SourceFile:162) [1.16.3.jar:?]
	at djx$$Lambda$3038/1017226907.run(Unknown Source) [1.16.3.jar:?]
	at any.execute(SourceFile:94) [1.16.3.jar:?]
	at djx.b(SourceFile:162) [1.16.3.jar:?]
	at djx$$Lambda$2386/1310708555.invoke(Unknown Source) [1.16.3.jar:?]
	at org.lwjgl.glfw.GLFWMouseButtonCallbackI.callback(GLFWMouseButtonCallbackI.java:36) [lwjgl-glfw-3.2.2.jar:build 10]
	at org.lwjgl.system.JNI.invokeV(Native Method) ~[lwjgl-3.2.2.jar:build 10]
	at org.lwjgl.glfw.GLFW.glfwWaitEventsTimeout(GLFW.java:3174) [lwjgl-glfw-3.2.2.jar:build 10]
	at com.mojang.blaze3d.systems.RenderSystem.limitDisplayFPS(SourceFile:127) [1.16.3.jar:?]
	at djw.e(SourceFile:1046) [1.16.3.jar:?]
	at djw.e(SourceFile:656) [1.16.3.jar:?]
	at net.minecraft.client.main.Main.main(SourceFile:215) [1.16.3.jar:?]
[21:24:26] [Render thread/ERROR]: Invalid icon for world Owen's World
java.lang.IllegalStateException: Must be 64 pixels wide
	at org.apache.commons.lang3.Validate.validState(Validate.java:829) ~[commons-lang3-3.5.jar:3.5]
	at dse$a.g(SourceFile:422) [1.16.3.jar:?]
	at dse$a.<init>(SourceFile:189) [1.16.3.jar:?]
	at dse.a(SourceFile:108) [1.16.3.jar:?]
	at dse.<init>(SourceFile:83) [1.16.3.jar:?]
	at dsb.b(SourceFile:48) [1.16.3.jar:?]
	at doq.b(SourceFile:325) [1.16.3.jar:?]
	at djw.a(SourceFile:897) [1.16.3.jar:?]
	at dse$a.a(SourceFile:359) [1.16.3.jar:?]
	at dse$a$$Lambda$3112/1939764966.accept(Unknown Source) [1.16.3.jar:?]
	at drz.a(SourceFile:129) [1.16.3.jar:?]
	at drz$$Lambda$3121/1956291439.onPress(Unknown Source) [1.16.3.jar:?]
	at dlg.b(SourceFile:33) [1.16.3.jar:?]
	at dla.a(SourceFile:16) [1.16.3.jar:?]
	at dle.a(SourceFile:149) [1.16.3.jar:?]
	at dme.a(SourceFile:27) [1.16.3.jar:?]
	at djx.b(SourceFile:92) [1.16.3.jar:?]
	at djx$$Lambda$3039/862562079.run(Unknown Source) [1.16.3.jar:?]
	at doq.a(SourceFile:435) [1.16.3.jar:?]
	at djx.a(SourceFile:92) [1.16.3.jar:?]
	at djx.c(SourceFile:162) [1.16.3.jar:?]
	at djx$$Lambda$3038/1017226907.run(Unknown Source) [1.16.3.jar:?]
	at any.execute(SourceFile:94) [1.16.3.jar:?]
	at djx.b(SourceFile:162) [1.16.3.jar:?]
	at djx$$Lambda$2386/1310708555.invoke(Unknown Source) [1.16.3.jar:?]
	at org.lwjgl.glfw.GLFWMouseButtonCallbackI.callback(GLFWMouseButtonCallbackI.java:36) [lwjgl-glfw-3.2.2.jar:build 10]
	at org.lwjgl.system.JNI.invokeV(Native Method) ~[lwjgl-3.2.2.jar:build 10]
	at org.lwjgl.glfw.GLFW.glfwWaitEventsTimeout(GLFW.java:3174) [lwjgl-glfw-3.2.2.jar:build 10]
	at com.mojang.blaze3d.systems.RenderSystem.limitDisplayFPS(SourceFile:127) [1.16.3.jar:?]
	at djw.e(SourceFile:1046) [1.16.3.jar:?]
	at djw.e(SourceFile:656) [1.16.3.jar:?]
	at net.minecraft.client.main.Main.main(SourceFile:215) [1.16.3.jar:?]
[21:24:40] [Render thread/ERROR]: Invalid icon for world Owen's World
java.lang.IllegalStateException: Must be 64 pixels wide
	at org.apache.commons.lang3.Validate.validState(Validate.java:829) ~[commons-lang3-3.5.jar:3.5]
	at dse$a.g(SourceFile:422) [1.16.3.jar:?]
	at dse$a.<init>(SourceFile:189) [1.16.3.jar:?]
	at dse.a(SourceFile:108) [1.16.3.jar:?]
	at dse.<init>(SourceFile:83) [1.16.3.jar:?]
	at dsb.b(SourceFile:48) [1.16.3.jar:?]
	at doq.b(SourceFile:325) [1.16.3.jar:?]
	at djw.a(SourceFile:897) [1.16.3.jar:?]
	at dov.d(SourceFile:141) [1.16.3.jar:?]
	at dov$$Lambda$2722/1099218157.onPress(Unknown Source) [1.16.3.jar:?]
	at dlg.b(SourceFile:33) [1.16.3.jar:?]
	at dla.a(SourceFile:16) [1.16.3.jar:?]
	at dle.a(SourceFile:149) [1.16.3.jar:?]
	at dme.a(SourceFile:27) [1.16.3.jar:?]
	at dov.a(SourceFile:296) [1.16.3.jar:?]
	at djx.b(SourceFile:92) [1.16.3.jar:?]
	at djx$$Lambda$3039/862562079.run(Unknown Source) [1.16.3.jar:?]
	at doq.a(SourceFile:435) [1.16.3.jar:?]
	at djx.a(SourceFile:92) [1.16.3.jar:?]
	at djx.c(SourceFile:162) [1.16.3.jar:?]
	at djx$$Lambda$3038/1017226907.run(Unknown Source) [1.16.3.jar:?]
	at any.execute(SourceFile:94) [1.16.3.jar:?]
	at djx.b(SourceFile:162) [1.16.3.jar:?]
	at djx$$Lambda$2386/1310708555.invoke(Unknown Source) [1.16.3.jar:?]
	at org.lwjgl.glfw.GLFWMouseButtonCallbackI.callback(GLFWMouseButtonCallbackI.java:36) [lwjgl-glfw-3.2.2.jar:build 10]
	at org.lwjgl.system.JNI.invokeV(Native Method) ~[lwjgl-3.2.2.jar:build 10]
	at org.lwjgl.glfw.GLFW.glfwWaitEventsTimeout(GLFW.java:3174) [lwjgl-glfw-3.2.2.jar:build 10]
	at com.mojang.blaze3d.systems.RenderSystem.limitDisplayFPS(SourceFile:127) [1.16.3.jar:?]
	at djw.e(SourceFile:1046) [1.16.3.jar:?]
	at djw.e(SourceFile:656) [1.16.3.jar:?]
	at net.minecraft.client.main.Main.main(SourceFile:215) [1.16.3.jar:?]
[21:24:44] [Render thread/ERROR]: Invalid icon for world Owen's World
java.lang.IllegalStateException: Must be 64 pixels wide
	at org.apache.commons.lang3.Validate.validState(Validate.java:829) ~[commons-lang3-3.5.jar:3.5]
	at dse$a.g(SourceFile:422) [1.16.3.jar:?]
	at dse$a.<init>(SourceFile:189) [1.16.3.jar:?]
	at dse.a(SourceFile:108) [1.16.3.jar:?]
	at dse.<init>(SourceFile:83) [1.16.3.jar:?]
	at dsb.b(SourceFile:48) [1.16.3.jar:?]
	at doq.b(SourceFile:325) [1.16.3.jar:?]
	at djw.a(SourceFile:897) [1.16.3.jar:?]
	at dov.d(SourceFile:141) [1.16.3.jar:?]
	at dov$$Lambda$2722/1099218157.onPress(Unknown Source) [1.16.3.jar:?]
	at dlg.b(SourceFile:33) [1.16.3.jar:?]
	at dla.a(SourceFile:16) [1.16.3.jar:?]
	at dle.a(SourceFile:149) [1.16.3.jar:?]
	at dme.a(SourceFile:27) [1.16.3.jar:?]
	at dov.a(SourceFile:296) [1.16.3.jar:?]
	at djx.b(SourceFile:92) [1.16.3.jar:?]
	at djx$$Lambda$3039/862562079.run(Unknown Source) [1.16.3.jar:?]
	at doq.a(SourceFile:435) [1.16.3.jar:?]
	at djx.a(SourceFile:92) [1.16.3.jar:?]
	at djx.c(SourceFile:162) [1.16.3.jar:?]
	at djx$$Lambda$3038/1017226907.run(Unknown Source) [1.16.3.jar:?]
	at any.execute(SourceFile:94) [1.16.3.jar:?]
	at djx.b(SourceFile:162) [1.16.3.jar:?]
	at djx$$Lambda$2386/1310708555.invoke(Unknown Source) [1.16.3.jar:?]
	at org.lwjgl.glfw.GLFWMouseButtonCallbackI.callback(GLFWMouseButtonCallbackI.java:36) [lwjgl-glfw-3.2.2.jar:build 10]
	at org.lwjgl.system.JNI.invokeV(Native Method) ~[lwjgl-3.2.2.jar:build 10]
	at org.lwjgl.glfw.GLFW.glfwWaitEventsTimeout(GLFW.java:3174) [lwjgl-glfw-3.2.2.jar:build 10]
	at com.mojang.blaze3d.systems.RenderSystem.limitDisplayFPS(SourceFile:127) [1.16.3.jar:?]
	at djw.e(SourceFile:1046) [1.16.3.jar:?]
	at djw.e(SourceFile:656) [1.16.3.jar:?]
	at net.minecraft.client.main.Main.main(SourceFile:215) [1.16.3.jar:?]
[21:24:50] [Render thread/WARN]: Ambiguity between arguments [teleport, destination] and [teleport, targets] with inputs: [Player, 0123, @e, dd12be42-52a9-4a91-a8a1-11c01849e498]
[21:24:50] [Render thread/WARN]: Ambiguity between arguments [teleport, location] and [teleport, destination] with inputs: [0.1 -0.5 .9, 0 0 0]
[21:24:50] [Render thread/WARN]: Ambiguity between arguments [teleport, location] and [teleport, targets] with inputs: [0.1 -0.5 .9, 0 0 0]
[21:24:50] [Render thread/WARN]: Ambiguity between arguments [teleport, targets] and [teleport, destination] with inputs: [Player, 0123, dd12be42-52a9-4a91-a8a1-11c01849e498]
[21:24:50] [Render thread/WARN]: Ambiguity between arguments [teleport, targets, location] and [teleport, targets, destination] with inputs: [0.1 -0.5 .9, 0 0 0]
[21:24:50] [Render thread/INFO]: Reloading ResourceManager: Default, skyblockDatapack, Recycle Crafting, Uncraftable Ice.zip, anti creeper grief v1.0.2.zip, anti ghast grief v1.0.0.zip, crafting.zip, double shulker shells v1.2.0.zip, dragon drops v1.2.0.zip, silence mobs v1.0.0.zip, food-preview-datapack.zip, Infinite Trades (1.14)
[21:24:51] [Render thread/INFO]: Loaded 7 recipes
[21:24:51] [Render thread/WARN]: Datapack tried to redefine minecraft:empty loot table, ignoring
[21:24:51] [Render thread/WARN]: Found validation problem in {minecraft:entities/ender_dragon}.pools[1].entries[0]: Unknown loot table called minecraft:entities/reference/mmh/ender_dragon
[21:24:51] [Render thread/WARN]: Found validation problem in {minecraft:entities/shulker}.pools[1].entries[0]: Unknown loot table called minecraft:entities/reference/mmh/shulker
[21:24:51] [Render thread/INFO]: Loaded 1087 advancements
[21:24:57] [Render thread/WARN]: Ambiguity between arguments [teleport, destination] and [teleport, targets] with inputs: [Player, 0123, @e, dd12be42-52a9-4a91-a8a1-11c01849e498]
[21:24:57] [Render thread/WARN]: Ambiguity between arguments [teleport, location] and [teleport, destination] with inputs: [0.1 -0.5 .9, 0 0 0]
[21:24:57] [Render thread/WARN]: Ambiguity between arguments [teleport, location] and [teleport, targets] with inputs: [0.1 -0.5 .9, 0 0 0]
[21:24:57] [Render thread/WARN]: Ambiguity between arguments [teleport, targets] and [teleport, destination] with inputs: [Player, 0123, dd12be42-52a9-4a91-a8a1-11c01849e498]
[21:24:57] [Render thread/WARN]: Ambiguity between arguments [teleport, targets, location] and [teleport, targets, destination] with inputs: [0.1 -0.5 .9, 0 0 0]
[21:24:57] [Render thread/INFO]: Reloading ResourceManager: Default, skyblockDatapack, Recycle Crafting, Uncraftable Ice.zip, anti creeper grief v1.0.2.zip, anti ghast grief v1.0.0.zip, crafting.zip, double shulker shells v1.2.0.zip, dragon drops v1.2.0.zip, silence mobs v1.0.0.zip, food-preview-datapack.zip, Infinite Trades (1.14)
[21:24:58] [Render thread/INFO]: Loaded 7 recipes
[21:24:58] [Render thread/WARN]: Datapack tried to redefine minecraft:empty loot table, ignoring
[21:24:58] [Render thread/WARN]: Found validation problem in {minecraft:entities/ender_dragon}.pools[1].entries[0]: Unknown loot table called minecraft:entities/reference/mmh/ender_dragon
[21:24:58] [Render thread/WARN]: Found validation problem in {minecraft:entities/shulker}.pools[1].entries[0]: Unknown loot table called minecraft:entities/reference/mmh/shulker
[21:24:58] [Render thread/INFO]: Loaded 1087 advancements
[21:24:58] [Render thread/INFO]: Environment: authHost='https://authserver.mojang.com', accountsHost='https://api.mojang.com', sessionHost='https://sessionserver.mojang.com', name='PROD'
[21:24:58] [Server thread/INFO]: Starting integrated minecraft server version 1.16.3
[21:24:58] [Server thread/INFO]: Generating keypair
[21:24:58] [Server thread/INFO]: Preparing start region for dimension minecraft:overworld
[21:24:59] [Render thread/INFO]: Preparing spawn area: 0%
[21:24:59] [Render thread/INFO]: Preparing spawn area: 0%
[21:24:59] [Render thread/INFO]: Time elapsed: 791 ms
[21:24:59] [Server thread/INFO]: Changing view distance to 11, from 10
[21:25:01] [Server thread/INFO]: odoggy21[local:E:c25df053] logged in with entity id 144 at (6.345963631018112, 70.0, 4.963567921746296)
[21:25:01] [Server thread/INFO]: odoggy21 joined the game
[21:25:01] [Netty Local Client IO #0/INFO]: Applying server pack C:\Users\owenm\AppData\Roaming\.minecraft\saves\Skyblock\resources.zip
[21:25:02] [Server thread/INFO]: Saving and pausing game...
[21:25:02] [Server thread/INFO]: Saving chunks for level 'ServerLevel[Skyblock Evolution]'/minecraft:overworld
[21:25:02] [Render thread/INFO]: Reloading ResourceManager: Default, Owen's Resource Pack, Redstone Lines, food-preview-ressources-pack.zip, resources.zip
[21:25:02] [Render thread/INFO]: Loaded 337 advancements
[21:25:02] [Server thread/INFO]: Saving chunks for level 'ServerLevel[Skyblock Evolution]'/minecraft:the_nether
[21:25:02] [Server thread/INFO]: Saving chunks for level 'ServerLevel[Skyblock Evolution]'/minecraft:the_end
[21:25:04] [Worker-Main-15/WARN]: Exception loading blockstate definition: 'minecraft:blockstates/kelp.json' in resourcepack: 'Owen's Resource Pack' for variant: 'normal': Unknown blockstate property: 'normal'
[21:25:05] [Worker-Main-15/WARN]: Unable to resolve texture reference: #missing in minecraft:block/lever_on
[21:25:05] [Worker-Main-15/WARN]: Unable to resolve texture reference: #missing in minecraft:block/lever
[21:25:05] [Worker-Main-15/WARN]: Unable to resolve texture reference: #missing in minecraft:item/lever
[21:25:05] [Worker-Main-21/ERROR]: Using missing texture, unable to load minecraft:textures/block/stone_slab_top.png : java.io.FileNotFoundException: minecraft:textures/block/stone_slab_top.png
[21:25:06] [Render thread/INFO]: OpenAL initialized.
[21:25:06] [Render thread/INFO]: Sound engine started
[21:25:06] [Render thread/INFO]: Created: 1024x1024x4 minecraft:textures/atlas/blocks.png-atlas
[21:25:06] [Render thread/INFO]: Created: 256x128x4 minecraft:textures/atlas/signs.png-atlas
[21:25:06] [Render thread/INFO]: Created: 1024x512x4 minecraft:textures/atlas/banner_patterns.png-atlas
[21:25:06] [Render thread/INFO]: Created: 1024x512x4 minecraft:textures/atlas/shield_patterns.png-atlas
[21:25:06] [Render thread/INFO]: Created: 256x256x4 minecraft:textures/atlas/chest.png-atlas
[21:25:06] [Render thread/INFO]: Created: 512x256x4 minecraft:textures/atlas/beds.png-atlas
[21:25:06] [Render thread/INFO]: Created: 512x256x4 minecraft:textures/atlas/shulker_boxes.png-atlas
[21:25:06] [Render thread/INFO]: Created: 256x256x0 minecraft:textures/atlas/particles.png-atlas
[21:25:06] [Render thread/INFO]: Created: 4096x4096x0 minecraft:textures/atlas/paintings.png-atlas
[21:25:06] [Render thread/INFO]: Created: 256x128x0 minecraft:textures/atlas/mob_effects.png-atlas
[21:25:17] [Server thread/INFO]: Saving and pausing game...
[21:25:17] [Server thread/INFO]: Saving chunks for level 'ServerLevel[Skyblock Evolution]'/minecraft:overworld
[21:25:17] [Server thread/INFO]: Saving chunks for level 'ServerLevel[Skyblock Evolution]'/minecraft:the_nether
[21:25:17] [Server thread/INFO]: Saving chunks for level 'ServerLevel[Skyblock Evolution]'/minecraft:the_end
[21:25:18] [Server thread/INFO]: odoggy21 lost connection: Disconnected
[21:25:18] [Server thread/INFO]: odoggy21 left the game
[21:25:18] [Server thread/INFO]: Stopping singleplayer server as player logged out
[21:25:18] [Server thread/INFO]: Stopping server
[21:25:18] [Server thread/INFO]: Saving players
[21:25:18] [Server thread/INFO]: Saving worlds
[21:25:18] [Server thread/INFO]: Saving chunks for level 'ServerLevel[Skyblock Evolution]'/minecraft:overworld
[21:25:18] [Server thread/INFO]: ThreadedAnvilChunkStorage (Skyblock): All chunks are saved
[21:25:18] [Server thread/INFO]: Saving chunks for level 'ServerLevel[Skyblock Evolution]'/minecraft:the_nether
[21:25:18] [Server thread/INFO]: ThreadedAnvilChunkStorage (DIM-1): All chunks are saved
[21:25:18] [Server thread/INFO]: Saving chunks for level 'ServerLevel[Skyblock Evolution]'/minecraft:the_end
[21:25:18] [Server thread/INFO]: ThreadedAnvilChunkStorage (DIM1): All chunks are saved
[21:25:18] [Server thread/INFO]: ThreadedAnvilChunkStorage (Skyblock): All chunks are saved
[21:25:18] [Server thread/INFO]: ThreadedAnvilChunkStorage (DIM-1): All chunks are saved
[21:25:18] [Server thread/INFO]: ThreadedAnvilChunkStorage (DIM1): All chunks are saved
[21:25:18] [Render thread/INFO]: Reloading ResourceManager: Default, Owen's Resource Pack, Redstone Lines, food-preview-ressources-pack.zip
[21:25:19] [Worker-Main-23/WARN]: Exception loading blockstate definition: 'minecraft:blockstates/kelp.json' in resourcepack: 'Owen's Resource Pack' for variant: 'normal': Unknown blockstate property: 'normal'
[21:25:19] [Worker-Main-23/WARN]: Unable to resolve texture reference: #missing in minecraft:block/lever_on
[21:25:19] [Worker-Main-23/WARN]: Unable to resolve texture reference: #missing in minecraft:block/lever
[21:25:19] [Worker-Main-23/WARN]: Unable to resolve texture reference: #missing in minecraft:item/lever
[21:25:19] [Worker-Main-17/ERROR]: Using missing texture, unable to load minecraft:textures/block/stone_slab_top.png : java.io.FileNotFoundException: minecraft:textures/block/stone_slab_top.png
[21:25:20] [Render thread/INFO]: OpenAL initialized.
[21:25:20] [Render thread/INFO]: Sound engine started
[21:25:20] [Render thread/INFO]: Created: 1024x1024x4 minecraft:textures/atlas/blocks.png-atlas
[21:25:20] [Render thread/INFO]: Created: 256x128x4 minecraft:textures/atlas/signs.png-atlas
[21:25:20] [Render thread/INFO]: Created: 1024x512x4 minecraft:textures/atlas/banner_patterns.png-atlas
[21:25:20] [Render thread/INFO]: Created: 1024x512x4 minecraft:textures/atlas/shield_patterns.png-atlas
[21:25:20] [Render thread/INFO]: Created: 256x256x4 minecraft:textures/atlas/chest.png-atlas
[21:25:20] [Render thread/INFO]: Created: 512x256x4 minecraft:textures/atlas/beds.png-atlas
[21:25:20] [Render thread/INFO]: Created: 512x256x4 minecraft:textures/atlas/shulker_boxes.png-atlas
[21:25:20] [Render thread/INFO]: Created: 256x256x0 minecraft:textures/atlas/particles.png-atlas
[21:25:20] [Render thread/INFO]: Created: 4096x4096x0 minecraft:textures/atlas/paintings.png-atlas
[21:25:20] [Render thread/INFO]: Created: 256x128x0 minecraft:textures/atlas/mob_effects.png-atlas
[21:25:23] [Render thread/ERROR]: Invalid icon for world Owen's World
java.lang.IllegalStateException: Must be 64 pixels wide
	at org.apache.commons.lang3.Validate.validState(Validate.java:829) ~[commons-lang3-3.5.jar:3.5]
	at dse$a.g(SourceFile:422) [1.16.3.jar:?]
	at dse$a.<init>(SourceFile:189) [1.16.3.jar:?]
	at dse.a(SourceFile:108) [1.16.3.jar:?]
	at dse.<init>(SourceFile:83) [1.16.3.jar:?]
	at dsb.b(SourceFile:48) [1.16.3.jar:?]
	at doq.b(SourceFile:325) [1.16.3.jar:?]
	at djw.a(SourceFile:897) [1.16.3.jar:?]
	at dov.d(SourceFile:141) [1.16.3.jar:?]
	at dov$$Lambda$2722/1099218157.onPress(Unknown Source) [1.16.3.jar:?]
	at dlg.b(SourceFile:33) [1.16.3.jar:?]
	at dla.a(SourceFile:16) [1.16.3.jar:?]
	at dle.a(SourceFile:149) [1.16.3.jar:?]
	at dme.a(SourceFile:27) [1.16.3.jar:?]
	at dov.a(SourceFile:296) [1.16.3.jar:?]
	at djx.b(SourceFile:92) [1.16.3.jar:?]
	at djx$$Lambda$3039/862562079.run(Unknown Source) [1.16.3.jar:?]
	at doq.a(SourceFile:435) [1.16.3.jar:?]
	at djx.a(SourceFile:92) [1.16.3.jar:?]
	at djx.c(SourceFile:162) [1.16.3.jar:?]
	at djx$$Lambda$3038/1017226907.run(Unknown Source) [1.16.3.jar:?]
	at any.execute(SourceFile:94) [1.16.3.jar:?]
	at djx.b(SourceFile:162) [1.16.3.jar:?]
	at djx$$Lambda$2386/1310708555.invoke(Unknown Source) [1.16.3.jar:?]
	at org.lwjgl.glfw.GLFWMouseButtonCallbackI.callback(GLFWMouseButtonCallbackI.java:36) [lwjgl-glfw-3.2.2.jar:build 10]
	at org.lwjgl.system.JNI.invokeV(Native Method) ~[lwjgl-3.2.2.jar:build 10]
	at org.lwjgl.glfw.GLFW.glfwWaitEventsTimeout(GLFW.java:3174) [lwjgl-glfw-3.2.2.jar:build 10]
	at com.mojang.blaze3d.systems.RenderSystem.limitDisplayFPS(SourceFile:127) [1.16.3.jar:?]
	at djw.e(SourceFile:1046) [1.16.3.jar:?]
	at djw.e(SourceFile:656) [1.16.3.jar:?]
	at net.minecraft.client.main.Main.main(SourceFile:215) [1.16.3.jar:?]
[21:25:35] [Render thread/WARN]: Ambiguity between arguments [teleport, destination] and [teleport, targets] with inputs: [Player, 0123, @e, dd12be42-52a9-4a91-a8a1-11c01849e498]
[21:25:35] [Render thread/WARN]: Ambiguity between arguments [teleport, location] and [teleport, destination] with inputs: [0.1 -0.5 .9, 0 0 0]
[21:25:35] [Render thread/WARN]: Ambiguity between arguments [teleport, location] and [teleport, targets] with inputs: [0.1 -0.5 .9, 0 0 0]
[21:25:35] [Render thread/WARN]: Ambiguity between arguments [teleport, targets] and [teleport, destination] with inputs: [Player, 0123, dd12be42-52a9-4a91-a8a1-11c01849e498]
[21:25:35] [Render thread/WARN]: Ambiguity between arguments [teleport, targets, location] and [teleport, targets, destination] with inputs: [0.1 -0.5 .9, 0 0 0]
[21:25:35] [Render thread/INFO]: Reloading ResourceManager: Default, skyblockDatapack, Recycle Crafting, Uncraftable Ice.zip, anti creeper grief v1.0.2.zip, anti ghast grief v1.0.0.zip, crafting.zip, double shulker shells v1.2.0.zip, dragon drops v1.2.0.zip, silence mobs v1.0.0.zip, food-preview-datapack.zip, Infinite Trades (1.14)
[21:25:35] [Render thread/INFO]: Loaded 7 recipes
[21:25:35] [Render thread/WARN]: Datapack tried to redefine minecraft:empty loot table, ignoring
[21:25:35] [Render thread/WARN]: Found validation problem in {minecraft:entities/ender_dragon}.pools[1].entries[0]: Unknown loot table called minecraft:entities/reference/mmh/ender_dragon
[21:25:35] [Render thread/WARN]: Found validation problem in {minecraft:entities/shulker}.pools[1].entries[0]: Unknown loot table called minecraft:entities/reference/mmh/shulker
[21:25:35] [Render thread/INFO]: Loaded 1087 advancements
[21:25:43] [Render thread/WARN]: Ambiguity between arguments [teleport, destination] and [teleport, targets] with inputs: [Player, 0123, @e, dd12be42-52a9-4a91-a8a1-11c01849e498]
[21:25:43] [Render thread/WARN]: Ambiguity between arguments [teleport, location] and [teleport, destination] with inputs: [0.1 -0.5 .9, 0 0 0]
[21:25:43] [Render thread/WARN]: Ambiguity between arguments [teleport, location] and [teleport, targets] with inputs: [0.1 -0.5 .9, 0 0 0]
[21:25:43] [Render thread/WARN]: Ambiguity between arguments [teleport, targets] and [teleport, destination] with inputs: [Player, 0123, dd12be42-52a9-4a91-a8a1-11c01849e498]
[21:25:43] [Render thread/WARN]: Ambiguity between arguments [teleport, targets, location] and [teleport, targets, destination] with inputs: [0.1 -0.5 .9, 0 0 0]
[21:25:43] [Render thread/INFO]: Reloading ResourceManager: Default, skyblockDatapack, Recycle Crafting, Uncraftable Ice.zip, anti creeper grief v1.0.2.zip, anti ghast grief v1.0.0.zip, crafting.zip, double shulker shells v1.2.0.zip, dragon drops v1.2.0.zip, silence mobs v1.0.0.zip, food-preview-datapack.zip, Infinite Trades (1.14)
[21:25:44] [Render thread/INFO]: Loaded 7 recipes
[21:25:44] [Render thread/WARN]: Datapack tried to redefine minecraft:empty loot table, ignoring
[21:25:44] [Render thread/WARN]: Found validation problem in {minecraft:entities/ender_dragon}.pools[1].entries[0]: Unknown loot table called minecraft:entities/reference/mmh/ender_dragon
[21:25:44] [Render thread/WARN]: Found validation problem in {minecraft:entities/shulker}.pools[1].entries[0]: Unknown loot table called minecraft:entities/reference/mmh/shulker
[21:25:44] [Render thread/INFO]: Loaded 1087 advancements
[21:25:44] [Render thread/INFO]: Environment: authHost='https://authserver.mojang.com', accountsHost='https://api.mojang.com', sessionHost='https://sessionserver.mojang.com', name='PROD'
[21:25:44] [Server thread/INFO]: Starting integrated minecraft server version 1.16.3
[21:25:44] [Server thread/INFO]: Generating keypair
[21:25:44] [Server thread/INFO]: Preparing start region for dimension minecraft:overworld
[21:25:45] [Render thread/INFO]: Preparing spawn area: 0%
[21:25:45] [Render thread/INFO]: Time elapsed: 367 ms
[21:25:45] [Server thread/INFO]: Changing view distance to 11, from 10
[21:25:45] [Server thread/INFO]: odoggy21[local:E:d6812fbf] logged in with entity id 376 at (-16.293587911016353, 69.5, 17.44443469448037)
[21:25:45] [Server thread/INFO]: odoggy21 joined the game
[21:25:45] [Netty Local Client IO #1/INFO]: Applying server pack C:\Users\owenm\AppData\Roaming\.minecraft\saves\Skyblock\resources.zip
[21:25:45] [Server thread/INFO]: Saving and pausing game...
[21:25:45] [Server thread/INFO]: Saving chunks for level 'ServerLevel[Skyblock Evolution]'/minecraft:overworld
[21:25:45] [Render thread/INFO]: Reloading ResourceManager: Default, Owen's Resource Pack, Redstone Lines, food-preview-ressources-pack.zip, resources.zip
[21:25:45] [Render thread/INFO]: Loaded 337 advancements
[21:25:45] [Server thread/INFO]: Saving chunks for level 'ServerLevel[Skyblock Evolution]'/minecraft:the_nether
[21:25:45] [Server thread/INFO]: Saving chunks for level 'ServerLevel[Skyblock Evolution]'/minecraft:the_end
[21:25:46] [Worker-Main-33/WARN]: Exception loading blockstate definition: 'minecraft:blockstates/kelp.json' in resourcepack: 'Owen's Resource Pack' for variant: 'normal': Unknown blockstate property: 'normal'
[21:25:47] [Worker-Main-33/WARN]: Unable to resolve texture reference: #missing in minecraft:block/lever_on
[21:25:47] [Worker-Main-33/WARN]: Unable to resolve texture reference: #missing in minecraft:block/lever
[21:25:47] [Worker-Main-33/WARN]: Unable to resolve texture reference: #missing in minecraft:item/lever
[21:25:48] [Worker-Main-19/ERROR]: Using missing texture, unable to load minecraft:textures/block/stone_slab_top.png : java.io.FileNotFoundException: minecraft:textures/block/stone_slab_top.png
[21:25:48] [Render thread/INFO]: OpenAL initialized.
[21:25:48] [Render thread/INFO]: Sound engine started
[21:25:48] [Render thread/INFO]: Created: 1024x1024x4 minecraft:textures/atlas/blocks.png-atlas
[21:25:48] [Render thread/INFO]: Created: 256x128x4 minecraft:textures/atlas/signs.png-atlas
[21:25:48] [Render thread/INFO]: Created: 1024x512x4 minecraft:textures/atlas/banner_patterns.png-atlas
[21:25:48] [Render thread/INFO]: Created: 1024x512x4 minecraft:textures/atlas/shield_patterns.png-atlas
[21:25:48] [Render thread/INFO]: Created: 256x256x4 minecraft:textures/atlas/chest.png-atlas
[21:25:48] [Render thread/INFO]: Created: 512x256x4 minecraft:textures/atlas/beds.png-atlas
[21:25:48] [Render thread/INFO]: Created: 512x256x4 minecraft:textures/atlas/shulker_boxes.png-atlas
[21:25:49] [Render thread/INFO]: Created: 256x256x0 minecraft:textures/atlas/particles.png-atlas
[21:25:49] [Render thread/INFO]: Created: 4096x4096x0 minecraft:textures/atlas/paintings.png-atlas
[21:25:49] [Render thread/INFO]: Created: 256x128x0 minecraft:textures/atlas/mob_effects.png-atlas
[21:25:58] [Server thread/INFO]: odoggy21 fell out of the world
[21:25:58] [Render thread/INFO]: [CHAT] odoggy21 fell out of the world
[21:25:59] [Server thread/FATAL]: Error executing task on Server
java.lang.NullPointerException: null
	at zy.b(SourceFile:202) ~[1.16.3.jar:?]
	at zs.a(SourceFile:939) ~[1.16.3.jar:?]
	at aae.a(SourceFile:467) ~[1.16.3.jar:?]
	at aay.a(SourceFile:863) ~[1.16.3.jar:?]
	at st.a(SourceFile:122) ~[1.16.3.jar:?]
	at st$a.a(SourceFile:56) ~[1.16.3.jar:?]
	at ol.a(SourceFile:21) ~[1.16.3.jar:?]
	at ol$$Lambda$4895/29771425.run(Unknown Source) ~[?:?]
	at wb.run(SourceFile:18) ~[1.16.3.jar:?]
	at any.c(SourceFile:144) [1.16.3.jar:?]
	at aoc.c(SourceFile:23) [1.16.3.jar:?]
	at net.minecraft.server.MinecraftServer.b(SourceFile:758) [1.16.3.jar:?]
	at net.minecraft.server.MinecraftServer.c(SourceFile:152) [1.16.3.jar:?]
	at any.y(SourceFile:118) [1.16.3.jar:?]
	at net.minecraft.server.MinecraftServer.ba(SourceFile:740) [1.16.3.jar:?]
	at net.minecraft.server.MinecraftServer.y(SourceFile:734) [1.16.3.jar:?]
	at any.bk(SourceFile:103) [1.16.3.jar:?]
	at net.minecraft.server.MinecraftServer.x(SourceFile:718) [1.16.3.jar:?]
	at net.minecraft.server.MinecraftServer.w(SourceFile:671) [1.16.3.jar:?]
	at net.minecraft.server.MinecraftServer.a(SourceFile:254) [1.16.3.jar:?]
	at net.minecraft.server.MinecraftServer$$Lambda$4188/579058644.run(Unknown Source) [1.16.3.jar:?]
	at java.lang.Thread.run(Thread.java:745) [?:1.8.0_51]
[21:28:41] [Server thread/INFO]: Saving and pausing game...
[21:28:41] [Server thread/INFO]: Saving chunks for level 'ServerLevel[Skyblock Evolution]'/minecraft:overworld
[21:28:41] [Server thread/INFO]: Saving chunks for level 'ServerLevel[Skyblock Evolution]'/minecraft:the_nether
[21:28:41] [Server thread/INFO]: Saving chunks for level 'ServerLevel[Skyblock Evolution]'/minecraft:the_end
[21:31:44] [Server thread/INFO]: Saving and pausing game...
[21:31:44] [Server thread/INFO]: Saving chunks for level 'ServerLevel[Skyblock Evolution]'/minecraft:overworld
[21:31:44] [Server thread/INFO]: Saving chunks for level 'ServerLevel[Skyblock Evolution]'/minecraft:the_nether
[21:31:44] [Server thread/INFO]: Saving chunks for level 'ServerLevel[Skyblock Evolution]'/minecraft:the_end
[21:32:36] [Server thread/INFO]: Saving and pausing game...
[21:32:36] [Server thread/INFO]: Saving chunks for level 'ServerLevel[Skyblock Evolution]'/minecraft:overworld
[21:32:36] [Server thread/INFO]: Saving chunks for level 'ServerLevel[Skyblock Evolution]'/minecraft:the_nether
[21:32:36] [Server thread/INFO]: Saving chunks for level 'ServerLevel[Skyblock Evolution]'/minecraft:the_end
[21:34:55] [Server thread/INFO]: Saving and pausing game...
[21:34:55] [Server thread/INFO]: Saving chunks for level 'ServerLevel[Skyblock Evolution]'/minecraft:overworld
[21:34:55] [Server thread/INFO]: Saving chunks for level 'ServerLevel[Skyblock Evolution]'/minecraft:the_nether
[21:34:55] [Server thread/INFO]: Saving chunks for level 'ServerLevel[Skyblock Evolution]'/minecraft:the_end
[21:37:40] [Server thread/INFO]: Saving and pausing game...
[21:37:40] [Server thread/INFO]: Saving chunks for level 'ServerLevel[Skyblock Evolution]'/minecraft:overworld
[21:37:40] [Server thread/INFO]: Saving chunks for level 'ServerLevel[Skyblock Evolution]'/minecraft:the_nether
[21:37:40] [Server thread/INFO]: Saving chunks for level 'ServerLevel[Skyblock Evolution]'/minecraft:the_end
[21:40:04] [Server thread/INFO]: Saving and pausing game...
[21:40:04] [Server thread/INFO]: Saving chunks for level 'ServerLevel[Skyblock Evolution]'/minecraft:overworld
[21:40:04] [Server thread/INFO]: Saving chunks for level 'ServerLevel[Skyblock Evolution]'/minecraft:the_nether
[21:40:04] [Server thread/INFO]: Saving chunks for level 'ServerLevel[Skyblock Evolution]'/minecraft:the_end
[21:40:09] [Render thread/INFO]: [CHAT] Respawn point set
[21:41:52] [Render thread/WARN]: Received passengers for unknown entity
[21:42:44] [Render thread/INFO]: [CHAT] Respawn point set
[21:43:33] [Server thread/INFO]: Saving and pausing game...
[21:43:33] [Server thread/INFO]: Saving chunks for level 'ServerLevel[Skyblock Evolution]'/minecraft:overworld
[21:43:33] [Server thread/INFO]: Saving chunks for level 'ServerLevel[Skyblock Evolution]'/minecraft:the_nether
[21:43:33] [Server thread/INFO]: Saving chunks for level 'ServerLevel[Skyblock Evolution]'/minecraft:the_end
[21:45:01] [Server thread/INFO]: Saving and pausing game...
[21:45:01] [Server thread/INFO]: Saving chunks for level 'ServerLevel[Skyblock Evolution]'/minecraft:overworld
[21:45:01] [Server thread/INFO]: Saving chunks for level 'ServerLevel[Skyblock Evolution]'/minecraft:the_nether
[21:45:01] [Server thread/INFO]: Saving chunks for level 'ServerLevel[Skyblock Evolution]'/minecraft:the_end
[21:45:51] [Server thread/INFO]: Saving and pausing game...
[21:45:51] [Server thread/INFO]: Saving chunks for level 'ServerLevel[Skyblock Evolution]'/minecraft:overworld
[21:45:51] [Server thread/INFO]: Saving chunks for level 'ServerLevel[Skyblock Evolution]'/minecraft:the_nether
[21:45:51] [Server thread/INFO]: Saving chunks for level 'ServerLevel[Skyblock Evolution]'/minecraft:the_end
[21:46:37] [Render thread/INFO]: [CHAT] [Debug]: Hitboxes: shown
[21:46:37] [Render thread/INFO]: [CHAT] [Debug]: Hitboxes: hidden
[21:46:42] [Server thread/INFO]: Saving and pausing game...
[21:46:42] [Server thread/INFO]: Saving chunks for level 'ServerLevel[Skyblock Evolution]'/minecraft:overworld
[21:46:42] [Server thread/INFO]: Saving chunks for level 'ServerLevel[Skyblock Evolution]'/minecraft:the_nether
[21:46:42] [Server thread/INFO]: Saving chunks for level 'ServerLevel[Skyblock Evolution]'/minecraft:the_end
[21:47:37] [Server thread/INFO]: Saving and pausing game...
[21:47:37] [Server thread/INFO]: Saving chunks for level 'ServerLevel[Skyblock Evolution]'/minecraft:overworld
[21:47:37] [Server thread/INFO]: Saving chunks for level 'ServerLevel[Skyblock Evolution]'/minecraft:the_nether
[21:47:37] [Server thread/INFO]: Saving chunks for level 'ServerLevel[Skyblock Evolution]'/minecraft:the_end
[21:47:37] [Server thread/INFO]: odoggy21 lost connection: Disconnected
[21:47:37] [Server thread/INFO]: odoggy21 left the game
[21:47:37] [Server thread/INFO]: Stopping singleplayer server as player logged out
[21:47:37] [Server thread/INFO]: Stopping server
[21:47:37] [Server thread/INFO]: Saving players
[21:47:37] [Server thread/INFO]: Saving worlds
[21:47:37] [Server thread/INFO]: Saving chunks for level 'ServerLevel[Skyblock Evolution]'/minecraft:overworld
[21:47:37] [Server thread/INFO]: ThreadedAnvilChunkStorage (Skyblock): All chunks are saved
[21:47:37] [Server thread/INFO]: Saving chunks for level 'ServerLevel[Skyblock Evolution]'/minecraft:the_nether
[21:47:38] [Server thread/INFO]: ThreadedAnvilChunkStorage (DIM-1): All chunks are saved
[21:47:38] [Server thread/INFO]: Saving chunks for level 'ServerLevel[Skyblock Evolution]'/minecraft:the_end
[21:47:38] [Server thread/INFO]: ThreadedAnvilChunkStorage (DIM1): All chunks are saved
[21:47:38] [Server thread/INFO]: ThreadedAnvilChunkStorage (Skyblock): All chunks are saved
[21:47:38] [Server thread/INFO]: ThreadedAnvilChunkStorage (DIM-1): All chunks are saved
[21:47:38] [Server thread/INFO]: ThreadedAnvilChunkStorage (DIM1): All chunks are saved
[21:47:38] [Render thread/INFO]: Reloading ResourceManager: Default, Owen's Resource Pack, Redstone Lines, food-preview-ressources-pack.zip
[21:47:38] [Worker-Main-61/WARN]: Exception loading blockstate definition: 'minecraft:blockstates/kelp.json' in resourcepack: 'Owen's Resource Pack' for variant: 'normal': Unknown blockstate property: 'normal'
[21:47:39] [Worker-Main-61/WARN]: Unable to resolve texture reference: #missing in minecraft:block/lever_on
[21:47:39] [Worker-Main-61/WARN]: Unable to resolve texture reference: #missing in minecraft:block/lever
[21:47:39] [Worker-Main-61/WARN]: Unable to resolve texture reference: #missing in minecraft:item/lever
[21:47:39] [Worker-Main-76/ERROR]: Using missing texture, unable to load minecraft:textures/block/stone_slab_top.png : java.io.FileNotFoundException: minecraft:textures/block/stone_slab_top.png
[21:47:40] [Render thread/INFO]: OpenAL initialized.
[21:47:40] [Render thread/INFO]: Sound engine started
[21:47:40] [Render thread/INFO]: Created: 1024x1024x4 minecraft:textures/atlas/blocks.png-atlas
[21:47:40] [Render thread/INFO]: Created: 256x128x4 minecraft:textures/atlas/signs.png-atlas
[21:47:40] [Render thread/INFO]: Created: 1024x512x4 minecraft:textures/atlas/banner_patterns.png-atlas
[21:47:40] [Render thread/INFO]: Created: 1024x512x4 minecraft:textures/atlas/shield_patterns.png-atlas
[21:47:40] [Render thread/INFO]: Created: 256x256x4 minecraft:textures/atlas/chest.png-atlas
[21:47:40] [Render thread/INFO]: Created: 512x256x4 minecraft:textures/atlas/beds.png-atlas
[21:47:40] [Render thread/INFO]: Created: 512x256x4 minecraft:textures/atlas/shulker_boxes.png-atlas
[21:47:40] [Render thread/INFO]: Created: 256x256x0 minecraft:textures/atlas/particles.png-atlas
[21:47:40] [Render thread/INFO]: Created: 4096x4096x0 minecraft:textures/atlas/paintings.png-atlas
[21:47:40] [Render thread/INFO]: Created: 256x128x0 minecraft:textures/atlas/mob_effects.png-atlas
[21:47:42] [Render thread/ERROR]: Invalid icon for world Owen's World
java.lang.IllegalStateException: Must be 64 pixels wide
	at org.apache.commons.lang3.Validate.validState(Validate.java:829) ~[commons-lang3-3.5.jar:3.5]
	at dse$a.g(SourceFile:422) [1.16.3.jar:?]
	at dse$a.<init>(SourceFile:189) [1.16.3.jar:?]
	at dse.a(SourceFile:108) [1.16.3.jar:?]
	at dse.<init>(SourceFile:83) [1.16.3.jar:?]
	at dsb.b(SourceFile:48) [1.16.3.jar:?]
	at doq.b(SourceFile:325) [1.16.3.jar:?]
	at djw.a(SourceFile:897) [1.16.3.jar:?]
	at dov.d(SourceFile:141) [1.16.3.jar:?]
	at dov$$Lambda$2722/1099218157.onPress(Unknown Source) [1.16.3.jar:?]
	at dlg.b(SourceFile:33) [1.16.3.jar:?]
	at dla.a(SourceFile:16) [1.16.3.jar:?]
	at dle.a(SourceFile:149) [1.16.3.jar:?]
	at dme.a(SourceFile:27) [1.16.3.jar:?]
	at dov.a(SourceFile:296) [1.16.3.jar:?]
	at djx.b(SourceFile:92) [1.16.3.jar:?]
	at djx$$Lambda$3039/862562079.run(Unknown Source) [1.16.3.jar:?]
	at doq.a(SourceFile:435) [1.16.3.jar:?]
	at djx.a(SourceFile:92) [1.16.3.jar:?]
	at djx.c(SourceFile:162) [1.16.3.jar:?]
	at djx$$Lambda$3038/1017226907.run(Unknown Source) [1.16.3.jar:?]
	at any.execute(SourceFile:94) [1.16.3.jar:?]
	at djx.b(SourceFile:162) [1.16.3.jar:?]
	at djx$$Lambda$2386/1310708555.invoke(Unknown Source) [1.16.3.jar:?]
	at org.lwjgl.glfw.GLFWMouseButtonCallbackI.callback(GLFWMouseButtonCallbackI.java:36) [lwjgl-glfw-3.2.2.jar:build 10]
	at org.lwjgl.system.JNI.invokeV(Native Method) ~[lwjgl-3.2.2.jar:build 10]
	at org.lwjgl.glfw.GLFW.glfwWaitEventsTimeout(GLFW.java:3174) [lwjgl-glfw-3.2.2.jar:build 10]
	at com.mojang.blaze3d.systems.RenderSystem.limitDisplayFPS(SourceFile:127) [1.16.3.jar:?]
	at djw.e(SourceFile:1046) [1.16.3.jar:?]
	at djw.e(SourceFile:656) [1.16.3.jar:?]
	at net.minecraft.client.main.Main.main(SourceFile:215) [1.16.3.jar:?]
[21:47:44] [Render thread/WARN]: Ambiguity between arguments [teleport, destination] and [teleport, targets] with inputs: [Player, 0123, @e, dd12be42-52a9-4a91-a8a1-11c01849e498]
[21:47:44] [Render thread/WARN]: Ambiguity between arguments [teleport, location] and [teleport, destination] with inputs: [0.1 -0.5 .9, 0 0 0]
[21:47:44] [Render thread/WARN]: Ambiguity between arguments [teleport, location] and [teleport, targets] with inputs: [0.1 -0.5 .9, 0 0 0]
[21:47:44] [Render thread/WARN]: Ambiguity between arguments [teleport, targets] and [teleport, destination] with inputs: [Player, 0123, dd12be42-52a9-4a91-a8a1-11c01849e498]
[21:47:44] [Render thread/WARN]: Ambiguity between arguments [teleport, targets, location] and [teleport, targets, destination] with inputs: [0.1 -0.5 .9, 0 0 0]
[21:47:44] [Render thread/INFO]: Reloading ResourceManager: Default
[21:47:45] [Render thread/INFO]: Loaded 7 recipes
[21:47:45] [Render thread/INFO]: Loaded 927 advancements
[21:47:45] [Render thread/INFO]: Environment: authHost='https://authserver.mojang.com', accountsHost='https://api.mojang.com', sessionHost='https://sessionserver.mojang.com', name='PROD'
[21:47:45] [Server thread/INFO]: Starting integrated minecraft server version 1.16.3
[21:47:45] [Server thread/INFO]: Generating keypair
[21:47:45] [Server thread/INFO]: Preparing start region for dimension minecraft:overworld
[21:47:46] [Render thread/INFO]: Preparing spawn area: 0%
[21:47:46] [Render thread/INFO]: Preparing spawn area: 0%
[21:47:47] [Render thread/INFO]: Preparing spawn area: 0%
[21:47:47] [Render thread/INFO]: Preparing spawn area: 0%
[21:47:48] [Render thread/INFO]: Preparing spawn area: 83%
[21:47:48] [Render thread/INFO]: Preparing spawn area: 83%
[21:47:48] [Render thread/INFO]: Preparing spawn area: 83%
[21:47:49] [Render thread/INFO]: Preparing spawn area: 95%
[21:47:49] [Render thread/INFO]: Preparing spawn area: 96%
[21:47:49] [Render thread/INFO]: Time elapsed: 4316 ms
[21:47:49] [Server thread/INFO]: Changing view distance to 11, from 10
[21:47:49] [Server thread/INFO]: odoggy21[local:E:6e4add70] logged in with entity id 5777 at (-301.5574891764251, 121.0, 198.47438936812895)
[21:47:49] [Server thread/INFO]: odoggy21 joined the game
[21:47:50] [Server thread/INFO]: Saving and pausing game...
[21:47:50] [Render thread/INFO]: Loaded 107 advancements
[21:47:50] [Server thread/INFO]: Saving chunks for level 'ServerLevel[15]'/minecraft:overworld
[21:47:50] [Server thread/INFO]: Saving chunks for level 'ServerLevel[15]'/minecraft:the_nether
[21:47:50] [Server thread/INFO]: Saving chunks for level 'ServerLevel[15]'/minecraft:the_end
[21:47:54] [Server thread/INFO]: [odoggy21: Set own game mode to Spectator Mode]
[21:47:54] [Render thread/INFO]: [CHAT] Set own game mode to Spectator Mode
[21:48:02] [Server thread/INFO]: [odoggy21: Set own game mode to Creative Mode]
[21:48:02] [Render thread/INFO]: [CHAT] Set own game mode to Creative Mode
[21:48:31] [Server thread/INFO]: Saving and pausing game...
[21:48:31] [Server thread/INFO]: Saving chunks for level 'ServerLevel[15]'/minecraft:overworld
[21:48:31] [Server thread/INFO]: Saving chunks for level 'ServerLevel[15]'/minecraft:the_nether
[21:48:32] [Server thread/INFO]: Saving chunks for level 'ServerLevel[15]'/minecraft:the_end
[21:48:32] [Server thread/INFO]: odoggy21 lost connection: Disconnected
[21:48:32] [Server thread/INFO]: odoggy21 left the game
[21:48:32] [Server thread/INFO]: Stopping singleplayer server as player logged out
[21:48:32] [Server thread/INFO]: Stopping server
[21:48:32] [Server thread/INFO]: Saving players
[21:48:32] [Server thread/INFO]: Saving worlds
[21:48:32] [Server thread/INFO]: Saving chunks for level 'ServerLevel[15]'/minecraft:overworld
[21:48:32] [Server thread/INFO]: ThreadedAnvilChunkStorage (Magma Cream Only Farm WDL): All chunks are saved
[21:48:32] [Server thread/INFO]: Saving chunks for level 'ServerLevel[15]'/minecraft:the_nether
[21:48:33] [Server thread/INFO]: ThreadedAnvilChunkStorage (DIM-1): All chunks are saved
[21:48:33] [Server thread/INFO]: Saving chunks for level 'ServerLevel[15]'/minecraft:the_end
[21:48:33] [Server thread/INFO]: ThreadedAnvilChunkStorage (DIM1): All chunks are saved
[21:48:33] [Server thread/INFO]: ThreadedAnvilChunkStorage (Magma Cream Only Farm WDL): All chunks are saved
[21:48:33] [Server thread/INFO]: ThreadedAnvilChunkStorage (DIM-1): All chunks are saved
[21:48:33] [Server thread/INFO]: ThreadedAnvilChunkStorage (DIM1): All chunks are saved
[21:48:34] [Render thread/ERROR]: Invalid icon for world Owen's World
java.lang.IllegalStateException: Must be 64 pixels wide
	at org.apache.commons.lang3.Validate.validState(Validate.java:829) ~[commons-lang3-3.5.jar:3.5]
	at dse$a.g(SourceFile:422) [1.16.3.jar:?]
	at dse$a.<init>(SourceFile:189) [1.16.3.jar:?]
	at dse.a(SourceFile:108) [1.16.3.jar:?]
	at dse.<init>(SourceFile:83) [1.16.3.jar:?]
	at dsb.b(SourceFile:48) [1.16.3.jar:?]
	at doq.b(SourceFile:325) [1.16.3.jar:?]
	at djw.a(SourceFile:897) [1.16.3.jar:?]
	at dov.d(SourceFile:141) [1.16.3.jar:?]
	at dov$$Lambda$2722/1099218157.onPress(Unknown Source) [1.16.3.jar:?]
	at dlg.b(SourceFile:33) [1.16.3.jar:?]
	at dla.a(SourceFile:16) [1.16.3.jar:?]
	at dle.a(SourceFile:149) [1.16.3.jar:?]
	at dme.a(SourceFile:27) [1.16.3.jar:?]
	at dov.a(SourceFile:296) [1.16.3.jar:?]
	at djx.b(SourceFile:92) [1.16.3.jar:?]
	at djx$$Lambda$3039/862562079.run(Unknown Source) [1.16.3.jar:?]
	at doq.a(SourceFile:435) [1.16.3.jar:?]
	at djx.a(SourceFile:92) [1.16.3.jar:?]
	at djx.c(SourceFile:162) [1.16.3.jar:?]
	at djx$$Lambda$3038/1017226907.run(Unknown Source) [1.16.3.jar:?]
	at any.execute(SourceFile:94) [1.16.3.jar:?]
	at djx.b(SourceFile:162) [1.16.3.jar:?]
	at djx$$Lambda$2386/1310708555.invoke(Unknown Source) [1.16.3.jar:?]
	at org.lwjgl.glfw.GLFWMouseButtonCallbackI.callback(GLFWMouseButtonCallbackI.java:36) [lwjgl-glfw-3.2.2.jar:build 10]
	at org.lwjgl.system.JNI.invokeV(Native Method) ~[lwjgl-3.2.2.jar:build 10]
	at org.lwjgl.glfw.GLFW.glfwWaitEventsTimeout(GLFW.java:3174) [lwjgl-glfw-3.2.2.jar:build 10]
	at com.mojang.blaze3d.systems.RenderSystem.limitDisplayFPS(SourceFile:127) [1.16.3.jar:?]
	at djw.e(SourceFile:1046) [1.16.3.jar:?]
	at djw.e(SourceFile:656) [1.16.3.jar:?]
	at net.minecraft.client.main.Main.main(SourceFile:215) [1.16.3.jar:?]
[21:48:35] [Render thread/WARN]: Ambiguity between arguments [teleport, destination] and [teleport, targets] with inputs: [Player, 0123, @e, dd12be42-52a9-4a91-a8a1-11c01849e498]
[21:48:35] [Render thread/WARN]: Ambiguity between arguments [teleport, location] and [teleport, destination] with inputs: [0.1 -0.5 .9, 0 0 0]
[21:48:35] [Render thread/WARN]: Ambiguity between arguments [teleport, location] and [teleport, targets] with inputs: [0.1 -0.5 .9, 0 0 0]
[21:48:35] [Render thread/WARN]: Ambiguity between arguments [teleport, targets] and [teleport, destination] with inputs: [Player, 0123, dd12be42-52a9-4a91-a8a1-11c01849e498]
[21:48:35] [Render thread/WARN]: Ambiguity between arguments [teleport, targets, location] and [teleport, targets, destination] with inputs: [0.1 -0.5 .9, 0 0 0]
[21:48:35] [Render thread/INFO]: Reloading ResourceManager: Default, skyblockDatapack, Recycle Crafting, Uncraftable Ice.zip, anti creeper grief v1.0.2.zip, anti ghast grief v1.0.0.zip, crafting.zip, double shulker shells v1.2.0.zip, dragon drops v1.2.0.zip, silence mobs v1.0.0.zip, food-preview-datapack.zip, Infinite Trades (1.14)
[21:48:36] [Render thread/INFO]: Loaded 7 recipes
[21:48:36] [Render thread/WARN]: Datapack tried to redefine minecraft:empty loot table, ignoring
[21:48:36] [Render thread/WARN]: Found validation problem in {minecraft:entities/ender_dragon}.pools[1].entries[0]: Unknown loot table called minecraft:entities/reference/mmh/ender_dragon
[21:48:36] [Render thread/WARN]: Found validation problem in {minecraft:entities/shulker}.pools[1].entries[0]: Unknown loot table called minecraft:entities/reference/mmh/shulker
[21:48:36] [Render thread/INFO]: Loaded 1087 advancements
[21:48:37] [Render thread/WARN]: Ambiguity between arguments [teleport, destination] and [teleport, targets] with inputs: [Player, 0123, @e, dd12be42-52a9-4a91-a8a1-11c01849e498]
[21:48:37] [Render thread/WARN]: Ambiguity between arguments [teleport, location] and [teleport, destination] with inputs: [0.1 -0.5 .9, 0 0 0]
[21:48:37] [Render thread/WARN]: Ambiguity between arguments [teleport, location] and [teleport, targets] with inputs: [0.1 -0.5 .9, 0 0 0]
[21:48:37] [Render thread/WARN]: Ambiguity between arguments [teleport, targets] and [teleport, destination] with inputs: [Player, 0123, dd12be42-52a9-4a91-a8a1-11c01849e498]
[21:48:37] [Render thread/WARN]: Ambiguity between arguments [teleport, targets, location] and [teleport, targets, destination] with inputs: [0.1 -0.5 .9, 0 0 0]
[21:48:37] [Render thread/INFO]: Reloading ResourceManager: Default, skyblockDatapack, Recycle Crafting, Uncraftable Ice.zip, anti creeper grief v1.0.2.zip, anti ghast grief v1.0.0.zip, crafting.zip, double shulker shells v1.2.0.zip, dragon drops v1.2.0.zip, silence mobs v1.0.0.zip, food-preview-datapack.zip, Infinite Trades (1.14)
[21:48:37] [Render thread/INFO]: Loaded 7 recipes
[21:48:37] [Render thread/WARN]: Datapack tried to redefine minecraft:empty loot table, ignoring
[21:48:37] [Render thread/WARN]: Found validation problem in {minecraft:entities/ender_dragon}.pools[1].entries[0]: Unknown loot table called minecraft:entities/reference/mmh/ender_dragon
[21:48:37] [Render thread/WARN]: Found validation problem in {minecraft:entities/shulker}.pools[1].entries[0]: Unknown loot table called minecraft:entities/reference/mmh/shulker
[21:48:37] [Render thread/INFO]: Loaded 1087 advancements
[21:48:38] [Render thread/INFO]: Environment: authHost='https://authserver.mojang.com', accountsHost='https://api.mojang.com', sessionHost='https://sessionserver.mojang.com', name='PROD'
[21:48:38] [Server thread/INFO]: Starting integrated minecraft server version 1.16.3
[21:48:38] [Server thread/INFO]: Generating keypair
[21:48:38] [Server thread/INFO]: Preparing start region for dimension minecraft:overworld
[21:48:38] [Render thread/INFO]: Preparing spawn area: 0%
[21:48:38] [Render thread/INFO]: Time elapsed: 202 ms
[21:48:38] [Server thread/INFO]: Changing view distance to 11, from 10
[21:48:38] [Server thread/INFO]: odoggy21[local:E:520b5fb9] logged in with entity id 6250 at (-594.7920683845218, 40.0, -268.8865846775707)
[21:48:38] [Server thread/INFO]: odoggy21 joined the game
[21:48:38] [Netty Local Client IO #3/INFO]: Applying server pack C:\Users\owenm\AppData\Roaming\.minecraft\saves\Skyblock\resources.zip
[21:48:38] [Render thread/INFO]: Reloading ResourceManager: Default, Owen's Resource Pack, Redstone Lines, food-preview-ressources-pack.zip, resources.zip
[21:48:38] [Render thread/INFO]: Loaded 337 advancements
[21:48:38] [Server thread/INFO]: Saving and pausing game...
[21:48:38] [Server thread/INFO]: Saving chunks for level 'ServerLevel[Skyblock Evolution]'/minecraft:overworld
[21:48:38] [Server thread/INFO]: Saving chunks for level 'ServerLevel[Skyblock Evolution]'/minecraft:the_nether
[21:48:38] [Server thread/INFO]: Saving chunks for level 'ServerLevel[Skyblock Evolution]'/minecraft:the_end
[21:48:39] [Worker-Main-87/WARN]: Exception loading blockstate definition: 'minecraft:blockstates/kelp.json' in resourcepack: 'Owen's Resource Pack' for variant: 'normal': Unknown blockstate property: 'normal'
[21:48:40] [Worker-Main-87/WARN]: Unable to resolve texture reference: #missing in minecraft:block/lever_on
[21:48:40] [Worker-Main-87/WARN]: Unable to resolve texture reference: #missing in minecraft:block/lever
[21:48:40] [Worker-Main-87/WARN]: Unable to resolve texture reference: #missing in minecraft:item/lever
[21:48:40] [Worker-Main-81/ERROR]: Using missing texture, unable to load minecraft:textures/block/stone_slab_top.png : java.io.FileNotFoundException: minecraft:textures/block/stone_slab_top.png
[21:48:40] [Render thread/INFO]: OpenAL initialized.
[21:48:40] [Render thread/INFO]: Sound engine started
[21:48:41] [Render thread/INFO]: Created: 1024x1024x4 minecraft:textures/atlas/blocks.png-atlas
[21:48:41] [Render thread/INFO]: Created: 256x128x4 minecraft:textures/atlas/signs.png-atlas
[21:48:41] [Render thread/INFO]: Created: 1024x512x4 minecraft:textures/atlas/banner_patterns.png-atlas
[21:48:41] [Render thread/INFO]: Created: 1024x512x4 minecraft:textures/atlas/shield_patterns.png-atlas
[21:48:41] [Render thread/INFO]: Created: 256x256x4 minecraft:textures/atlas/chest.png-atlas
[21:48:41] [Render thread/INFO]: Created: 512x256x4 minecraft:textures/atlas/beds.png-atlas
[21:48:41] [Render thread/INFO]: Created: 512x256x4 minecraft:textures/atlas/shulker_boxes.png-atlas
[21:48:41] [Render thread/INFO]: Created: 256x256x0 minecraft:textures/atlas/particles.png-atlas
[21:48:41] [Render thread/INFO]: Created: 4096x4096x0 minecraft:textures/atlas/paintings.png-atlas
[21:48:41] [Render thread/INFO]: Created: 256x128x0 minecraft:textures/atlas/mob_effects.png-atlas
[21:49:06] [Render thread/INFO]: [CHAT] [Debug]: Hitboxes: shown
[21:54:27] [Server thread/INFO]: Saving and pausing game...
[21:54:27] [Server thread/INFO]: Saving chunks for level 'ServerLevel[Skyblock Evolution]'/minecraft:overworld
[21:54:27] [Server thread/INFO]: Saving chunks for level 'ServerLevel[Skyblock Evolution]'/minecraft:the_nether
[21:54:27] [Server thread/INFO]: Saving chunks for level 'ServerLevel[Skyblock Evolution]'/minecraft:the_end
[21:55:50] [Server thread/INFO]: Saving and pausing game...
[21:55:50] [Server thread/INFO]: Saving chunks for level 'ServerLevel[Skyblock Evolution]'/minecraft:overworld
[21:55:50] [Server thread/INFO]: Saving chunks for level 'ServerLevel[Skyblock Evolution]'/minecraft:the_nether
[21:55:50] [Server thread/INFO]: Saving chunks for level 'ServerLevel[Skyblock Evolution]'/minecraft:the_end
[21:55:50] [Server thread/INFO]: odoggy21 lost connection: Disconnected
[21:55:50] [Server thread/INFO]: odoggy21 left the game
[21:55:50] [Server thread/INFO]: Stopping singleplayer server as player logged out
[21:55:50] [Server thread/INFO]: Stopping server
[21:55:50] [Server thread/INFO]: Saving players
[21:55:50] [Server thread/INFO]: Saving worlds
[21:55:50] [Server thread/INFO]: Saving chunks for level 'ServerLevel[Skyblock Evolution]'/minecraft:overworld
[21:55:50] [Server thread/INFO]: ThreadedAnvilChunkStorage (Skyblock): All chunks are saved
[21:55:50] [Server thread/INFO]: Saving chunks for level 'ServerLevel[Skyblock Evolution]'/minecraft:the_nether
[21:55:51] [Server thread/INFO]: ThreadedAnvilChunkStorage (DIM-1): All chunks are saved
[21:55:51] [Server thread/INFO]: Saving chunks for level 'ServerLevel[Skyblock Evolution]'/minecraft:the_end
[21:55:51] [Server thread/INFO]: ThreadedAnvilChunkStorage (DIM1): All chunks are saved
[21:55:51] [Server thread/INFO]: ThreadedAnvilChunkStorage (Skyblock): All chunks are saved
[21:55:51] [Server thread/INFO]: ThreadedAnvilChunkStorage (DIM-1): All chunks are saved
[21:55:51] [Server thread/INFO]: ThreadedAnvilChunkStorage (DIM1): All chunks are saved
[21:55:51] [Render thread/INFO]: Reloading ResourceManager: Default, Owen's Resource Pack, Redstone Lines, food-preview-ressources-pack.zip
[21:55:51] [Worker-Main-97/WARN]: Exception loading blockstate definition: 'minecraft:blockstates/kelp.json' in resourcepack: 'Owen's Resource Pack' for variant: 'normal': Unknown blockstate property: 'normal'
[21:55:52] [Worker-Main-97/WARN]: Unable to resolve texture reference: #missing in minecraft:block/lever_on
[21:55:52] [Worker-Main-97/WARN]: Unable to resolve texture reference: #missing in minecraft:block/lever
[21:55:52] [Worker-Main-97/WARN]: Unable to resolve texture reference: #missing in minecraft:item/lever
[21:55:52] [Worker-Main-62/ERROR]: Using missing texture, unable to load minecraft:textures/block/stone_slab_top.png : java.io.FileNotFoundException: minecraft:textures/block/stone_slab_top.png
[21:55:52] [Render thread/INFO]: OpenAL initialized.
[21:55:52] [Render thread/INFO]: Sound engine started
[21:55:53] [Render thread/INFO]: Created: 1024x1024x4 minecraft:textures/atlas/blocks.png-atlas
[21:55:53] [Render thread/INFO]: Created: 256x128x4 minecraft:textures/atlas/signs.png-atlas
[21:55:53] [Render thread/INFO]: Created: 1024x512x4 minecraft:textures/atlas/banner_patterns.png-atlas
[21:55:53] [Render thread/INFO]: Created: 1024x512x4 minecraft:textures/atlas/shield_patterns.png-atlas
[21:55:53] [Render thread/INFO]: Created: 256x256x4 minecraft:textures/atlas/chest.png-atlas
[21:55:53] [Render thread/INFO]: Created: 512x256x4 minecraft:textures/atlas/beds.png-atlas
[21:55:53] [Render thread/INFO]: Created: 512x256x4 minecraft:textures/atlas/shulker_boxes.png-atlas
[21:55:53] [Render thread/INFO]: Created: 256x256x0 minecraft:textures/atlas/particles.png-atlas
[21:55:53] [Render thread/INFO]: Created: 4096x4096x0 minecraft:textures/atlas/paintings.png-atlas
[21:55:53] [Render thread/INFO]: Created: 256x128x0 minecraft:textures/atlas/mob_effects.png-atlas
[21:55:55] [Render thread/ERROR]: Invalid icon for world Owen's World
java.lang.IllegalStateException: Must be 64 pixels wide
	at org.apache.commons.lang3.Validate.validState(Validate.java:829) ~[commons-lang3-3.5.jar:3.5]
	at dse$a.g(SourceFile:422) [1.16.3.jar:?]
	at dse$a.<init>(SourceFile:189) [1.16.3.jar:?]
	at dse.a(SourceFile:108) [1.16.3.jar:?]
	at dse.<init>(SourceFile:83) [1.16.3.jar:?]
	at dsb.b(SourceFile:48) [1.16.3.jar:?]
	at doq.b(SourceFile:325) [1.16.3.jar:?]
	at djw.a(SourceFile:897) [1.16.3.jar:?]
	at dov.d(SourceFile:141) [1.16.3.jar:?]
	at dov$$Lambda$2722/1099218157.onPress(Unknown Source) [1.16.3.jar:?]
	at dlg.b(SourceFile:33) [1.16.3.jar:?]
	at dla.a(SourceFile:16) [1.16.3.jar:?]
	at dle.a(SourceFile:149) [1.16.3.jar:?]
	at dme.a(SourceFile:27) [1.16.3.jar:?]
	at dov.a(SourceFile:296) [1.16.3.jar:?]
	at djx.b(SourceFile:92) [1.16.3.jar:?]
	at djx$$Lambda$3039/862562079.run(Unknown Source) [1.16.3.jar:?]
	at doq.a(SourceFile:435) [1.16.3.jar:?]
	at djx.a(SourceFile:92) [1.16.3.jar:?]
	at djx.c(SourceFile:162) [1.16.3.jar:?]
	at djx$$Lambda$3038/1017226907.run(Unknown Source) [1.16.3.jar:?]
	at any.execute(SourceFile:94) [1.16.3.jar:?]
	at djx.b(SourceFile:162) [1.16.3.jar:?]
	at djx$$Lambda$2386/1310708555.invoke(Unknown Source) [1.16.3.jar:?]
	at org.lwjgl.glfw.GLFWMouseButtonCallbackI.callback(GLFWMouseButtonCallbackI.java:36) [lwjgl-glfw-3.2.2.jar:build 10]
	at org.lwjgl.system.JNI.invokeV(Native Method) ~[lwjgl-3.2.2.jar:build 10]
	at org.lwjgl.glfw.GLFW.glfwWaitEventsTimeout(GLFW.java:3174) [lwjgl-glfw-3.2.2.jar:build 10]
	at com.mojang.blaze3d.systems.RenderSystem.limitDisplayFPS(SourceFile:127) [1.16.3.jar:?]
	at djw.e(SourceFile:1046) [1.16.3.jar:?]
	at djw.e(SourceFile:656) [1.16.3.jar:?]
	at net.minecraft.client.main.Main.main(SourceFile:215) [1.16.3.jar:?]
[21:55:56] [Render thread/WARN]: Ambiguity between arguments [teleport, destination] and [teleport, targets] with inputs: [Player, 0123, @e, dd12be42-52a9-4a91-a8a1-11c01849e498]
[21:55:56] [Render thread/WARN]: Ambiguity between arguments [teleport, location] and [teleport, destination] with inputs: [0.1 -0.5 .9, 0 0 0]
[21:55:56] [Render thread/WARN]: Ambiguity between arguments [teleport, location] and [teleport, targets] with inputs: [0.1 -0.5 .9, 0 0 0]
[21:55:56] [Render thread/WARN]: Ambiguity between arguments [teleport, targets] and [teleport, destination] with inputs: [Player, 0123, dd12be42-52a9-4a91-a8a1-11c01849e498]
[21:55:56] [Render thread/WARN]: Ambiguity between arguments [teleport, targets, location] and [teleport, targets, destination] with inputs: [0.1 -0.5 .9, 0 0 0]
[21:55:56] [Render thread/INFO]: Reloading ResourceManager: Default
[21:55:57] [Render thread/INFO]: Loaded 7 recipes
[21:55:57] [Render thread/INFO]: Loaded 927 advancements
[21:55:57] [Render thread/INFO]: Environment: authHost='https://authserver.mojang.com', accountsHost='https://api.mojang.com', sessionHost='https://sessionserver.mojang.com', name='PROD'
[21:55:57] [Server thread/INFO]: Starting integrated minecraft server version 1.16.3
[21:55:57] [Server thread/INFO]: Generating keypair
[21:55:57] [Server thread/INFO]: Preparing start region for dimension minecraft:overworld
[21:55:57] [Render thread/INFO]: Preparing spawn area: 0%
[21:55:59] [Render thread/INFO]: Preparing spawn area: 83%
[21:55:59] [Render thread/INFO]: Preparing spawn area: 83%
[21:55:59] [Render thread/INFO]: Preparing spawn area: 83%
[21:55:59] [Render thread/INFO]: Preparing spawn area: 95%
[21:55:59] [Render thread/INFO]: Time elapsed: 2424 ms
[21:55:59] [Server thread/INFO]: Changing view distance to 11, from 10
[21:56:00] [Server thread/INFO]: odoggy21[local:E:f23e0678] logged in with entity id 7303 at (-300.41676444687755, 133.5, 205.512414578059)
[21:56:00] [Server thread/INFO]: odoggy21 joined the game
[21:56:00] [Server thread/INFO]: Saving and pausing game...
[21:56:00] [Render thread/INFO]: Loaded 107 advancements
[21:56:00] [Server thread/INFO]: Saving chunks for level 'ServerLevel[15]'/minecraft:overworld
[21:56:00] [Server thread/INFO]: Saving chunks for level 'ServerLevel[15]'/minecraft:the_nether
[21:56:00] [Server thread/INFO]: Saving chunks for level 'ServerLevel[15]'/minecraft:the_end
[21:56:07] [Server thread/INFO]: Saving and pausing game...
[21:56:07] [Server thread/INFO]: Saving chunks for level 'ServerLevel[15]'/minecraft:overworld
[21:56:08] [Server thread/INFO]: Saving chunks for level 'ServerLevel[15]'/minecraft:the_nether
[21:56:08] [Server thread/INFO]: Saving chunks for level 'ServerLevel[15]'/minecraft:the_end
[21:56:08] [Server thread/INFO]: odoggy21 lost connection: Disconnected
[21:56:08] [Server thread/INFO]: odoggy21 left the game
[21:56:08] [Server thread/INFO]: Stopping singleplayer server as player logged out
[21:56:08] [Server thread/INFO]: Stopping server
[21:56:08] [Server thread/INFO]: Saving players
[21:56:08] [Server thread/INFO]: Saving worlds
[21:56:08] [Server thread/INFO]: Saving chunks for level 'ServerLevel[15]'/minecraft:overworld
[21:56:08] [Server thread/INFO]: ThreadedAnvilChunkStorage (Magma Cream Only Farm WDL): All chunks are saved
[21:56:08] [Server thread/INFO]: Saving chunks for level 'ServerLevel[15]'/minecraft:the_nether
[21:56:09] [Server thread/INFO]: ThreadedAnvilChunkStorage (DIM-1): All chunks are saved
[21:56:09] [Server thread/INFO]: Saving chunks for level 'ServerLevel[15]'/minecraft:the_end
[21:56:09] [Server thread/INFO]: ThreadedAnvilChunkStorage (DIM1): All chunks are saved
[21:56:09] [Server thread/INFO]: ThreadedAnvilChunkStorage (Magma Cream Only Farm WDL): All chunks are saved
[21:56:09] [Server thread/INFO]: ThreadedAnvilChunkStorage (DIM-1): All chunks are saved
[21:56:09] [Server thread/INFO]: ThreadedAnvilChunkStorage (DIM1): All chunks are saved
[21:56:10] [Render thread/ERROR]: Invalid icon for world Owen's World
java.lang.IllegalStateException: Must be 64 pixels wide
	at org.apache.commons.lang3.Validate.validState(Validate.java:829) ~[commons-lang3-3.5.jar:3.5]
	at dse$a.g(SourceFile:422) [1.16.3.jar:?]
	at dse$a.<init>(SourceFile:189) [1.16.3.jar:?]
	at dse.a(SourceFile:108) [1.16.3.jar:?]
	at dse.<init>(SourceFile:83) [1.16.3.jar:?]
	at dsb.b(SourceFile:48) [1.16.3.jar:?]
	at doq.b(SourceFile:325) [1.16.3.jar:?]
	at djw.a(SourceFile:897) [1.16.3.jar:?]
	at dov.d(SourceFile:141) [1.16.3.jar:?]
	at dov$$Lambda$2722/1099218157.onPress(Unknown Source) [1.16.3.jar:?]
	at dlg.b(SourceFile:33) [1.16.3.jar:?]
	at dla.a(SourceFile:16) [1.16.3.jar:?]
	at dle.a(SourceFile:149) [1.16.3.jar:?]
	at dme.a(SourceFile:27) [1.16.3.jar:?]
	at dov.a(SourceFile:296) [1.16.3.jar:?]
	at djx.b(SourceFile:92) [1.16.3.jar:?]
	at djx$$Lambda$3039/862562079.run(Unknown Source) [1.16.3.jar:?]
	at doq.a(SourceFile:435) [1.16.3.jar:?]
	at djx.a(SourceFile:92) [1.16.3.jar:?]
	at djx.c(SourceFile:162) [1.16.3.jar:?]
	at djx$$Lambda$3038/1017226907.run(Unknown Source) [1.16.3.jar:?]
	at any.execute(SourceFile:94) [1.16.3.jar:?]
	at djx.b(SourceFile:162) [1.16.3.jar:?]
	at djx$$Lambda$2386/1310708555.invoke(Unknown Source) [1.16.3.jar:?]
	at org.lwjgl.glfw.GLFWMouseButtonCallbackI.callback(GLFWMouseButtonCallbackI.java:36) [lwjgl-glfw-3.2.2.jar:build 10]
	at org.lwjgl.system.JNI.invokeV(Native Method) ~[lwjgl-3.2.2.jar:build 10]
	at org.lwjgl.glfw.GLFW.glfwWaitEventsTimeout(GLFW.java:3174) [lwjgl-glfw-3.2.2.jar:build 10]
	at com.mojang.blaze3d.systems.RenderSystem.limitDisplayFPS(SourceFile:127) [1.16.3.jar:?]
	at djw.e(SourceFile:1046) [1.16.3.jar:?]
	at djw.e(SourceFile:656) [1.16.3.jar:?]
	at net.minecraft.client.main.Main.main(SourceFile:215) [1.16.3.jar:?]
[21:56:12] [Render thread/WARN]: Ambiguity between arguments [teleport, destination] and [teleport, targets] with inputs: [Player, 0123, @e, dd12be42-52a9-4a91-a8a1-11c01849e498]
[21:56:12] [Render thread/WARN]: Ambiguity between arguments [teleport, location] and [teleport, destination] with inputs: [0.1 -0.5 .9, 0 0 0]
[21:56:12] [Render thread/WARN]: Ambiguity between arguments [teleport, location] and [teleport, targets] with inputs: [0.1 -0.5 .9, 0 0 0]
[21:56:12] [Render thread/WARN]: Ambiguity between arguments [teleport, targets] and [teleport, destination] with inputs: [Player, 0123, dd12be42-52a9-4a91-a8a1-11c01849e498]
[21:56:12] [Render thread/WARN]: Ambiguity between arguments [teleport, targets, location] and [teleport, targets, destination] with inputs: [0.1 -0.5 .9, 0 0 0]
[21:56:12] [Render thread/INFO]: Reloading ResourceManager: Default, skyblockDatapack, Recycle Crafting, Uncraftable Ice.zip, anti creeper grief v1.0.2.zip, anti ghast grief v1.0.0.zip, crafting.zip, double shulker shells v1.2.0.zip, dragon drops v1.2.0.zip, silence mobs v1.0.0.zip, food-preview-datapack.zip, Infinite Trades (1.14)
[21:56:13] [Render thread/INFO]: Loaded 7 recipes
[21:56:13] [Render thread/WARN]: Datapack tried to redefine minecraft:empty loot table, ignoring
[21:56:13] [Render thread/WARN]: Found validation problem in {minecraft:entities/ender_dragon}.pools[1].entries[0]: Unknown loot table called minecraft:entities/reference/mmh/ender_dragon
[21:56:13] [Render thread/WARN]: Found validation problem in {minecraft:entities/shulker}.pools[1].entries[0]: Unknown loot table called minecraft:entities/reference/mmh/shulker
[21:56:13] [Render thread/INFO]: Loaded 1087 advancements
[21:56:24] [Render thread/WARN]: Ambiguity between arguments [teleport, destination] and [teleport, targets] with inputs: [Player, 0123, @e, dd12be42-52a9-4a91-a8a1-11c01849e498]
[21:56:24] [Render thread/WARN]: Ambiguity between arguments [teleport, location] and [teleport, destination] with inputs: [0.1 -0.5 .9, 0 0 0]
[21:56:24] [Render thread/WARN]: Ambiguity between arguments [teleport, location] and [teleport, targets] with inputs: [0.1 -0.5 .9, 0 0 0]
[21:56:24] [Render thread/WARN]: Ambiguity between arguments [teleport, targets] and [teleport, destination] with inputs: [Player, 0123, dd12be42-52a9-4a91-a8a1-11c01849e498]
[21:56:24] [Render thread/WARN]: Ambiguity between arguments [teleport, targets, location] and [teleport, targets, destination] with inputs: [0.1 -0.5 .9, 0 0 0]
[21:56:24] [Render thread/INFO]: Reloading ResourceManager: Default, skyblockDatapack, Recycle Crafting, Uncraftable Ice.zip, anti creeper grief v1.0.2.zip, anti ghast grief v1.0.0.zip, crafting.zip, double shulker shells v1.2.0.zip, dragon drops v1.2.0.zip, silence mobs v1.0.0.zip, food-preview-datapack.zip, Infinite Trades (1.14)
[21:56:25] [Render thread/INFO]: Loaded 7 recipes
[21:56:25] [Render thread/WARN]: Datapack tried to redefine minecraft:empty loot table, ignoring
[21:56:25] [Render thread/WARN]: Found validation problem in {minecraft:entities/ender_dragon}.pools[1].entries[0]: Unknown loot table called minecraft:entities/reference/mmh/ender_dragon
[21:56:25] [Render thread/WARN]: Found validation problem in {minecraft:entities/shulker}.pools[1].entries[0]: Unknown loot table called minecraft:entities/reference/mmh/shulker
[21:56:25] [Render thread/INFO]: Loaded 1087 advancements
[21:56:25] [Render thread/INFO]: Environment: authHost='https://authserver.mojang.com', accountsHost='https://api.mojang.com', sessionHost='https://sessionserver.mojang.com', name='PROD'
[21:56:25] [Server thread/INFO]: Starting integrated minecraft server version 1.16.3
[21:56:25] [Server thread/INFO]: Generating keypair
[21:56:25] [Server thread/INFO]: Preparing start region for dimension minecraft:overworld
[21:56:26] [Render thread/INFO]: Preparing spawn area: 0%
[21:56:26] [Render thread/INFO]: Time elapsed: 183 ms
[21:56:26] [Server thread/INFO]: Changing view distance to 11, from 10
[21:56:26] [Server thread/INFO]: odoggy21[local:E:42f51c6d] logged in with entity id 7733 at (-602.22802568918, 40.0, -271.48352494499017)
[21:56:26] [Server thread/INFO]: odoggy21 joined the game
[21:56:26] [Netty Local Client IO #5/INFO]: Applying server pack C:\Users\owenm\AppData\Roaming\.minecraft\saves\Skyblock\resources.zip
[21:56:26] [Render thread/INFO]: Reloading ResourceManager: Default, Owen's Resource Pack, Redstone Lines, food-preview-ressources-pack.zip, resources.zip
[21:56:26] [Server thread/INFO]: Saving and pausing game...
[21:56:26] [Server thread/INFO]: Saving chunks for level 'ServerLevel[Skyblock Evolution]'/minecraft:overworld
[21:56:26] [Server thread/INFO]: Saving chunks for level 'ServerLevel[Skyblock Evolution]'/minecraft:the_nether
[21:56:26] [Server thread/INFO]: Saving chunks for level 'ServerLevel[Skyblock Evolution]'/minecraft:the_end
[21:56:27] [Worker-Main-81/WARN]: Exception loading blockstate definition: 'minecraft:blockstates/kelp.json' in resourcepack: 'Owen's Resource Pack' for variant: 'normal': Unknown blockstate property: 'normal'
[21:56:28] [Worker-Main-81/WARN]: Unable to resolve texture reference: #missing in minecraft:block/lever_on
[21:56:28] [Worker-Main-81/WARN]: Unable to resolve texture reference: #missing in minecraft:block/lever
[21:56:28] [Worker-Main-81/WARN]: Unable to resolve texture reference: #missing in minecraft:item/lever
[21:56:28] [Worker-Main-98/ERROR]: Using missing texture, unable to load minecraft:textures/block/stone_slab_top.png : java.io.FileNotFoundException: minecraft:textures/block/stone_slab_top.png
[21:56:28] [Render thread/INFO]: OpenAL initialized.
[21:56:28] [Render thread/INFO]: Sound engine started
[21:56:29] [Render thread/INFO]: Created: 1024x1024x4 minecraft:textures/atlas/blocks.png-atlas
[21:56:29] [Render thread/INFO]: Created: 256x128x4 minecraft:textures/atlas/signs.png-atlas
[21:56:29] [Render thread/INFO]: Created: 1024x512x4 minecraft:textures/atlas/banner_patterns.png-atlas
[21:56:29] [Render thread/INFO]: Created: 1024x512x4 minecraft:textures/atlas/shield_patterns.png-atlas
[21:56:29] [Render thread/INFO]: Created: 256x256x4 minecraft:textures/atlas/chest.png-atlas
[21:56:29] [Render thread/INFO]: Created: 512x256x4 minecraft:textures/atlas/beds.png-atlas
[21:56:29] [Render thread/INFO]: Created: 512x256x4 minecraft:textures/atlas/shulker_boxes.png-atlas
[21:56:29] [Render thread/INFO]: Created: 256x256x0 minecraft:textures/atlas/particles.png-atlas
[21:56:29] [Render thread/INFO]: Created: 4096x4096x0 minecraft:textures/atlas/paintings.png-atlas
[21:56:29] [Render thread/INFO]: Created: 256x128x0 minecraft:textures/atlas/mob_effects.png-atlas
[21:56:31] [Render thread/INFO]: Loaded 337 advancements
[22:05:00] [Server thread/INFO]: odoggy21 was fireballed by Ghast
[22:05:00] [Render thread/INFO]: [CHAT] odoggy21 was fireballed by Ghast
[22:05:49] [Server thread/INFO]: Saving and pausing game...
[22:05:49] [Server thread/INFO]: Saving chunks for level 'ServerLevel[Skyblock Evolution]'/minecraft:overworld
[22:05:49] [Server thread/INFO]: Saving chunks for level 'ServerLevel[Skyblock Evolution]'/minecraft:the_nether
[22:05:49] [Server thread/INFO]: Saving chunks for level 'ServerLevel[Skyblock Evolution]'/minecraft:the_end
[22:06:09] [Server thread/INFO]: Saving and pausing game...
[22:06:09] [Server thread/INFO]: Saving chunks for level 'ServerLevel[Skyblock Evolution]'/minecraft:overworld
[22:06:09] [Server thread/INFO]: Saving chunks for level 'ServerLevel[Skyblock Evolution]'/minecraft:the_nether
[22:06:09] [Server thread/INFO]: Saving chunks for level 'ServerLevel[Skyblock Evolution]'/minecraft:the_end
[22:06:14] [Render thread/INFO]: [CHAT] Respawn point set
[22:06:21] [Server thread/INFO]: Saving and pausing game...
[22:06:21] [Server thread/INFO]: Saving chunks for level 'ServerLevel[Skyblock Evolution]'/minecraft:overworld
[22:06:21] [Server thread/INFO]: Saving chunks for level 'ServerLevel[Skyblock Evolution]'/minecraft:the_nether
[22:06:21] [Server thread/INFO]: Saving chunks for level 'ServerLevel[Skyblock Evolution]'/minecraft:the_end
[22:08:59] [Server thread/INFO]: Saving and pausing game...
[22:08:59] [Server thread/INFO]: Saving chunks for level 'ServerLevel[Skyblock Evolution]'/minecraft:overworld
[22:08:59] [Server thread/INFO]: Saving chunks for level 'ServerLevel[Skyblock Evolution]'/minecraft:the_nether
[22:08:59] [Server thread/INFO]: Saving chunks for level 'ServerLevel[Skyblock Evolution]'/minecraft:the_end
[22:08:59] [Server thread/INFO]: odoggy21 lost connection: Disconnected
[22:08:59] [Server thread/INFO]: odoggy21 left the game
[22:09:00] [Server thread/INFO]: Stopping singleplayer server as player logged out
[22:09:00] [Server thread/INFO]: Stopping server
[22:09:00] [Server thread/INFO]: Saving players
[22:09:00] [Server thread/INFO]: Saving worlds
[22:09:00] [Server thread/INFO]: Saving chunks for level 'ServerLevel[Skyblock Evolution]'/minecraft:overworld
[22:09:00] [Server thread/INFO]: ThreadedAnvilChunkStorage (Skyblock): All chunks are saved
[22:09:00] [Server thread/INFO]: Saving chunks for level 'ServerLevel[Skyblock Evolution]'/minecraft:the_nether
[22:09:00] [Server thread/INFO]: ThreadedAnvilChunkStorage (DIM-1): All chunks are saved
[22:09:00] [Server thread/INFO]: Saving chunks for level 'ServerLevel[Skyblock Evolution]'/minecraft:the_end
[22:09:00] [Server thread/INFO]: ThreadedAnvilChunkStorage (DIM1): All chunks are saved
[22:09:00] [Server thread/INFO]: ThreadedAnvilChunkStorage (Skyblock): All chunks are saved
[22:09:00] [Server thread/INFO]: ThreadedAnvilChunkStorage (DIM-1): All chunks are saved
[22:09:00] [Server thread/INFO]: ThreadedAnvilChunkStorage (DIM1): All chunks are saved
[22:09:00] [Render thread/INFO]: Reloading ResourceManager: Default, Owen's Resource Pack, Redstone Lines, food-preview-ressources-pack.zip
[22:09:01] [Worker-Main-117/WARN]: Exception loading blockstate definition: 'minecraft:blockstates/kelp.json' in resourcepack: 'Owen's Resource Pack' for variant: 'normal': Unknown blockstate property: 'normal'
[22:09:02] [Worker-Main-117/WARN]: Unable to resolve texture reference: #missing in minecraft:block/lever_on
[22:09:02] [Worker-Main-117/WARN]: Unable to resolve texture reference: #missing in minecraft:block/lever
[22:09:02] [Worker-Main-117/WARN]: Unable to resolve texture reference: #missing in minecraft:item/lever
[22:09:02] [Worker-Main-116/ERROR]: Using missing texture, unable to load minecraft:textures/block/stone_slab_top.png : java.io.FileNotFoundException: minecraft:textures/block/stone_slab_top.png
[22:09:02] [Render thread/INFO]: OpenAL initialized.
[22:09:02] [Render thread/INFO]: Sound engine started
[22:09:02] [Render thread/INFO]: Created: 1024x1024x4 minecraft:textures/atlas/blocks.png-atlas
[22:09:02] [Render thread/INFO]: Created: 256x128x4 minecraft:textures/atlas/signs.png-atlas
[22:09:02] [Render thread/INFO]: Created: 1024x512x4 minecraft:textures/atlas/banner_patterns.png-atlas
[22:09:02] [Render thread/INFO]: Created: 1024x512x4 minecraft:textures/atlas/shield_patterns.png-atlas
[22:09:02] [Render thread/INFO]: Created: 256x256x4 minecraft:textures/atlas/chest.png-atlas
[22:09:02] [Render thread/INFO]: Created: 512x256x4 minecraft:textures/atlas/beds.png-atlas
[22:09:02] [Render thread/INFO]: Created: 512x256x4 minecraft:textures/atlas/shulker_boxes.png-atlas
[22:09:03] [Render thread/INFO]: Created: 256x256x0 minecraft:textures/atlas/particles.png-atlas
[22:09:03] [Render thread/INFO]: Created: 4096x4096x0 minecraft:textures/atlas/paintings.png-atlas
[22:09:03] [Render thread/INFO]: Created: 256x128x0 minecraft:textures/atlas/mob_effects.png-atlas
[22:09:28] [Render thread/ERROR]: Invalid icon for world Owen's World
java.lang.IllegalStateException: Must be 64 pixels wide
	at org.apache.commons.lang3.Validate.validState(Validate.java:829) ~[commons-lang3-3.5.jar:3.5]
	at dse$a.g(SourceFile:422) [1.16.3.jar:?]
	at dse$a.<init>(SourceFile:189) [1.16.3.jar:?]
	at dse.a(SourceFile:108) [1.16.3.jar:?]
	at dse.<init>(SourceFile:83) [1.16.3.jar:?]
	at dsb.b(SourceFile:48) [1.16.3.jar:?]
	at doq.b(SourceFile:325) [1.16.3.jar:?]
	at djw.a(SourceFile:897) [1.16.3.jar:?]
	at dov.d(SourceFile:141) [1.16.3.jar:?]
	at dov$$Lambda$2722/1099218157.onPress(Unknown Source) [1.16.3.jar:?]
	at dlg.b(SourceFile:33) [1.16.3.jar:?]
	at dla.a(SourceFile:16) [1.16.3.jar:?]
	at dle.a(SourceFile:149) [1.16.3.jar:?]
	at dme.a(SourceFile:27) [1.16.3.jar:?]
	at dov.a(SourceFile:296) [1.16.3.jar:?]
	at djx.b(SourceFile:92) [1.16.3.jar:?]
	at djx$$Lambda$3039/862562079.run(Unknown Source) [1.16.3.jar:?]
	at doq.a(SourceFile:435) [1.16.3.jar:?]
	at djx.a(SourceFile:92) [1.16.3.jar:?]
	at djx.c(SourceFile:162) [1.16.3.jar:?]
	at djx$$Lambda$3038/1017226907.run(Unknown Source) [1.16.3.jar:?]
	at any.execute(SourceFile:94) [1.16.3.jar:?]
	at djx.b(SourceFile:162) [1.16.3.jar:?]
	at djx$$Lambda$2386/1310708555.invoke(Unknown Source) [1.16.3.jar:?]
	at org.lwjgl.glfw.GLFWMouseButtonCallbackI.callback(GLFWMouseButtonCallbackI.java:36) [lwjgl-glfw-3.2.2.jar:build 10]
	at org.lwjgl.system.JNI.invokeV(Native Method) ~[lwjgl-3.2.2.jar:build 10]
	at org.lwjgl.glfw.GLFW.glfwWaitEventsTimeout(GLFW.java:3174) [lwjgl-glfw-3.2.2.jar:build 10]
	at com.mojang.blaze3d.systems.RenderSystem.limitDisplayFPS(SourceFile:127) [1.16.3.jar:?]
	at djw.e(SourceFile:1046) [1.16.3.jar:?]
	at djw.e(SourceFile:656) [1.16.3.jar:?]
	at net.minecraft.client.main.Main.main(SourceFile:215) [1.16.3.jar:?]
[22:09:33] [Render thread/WARN]: Ambiguity between arguments [teleport, destination] and [teleport, targets] with inputs: [Player, 0123, @e, dd12be42-52a9-4a91-a8a1-11c01849e498]
[22:09:33] [Render thread/WARN]: Ambiguity between arguments [teleport, location] and [teleport, destination] with inputs: [0.1 -0.5 .9, 0 0 0]
[22:09:33] [Render thread/WARN]: Ambiguity between arguments [teleport, location] and [teleport, targets] with inputs: [0.1 -0.5 .9, 0 0 0]
[22:09:33] [Render thread/WARN]: Ambiguity between arguments [teleport, targets] and [teleport, destination] with inputs: [Player, 0123, dd12be42-52a9-4a91-a8a1-11c01849e498]
[22:09:33] [Render thread/WARN]: Ambiguity between arguments [teleport, targets, location] and [teleport, targets, destination] with inputs: [0.1 -0.5 .9, 0 0 0]
[22:09:33] [Render thread/INFO]: Reloading ResourceManager: Default, anti ghast grief v1.0.0.zip, crafting.zip, double shulker shells v1.2.0.zip, dragon drops v1.2.0.zip, silence mobs v1.0.0.zip, smartsaplings.zip, villager workstation highlights v1.0.0.zip, witherskeletonskull.zip, Uncraftable Ice.zip, more mob heads v2.6.2.zip, anti creeper grief v1.0.2.zip, spawning spheres v1.0.0.zip, Recycle Crafting, Infinite Trades (1.14), food-preview-datapack.zip
[22:09:34] [Render thread/INFO]: Loaded 7 recipes
[22:09:34] [Render thread/WARN]: Datapack tried to redefine minecraft:empty loot table, ignoring
[22:09:34] [Render thread/INFO]: Loaded 964 advancements
[22:09:34] [Render thread/WARN]: Unable to resolve BlockEntity for ItemStack: minecraft:bee_nest
[22:09:34] [Render thread/INFO]: Environment: authHost='https://authserver.mojang.com', accountsHost='https://api.mojang.com', sessionHost='https://sessionserver.mojang.com', name='PROD'
[22:09:34] [Server thread/INFO]: Starting integrated minecraft server version 1.16.3
[22:09:34] [Server thread/INFO]: Generating keypair
[22:09:34] [Server thread/INFO]: Preparing start region for dimension minecraft:overworld
[22:09:35] [Render thread/INFO]: Preparing spawn area: 0%
[22:09:35] [Render thread/INFO]: Preparing spawn area: 0%
[22:09:35] [Render thread/INFO]: Time elapsed: 654 ms
[22:09:35] [Server thread/ERROR]: Couldn't load server icon
java.lang.IllegalStateException: Must be 64 pixels wide
	at org.apache.commons.lang3.Validate.validState(Validate.java:829) ~[commons-lang3-3.5.jar:3.5]
	at net.minecraft.server.MinecraftServer.a(SourceFile:771) [1.16.3.jar:?]
	at net.minecraft.server.MinecraftServer.w(SourceFile:648) [1.16.3.jar:?]
	at net.minecraft.server.MinecraftServer.a(SourceFile:254) [1.16.3.jar:?]
	at net.minecraft.server.MinecraftServer$$Lambda$4188/579058644.run(Unknown Source) [1.16.3.jar:?]
	at java.lang.Thread.run(Thread.java:745) [?:1.8.0_51]
[22:09:35] [Server thread/INFO]: Changing view distance to 11, from 10
[22:09:35] [Server thread/INFO]: odoggy21[local:E:2f5a4a2c] logged in with entity id 11233 at (340.08875691094033, 64.02045247850603, 42.23750001192093)
[22:09:35] [Server thread/INFO]: odoggy21 joined the game
[22:09:35] [Server thread/INFO]: Saving and pausing game...
[22:09:35] [Server thread/INFO]: Saving chunks for level 'ServerLevel[Owen's World]'/minecraft:overworld
[22:09:35] [Server thread/INFO]: Saving chunks for level 'ServerLevel[Owen's World]'/minecraft:the_nether
[22:09:35] [Server thread/INFO]: Saving chunks for level 'ServerLevel[Owen's World]'/minecraft:the_end
[22:09:35] [Render thread/INFO]: Loaded 724 advancements
[22:09:37] [Render thread/WARN]: Received passengers for unknown entity
[22:09:37] [Render thread/WARN]: Received passengers for unknown entity
[22:09:37] [Render thread/WARN]: Received passengers for unknown entity
[22:09:40] [Render thread/WARN]: Received passengers for unknown entity
[22:10:06] [Render thread/WARN]: Received passengers for unknown entity
[22:10:06] [Render thread/WARN]: Received passengers for unknown entity
[22:10:06] [Render thread/WARN]: Received passengers for unknown entity
[22:10:06] [Render thread/WARN]: Received passengers for unknown entity
[22:10:06] [Render thread/WARN]: Received passengers for unknown entity
[22:10:06] [Render thread/WARN]: Received passengers for unknown entity
[22:10:06] [Render thread/WARN]: Received passengers for unknown entity
[22:10:09] [Render thread/WARN]: Received passengers for unknown entity
[22:10:10] [Render thread/WARN]: Received passengers for unknown entity
[22:10:10] [Render thread/WARN]: Received passengers for unknown entity
[22:10:13] [Render thread/WARN]: Received passengers for unknown entity
[22:10:18] [Server thread/INFO]: Saving and pausing game...
[22:10:18] [Server thread/INFO]: Saving chunks for level 'ServerLevel[Owen's World]'/minecraft:overworld
[22:10:18] [Server thread/INFO]: Saving chunks for level 'ServerLevel[Owen's World]'/minecraft:the_nether
[22:10:18] [Server thread/INFO]: Saving chunks for level 'ServerLevel[Owen's World]'/minecraft:the_end
[22:10:19] [Server thread/INFO]: odoggy21 lost connection: Disconnected
[22:10:19] [Server thread/INFO]: odoggy21 left the game
[22:10:19] [Server thread/INFO]: Stopping singleplayer server as player logged out
[22:10:19] [Server thread/INFO]: Stopping server
[22:10:19] [Server thread/INFO]: Saving players
[22:10:19] [Server thread/INFO]: Saving worlds
[22:10:19] [Server thread/INFO]: Saving chunks for level 'ServerLevel[Owen's World]'/minecraft:overworld
[22:10:19] [Server thread/INFO]: ThreadedAnvilChunkStorage (Owen's World): All chunks are saved
[22:10:19] [Server thread/INFO]: Saving chunks for level 'ServerLevel[Owen's World]'/minecraft:the_nether
[22:10:19] [Server thread/INFO]: ThreadedAnvilChunkStorage (DIM-1): All chunks are saved
[22:10:19] [Server thread/INFO]: Saving chunks for level 'ServerLevel[Owen's World]'/minecraft:the_end
[22:10:19] [Server thread/INFO]: ThreadedAnvilChunkStorage (DIM1): All chunks are saved
[22:10:19] [Server thread/INFO]: ThreadedAnvilChunkStorage (Owen's World): All chunks are saved
[22:10:19] [Server thread/INFO]: ThreadedAnvilChunkStorage (DIM-1): All chunks are saved
[22:10:19] [Server thread/INFO]: ThreadedAnvilChunkStorage (DIM1): All chunks are saved
[22:10:27] [Render thread/INFO]: Stopping!
