#
# A fatal error has been detected by the Java Runtime Environment:
#
#  EXCEPTION_ACCESS_VIOLATION (0xc0000005) at pc=0x00007ff862563c8e, pid=640, tid=16360
#
# JRE version: Java(TM) SE Runtime Environment (8.0_51-b16) (build 1.8.0_51-b16)
# Java VM: Java HotSpot(TM) 64-Bit Server VM (25.51-b03 mixed mode windows-amd64 compressed oops)
# Problematic frame:
# C  [ig9icd64.dll+0x1a3c8e]
#
# Failed to write core dump. Minidumps are not enabled by default on client versions of Windows
#
# If you would like to submit a bug report, please visit:
#   http://bugreport.java.com/bugreport/crash.jsp
# The crash happened outside the Java Virtual Machine in native code.
# See problematic frame for where to report the bug.
#

---------------  T H R E A D  ---------------

Current thread (0x0000000000fce800):  JavaThread "Render thread" [_thread_in_native, id=16360, stack(0x00000000031d0000,0x00000000032d0000)]

siginfo: ExceptionCode=0xc0000005, reading address 0x0000000000000020

Registers:
RAX=0x000000005417deb8, RBX=0x0000000000000010, RCX=0x0000000000000000, RDX=0x000000005417de40
RSP=0x00000000032cd5f0, RBP=0x00000000547eb830, RSI=0x00000000545b6070, RDI=0x0000000000000000
R8 =0x00000000547eb838, R9 =0x0000000000000008, R10=0x0000000053bee300, R11=0x0000000000000001
R12=0x0000000030d0fd00, R13=0x0000000053bee2c0, R14=0x0000000000000001, R15=0x0000000000000001
RIP=0x00007ff862563c8e, EFLAGS=0x0000000000010202

Top of Stack: (sp=0x00000000032cd5f0)
0x00000000032cd5f0:   0000000000000040 0000000000000000
0x00000000032cd600:   0000000000000012 0000000000000005
0x00000000032cd610:   0000000000000007 00007ff8d619c4de
0x00000000032cd620:   0000000000000000 0000010000000009
0x00000000032cd630:   0000000000000001 000031091b402b37
0x00000000032cd640:   0000000053bee300 0000000000000000
0x00000000032cd650:   00000000545b6070 000000005417deb8
0x00000000032cd660:   0000000000000100 0000000001800000
0x00000000032cd670:   00000000018002ac 0000000031867d40
0x00000000032cd680:   0000000030d0fd00 0000000001800ed0
0x00000000032cd690:   00000000032cde80 0000000053bee2c0
0x00000000032cd6a0:   00000000547eb830 00007ff862569190
0x00000000032cd6b0:   00007ff8625630b0 00007ff86256dff0
0x00000000032cd6c0:   0000000000000030 00000000032cd789
0x00000000032cd6d0:   0000000001400000 00007ff8d619b997
0x00000000032cd6e0:   0000000001800000 000000000000000b 

Instructions: (pc=0x00007ff862563c8e)
0x00007ff862563c6e:   2b c7 44 8b c8 49 8b 52 18 4d 8d 40 04 48 8d 5b
0x00007ff862563c7e:   08 48 8b 44 13 f8 48 8b 88 d8 00 00 00 48 8b 02
0x00007ff862563c8e:   0f 10 41 20 0f 10 11 0f 10 59 10 0f 10 49 30 0f
0x00007ff862563c9e:   29 84 24 10 01 00 00 f2 0f 10 41 40 48 8b 88 d8 


Register to memory mapping:

RAX=0x000000005417deb8 is an unknown value
RBX=0x0000000000000010 is an unknown value
RCX=0x0000000000000000 is an unknown value
RDX=0x000000005417de40 is an unknown value
RSP=0x00000000032cd5f0 is pointing into the stack for thread: 0x0000000000fce800
RBP=0x00000000547eb830 is an unknown value
RSI=0x00000000545b6070 is an unknown value
RDI=0x0000000000000000 is an unknown value
R8 =0x00000000547eb838 is an unknown value
R9 =0x0000000000000008 is an unknown value
R10=0x0000000053bee300 is an unknown value
R11=0x0000000000000001 is an unknown value
R12=0x0000000030d0fd00 is an unknown value
R13=0x0000000053bee2c0 is an unknown value
R14=0x0000000000000001 is an unknown value
R15=0x0000000000000001 is an unknown value


Stack: [0x00000000031d0000,0x00000000032d0000],  sp=0x00000000032cd5f0,  free space=1013k
Native frames: (J=compiled Java code, j=interpreted, Vv=VM code, C=native code)
C  [ig9icd64.dll+0x1a3c8e]
C  [ig9icd64.dll+0x195a2e]
C  [ig9icd64.dll+0x19db6a]
C  [ig9icd64.dll+0x5273ab]
C  [ig9icd64.dll+0x19cb3c]
C  [ig9icd64.dll+0x1cfe65]
C  [ig9icd64.dll+0x1cdd7c]
C  [ig9icd64.dll+0x4067ac]
C  [ig9icd64.dll+0x988005]
C  0x00000000043a1a8f

Java frames: (J=compiled Java code, j=interpreted, Vv=VM code)
J 7275  org.lwjgl.opengl.GL11C.glDrawArrays(III)V (0 bytes) @ 0x00000000043a1a09 [0x00000000043a19c0+0x49]
J 8347 C2 dff.a(Ldfe;)V (54 bytes) @ 0x000000000457bcac [0x000000000457b720+0x58c]
J 9467 C1 eag.a(Ldfe;III)V (94 bytes) @ 0x0000000004904fec [0x0000000004904a80+0x56c]
J 17438 C1 dzy$a.a(Leag;)V (58 bytes) @ 0x0000000005b8eecc [0x0000000005b8ed20+0x1ac]
j  dzy$a.getBuffer(Leag;)Ldfn;+44
J 9809 C2 dkr$a.accept(ILob;I)Z (445 bytes) @ 0x0000000004702494 [0x0000000004702060+0x434]
j  afo.a(Lob;Laey;IC)Z+22
j  afo.a(Ljava/lang/String;Lob;Laey;)Z+124
j  aex.b(Ljava/lang/String;Lob;Laey;)Z+3
j  aex$$Lambda$3070.accept(Laey;)Z+9
j  dkr.c(Laex;FFIZLb;Ldzy;ZII)F+27
J 9495 C1 dkr.b(Laex;FFIZLb;Ldzy;ZII)I (83 bytes) @ 0x0000000004948dfc [0x0000000004948980+0x47c]
J 9496 C1 dkr.a(Laex;FFILb;Z)I (40 bytes) @ 0x0000000004947cdc [0x00000000049475c0+0x71c]
j  dkr.b(Ldfj;Lnr;FFI)I+23
j  dks.a(Ldfj;F)V+833
J 8286 C1 dzr.a(FJZ)V (1153 bytes) @ 0x00000000045907bc [0x0000000004584080+0xc73c]
J 8203 C1 djw.e(Z)V (946 bytes) @ 0x00000000040ee38c [0x00000000040e9460+0x4f2c]
j  djw.e()V+68
j  net.minecraft.client.main.Main.main([Ljava/lang/String;)V+1366
v  ~StubRoutines::call_stub
j  sun.reflect.NativeMethodAccessorImpl.invoke0(Ljava/lang/reflect/Method;Ljava/lang/Object;[Ljava/lang/Object;)Ljava/lang/Object;+0
j  sun.reflect.NativeMethodAccessorImpl.invoke(Ljava/lang/Object;[Ljava/lang/Object;)Ljava/lang/Object;+100
j  sun.reflect.DelegatingMethodAccessorImpl.invoke(Ljava/lang/Object;[Ljava/lang/Object;)Ljava/lang/Object;+6
j  java.lang.reflect.Method.invoke(Ljava/lang/Object;[Ljava/lang/Object;)Ljava/lang/Object;+56
j  net.minecraft.launchwrapper.Launch.launch([Ljava/lang/String;)V+661
j  net.minecraft.launchwrapper.Launch.main([Ljava/lang/String;)V+8
v  ~StubRoutines::call_stub

---------------  P R O C E S S  ---------------

Java Threads: ( => current thread )
  0x0000000020492800 JavaThread "IO-Worker-20" [_thread_blocked, id=8208, stack(0x0000000034760000,0x0000000034860000)]
  0x0000000020498800 JavaThread "Sound engine" daemon [_thread_blocked, id=18352, stack(0x0000000045490000,0x0000000045590000)]
  0x0000000020495800 JavaThread "Netty Server IO #1" daemon [_thread_in_native, id=6104, stack(0x0000000042eb0000,0x0000000042fb0000)]
  0x0000000020494000 JavaThread "Netty Local Client IO #0" daemon [_thread_blocked, id=16936, stack(0x0000000045290000,0x0000000045390000)]
  0x0000000020496800 JavaThread "Keep-Alive-Timer" daemon [_thread_blocked, id=13164, stack(0x0000000042fd0000,0x00000000430d0000)]
  0x0000000020495000 JavaThread "Netty Server IO #0" daemon [_thread_in_native, id=7348, stack(0x0000000042db0000,0x0000000042eb0000)]
  0x0000000020498000 JavaThread "ObjectCleanerThread" daemon [_thread_blocked, id=12028, stack(0x0000000042cb0000,0x0000000042db0000)]
  0x0000000020499800 JavaThread "IO-Worker-19" [_thread_blocked, id=4768, stack(0x000000003fc50000,0x000000003fd50000)]
  0x0000000020497000 JavaThread "IO-Worker-18" [_thread_blocked, id=3392, stack(0x000000003f730000,0x000000003f830000)]
  0x000000001ead8800 JavaThread "Server thread" [_thread_blocked, id=13184, stack(0x0000000032e30000,0x0000000032f30000)]
  0x0000000021cc3000 JavaThread "Snooper Timer" daemon [_thread_blocked, id=12804, stack(0x00000000248e0000,0x00000000249e0000)]
  0x0000000021cc7000 JavaThread "Worker-Main-17" daemon [_thread_in_native, id=8968, stack(0x00000000341d0000,0x00000000342d0000)]
  0x0000000021cc6000 JavaThread "Worker-Main-16" daemon [_thread_in_Java, id=17372, stack(0x0000000031c50000,0x0000000031d50000)]
  0x0000000021cc4000 JavaThread "Worker-Main-15" daemon [_thread_in_Java, id=2192, stack(0x00000000249e0000,0x0000000024ae0000)]
  0x000000001eadb800 JavaThread "Java2D Disposer" daemon [_thread_blocked, id=17708, stack(0x0000000049f10000,0x000000004a010000)]
  0x000000001ead5800 JavaThread "pool-3-thread-3" [_thread_blocked, id=16748, stack(0x0000000045e10000,0x0000000045f10000)]
  0x000000001ead9800 JavaThread "pool-3-thread-2" [_thread_blocked, id=8272, stack(0x0000000045d10000,0x0000000045e10000)]
  0x000000001ead6800 JavaThread "pool-3-thread-1" [_thread_blocked, id=12912, stack(0x00000000435d0000,0x00000000436d0000)]
  0x000000001eadb000 JavaThread "Worker-Main-14" daemon [_thread_blocked, id=11956, stack(0x0000000035510000,0x0000000035610000)]
  0x000000001ead5000 JavaThread "Worker-Main-13" daemon [_thread_in_Java, id=9968, stack(0x00000000349b0000,0x0000000034ab0000)]
  0x000000001eada000 JavaThread "Worker-Main-12" daemon [_thread_blocked, id=6152, stack(0x00000000348b0000,0x00000000349b0000)]
  0x0000000021cc2800 JavaThread "Worker-Main-10" daemon [_thread_blocked, id=14768, stack(0x0000000034600000,0x0000000034700000)]
  0x0000000021cc1800 JavaThread "Narrator" [_thread_blocked, id=14512, stack(0x0000000032790000,0x0000000032890000)]
  0x0000000021cc5800 JavaThread "Snooper Timer" daemon [_thread_blocked, id=18396, stack(0x00000000243a0000,0x00000000244a0000)]
  0x000000001e911000 JavaThread "Timer hack thread" daemon [_thread_blocked, id=15892, stack(0x0000000021210000,0x0000000021310000)]
  0x000000002222a000 JavaThread "Worker-Bootstrap-4" daemon [_thread_blocked, id=16284, stack(0x00000000247e0000,0x00000000248e0000)]
  0x0000000023363000 JavaThread "Worker-Bootstrap-2" daemon [_thread_blocked, id=11984, stack(0x0000000022950000,0x0000000022a50000)]
  0x000000001fe82800 JavaThread "Worker-Bootstrap-1" daemon [_thread_blocked, id=3480, stack(0x0000000021800000,0x0000000021900000)]
  0x000000001d181000 JavaThread "Service Thread" daemon [_thread_blocked, id=4192, stack(0x000000001e2e0000,0x000000001e3e0000)]
  0x000000001d106000 JavaThread "C1 CompilerThread3" daemon [_thread_blocked, id=9264, stack(0x000000001e1e0000,0x000000001e2e0000)]
  0x000000001d0fd800 JavaThread "C2 CompilerThread2" daemon [_thread_in_native, id=10984, stack(0x000000001e0e0000,0x000000001e1e0000)]
  0x000000001d0f9800 JavaThread "C2 CompilerThread1" daemon [_thread_in_vm, id=2068, stack(0x000000001dfe0000,0x000000001e0e0000)]
  0x000000001d0af000 JavaThread "C2 CompilerThread0" daemon [_thread_in_native, id=11148, stack(0x000000001dee0000,0x000000001dfe0000)]
  0x000000001d0ae800 JavaThread "Attach Listener" daemon [_thread_blocked, id=16316, stack(0x000000001dde0000,0x000000001dee0000)]
  0x000000001d0ad800 JavaThread "Signal Dispatcher" daemon [_thread_blocked, id=18188, stack(0x000000001dce0000,0x000000001dde0000)]
  0x000000001d0ad000 JavaThread "Surrogate Locker Thread (Concurrent GC)" daemon [_thread_blocked, id=2496, stack(0x000000001dbe0000,0x000000001dce0000)]
  0x000000001d097800 JavaThread "Finalizer" daemon [_thread_blocked, id=17340, stack(0x000000001d9e0000,0x000000001dae0000)]
  0x000000001d091800 JavaThread "Reference Handler" daemon [_thread_blocked, id=3488, stack(0x000000001d8e0000,0x000000001d9e0000)]
=>0x0000000000fce800 JavaThread "Render thread" [_thread_in_native, id=16360, stack(0x00000000031d0000,0x00000000032d0000)]

Other Threads:
  0x000000001d08d000 VMThread [stack: 0x000000001d7e0000,0x000000001d8e0000] [id=17792]
  0x000000001d194800 WatcherThread [stack: 0x000000001e3e0000,0x000000001e4e0000] [id=15044]

VM state:not at safepoint (normal execution)

VM Mutex/Monitor currently owned by a thread: None

Heap:
 garbage-first heap   total 1867776K, used 739628K [0x0000000080000000, 0x00000000820001c8, 0x0000000100000000)
  region size 32768K, 11 young (360448K), 4 survivors (131072K)
 Metaspace       used 79458K, capacity 89899K, committed 90112K, reserved 1126400K
  class space    used 11176K, capacity 13601K, committed 13620K, reserved 1048576K

Heap Regions: (Y=young(eden), SU=young(survivor), HS=humongous(starts), HC=humongous(continues), CS=collection set, F=free, TS=gc time stamp, PTAMS=previous top-at-mark-start, NTAMS=next top-at-mark-start)
AC   0  O    TS     0 PTAMS 0x0000000082000000 NTAMS 0x0000000082000000 space 32768K, 100% used [0x0000000080000000, 0x0000000082000000)
AC   0  O    TS     0 PTAMS 0x0000000084000000 NTAMS 0x0000000084000000 space 32768K, 100% used [0x0000000082000000, 0x0000000084000000)
AC   0  O    TS     0 PTAMS 0x0000000086000000 NTAMS 0x0000000086000000 space 32768K, 100% used [0x0000000084000000, 0x0000000086000000)
AC   0  O    TS     0 PTAMS 0x0000000088000000 NTAMS 0x0000000088000000 space 32768K, 100% used [0x0000000086000000, 0x0000000088000000)
AC   0  O    TS     0 PTAMS 0x000000008a000000 NTAMS 0x000000008a000000 space 32768K, 100% used [0x0000000088000000, 0x000000008a000000)
AC   0  O    TS     0 PTAMS 0x000000008c000000 NTAMS 0x000000008c000000 space 32768K, 100% used [0x000000008a000000, 0x000000008c000000)
AC   0  O    TS     0 PTAMS 0x000000008e000000 NTAMS 0x000000008e000000 space 32768K, 100% used [0x000000008c000000, 0x000000008e000000)
AC   0  O    TS     0 PTAMS 0x0000000090000000 NTAMS 0x0000000090000000 space 32768K, 100% used [0x000000008e000000, 0x0000000090000000)
AC   0  O    TS     0 PTAMS 0x0000000092000000 NTAMS 0x0000000092000000 space 32768K, 100% used [0x0000000090000000, 0x0000000092000000)
AC   0  O    TS     0 PTAMS 0x0000000094000000 NTAMS 0x0000000094000000 space 32768K, 100% used [0x0000000092000000, 0x0000000094000000)
AC   0  O    TS     0 PTAMS 0x0000000096000000 NTAMS 0x0000000096000000 space 32768K, 100% used [0x0000000094000000, 0x0000000096000000)
AC   0  O    TS     1 PTAMS 0x0000000096ae0c00 NTAMS 0x0000000096ae0c00 space 32768K, 100% used [0x0000000096000000, 0x0000000098000000)
AC   0  O    TS     1 PTAMS 0x0000000098000000 NTAMS 0x0000000098000000 space 32768K,  57% used [0x0000000098000000, 0x000000009a000000)
AC   0  F    TS     0 PTAMS 0x000000009a000000 NTAMS 0x000000009a000000 space 32768K,   0% used [0x000000009a000000, 0x000000009c000000)
AC   0  F    TS     0 PTAMS 0x000000009c000000 NTAMS 0x000000009c000000 space 32768K,   0% used [0x000000009c000000, 0x000000009e000000)
AC   0  F    TS     0 PTAMS 0x000000009e000000 NTAMS 0x000000009e000000 space 32768K,   0% used [0x000000009e000000, 0x00000000a0000000)
AC   0  F    TS     0 PTAMS 0x00000000a0000000 NTAMS 0x00000000a0000000 space 32768K,   0% used [0x00000000a0000000, 0x00000000a2000000)
AC   0  F    TS     0 PTAMS 0x00000000a2000000 NTAMS 0x00000000a2000000 space 32768K,   0% used [0x00000000a2000000, 0x00000000a4000000)
AC   0  F    TS     0 PTAMS 0x00000000a4000000 NTAMS 0x00000000a4000000 space 32768K,   0% used [0x00000000a4000000, 0x00000000a6000000)
AC   0  F    TS     0 PTAMS 0x00000000a6000000 NTAMS 0x00000000a6000000 space 32768K,   0% used [0x00000000a6000000, 0x00000000a8000000)
AC   0  F    TS     0 PTAMS 0x00000000a8000000 NTAMS 0x00000000a8000000 space 32768K,   0% used [0x00000000a8000000, 0x00000000aa000000)
AC   0  F    TS     0 PTAMS 0x00000000aa000000 NTAMS 0x00000000aa000000 space 32768K,   0% used [0x00000000aa000000, 0x00000000ac000000)
AC   0  S CS TS     1 PTAMS 0x00000000ac000000 NTAMS 0x00000000ac000000 space 32768K, 100% used [0x00000000ac000000, 0x00000000ae000000)
AC   0  F    TS     0 PTAMS 0x00000000ae000000 NTAMS 0x00000000ae000000 space 32768K,   0% used [0x00000000ae000000, 0x00000000b0000000)
AC   0  F    TS     0 PTAMS 0x00000000b0000000 NTAMS 0x00000000b0000000 space 32768K,   0% used [0x00000000b0000000, 0x00000000b2000000)
AC   0  S CS TS     1 PTAMS 0x00000000b2000000 NTAMS 0x00000000b2000000 space 32768K, 100% used [0x00000000b2000000, 0x00000000b4000000)
AC   0  S CS TS     1 PTAMS 0x00000000b4000000 NTAMS 0x00000000b4000000 space 32768K, 100% used [0x00000000b4000000, 0x00000000b6000000)
AC   0  S CS TS     1 PTAMS 0x00000000b6000000 NTAMS 0x00000000b6000000 space 32768K, 100% used [0x00000000b6000000, 0x00000000b8000000)
AC   0  F    TS     0 PTAMS 0x00000000b8000000 NTAMS 0x00000000b8000000 space 32768K,   0% used [0x00000000b8000000, 0x00000000ba000000)
AC   0  F    TS     0 PTAMS 0x00000000ba000000 NTAMS 0x00000000ba000000 space 32768K,   0% used [0x00000000ba000000, 0x00000000bc000000)
AC   0  F    TS     0 PTAMS 0x00000000bc000000 NTAMS 0x00000000bc000000 space 32768K,   0% used [0x00000000bc000000, 0x00000000be000000)
AC   0  F    TS     0 PTAMS 0x00000000be000000 NTAMS 0x00000000be000000 space 32768K,   0% used [0x00000000be000000, 0x00000000c0000000)
AC   0  F    TS     0 PTAMS 0x00000000c0000000 NTAMS 0x00000000c0000000 space 32768K,   0% used [0x00000000c0000000, 0x00000000c2000000)
AC   0  F    TS     0 PTAMS 0x00000000c2000000 NTAMS 0x00000000c2000000 space 32768K,   0% used [0x00000000c2000000, 0x00000000c4000000)
AC   0  F    TS     0 PTAMS 0x00000000c4000000 NTAMS 0x00000000c4000000 space 32768K,   0% used [0x00000000c4000000, 0x00000000c6000000)
AC   0  F    TS     0 PTAMS 0x00000000c6000000 NTAMS 0x00000000c6000000 space 32768K,   0% used [0x00000000c6000000, 0x00000000c8000000)
AC   0  F    TS     0 PTAMS 0x00000000c8000000 NTAMS 0x00000000c8000000 space 32768K,   0% used [0x00000000c8000000, 0x00000000ca000000)
AC   0  F    TS     0 PTAMS 0x00000000ca000000 NTAMS 0x00000000ca000000 space 32768K,   0% used [0x00000000ca000000, 0x00000000cc000000)
AC   0  F    TS     0 PTAMS 0x00000000cc000000 NTAMS 0x00000000cc000000 space 32768K,   0% used [0x00000000cc000000, 0x00000000ce000000)
AC   0  F    TS     0 PTAMS 0x00000000ce000000 NTAMS 0x00000000ce000000 space 32768K,   0% used [0x00000000ce000000, 0x00000000d0000000)
AC   0  F    TS     0 PTAMS 0x00000000d0000000 NTAMS 0x00000000d0000000 space 32768K,   0% used [0x00000000d0000000, 0x00000000d2000000)
AC   0  F    TS     0 PTAMS 0x00000000d2000000 NTAMS 0x00000000d2000000 space 32768K,   0% used [0x00000000d2000000, 0x00000000d4000000)
AC   0  F    TS     0 PTAMS 0x00000000d4000000 NTAMS 0x00000000d4000000 space 32768K,   0% used [0x00000000d4000000, 0x00000000d6000000)
AC   0  F    TS     0 PTAMS 0x00000000d6000000 NTAMS 0x00000000d6000000 space 32768K,   0% used [0x00000000d6000000, 0x00000000d8000000)
AC   0  F    TS     0 PTAMS 0x00000000d8000000 NTAMS 0x00000000d8000000 space 32768K,   0% used [0x00000000d8000000, 0x00000000da000000)
AC   0  F    TS     0 PTAMS 0x00000000da000000 NTAMS 0x00000000da000000 space 32768K,   0% used [0x00000000da000000, 0x00000000dc000000)
AC   0  F    TS     0 PTAMS 0x00000000dc000000 NTAMS 0x00000000dc000000 space 32768K,   0% used [0x00000000dc000000, 0x00000000de000000)
AC   0  F    TS     0 PTAMS 0x00000000de000000 NTAMS 0x00000000de000000 space 32768K,   0% used [0x00000000de000000, 0x00000000e0000000)
AC   0  F    TS     0 PTAMS 0x00000000e0000000 NTAMS 0x00000000e0000000 space 32768K,   0% used [0x00000000e0000000, 0x00000000e2000000)
AC   0  F    TS     0 PTAMS 0x00000000e2000000 NTAMS 0x00000000e2000000 space 32768K,   0% used [0x00000000e2000000, 0x00000000e4000000)
AC   0  E    TS     0 PTAMS 0x00000000e4000000 NTAMS 0x00000000e4000000 space 32768K,  66% used [0x00000000e4000000, 0x00000000e6000000)
AC   0  E CS TS     0 PTAMS 0x00000000e6000000 NTAMS 0x00000000e6000000 space 32768K, 100% used [0x00000000e6000000, 0x00000000e8000000)
AC   0  E CS TS     0 PTAMS 0x00000000e8000000 NTAMS 0x00000000e8000000 space 32768K, 100% used [0x00000000e8000000, 0x00000000ea000000)
AC   0  E CS TS     0 PTAMS 0x00000000ea000000 NTAMS 0x00000000ea000000 space 32768K, 100% used [0x00000000ea000000, 0x00000000ec000000)
AC   0  E CS TS     0 PTAMS 0x00000000ec000000 NTAMS 0x00000000ec000000 space 32768K, 100% used [0x00000000ec000000, 0x00000000ee000000)
AC   0  E CS TS     0 PTAMS 0x00000000ee000000 NTAMS 0x00000000ee000000 space 32768K, 100% used [0x00000000ee000000, 0x00000000f0000000)
AC   0  E CS TS     0 PTAMS 0x00000000f0000000 NTAMS 0x00000000f0000000 space 32768K, 100% used [0x00000000f0000000, 0x00000000f2000000)

Card table byte_map: [0x0000000014b30000,0x0000000014f30000] byte_map_base: 0x0000000014730000

Marking Bits (Prev, Next): (CMBitMap*) 0x0000000003331b90, (CMBitMap*) 0x0000000003331b38
 Prev Bits: [0x0000000017330000, 0x0000000019330000)
 Next Bits: [0x0000000015330000, 0x0000000017330000)

Polling page: 0x0000000000ff0000

CodeCache: size=245760Kb used=40870Kb max_used=40880Kb free=204889Kb
 bounds [0x00000000033d0000, 0x0000000005bf0000, 0x00000000123d0000]
 total_blobs=14959 nmethods=13239 adapters=1629
 compilation: enabled

Compilation events (10 events):
Event: 58.061 Thread 0x000000001d106000 17446       3       it.unimi.dsi.fastutil.objects.Object2ObjectLinkedOpenHashMap::get (116 bytes)
Event: 58.063 Thread 0x000000001d106000 nmethod 17446 0x0000000005ba0090 code [0x0000000005ba0260, 0x0000000005ba0968]
Event: 58.063 Thread 0x000000001d106000 17444       3       sun.misc.Unsafe::copyMemory (11 bytes)
Event: 58.063 Thread 0x000000001d106000 nmethod 17444 0x0000000005b95110 code [0x0000000005b95280, 0x0000000005b954a8]
Event: 58.076 Thread 0x000000001d0f9800 nmethod 17326% 0x0000000005ba0d10 code [0x0000000005ba1180, 0x0000000005ba5ea8]
Event: 58.076 Thread 0x000000001d0f9800 17229       4       dzw::a (13 bytes)
Event: 58.085 Thread 0x000000001d0f9800 nmethod 17229 0x0000000005b9c490 code [0x0000000005b9c600, 0x0000000005b9c998]
Event: 58.085 Thread 0x000000001d0f9800 17447       4       it.unimi.dsi.fastutil.longs.LongLinkedOpenHashSet::remove (101 bytes)
Event: 58.101 Thread 0x000000001d106000 17449       1       cff::a (5 bytes)
Event: 58.102 Thread 0x000000001d106000 nmethod 17449 0x0000000005b95790 code [0x0000000005b958e0, 0x0000000005b959f0]

GC Heap History (10 events):
Event: 28.208 GC heap before
{Heap before GC invocations=85 (full 0):
 garbage-first heap   total 1867776K, used 1345041K [0x0000000080000000, 0x00000000820001c8, 0x0000000100000000)
  region size 32768K, 32 young (1048576K), 3 survivors (98304K)
 Metaspace       used 58849K, capacity 64349K, committed 64384K, reserved 1103872K
  class space    used 8170K, capacity 9627K, committed 9652K, reserved 1048576K
Event: 28.236 GC heap after
Heap after GC invocations=86 (full 0):
 garbage-first heap   total 1867776K, used 386597K [0x0000000080000000, 0x00000000820001c8, 0x0000000100000000)
  region size 32768K, 2 young (65536K), 2 survivors (65536K)
 Metaspace       used 58849K, capacity 64349K, committed 64384K, reserved 1103872K
  class space    used 8170K, capacity 9627K, committed 9652K, reserved 1048576K
}
Event: 29.178 GC heap before
{Heap before GC invocations=86 (full 0):
 garbage-first heap   total 1867776K, used 1402405K [0x0000000080000000, 0x00000000820001c8, 0x0000000100000000)
  region size 32768K, 33 young (1081344K), 2 survivors (65536K)
 Metaspace       used 58873K, capacity 64349K, committed 64384K, reserved 1103872K
  class space    used 8170K, capacity 9627K, committed 9652K, reserved 1048576K
Event: 29.207 GC heap after
Heap after GC invocations=87 (full 0):
 garbage-first heap   total 1867776K, used 389123K [0x0000000080000000, 0x00000000820001c8, 0x0000000100000000)
  region size 32768K, 2 young (65536K), 2 survivors (65536K)
 Metaspace       used 58873K, capacity 64349K, committed 64384K, reserved 1103872K
  class space    used 8170K, capacity 9627K, committed 9652K, reserved 1048576K
}
Event: 29.462 GC heap before
{Heap before GC invocations=87 (full 0):
 garbage-first heap   total 1867776K, used 421891K [0x0000000080000000, 0x00000000820001c8, 0x0000000100000000)
  region size 32768K, 4 young (131072K), 2 survivors (65536K)
 Metaspace       used 58984K, capacity 64439K, committed 64640K, reserved 1103872K
  class space    used 8184K, capacity 9636K, committed 9652K, reserved 1048576K
Event: 29.491 GC heap after
Heap after GC invocations=88 (full 0):
 garbage-first heap   total 1867776K, used 400334K [0x0000000080000000, 0x00000000820001c8, 0x0000000100000000)
  region size 32768K, 2 young (65536K), 2 survivors (65536K)
 Metaspace       used 58984K, capacity 64439K, committed 64640K, reserved 1103872K
  class space    used 8184K, capacity 9636K, committed 9652K, reserved 1048576K
}
Event: 48.910 GC heap before
{Heap before GC invocations=89 (full 0):
 garbage-first heap   total 1867776K, used 1383374K [0x0000000080000000, 0x00000000820001c8, 0x0000000100000000)
  region size 32768K, 32 young (1048576K), 2 survivors (65536K)
 Metaspace       used 66179K, capacity 73965K, committed 74112K, reserved 1112064K
  class space    used 9373K, capacity 11327K, committed 11444K, reserved 1048576K
Event: 48.954 GC heap after
Heap after GC invocations=90 (full 0):
 garbage-first heap   total 1867776K, used 419415K [0x0000000080000000, 0x00000000820001c8, 0x0000000100000000)
  region size 32768K, 2 young (65536K), 2 survivors (65536K)
 Metaspace       used 66179K, capacity 73965K, committed 74112K, reserved 1112064K
  class space    used 9373K, capacity 11327K, committed 11444K, reserved 1048576K
}
Event: 57.581 GC heap before
{Heap before GC invocations=91 (full 0):
 garbage-first heap   total 1867776K, used 1369687K [0x0000000080000000, 0x00000000820001c8, 0x0000000100000000)
  region size 32768K, 31 young (1015808K), 2 survivors (65536K)
 Metaspace       used 79012K, capacity 89265K, committed 89472K, reserved 1126400K
  class space    used 11099K, capacity 13490K, committed 13492K, reserved 1048576K
Event: 57.706 GC heap after
Heap after GC invocations=92 (full 0):
 garbage-first heap   total 1867776K, used 543020K [0x0000000080000000, 0x00000000820001c8, 0x0000000100000000)
  region size 32768K, 4 young (131072K), 4 survivors (131072K)
 Metaspace       used 79012K, capacity 89265K, committed 89472K, reserved 1126400K
  class space    used 11099K, capacity 13490K, committed 13492K, reserved 1048576K
}

Deoptimization events (10 events):
Event: 58.012 Thread 0x0000000000fce800 Uncommon trap: reason=unstable_if action=reinterpret pc=0x0000000004724970 method=eji.a(ZZ)V @ 12
Event: 58.013 Thread 0x0000000000fce800 Uncommon trap: reason=unstable_if action=reinterpret pc=0x0000000004439214 method=eaf$a.lambda$new$0(F)V @ 3
Event: 58.042 Thread 0x0000000000fce800 Uncommon trap: reason=unstable_if action=reinterpret pc=0x0000000003634154 method=dej.b(I)V @ 15
Event: 58.042 Thread 0x0000000000fce800 Uncommon trap: reason=unstable_if action=reinterpret pc=0x0000000003612020 method=eaf$r.lambda$new$1(ZZ)V @ 1
Event: 58.044 Thread 0x0000000000fce800 Uncommon trap: reason=class_check action=maybe_recompile pc=0x00000000048d10ec method=dzy$a.b(Leag;)Ldfe; @ 9
Event: 58.121 Thread 0x0000000000fce800 Uncommon trap: reason=unstable_if action=reinterpret pc=0x000000000355bb80 method=java.lang.Character.isSurrogate(C)Z @ 3
Event: 58.122 Thread 0x0000000000fce800 Uncommon trap: reason=bimorphic action=maybe_recompile pc=0x0000000004702d6c method=dkr$a.accept(ILob;I)Z @ 273
Event: 58.122 Thread 0x0000000000fce800 Uncommon trap: reason=unstable_if action=reinterpret pc=0x00000000042cb3dc method=java.lang.Character.isSurrogate(C)Z @ 3
Event: 58.122 Thread 0x0000000000fce800 Uncommon trap: reason=bimorphic action=maybe_recompile pc=0x0000000004702d6c method=dkr$a.accept(ILob;I)Z @ 273
Event: 58.123 Thread 0x0000000000fce800 Uncommon trap: reason=bimorphic action=maybe_recompile pc=0x0000000004702d6c method=dkr$a.accept(ILob;I)Z @ 273

Internal exceptions (10 events):
Event: 56.838 Thread 0x0000000020499800 Exception <a 'sun/nio/fs/WindowsException'> (0x00000000c09b82c8) thrown at [C:\re\workspace\8-2-build-windows-amd64-cygwin\jdk8u51\3951\hotspot\src\share\vm\prims\jni.cpp, line 709]
Event: 56.839 Thread 0x0000000020492800 Exception <a 'sun/nio/fs/WindowsException'> (0x00000000c0830b70) thrown at [C:\re\workspace\8-2-build-windows-amd64-cygwin\jdk8u51\3951\hotspot\src\share\vm\prims\jni.cpp, line 709]
Event: 56.840 Thread 0x0000000020499800 Exception <a 'sun/nio/fs/WindowsException'> (0x00000000c09bd3a8) thrown at [C:\re\workspace\8-2-build-windows-amd64-cygwin\jdk8u51\3951\hotspot\src\share\vm\prims\jni.cpp, line 709]
Event: 56.840 Thread 0x0000000020492800 Exception <a 'sun/nio/fs/WindowsException'> (0x00000000c0835c50) thrown at [C:\re\workspace\8-2-build-windows-amd64-cygwin\jdk8u51\3951\hotspot\src\share\vm\prims\jni.cpp, line 709]
Event: 57.749 Thread 0x000000001ead5000 Implicit null exception at 0x0000000005aa0d81 to 0x0000000005aa18d1
Event: 57.749 Thread 0x000000001ead5000 Implicit null exception at 0x0000000005003eb0 to 0x0000000005003ec0
Event: 57.894 Thread 0x0000000000fce800 Exception <a 'java/lang/NoSuchMethodError': java.lang.Object.a(Lob;ILaey;)Z> (0x00000000ee4fd8a0) thrown at [C:\re\workspace\8-2-build-windows-amd64-cygwin\jdk8u51\3951\hotspot\src\share\vm\interpreter\linkResolver.cpp, line 582]
Event: 57.897 Thread 0x0000000000fce800 Exception <a 'java/lang/NoSuchMethodError': java.lang.Object.a(Ljava/util/List;Laey;)Z> (0x00000000ee506c38) thrown at [C:\re\workspace\8-2-build-windows-amd64-cygwin\jdk8u51\3951\hotspot\src\share\vm\interpreter\linkResolver.cpp, line 582]
Event: 58.086 Thread 0x000000002049a000 Exception <a 'java/lang/InterruptedException'> (0x00000000eb077988) thrown at [C:\re\workspace\8-2-build-windows-amd64-cygwin\jdk8u51\3951\hotspot\src\share\vm\runtime\objectMonitor.cpp, line 1494]
Event: 58.086 Thread 0x0000000020493800 Exception <a 'java/lang/InterruptedException'> (0x00000000eb129aa8) thrown at [C:\re\workspace\8-2-build-windows-amd64-cygwin\jdk8u51\3951\hotspot\src\share\vm\runtime\objectMonitor.cpp, line 1683]

Events (10 events):
Event: 58.122 Thread 0x0000000000fce800 DEOPT UNPACKING pc=0x000000000341582a sp=0x00000000032cdf20 mode 2
Event: 58.122 Thread 0x0000000000fce800 Uncommon trap: trap_request=0xffffff65 fr.pc=0x00000000042cb3dc
Event: 58.122 Thread 0x0000000000fce800 DEOPT PACKING pc=0x00000000042cb3dc sp=0x00000000032ce040
Event: 58.122 Thread 0x0000000000fce800 DEOPT UNPACKING pc=0x000000000341582a sp=0x00000000032cdf98 mode 2
Event: 58.122 Thread 0x0000000000fce800 Uncommon trap: trap_request=0xffffffc6 fr.pc=0x0000000004702d6c
Event: 58.122 Thread 0x0000000000fce800 DEOPT PACKING pc=0x0000000004702d6c sp=0x00000000032cdf30
Event: 58.122 Thread 0x0000000000fce800 DEOPT UNPACKING pc=0x000000000341582a sp=0x00000000032cdf10 mode 2
Event: 58.123 Thread 0x0000000000fce800 Uncommon trap: trap_request=0xffffffc6 fr.pc=0x0000000004702d6c
Event: 58.123 Thread 0x0000000000fce800 DEOPT PACKING pc=0x0000000004702d6c sp=0x00000000032cdf40
Event: 58.123 Thread 0x0000000000fce800 DEOPT UNPACKING pc=0x000000000341582a sp=0x00000000032cdf20 mode 2


Dynamic libraries:
0x00007ff6cc180000 - 0x00007ff6cc1b7000 	C:\Program Files (x86)\Minecraft Launcher\runtime\jre-x64\bin\javaw.exe
0x00007ff8d6160000 - 0x00007ff8d6350000 	C:\Windows\SYSTEM32\ntdll.dll
0x00007ff8d6060000 - 0x00007ff8d6112000 	C:\Windows\System32\KERNEL32.DLL
0x00007ff8d3140000 - 0x00007ff8d33e4000 	C:\Windows\System32\KERNELBASE.dll
0x00007ff8d5860000 - 0x00007ff8d5903000 	C:\Windows\System32\ADVAPI32.dll
0x00007ff8d4eb0000 - 0x00007ff8d4f4e000 	C:\Windows\System32\msvcrt.dll
0x00007ff8d4210000 - 0x00007ff8d42a7000 	C:\Windows\System32\sechost.dll
0x00007ff8d5740000 - 0x00007ff8d5860000 	C:\Windows\System32\RPCRT4.dll
0x00007ff8d43f0000 - 0x00007ff8d4585000 	C:\Windows\System32\USER32.dll
0x00007ff8d35e0000 - 0x00007ff8d3601000 	C:\Windows\System32\win32u.dll
0x00007ff8d4660000 - 0x00007ff8d4686000 	C:\Windows\System32\GDI32.dll
0x00007ff8d3440000 - 0x00007ff8d35d6000 	C:\Windows\System32\gdi32full.dll
0x00007ff8d3f40000 - 0x00007ff8d3fde000 	C:\Windows\System32\msvcp_win.dll
0x00007ff8d3fe0000 - 0x00007ff8d40da000 	C:\Windows\System32\ucrtbase.dll
0x00007ff8c3580000 - 0x00007ff8c3804000 	C:\Windows\WinSxS\amd64_microsoft.windows.common-controls_6595b64144ccf1df_6.0.18362.1016_none_9e7a36bbe461dae4\COMCTL32.dll
0x00007ff8d5400000 - 0x00007ff8d5735000 	C:\Windows\System32\combase.dll
0x00007ff8d4190000 - 0x00007ff8d4210000 	C:\Windows\System32\bcryptPrimitives.dll
0x00007ff8d5000000 - 0x00007ff8d502e000 	C:\Windows\System32\IMM32.DLL
0x0000000050550000 - 0x0000000050622000 	C:\Program Files (x86)\Minecraft Launcher\runtime\jre-x64\bin\msvcr100.dll
0x0000000077150000 - 0x00000000779d3000 	C:\Program Files (x86)\Minecraft Launcher\runtime\jre-x64\bin\server\jvm.dll
0x00007ff8d5030000 - 0x00007ff8d5038000 	C:\Windows\System32\PSAPI.DLL
0x00007ff8b55a0000 - 0x00007ff8b55a9000 	C:\Windows\SYSTEM32\WSOCK32.dll
0x00007ff8d0d60000 - 0x00007ff8d0d84000 	C:\Windows\SYSTEM32\WINMM.dll
0x00007ff8c6100000 - 0x00007ff8c610a000 	C:\Windows\SYSTEM32\VERSION.dll
0x00007ff8d51e0000 - 0x00007ff8d524f000 	C:\Windows\System32\WS2_32.dll
0x00007ff8d0bb0000 - 0x00007ff8d0bdd000 	C:\Windows\SYSTEM32\WINMMBASE.dll
0x00007ff8d33f0000 - 0x00007ff8d343a000 	C:\Windows\System32\cfgmgr32.dll
0x0000000050b20000 - 0x0000000050b2f000 	C:\Program Files (x86)\Minecraft Launcher\runtime\jre-x64\bin\verify.dll
0x0000000050af0000 - 0x0000000050b19000 	C:\Program Files (x86)\Minecraft Launcher\runtime\jre-x64\bin\java.dll
0x0000000050ad0000 - 0x0000000050ae6000 	C:\Program Files (x86)\Minecraft Launcher\runtime\jre-x64\bin\zip.dll
0x00007ff8d5970000 - 0x00007ff8d6057000 	C:\Windows\System32\SHELL32.dll
0x00007ff8d45b0000 - 0x00007ff8d4659000 	C:\Windows\System32\shcore.dll
0x00007ff8d3660000 - 0x00007ff8d3de2000 	C:\Windows\System32\windows.storage.dll
0x00007ff8d3040000 - 0x00007ff8d3063000 	C:\Windows\System32\profapi.dll
0x00007ff8d3070000 - 0x00007ff8d30ba000 	C:\Windows\System32\powrprof.dll
0x00007ff8d3010000 - 0x00007ff8d3020000 	C:\Windows\System32\UMPDC.dll
0x00007ff8d4310000 - 0x00007ff8d4362000 	C:\Windows\System32\shlwapi.dll
0x00007ff8d3020000 - 0x00007ff8d3031000 	C:\Windows\System32\kernel.appcore.dll
0x00007ff8d3610000 - 0x00007ff8d3627000 	C:\Windows\System32\cryptsp.dll
0x0000000050ac0000 - 0x0000000050acd000 	C:\Program Files (x86)\Minecraft Launcher\runtime\jre-x64\bin\management.dll
0x0000000050aa0000 - 0x0000000050aba000 	C:\Program Files (x86)\Minecraft Launcher\runtime\jre-x64\bin\net.dll
0x00007ff8d2870000 - 0x00007ff8d28d7000 	C:\Windows\system32\mswsock.dll
0x00007ff8b1c00000 - 0x00007ff8b1c16000 	C:\Windows\system32\napinsp.dll
0x00007ff8b1be0000 - 0x00007ff8b1bfa000 	C:\Windows\system32\pnrpnsp.dll
0x00007ff8d25c0000 - 0x00007ff8d268b000 	C:\Windows\SYSTEM32\DNSAPI.dll
0x00007ff8d4840000 - 0x00007ff8d4848000 	C:\Windows\System32\NSI.dll
0x00007ff8d2580000 - 0x00007ff8d25ba000 	C:\Windows\SYSTEM32\IPHLPAPI.DLL
0x00007ff8b1b90000 - 0x00007ff8b1b9e000 	C:\Windows\System32\winrnr.dll
0x00007ff8cf480000 - 0x00007ff8cf49c000 	C:\Windows\system32\NLAapi.dll
0x00007ff8b1b70000 - 0x00007ff8b1b85000 	C:\Windows\system32\wshbth.dll
0x0000000050710000 - 0x0000000050736000 	C:\Program Files\Bonjour\mdnsNSP.dll
0x00007ff8c2720000 - 0x00007ff8c272a000 	C:\Windows\System32\rasadhlp.dll
0x00007ff8c96c0000 - 0x00007ff8c9737000 	C:\Windows\System32\fwpuclnt.dll
0x00007ff8d3630000 - 0x00007ff8d3656000 	C:\Windows\System32\bcrypt.dll
0x0000000050530000 - 0x0000000050541000 	C:\Program Files (x86)\Minecraft Launcher\runtime\jre-x64\bin\nio.dll
0x00007ff8d23e0000 - 0x00007ff8d2413000 	C:\Windows\system32\rsaenh.dll
0x00007ff8d2f00000 - 0x00007ff8d2f25000 	C:\Windows\SYSTEM32\USERENV.dll
0x00007ff8d2a40000 - 0x00007ff8d2a4c000 	C:\Windows\SYSTEM32\CRYPTBASE.dll
0x00007ff88e860000 - 0x00007ff88e8d2000 	C:\Users\owenm\AppData\Roaming\.minecraft\bin\95be-b541-bab9-5e98\lwjgl.dll
0x00007ff88e800000 - 0x00007ff88e85e000 	C:\Users\owenm\AppData\Roaming\.minecraft\bin\95be-b541-bab9-5e98\glfw.dll
0x00007ff871cf0000 - 0x00007ff871f41000 	C:\Users\owenm\AppData\Roaming\.minecraft\bin\95be-b541-bab9-5e98\jemalloc.dll
0x00007ff8d1370000 - 0x00007ff8d1409000 	C:\Windows\system32\uxtheme.dll
0x00007ff8aab10000 - 0x00007ff8aab53000 	C:\Windows\SYSTEM32\dinput8.dll
0x00007ff8c9fa0000 - 0x00007ff8c9fb1000 	C:\Windows\SYSTEM32\xinput1_4.dll
0x00007ff8d2e10000 - 0x00007ff8d2e3a000 	C:\Windows\SYSTEM32\DEVOBJ.dll
0x00007ff8d1970000 - 0x00007ff8d199d000 	C:\Windows\SYSTEM32\dwmapi.dll
0x00007ff8a80c0000 - 0x00007ff8a81db000 	C:\Windows\SYSTEM32\inputhost.dll
0x00007ff8d0ad0000 - 0x00007ff8d0ba4000 	C:\Windows\SYSTEM32\CoreMessaging.dll
0x00007ff8ceda0000 - 0x00007ff8cf0ca000 	C:\Windows\SYSTEM32\CoreUIComponents.dll
0x00007ff8cf600000 - 0x00007ff8cf6f0000 	C:\Windows\SYSTEM32\PROPSYS.dll
0x00007ff8cebb0000 - 0x00007ff8ced03000 	C:\Windows\SYSTEM32\wintypes.dll
0x00007ff8d5110000 - 0x00007ff8d51d5000 	C:\Windows\System32\OLEAUT32.dll
0x00007ff8d2060000 - 0x00007ff8d2091000 	C:\Windows\SYSTEM32\ntmarta.dll
0x00007ff8d5250000 - 0x00007ff8d5385000 	C:\Windows\System32\MSCTF.dll
0x00007ff8d1c10000 - 0x00007ff8d1c1e000 	C:\Windows\SYSTEM32\HID.DLL
0x00007ff8d4850000 - 0x00007ff8d4cc0000 	C:\Windows\System32\SETUPAPI.DLL
0x00007ff8d30e0000 - 0x00007ff8d313c000 	C:\Windows\System32\WINTRUST.dll
0x00007ff8d30c0000 - 0x00007ff8d30d2000 	C:\Windows\System32\MSASN1.dll
0x00007ff8d3df0000 - 0x00007ff8d3f39000 	C:\Windows\System32\CRYPT32.dll
0x00007ff89b990000 - 0x00007ff89bae6000 	C:\Windows\SYSTEM32\opengl32.dll
0x00007ff89bd30000 - 0x00007ff89bd5c000 	C:\Windows\SYSTEM32\GLU32.dll
0x00007ff8d1c70000 - 0x00007ff8d1c90000 	C:\Windows\SYSTEM32\dxcore.dll
0x00007ff8623c0000 - 0x00007ff8632d6000 	C:\Windows\System32\DriverStore\FileRepository\iigd_dch.inf_amd64_cf6c24843162da87\ig9icd64.dll
0x00007ff8d4cc0000 - 0x00007ff8d4e17000 	C:\Windows\System32\ole32.dll
0x00007ff8d1d00000 - 0x00007ff8d1deb000 	C:\Windows\system32\dxgi.dll
0x00007ff8c6ab0000 - 0x00007ff8c8eed000 	C:\Windows\System32\DriverStore\FileRepository\iigd_dch.inf_amd64_cf6c24843162da87\igc64.dll
0x00007ff8c9510000 - 0x00007ff8c96b3000 	C:\Windows\System32\DriverStore\FileRepository\iigd_dch.inf_amd64_cf6c24843162da87\igdgmm64.dll
0x00007ff8a8330000 - 0x00007ff8a83ce000 	C:\Windows\System32\TextInputFramework.dll
0x00007ff8c0e40000 - 0x00007ff8c10e6000 	C:\Windows\System32\iertutil.dll
0x00007ff87f2a0000 - 0x00007ff87f2f8000 	C:\Users\owenm\AppData\Roaming\.minecraft\bin\95be-b541-bab9-5e98\lwjgl_opengl.dll
0x00007ff871c70000 - 0x00007ff871cef000 	C:\Users\owenm\AppData\Roaming\.minecraft\bin\95be-b541-bab9-5e98\lwjgl_stb.dll
0x00007ff8ce4a0000 - 0x00007ff8ce54e000 	C:\Windows\SYSTEM32\mscms.dll
0x00007ff8ce3c0000 - 0x00007ff8ce3d7000 	C:\Windows\SYSTEM32\ColorAdapterClient.dll
0x00007ff8a8d20000 - 0x00007ff8a8d63000 	C:\Windows\SYSTEM32\icm32.dll
0x00007ff8aa8d0000 - 0x00007ff8aa912000 	C:\Users\owenm\AppData\Local\Temp\jna-106156540\jna2586986533876010842.dll
0x00007ff8cb6c0000 - 0x00007ff8cb6da000 	C:\Users\owenm\AppData\Roaming\.minecraft\bin\95be-b541-bab9-5e98\SAPIWrapper_x64.dll
0x00007ff8d4f50000 - 0x00007ff8d4ff2000 	C:\Windows\System32\clbcatq.dll
0x00007ff8719c0000 - 0x00007ff871b3f000 	C:\Windows\System32\Speech\Common\sapi.dll
0x00007ff8c9ee0000 - 0x00007ff8c9efc000 	C:\Windows\SYSTEM32\MSACM32.dll
0x00007ff8cb6b0000 - 0x00007ff8cb6bb000 	C:\Windows\SYSTEM32\msdmo.dll
0x00007ff8c4c10000 - 0x00007ff8c4c82000 	C:\Windows\System32\MMDevApi.dll
0x0000000050500000 - 0x0000000050524000 	C:\Program Files (x86)\Minecraft Launcher\runtime\jre-x64\bin\sunec.dll
0x0000000050360000 - 0x00000000504f8000 	C:\Program Files (x86)\Minecraft Launcher\runtime\jre-x64\bin\awt.dll
0x00007ff8d0eb0000 - 0x00007ff8d0f3f000 	C:\Windows\SYSTEM32\apphelp.dll
0x00007ff8713a0000 - 0x00007ff8714b4000 	C:\Users\owenm\AppData\Roaming\.minecraft\bin\95be-b541-bab9-5e98\OpenAL.dll
0x00007ff8c3810000 - 0x00007ff8c396d000 	C:\Windows\SYSTEM32\AUDIOSES.DLL
0x00007ff8cb9e0000 - 0x00007ff8cb9f6000 	C:\Windows\SYSTEM32\dhcpcsvc6.DLL
0x00007ff8cb990000 - 0x00007ff8cb9ac000 	C:\Windows\SYSTEM32\dhcpcsvc.DLL
0x00007ff8d1060000 - 0x00007ff8d1254000 	C:\Windows\SYSTEM32\dbghelp.dll

VM Arguments:
jvm_args: -XX:HeapDumpPath=MojangTricksIntelDriversForPerformance_javaw.exe_minecraft.exe.heapdump -Dos.name=Windows 10 -Dos.version=10.0 -Xss1M -Djava.library.path=C:\Users\owenm\AppData\Roaming\.minecraft\bin\95be-b541-bab9-5e98 -Dminecraft.launcher.brand=minecraft-launcher -Dminecraft.launcher.version=2.1.17416 -Xmx2G -XX:+UnlockExperimentalVMOptions -XX:+UseG1GC -XX:G1NewSizePercent=20 -XX:G1ReservePercent=20 -XX:MaxGCPauseMillis=50 -XX:G1HeapRegionSize=32M -Dlog4j.configurationFile=C:\Users\owenm\AppData\Roaming\.minecraft\assets\log_configs\client-1.12.xml 
java_command: net.minecraft.launchwrapper.Launch --username odoggy21 --version 1.16.2-OptiFine_HD_U_G3_pre1 --gameDir C:\Users\owenm\AppData\Roaming\.minecraft --assetsDir C:\Users\owenm\AppData\Roaming\.minecraft\assets --assetIndex 1.16 --uuid f1c7cdbb41114859b0a4d50962eb7c2a --accessToken eyJhbGciOiJIUzI1NiJ9.eyJzdWIiOiI0MGFlN2U5YTdhMDFkNjhkYzY5ZmJiZGNhM2FmYjZhYyIsInlnZ3QiOiI4YzkzYTU1ZWJlOWI0MmQzODdlNGRiMDdmMWRlYzNlNCIsInNwciI6ImYxYzdjZGJiNDExMTQ4NTliMGE0ZDUwOTYyZWI3YzJhIiwiaXNzIjoiWWdnZHJhc2lsLUF1dGgiLCJleHAiOjE1OTk0MzY2ODYsImlhdCI6MTU5OTI2Mzg4Nn0.yHZ93JExwm14JhV2-O93FUXfSgAHi-ECcbdhvBVebfY --userType mojang --versionType release --tweakClass optifine.OptiFineTweaker
java_class_path (initial): C:\Users\owenm\AppData\Roaming\.minecraft\libraries\optifine\OptiFine\1.16.2_HD_U_G3_pre1\OptiFine-1.16.2_HD_U_G3_pre1.jar;C:\Users\owenm\AppData\Roaming\.minecraft\libraries\optifine\launchwrapper-of\2.1\launchwrapper-of-2.1.jar;C:\Users\owenm\AppData\Roaming\.minecraft\libraries\com\mojang\patchy\1.1\patchy-1.1.jar;C:\Users\owenm\AppData\Roaming\.minecraft\libraries\oshi-project\oshi-core\1.1\oshi-core-1.1.jar;C:\Users\owenm\AppData\Roaming\.minecraft\libraries\net\java\dev\jna\jna\4.4.0\jna-4.4.0.jar;C:\Users\owenm\AppData\Roaming\.minecraft\libraries\net\java\dev\jna\platform\3.4.0\platform-3.4.0.jar;C:\Users\owenm\AppData\Roaming\.minecraft\libraries\com\ibm\icu\icu4j\66.1\icu4j-66.1.jar;C:\Users\owenm\AppData\Roaming\.minecraft\libraries\com\mojang\javabridge\1.0.22\javabridge-1.0.22.jar;C:\Users\owenm\AppData\Roaming\.minecraft\libraries\net\sf\jopt-simple\jopt-simple\5.0.3\jopt-simple-5.0.3.jar;C:\Users\owenm\AppData\Roaming\.minecraft\libraries\io\netty\netty-all\4.1.25.Final\netty-all-4.1.25.Final.jar;C:\Users\owenm\AppData\Roaming\.minecraft\libraries\com\google\guava\guava\21.0\guava-21.0.jar;C:\Users\owenm\AppData\Roaming\.minecraft\libraries\org\apache\commons\commons-lang3\3.5\commons-lang3-3.5.jar;C:\Users\owenm\AppData\Roaming\.minecraft\libraries\commons-io\commons-io\2.5\commons-io-2.5.jar;C:\Users\owenm\AppData\Roaming\.minecraft\libraries\commons-codec\commons-codec\1.10\commons-codec-1.10.jar;C:\Users\owenm\AppData\Roaming\.minecraft\libraries\net\java\jinput\jinput\2.0.5\jinput-2.0.5.jar;C:\Users\owenm\AppData\Roaming\.minecraft\libraries\net\java\jutils\jutils\1.0.0\jutils-1.0.0.jar;C:\Users\owenm\AppData\Roaming\.minecraft\libraries\com\mojang\brigadier\1.0.17\brigadier-1.0.17.jar;C:\Users\owenm\AppData\Roaming\.minecraft\libraries\com\mojang\datafixerupper\4.0.26\datafixerupper-4.0.26.jar;C:\Users\owenm\AppData\Roaming\.minecraft\libraries\com\google\code\gson\gson\2.8.0\gson-2.8.0.jar;C:\Users\owenm\AppData\Roa
Launcher Type: SUN_STANDARD

Environment Variables:
PATH=C:\Program Files (x86)\Common Files\Oracle\Java\javapath;C:\Program Files (x86)\NVIDIA Corporation\PhysX\Common;C:\Windows\system32;C:\Windows;C:\Windows\System32\Wbem;C:\Windows\System32\WindowsPowerShell\v1.0\;C:\Windows\System32\OpenSSH\;C:\Program Files\TortoiseSVN\bin;C:\Program Files\Microsoft SQL Server\Client SDK\ODBC\110\Tools\Binn\;C:\Program Files (x86)\Microsoft SQL Server\120\Tools\Binn\;C:\Program Files\Microsoft SQL Server\120\Tools\Binn\;C:\Program Files\Microsoft SQL Server\120\DTS\Binn\;C:\Program Files (x86)\Windows Kits\8.1\Windows Performance Toolkit\;C:\Program Files\NVIDIA Corporation\NVIDIA NvDLISR;C:\Program Files\Git\cmd;C:\Program Files\nodejs\;C:\Program Files\Java\jdk-13.0.2\bin;C:\Users\owenm\AppData\Local\Microsoft\WindowsApps;C:\Users\owenm\AppData\Local\Programs\Microsoft VS Code\bin;C:\Users\owenm\AppData\Roaming\npm;C:\Users\owenm\AppData\Local\atom\bin;C:\Users\owenm\AppData\Local\GitHubDesktop\bin
USERNAME=owenm
OS=Windows_NT
PROCESSOR_IDENTIFIER=Intel64 Family 6 Model 158 Stepping 10, GenuineIntel



---------------  S Y S T E M  ---------------

OS: Windows 10.0 , 64 bit Build 18362 (10.0.18362.959)

CPU:total 12 (6 cores per cpu, 2 threads per core) family 6 model 158 stepping 10, cmov, cx8, fxsr, mmx, sse, sse2, sse3, ssse3, sse4.1, sse4.2, popcnt, avx, avx2, aes, clmul, erms, 3dnowpref, lzcnt, ht, tsc, tscinvbit, bmi1, bmi2, adx

Memory: 4k page, physical 16653556k(7214796k free), swap 19143924k(6410700k free)

vm_info: Java HotSpot(TM) 64-Bit Server VM (25.51-b03) for windows-amd64 JRE (1.8.0_51-b16), built on Jun  8 2015 18:03:07 by "java_re" with MS VC++ 10.0 (VS2010)

time: Sat Sep 05 20:04:13 2020
elapsed time: 58 seconds (0d 0h 0m 58s)

