#
# A fatal error has been detected by the Java Runtime Environment:
#
#  EXCEPTION_ACCESS_VIOLATION (0xc0000005) at pc=0x00007ff862563c8e, pid=10176, tid=17884
#
# JRE version: Java(TM) SE Runtime Environment (8.0_51-b16) (build 1.8.0_51-b16)
# Java VM: Java HotSpot(TM) 64-Bit Server VM (25.51-b03 mixed mode windows-amd64 compressed oops)
# Problematic frame:
# C  [ig9icd64.dll+0x1a3c8e]
#
# Failed to write core dump. Minidumps are not enabled by default on client versions of Windows
#
# If you would like to submit a bug report, please visit:
#   http://bugreport.java.com/bugreport/crash.jsp
# The crash happened outside the Java Virtual Machine in native code.
# See problematic frame for where to report the bug.
#

---------------  T H R E A D  ---------------

Current thread (0x0000000002c1e800):  JavaThread "Render thread" [_thread_in_native, id=17884, stack(0x0000000002920000,0x0000000002a20000)]

siginfo: ExceptionCode=0xc0000005, reading address 0x0000000000000020

Registers:
RAX=0x000000005425f858, RBX=0x0000000000000010, RCX=0x0000000000000000, RDX=0x000000005425f7e0
RSP=0x0000000002a1cf20, RBP=0x00000000300203a0, RSI=0x00000000547aa610, RDI=0x0000000000000000
R8 =0x00000000300203a8, R9 =0x0000000000000008, R10=0x0000000053cd3a80, R11=0x0000000000000001
R12=0x000000002f54f6c0, R13=0x0000000053cd3a40, R14=0x0000000000000001, R15=0x0000000000000001
RIP=0x00007ff862563c8e, EFLAGS=0x0000000000010202

Top of Stack: (sp=0x0000000002a1cf20)
0x0000000002a1cf20:   0000000000000040 0000000000000000
0x0000000002a1cf30:   0000000000000012 0000000077351304
0x0000000002a1cf40:   0000000002c18f30 00007ff8d619c4de
0x0000000002a1cf50:   0000000000000000 0000010000000009
0x0000000002a1cf60:   0000000000000001 0000000000000007
0x0000000002a1cf70:   0000000053cd3a80 0000000000000000
0x0000000002a1cf80:   00000000547aa610 000000005425f858
0x0000000002a1cf90:   0000000000000100 0000000000760000
0x0000000002a1cfa0:   00000000007602ac 00007ff86256d17f
0x0000000002a1cfb0:   000000002f54f6c0 0000000000760cc0
0x0000000002a1cfc0:   0000000000000001 0000000053cd3a40
0x0000000002a1cfd0:   00000000300203a0 00007ff862569190
0x0000000002a1cfe0:   00007ff8625630b0 00007ff86256dff0
0x0000000002a1cff0:   0000000000000030 0000000002a1d0b9
0x0000000002a1d000:   0000000000be0000 00007ff8d619b997
0x0000000002a1d010:   0000000000760000 0000000000000000 

Instructions: (pc=0x00007ff862563c8e)
0x00007ff862563c6e:   2b c7 44 8b c8 49 8b 52 18 4d 8d 40 04 48 8d 5b
0x00007ff862563c7e:   08 48 8b 44 13 f8 48 8b 88 d8 00 00 00 48 8b 02
0x00007ff862563c8e:   0f 10 41 20 0f 10 11 0f 10 59 10 0f 10 49 30 0f
0x00007ff862563c9e:   29 84 24 10 01 00 00 f2 0f 10 41 40 48 8b 88 d8 


Register to memory mapping:

RAX=0x000000005425f858 is an unknown value
RBX=0x0000000000000010 is an unknown value
RCX=0x0000000000000000 is an unknown value
RDX=0x000000005425f7e0 is an unknown value
RSP=0x0000000002a1cf20 is pointing into the stack for thread: 0x0000000002c1e800
RBP=0x00000000300203a0 is an unknown value
RSI=0x00000000547aa610 is an unknown value
RDI=0x0000000000000000 is an unknown value
R8 =0x00000000300203a8 is an unknown value
R9 =0x0000000000000008 is an unknown value
R10=0x0000000053cd3a80 is an unknown value
R11=0x0000000000000001 is an unknown value
R12=0x000000002f54f6c0 is an unknown value
R13=0x0000000053cd3a40 is an unknown value
R14=0x0000000000000001 is an unknown value
R15=0x0000000000000001 is an unknown value


Stack: [0x0000000002920000,0x0000000002a20000],  sp=0x0000000002a1cf20,  free space=1011k
Native frames: (J=compiled Java code, j=interpreted, Vv=VM code, C=native code)
C  [ig9icd64.dll+0x1a3c8e]
C  [ig9icd64.dll+0x195a2e]
C  [ig9icd64.dll+0x19db6a]
C  [ig9icd64.dll+0x5273ab]
C  [ig9icd64.dll+0x19cb3c]
C  [ig9icd64.dll+0x1cfe65]
C  [ig9icd64.dll+0x1cdd7c]
C  [ig9icd64.dll+0x4067ac]
C  [ig9icd64.dll+0x988005]
C  0x0000000003bab08f

Java frames: (J=compiled Java code, j=interpreted, Vv=VM code)
J 7231  org.lwjgl.opengl.GL11C.glDrawArrays(III)V (0 bytes) @ 0x0000000003bab009 [0x0000000003baafc0+0x49]
J 9313 C2 dff.a(Ldfe;)V (54 bytes) @ 0x000000000411f3ec [0x000000000411ee60+0x58c]
J 9610 C1 eag.a(Ldfe;III)V (94 bytes) @ 0x00000000041d89ec [0x00000000041d8480+0x56c]
J 17392 C1 dzy$a.a(Leag;)V (58 bytes) @ 0x000000000410dccc [0x000000000410db20+0x1ac]
J 17401 C1 dzy$a.getBuffer(Leag;)Ldfn; (94 bytes) @ 0x00000000047ccd2c [0x00000000047ccba0+0x18c]
J 9638 C2 dkr$a.accept(ILob;I)Z (445 bytes) @ 0x000000000421b8fc [0x000000000421b4c0+0x43c]
J 9356 C1 afo.a(Lob;Laey;IC)Z (28 bytes) @ 0x0000000002e0482c [0x0000000002e04560+0x2cc]
j  afo.a(Ljava/lang/String;Lob;Laey;)Z+124
j  aex.b(Ljava/lang/String;Lob;Laey;)Z+3
j  aex$$Lambda$3070.accept(Laey;)Z+9
j  dkr.c(Laex;FFIZLb;Ldzy;ZII)F+27
J 9761 C1 dkr.b(Laex;FFIZLb;Ldzy;ZII)I (83 bytes) @ 0x00000000042aeb3c [0x00000000042ae6c0+0x47c]
J 9684 C1 dkr.a(Laex;FFILb;Z)I (40 bytes) @ 0x00000000042536dc [0x0000000004252fc0+0x71c]
j  dkr.b(Ldfj;Lnr;FFI)I+23
j  dks.a(Ldfj;F)V+833
J 8360 C1 dzr.a(FJZ)V (1153 bytes) @ 0x0000000003e941d4 [0x0000000003e87bc0+0xc614]
J 8251 C1 djw.e(Z)V (946 bytes) @ 0x0000000003e7288c [0x0000000003e6d960+0x4f2c]
j  djw.e()V+68
j  net.minecraft.client.main.Main.main([Ljava/lang/String;)V+1366
v  ~StubRoutines::call_stub
j  sun.reflect.NativeMethodAccessorImpl.invoke0(Ljava/lang/reflect/Method;Ljava/lang/Object;[Ljava/lang/Object;)Ljava/lang/Object;+0
j  sun.reflect.NativeMethodAccessorImpl.invoke(Ljava/lang/Object;[Ljava/lang/Object;)Ljava/lang/Object;+100
j  sun.reflect.DelegatingMethodAccessorImpl.invoke(Ljava/lang/Object;[Ljava/lang/Object;)Ljava/lang/Object;+6
j  java.lang.reflect.Method.invoke(Ljava/lang/Object;[Ljava/lang/Object;)Ljava/lang/Object;+56
j  net.minecraft.launchwrapper.Launch.launch([Ljava/lang/String;)V+661
j  net.minecraft.launchwrapper.Launch.main([Ljava/lang/String;)V+8
v  ~StubRoutines::call_stub

---------------  P R O C E S S  ---------------

Java Threads: ( => current thread )
  0x00000000226fc000 JavaThread "IO-Worker-21" [_thread_blocked, id=11732, stack(0x0000000033180000,0x0000000033280000)]
  0x000000002289c800 JavaThread "Sound engine" daemon [_thread_blocked, id=15860, stack(0x00000000408d0000,0x00000000409d0000)]
  0x00000000228a3800 JavaThread "Netty Server IO #1" daemon [_thread_in_native, id=3696, stack(0x000000003fc20000,0x000000003fd20000)]
  0x000000002289b800 JavaThread "Netty Local Client IO #0" daemon [_thread_blocked, id=17416, stack(0x000000003f9d0000,0x000000003fad0000)]
  0x00000000228a1000 JavaThread "Keep-Alive-Timer" daemon [_thread_blocked, id=7972, stack(0x0000000023ac0000,0x0000000023bc0000)]
  0x000000002289f800 JavaThread "Netty Server IO #0" daemon [_thread_in_native, id=16168, stack(0x000000003f1e0000,0x000000003f2e0000)]
  0x000000002289e000 JavaThread "ObjectCleanerThread" daemon [_thread_blocked, id=11468, stack(0x000000003e8b0000,0x000000003e9b0000)]
  0x00000000228a0000 JavaThread "IO-Worker-20" [_thread_blocked, id=8560, stack(0x000000003e3b0000,0x000000003e4b0000)]
  0x00000000228a2800 JavaThread "IO-Worker-19" [_thread_blocked, id=14604, stack(0x000000003de80000,0x000000003df80000)]
  0x00000000228a1800 JavaThread "Server thread" [_thread_blocked, id=5272, stack(0x000000003db80000,0x000000003dc80000)]
  0x0000000022895800 JavaThread "Snooper Timer" daemon [_thread_blocked, id=3820, stack(0x0000000031b20000,0x0000000031c20000)]
  0x0000000022898800 JavaThread "Worker-Main-18" daemon [_thread_blocked, id=15512, stack(0x00000000237c0000,0x00000000238c0000)]
  0x0000000022899800 JavaThread "Worker-Main-17" daemon [_thread_in_native, id=13624, stack(0x0000000033080000,0x0000000033180000)]
  0x0000000022898000 JavaThread "Worker-Main-16" daemon [_thread_in_native, id=15704, stack(0x0000000031a20000,0x0000000031b20000)]
  0x0000000022895000 JavaThread "Worker-Main-15" daemon [_thread_blocked, id=6268, stack(0x000000001ed30000,0x000000001ee30000)]
  0x0000000022894000 JavaThread "Java2D Disposer" daemon [_thread_blocked, id=12692, stack(0x000000003e1b0000,0x000000003e2b0000)]
  0x000000002289a000 JavaThread "pool-3-thread-3" [_thread_blocked, id=17812, stack(0x0000000041140000,0x0000000041240000)]
  0x000000002289b000 JavaThread "pool-3-thread-2" [_thread_blocked, id=860, stack(0x0000000041040000,0x0000000041140000)]
  0x0000000022897000 JavaThread "pool-3-thread-1" [_thread_blocked, id=12904, stack(0x0000000040f40000,0x0000000041040000)]
  0x0000000022896800 JavaThread "Worker-Main-14" daemon [_thread_in_native, id=15640, stack(0x0000000034080000,0x0000000034180000)]
  0x00000000226fb800 JavaThread "Worker-Main-12" daemon [_thread_in_Java, id=4724, stack(0x0000000033ec0000,0x0000000033fc0000)]
  0x00000000226f8800 JavaThread "Worker-Main-13" daemon [_thread_blocked, id=5028, stack(0x0000000033480000,0x0000000033580000)]
  0x00000000226f9000 JavaThread "Narrator" [_thread_blocked, id=13764, stack(0x0000000032b50000,0x0000000032c50000)]
  0x0000000021604000 JavaThread "Snooper Timer" daemon [_thread_blocked, id=18412, stack(0x0000000025870000,0x0000000025970000)]
  0x000000001e6dd000 JavaThread "Timer hack thread" daemon [_thread_blocked, id=5232, stack(0x0000000024750000,0x0000000024850000)]
  0x0000000021d9a000 JavaThread "Worker-Bootstrap-7" daemon [_thread_blocked, id=16512, stack(0x0000000023bc0000,0x0000000023cc0000)]
  0x0000000021d27800 JavaThread "Worker-Bootstrap-4" daemon [_thread_blocked, id=17752, stack(0x00000000238c0000,0x00000000239c0000)]
  0x00000000201ca000 JavaThread "Worker-Bootstrap-2" daemon [_thread_blocked, id=1936, stack(0x0000000020e20000,0x0000000020f20000)]
  0x000000001c9b7800 JavaThread "Service Thread" daemon [_thread_blocked, id=17452, stack(0x000000001db60000,0x000000001dc60000)]
  0x000000001c983000 JavaThread "C1 CompilerThread3" daemon [_thread_blocked, id=14092, stack(0x000000001da60000,0x000000001db60000)]
  0x000000001c97a000 JavaThread "C2 CompilerThread2" daemon [_thread_in_native, id=3608, stack(0x000000001d960000,0x000000001da60000)]
  0x000000001c976000 JavaThread "C2 CompilerThread1" daemon [_thread_in_native, id=7780, stack(0x000000001d860000,0x000000001d960000)]
  0x000000001c92c000 JavaThread "C2 CompilerThread0" daemon [_thread_blocked, id=16300, stack(0x000000001d760000,0x000000001d860000)]
  0x000000001c92b800 JavaThread "Attach Listener" daemon [_thread_blocked, id=4892, stack(0x000000001d660000,0x000000001d760000)]
  0x000000001c92a800 JavaThread "Signal Dispatcher" daemon [_thread_blocked, id=9424, stack(0x000000001d560000,0x000000001d660000)]
  0x000000001c929800 JavaThread "Surrogate Locker Thread (Concurrent GC)" daemon [_thread_blocked, id=2148, stack(0x000000001d460000,0x000000001d560000)]
  0x000000001c916800 JavaThread "Finalizer" daemon [_thread_blocked, id=3612, stack(0x000000001d260000,0x000000001d360000)]
  0x000000001c910800 JavaThread "Reference Handler" daemon [_thread_blocked, id=15464, stack(0x000000001d160000,0x000000001d260000)]
=>0x0000000002c1e800 JavaThread "Render thread" [_thread_in_native, id=17884, stack(0x0000000002920000,0x0000000002a20000)]

Other Threads:
  0x000000001c8dd000 VMThread [stack: 0x000000001d060000,0x000000001d160000] [id=8376]
  0x000000001c9bb000 WatcherThread [stack: 0x000000001dc60000,0x000000001dd60000] [id=17492]

VM state:not at safepoint (normal execution)

VM Mutex/Monitor currently owned by a thread: None

Heap:
 garbage-first heap   total 1933312K, used 937061K [0x0000000080000000, 0x00000000820001d8, 0x0000000100000000)
  region size 32768K, 11 young (360448K), 2 survivors (65536K)
 Metaspace       used 79258K, capacity 89595K, committed 89804K, reserved 1126400K
  class space    used 11146K, capacity 13546K, committed 13568K, reserved 1048576K

Heap Regions: (Y=young(eden), SU=young(survivor), HS=humongous(starts), HC=humongous(continues), CS=collection set, F=free, TS=gc time stamp, PTAMS=previous top-at-mark-start, NTAMS=next top-at-mark-start)
AC   0  O    TS     0 PTAMS 0x0000000082000000 NTAMS 0x0000000082000000 space 32768K, 100% used [0x0000000080000000, 0x0000000082000000)
AC   0  O    TS     0 PTAMS 0x0000000084000000 NTAMS 0x0000000084000000 space 32768K, 100% used [0x0000000082000000, 0x0000000084000000)
AC   0  O    TS     0 PTAMS 0x0000000086000000 NTAMS 0x0000000086000000 space 32768K, 100% used [0x0000000084000000, 0x0000000086000000)
AC   0  O    TS     0 PTAMS 0x0000000088000000 NTAMS 0x0000000088000000 space 32768K, 100% used [0x0000000086000000, 0x0000000088000000)
AC   0  O    TS     0 PTAMS 0x000000008a000000 NTAMS 0x000000008a000000 space 32768K, 100% used [0x0000000088000000, 0x000000008a000000)
AC   0  O    TS     0 PTAMS 0x000000008c000000 NTAMS 0x000000008c000000 space 32768K, 100% used [0x000000008a000000, 0x000000008c000000)
AC   0  O    TS     0 PTAMS 0x000000008e000000 NTAMS 0x000000008e000000 space 32768K, 100% used [0x000000008c000000, 0x000000008e000000)
AC   0  O    TS     0 PTAMS 0x0000000090000000 NTAMS 0x0000000090000000 space 32768K, 100% used [0x000000008e000000, 0x0000000090000000)
AC   0  O    TS     5 PTAMS 0x0000000090000000 NTAMS 0x0000000090000000 space 32768K, 100% used [0x0000000090000000, 0x0000000092000000)
AC   0  O    TS     1 PTAMS 0x0000000093540a00 NTAMS 0x0000000093540a00 space 32768K, 100% used [0x0000000092000000, 0x0000000094000000)
AC   0  O    TS     1 PTAMS 0x0000000094000000 NTAMS 0x0000000094000000 space 32768K, 100% used [0x0000000094000000, 0x0000000096000000)
AC   0  O    TS     3 PTAMS 0x0000000096000000 NTAMS 0x0000000096000000 space 32768K, 100% used [0x0000000096000000, 0x0000000098000000)
AC   0  O    TS     3 PTAMS 0x0000000098000000 NTAMS 0x0000000098000000 space 32768K, 100% used [0x0000000098000000, 0x000000009a000000)
AC   0  O    TS     3 PTAMS 0x000000009a000000 NTAMS 0x000000009a000000 space 32768K, 100% used [0x000000009a000000, 0x000000009c000000)
AC   0  O    TS     5 PTAMS 0x000000009c000000 NTAMS 0x000000009c000000 space 32768K, 100% used [0x000000009c000000, 0x000000009e000000)
AC   0  O    TS     5 PTAMS 0x000000009e000000 NTAMS 0x000000009e000000 space 32768K, 100% used [0x000000009e000000, 0x00000000a0000000)
AC   0  O    TS     5 PTAMS 0x00000000a0000000 NTAMS 0x00000000a0000000 space 32768K, 100% used [0x00000000a0000000, 0x00000000a2000000)
AC   0  O    TS     5 PTAMS 0x00000000a2000000 NTAMS 0x00000000a2000000 space 32768K, 100% used [0x00000000a2000000, 0x00000000a4000000)
AC   0  O    TS     5 PTAMS 0x00000000a4000000 NTAMS 0x00000000a4000000 space 32768K,  59% used [0x00000000a4000000, 0x00000000a6000000)
AC   0  F    TS     0 PTAMS 0x00000000a6000000 NTAMS 0x00000000a6000000 space 32768K,   0% used [0x00000000a6000000, 0x00000000a8000000)
AC   0  F    TS     0 PTAMS 0x00000000a8000000 NTAMS 0x00000000a8000000 space 32768K,   0% used [0x00000000a8000000, 0x00000000aa000000)
AC   0  F    TS     0 PTAMS 0x00000000aa000000 NTAMS 0x00000000aa000000 space 32768K,   0% used [0x00000000aa000000, 0x00000000ac000000)
AC   0  F    TS     0 PTAMS 0x00000000ac000000 NTAMS 0x00000000ac000000 space 32768K,   0% used [0x00000000ac000000, 0x00000000ae000000)
AC   0  F    TS     0 PTAMS 0x00000000ae000000 NTAMS 0x00000000ae000000 space 32768K,   0% used [0x00000000ae000000, 0x00000000b0000000)
AC   0  F    TS     0 PTAMS 0x00000000b0000000 NTAMS 0x00000000b0000000 space 32768K,   0% used [0x00000000b0000000, 0x00000000b2000000)
AC   0  F    TS     0 PTAMS 0x00000000b2000000 NTAMS 0x00000000b2000000 space 32768K,   0% used [0x00000000b2000000, 0x00000000b4000000)
AC   0  F    TS     0 PTAMS 0x00000000b4000000 NTAMS 0x00000000b4000000 space 32768K,   0% used [0x00000000b4000000, 0x00000000b6000000)
AC   0  F    TS     0 PTAMS 0x00000000b6000000 NTAMS 0x00000000b6000000 space 32768K,   0% used [0x00000000b6000000, 0x00000000b8000000)
AC   0  F    TS     0 PTAMS 0x00000000b8000000 NTAMS 0x00000000b8000000 space 32768K,   0% used [0x00000000b8000000, 0x00000000ba000000)
AC   0  F    TS     0 PTAMS 0x00000000ba000000 NTAMS 0x00000000ba000000 space 32768K,   0% used [0x00000000ba000000, 0x00000000bc000000)
AC   0  F    TS     0 PTAMS 0x00000000bc000000 NTAMS 0x00000000bc000000 space 32768K,   0% used [0x00000000bc000000, 0x00000000be000000)
AC   0  F    TS     0 PTAMS 0x00000000be000000 NTAMS 0x00000000be000000 space 32768K,   0% used [0x00000000be000000, 0x00000000c0000000)
AC   0  F    TS     0 PTAMS 0x00000000c0000000 NTAMS 0x00000000c0000000 space 32768K,   0% used [0x00000000c0000000, 0x00000000c2000000)
AC   0  F    TS     0 PTAMS 0x00000000c2000000 NTAMS 0x00000000c2000000 space 32768K,   0% used [0x00000000c2000000, 0x00000000c4000000)
AC   0  F    TS     0 PTAMS 0x00000000c4000000 NTAMS 0x00000000c4000000 space 32768K,   0% used [0x00000000c4000000, 0x00000000c6000000)
AC   0  F    TS     0 PTAMS 0x00000000c6000000 NTAMS 0x00000000c6000000 space 32768K,   0% used [0x00000000c6000000, 0x00000000c8000000)
AC   0  F    TS     0 PTAMS 0x00000000c8000000 NTAMS 0x00000000c8000000 space 32768K,   0% used [0x00000000c8000000, 0x00000000ca000000)
AC   0  F    TS     0 PTAMS 0x00000000ca000000 NTAMS 0x00000000ca000000 space 32768K,   0% used [0x00000000ca000000, 0x00000000cc000000)
AC   0  F    TS     0 PTAMS 0x00000000cc000000 NTAMS 0x00000000cc000000 space 32768K,   0% used [0x00000000cc000000, 0x00000000ce000000)
AC   0  F    TS     0 PTAMS 0x00000000ce000000 NTAMS 0x00000000ce000000 space 32768K,   0% used [0x00000000ce000000, 0x00000000d0000000)
AC   0  F    TS     0 PTAMS 0x00000000d0000000 NTAMS 0x00000000d0000000 space 32768K,   0% used [0x00000000d0000000, 0x00000000d2000000)
AC   0  F    TS     0 PTAMS 0x00000000d2000000 NTAMS 0x00000000d2000000 space 32768K,   0% used [0x00000000d2000000, 0x00000000d4000000)
AC   0  F    TS     0 PTAMS 0x00000000d4000000 NTAMS 0x00000000d4000000 space 32768K,   0% used [0x00000000d4000000, 0x00000000d6000000)
AC   0  F    TS     0 PTAMS 0x00000000d6000000 NTAMS 0x00000000d6000000 space 32768K,   0% used [0x00000000d6000000, 0x00000000d8000000)
AC   0  F    TS     0 PTAMS 0x00000000d8000000 NTAMS 0x00000000d8000000 space 32768K,   0% used [0x00000000d8000000, 0x00000000da000000)
AC   0  F    TS     0 PTAMS 0x00000000da000000 NTAMS 0x00000000da000000 space 32768K,   0% used [0x00000000da000000, 0x00000000dc000000)
AC   0  F    TS     3 PTAMS 0x00000000dc000000 NTAMS 0x00000000dc000000 space 32768K,   0% used [0x00000000dc000000, 0x00000000de000000)
AC   0  F    TS     3 PTAMS 0x00000000de000000 NTAMS 0x00000000de000000 space 32768K,   0% used [0x00000000de000000, 0x00000000e0000000)
AC   0  S CS TS     5 PTAMS 0x00000000e0000000 NTAMS 0x00000000e0000000 space 32768K, 100% used [0x00000000e0000000, 0x00000000e2000000)
AC   0  S CS TS     5 PTAMS 0x00000000e2000000 NTAMS 0x00000000e2000000 space 32768K, 100% used [0x00000000e2000000, 0x00000000e4000000)
AC   0  E    TS     1 PTAMS 0x00000000e4000000 NTAMS 0x00000000e4000000 space 32768K,  39% used [0x00000000e4000000, 0x00000000e6000000)
AC   0  E CS TS     1 PTAMS 0x00000000e6000000 NTAMS 0x00000000e6000000 space 32768K, 100% used [0x00000000e6000000, 0x00000000e8000000)
AC   0  E CS TS     0 PTAMS 0x00000000e8000000 NTAMS 0x00000000e8000000 space 32768K, 100% used [0x00000000e8000000, 0x00000000ea000000)
AC   0  E CS TS     0 PTAMS 0x00000000ea000000 NTAMS 0x00000000ea000000 space 32768K, 100% used [0x00000000ea000000, 0x00000000ec000000)
AC   0  E CS TS     0 PTAMS 0x00000000ec000000 NTAMS 0x00000000ec000000 space 32768K, 100% used [0x00000000ec000000, 0x00000000ee000000)
AC   0  E CS TS     0 PTAMS 0x00000000ee000000 NTAMS 0x00000000ee000000 space 32768K, 100% used [0x00000000ee000000, 0x00000000f0000000)
AC   0  E CS TS     0 PTAMS 0x00000000f0000000 NTAMS 0x00000000f0000000 space 32768K, 100% used [0x00000000f0000000, 0x00000000f2000000)
AC   0  E CS TS     0 PTAMS 0x00000000f2000000 NTAMS 0x00000000f2000000 space 32768K, 100% used [0x00000000f2000000, 0x00000000f4000000)
AC   0  E CS TS     0 PTAMS 0x00000000f4000000 NTAMS 0x00000000f4000000 space 32768K, 100% used [0x00000000f4000000, 0x00000000f6000000)

Card table byte_map: [0x0000000014390000,0x0000000014790000] byte_map_base: 0x0000000013f90000

Marking Bits (Prev, Next): (CMBitMap*) 0x0000000002a8d070, (CMBitMap*) 0x0000000002a8d018
 Prev Bits: [0x0000000016b90000, 0x0000000018b90000)
 Next Bits: [0x0000000014b90000, 0x0000000016b90000)

Polling page: 0x00000000007f0000

CodeCache: size=245760Kb used=38453Kb max_used=38453Kb free=207306Kb
 bounds [0x0000000002c20000, 0x0000000005220000, 0x0000000011c20000]
 total_blobs=14471 nmethods=12759 adapters=1618
 compilation: enabled

Compilation events (10 events):
Event: 50.259 Thread 0x000000001c983000 17398       2       java.nio.DirectFloatBufferU::put (269 bytes)
Event: 50.260 Thread 0x000000001c983000 nmethod 17398 0x00000000047cdfd0 code [0x00000000047ce1a0, 0x00000000047ce6f8]
Event: 50.260 Thread 0x000000001c983000 17399       2       it.unimi.dsi.fastutil.objects.Object2ObjectLinkedOpenHashMap$MapIterator::nextEntry (70 bytes)
Event: 50.260 Thread 0x000000001c983000 nmethod 17399 0x00000000047cda90 code [0x00000000047cdc00, 0x00000000047cde68]
Event: 50.260 Thread 0x000000001c983000 17400       2       it.unimi.dsi.fastutil.objects.Object2ObjectLinkedOpenHashMap::get (116 bytes)
Event: 50.263 Thread 0x000000001c983000 nmethod 17400 0x00000000047cd1d0 code [0x00000000047cd380, 0x00000000047cd748]
Event: 50.265 Thread 0x000000001c983000 17401       2       dzy$a::getBuffer (94 bytes)
Event: 50.266 Thread 0x000000001c983000 nmethod 17401 0x00000000047cc9d0 code [0x00000000047ccba0, 0x00000000047ccfa8]
Event: 50.275 Thread 0x000000001c983000 17403       1       cff::a (5 bytes)
Event: 50.275 Thread 0x000000001c983000 nmethod 17403 0x00000000047cc710 code [0x00000000047cc860, 0x00000000047cc970]

GC Heap History (10 events):
Event: 30.924 GC heap before
{Heap before GC invocations=85 (full 0):
 garbage-first heap   total 1933312K, used 813432K [0x0000000080000000, 0x00000000820001d8, 0x0000000100000000)
  region size 32768K, 17 young (557056K), 3 survivors (98304K)
 Metaspace       used 59457K, capacity 64969K, committed 65024K, reserved 1103872K
  class space    used 8264K, capacity 9738K, committed 9780K, reserved 1048576K
Event: 30.965 GC heap after
Heap after GC invocations=86 (full 0):
 garbage-first heap   total 1933312K, used 390148K [0x0000000080000000, 0x00000000820001d8, 0x0000000100000000)
  region size 32768K, 3 young (98304K), 3 survivors (98304K)
 Metaspace       used 59457K, capacity 64969K, committed 65024K, reserved 1103872K
  class space    used 8264K, capacity 9738K, committed 9780K, reserved 1048576K
}
Event: 43.842 GC heap before
{Heap before GC invocations=87 (full 0):
 garbage-first heap   total 1933312K, used 1405956K [0x0000000080000000, 0x00000000820001d8, 0x0000000100000000)
  region size 32768K, 34 young (1114112K), 3 survivors (98304K)
 Metaspace       used 66229K, capacity 74013K, committed 74316K, reserved 1112064K
  class space    used 9377K, capacity 11314K, committed 11392K, reserved 1048576K
Event: 43.911 GC heap after
Heap after GC invocations=88 (full 0):
 garbage-first heap   total 1933312K, used 439537K [0x0000000080000000, 0x00000000820001d8, 0x0000000100000000)
  region size 32768K, 4 young (131072K), 4 survivors (131072K)
 Metaspace       used 66229K, capacity 74013K, committed 74316K, reserved 1112064K
  class space    used 9377K, capacity 11314K, committed 11392K, reserved 1048576K
}
Event: 45.559 GC heap before
{Heap before GC invocations=89 (full 0):
 garbage-first heap   total 1933312K, used 668913K [0x0000000080000000, 0x00000000820001d8, 0x0000000100000000)
  region size 32768K, 11 young (360448K), 4 survivors (131072K)
 Metaspace       used 70079K, capacity 78665K, committed 78796K, reserved 1116160K
  class space    used 9872K, capacity 11959K, committed 12032K, reserved 1048576K
Event: 45.627 GC heap after
Heap after GC invocations=90 (full 0):
 garbage-first heap   total 1933312K, used 454528K [0x0000000080000000, 0x00000000820001d8, 0x0000000100000000)
  region size 32768K, 2 young (65536K), 2 survivors (65536K)
 Metaspace       used 70079K, capacity 78665K, committed 78796K, reserved 1116160K
  class space    used 9872K, capacity 11959K, committed 12032K, reserved 1048576K
}
Event: 48.317 GC heap before
{Heap before GC invocations=90 (full 0):
 garbage-first heap   total 1933312K, used 749440K [0x0000000080000000, 0x00000000820001d8, 0x0000000100000000)
  region size 32768K, 11 young (360448K), 2 survivors (65536K)
 Metaspace       used 78082K, capacity 88147K, committed 88268K, reserved 1124352K
  class space    used 10980K, capacity 13308K, committed 13312K, reserved 1048576K
Event: 48.386 GC heap after
Heap after GC invocations=91 (full 0):
 garbage-first heap   total 1933312K, used 519482K [0x0000000080000000, 0x00000000820001d8, 0x0000000100000000)
  region size 32768K, 2 young (65536K), 2 survivors (65536K)
 Metaspace       used 78082K, capacity 88147K, committed 88268K, reserved 1124352K
  class space    used 10980K, capacity 13308K, committed 13312K, reserved 1048576K
}
Event: 49.747 GC heap before
{Heap before GC invocations=91 (full 0):
 garbage-first heap   total 1933312K, used 814394K [0x0000000080000000, 0x00000000820001d8, 0x0000000100000000)
  region size 32768K, 11 young (360448K), 2 survivors (65536K)
 Metaspace       used 78842K, capacity 89107K, committed 89292K, reserved 1124352K
  class space    used 11078K, capacity 13476K, committed 13568K, reserved 1048576K
Event: 49.851 GC heap after
Heap after GC invocations=92 (full 0):
 garbage-first heap   total 1933312K, used 674917K [0x0000000080000000, 0x00000000820001d8, 0x0000000100000000)
  region size 32768K, 2 young (65536K), 2 survivors (65536K)
 Metaspace       used 78842K, capacity 89107K, committed 89292K, reserved 1124352K
  class space    used 11078K, capacity 13476K, committed 13568K, reserved 1048576K
}

Deoptimization events (10 events):
Event: 50.171 Thread 0x0000000002c1e800 Uncommon trap: reason=class_check action=maybe_recompile pc=0x0000000003cebd64 method=dzy$a.b(Leag;)Ldfe; @ 9
Event: 50.171 Thread 0x0000000002c1e800 Uncommon trap: reason=bimorphic action=maybe_recompile pc=0x0000000004e546d8 method=java.util.Map.getOrDefault(Ljava/lang/Object;Ljava/lang/Object;)Ljava/lang/Object; @ 2
Event: 50.173 Thread 0x0000000002c1e800 Uncommon trap: reason=unstable_if action=reinterpret pc=0x0000000003c26080 method=java.nio.Buffer.limit(I)Ljava/nio/Buffer; @ 33
Event: 50.175 Thread 0x0000000002c1e800 Uncommon trap: reason=unstable_if action=reinterpret pc=0x00000000034649d0 method=eaf$l.lambda$new$0(Z)V @ 1
Event: 50.251 Thread 0x0000000002c1e800 Uncommon trap: reason=class_check action=maybe_recompile pc=0x0000000004151738 method=dzy$a.b(Leag;)Ldfe; @ 9
Event: 50.281 Thread 0x0000000002c1e800 Uncommon trap: reason=unstable_if action=reinterpret pc=0x0000000004f6185c method=of.d(Ljava/lang/String;)V @ 183
Event: 50.281 Thread 0x0000000002c1e800 Uncommon trap: reason=unstable_if action=reinterpret pc=0x0000000003dfb070 method=java.lang.Character.isSurrogate(C)Z @ 3
Event: 50.282 Thread 0x0000000002c1e800 Uncommon trap: reason=bimorphic action=maybe_recompile pc=0x000000000421c19c method=dkr$a.accept(ILob;I)Z @ 273
Event: 50.283 Thread 0x0000000002c1e800 Uncommon trap: reason=bimorphic action=maybe_recompile pc=0x000000000421c19c method=dkr$a.accept(ILob;I)Z @ 273
Event: 50.283 Thread 0x0000000002c1e800 Uncommon trap: reason=bimorphic action=maybe_recompile pc=0x000000000421c19c method=dkr$a.accept(ILob;I)Z @ 273

Internal exceptions (10 events):
Event: 49.325 Thread 0x00000000228a2800 Exception <a 'sun/nio/fs/WindowsException'> (0x00000000ebed4760) thrown at [C:\re\workspace\8-2-build-windows-amd64-cygwin\jdk8u51\3951\hotspot\src\share\vm\prims\jni.cpp, line 709]
Event: 49.326 Thread 0x00000000226fc000 Exception <a 'sun/nio/fs/WindowsException'> (0x00000000e8037658) thrown at [C:\re\workspace\8-2-build-windows-amd64-cygwin\jdk8u51\3951\hotspot\src\share\vm\prims\jni.cpp, line 709]
Event: 49.326 Thread 0x00000000228a2800 Exception <a 'sun/nio/fs/WindowsException'> (0x00000000e80d5670) thrown at [C:\re\workspace\8-2-build-windows-amd64-cygwin\jdk8u51\3951\hotspot\src\share\vm\prims\jni.cpp, line 709]
Event: 49.327 Thread 0x00000000226fc000 Exception <a 'sun/nio/fs/WindowsException'> (0x00000000e803c738) thrown at [C:\re\workspace\8-2-build-windows-amd64-cygwin\jdk8u51\3951\hotspot\src\share\vm\prims\jni.cpp, line 709]
Event: 49.329 Thread 0x00000000228a2800 Exception <a 'sun/nio/fs/WindowsException'> (0x00000000e80da750) thrown at [C:\re\workspace\8-2-build-windows-amd64-cygwin\jdk8u51\3951\hotspot\src\share\vm\prims\jni.cpp, line 709]
Event: 49.330 Thread 0x00000000226fc000 Exception <a 'sun/nio/fs/WindowsException'> (0x00000000e80418f8) thrown at [C:\re\workspace\8-2-build-windows-amd64-cygwin\jdk8u51\3951\hotspot\src\share\vm\prims\jni.cpp, line 709]
Event: 49.852 Thread 0x00000000226fa000 Exception <a 'java/lang/InterruptedException'> (0x00000000f43a4628) thrown at [C:\re\workspace\8-2-build-windows-amd64-cygwin\jdk8u51\3951\hotspot\src\share\vm\runtime\objectMonitor.cpp, line 1494]
Event: 49.852 Thread 0x000000002289e800 Exception <a 'java/lang/InterruptedException'> (0x00000000f44686f8) thrown at [C:\re\workspace\8-2-build-windows-amd64-cygwin\jdk8u51\3951\hotspot\src\share\vm\runtime\objectMonitor.cpp, line 1683]
Event: 50.133 Thread 0x0000000002c1e800 Exception <a 'java/lang/NoSuchMethodError': java.lang.Object.a(Lob;ILaey;)Z> (0x00000000f0c9dae8) thrown at [C:\re\workspace\8-2-build-windows-amd64-cygwin\jdk8u51\3951\hotspot\src\share\vm\interpreter\linkResolver.cpp, line 582]
Event: 50.135 Thread 0x0000000002c1e800 Exception <a 'java/lang/NoSuchMethodError': java.lang.Object.a(Ljava/util/List;Laey;)Z> (0x00000000f0ca7010) thrown at [C:\re\workspace\8-2-build-windows-amd64-cygwin\jdk8u51\3951\hotspot\src\share\vm\interpreter\linkResolver.cpp, line 582]

Events (10 events):
Event: 50.281 Thread 0x0000000002c1e800 DEOPT UNPACKING pc=0x0000000002c6582a sp=0x0000000002a1d8b8 mode 2
Event: 50.282 Thread 0x0000000002c1e800 Uncommon trap: trap_request=0xffffffc6 fr.pc=0x000000000421c19c
Event: 50.282 Thread 0x0000000002c1e800 DEOPT PACKING pc=0x000000000421c19c sp=0x0000000002a1d850
Event: 50.283 Thread 0x0000000002c1e800 DEOPT UNPACKING pc=0x0000000002c6582a sp=0x0000000002a1d830 mode 2
Event: 50.283 Thread 0x0000000002c1e800 Uncommon trap: trap_request=0xffffffc6 fr.pc=0x000000000421c19c
Event: 50.283 Thread 0x0000000002c1e800 DEOPT PACKING pc=0x000000000421c19c sp=0x0000000002a1d860
Event: 50.283 Thread 0x0000000002c1e800 DEOPT UNPACKING pc=0x0000000002c6582a sp=0x0000000002a1d820 mode 2
Event: 50.283 Thread 0x0000000002c1e800 Uncommon trap: trap_request=0xffffffc6 fr.pc=0x000000000421c19c
Event: 50.283 Thread 0x0000000002c1e800 DEOPT PACKING pc=0x000000000421c19c sp=0x0000000002a1d860
Event: 50.283 Thread 0x0000000002c1e800 DEOPT UNPACKING pc=0x0000000002c6582a sp=0x0000000002a1d820 mode 2


Dynamic libraries:
0x00007ff6cc180000 - 0x00007ff6cc1b7000 	C:\Program Files (x86)\Minecraft Launcher\runtime\jre-x64\bin\javaw.exe
0x00007ff8d6160000 - 0x00007ff8d6350000 	C:\Windows\SYSTEM32\ntdll.dll
0x00007ff8d6060000 - 0x00007ff8d6112000 	C:\Windows\System32\KERNEL32.DLL
0x00007ff8d3140000 - 0x00007ff8d33e4000 	C:\Windows\System32\KERNELBASE.dll
0x00007ff8d5860000 - 0x00007ff8d5903000 	C:\Windows\System32\ADVAPI32.dll
0x00007ff8d4eb0000 - 0x00007ff8d4f4e000 	C:\Windows\System32\msvcrt.dll
0x00007ff8d4210000 - 0x00007ff8d42a7000 	C:\Windows\System32\sechost.dll
0x00007ff8d5740000 - 0x00007ff8d5860000 	C:\Windows\System32\RPCRT4.dll
0x00007ff8d43f0000 - 0x00007ff8d4585000 	C:\Windows\System32\USER32.dll
0x00007ff8d35e0000 - 0x00007ff8d3601000 	C:\Windows\System32\win32u.dll
0x00007ff8d4660000 - 0x00007ff8d4686000 	C:\Windows\System32\GDI32.dll
0x00007ff8d3440000 - 0x00007ff8d35d6000 	C:\Windows\System32\gdi32full.dll
0x00007ff8d3f40000 - 0x00007ff8d3fde000 	C:\Windows\System32\msvcp_win.dll
0x00007ff8d3fe0000 - 0x00007ff8d40da000 	C:\Windows\System32\ucrtbase.dll
0x00007ff8c3580000 - 0x00007ff8c3804000 	C:\Windows\WinSxS\amd64_microsoft.windows.common-controls_6595b64144ccf1df_6.0.18362.1016_none_9e7a36bbe461dae4\COMCTL32.dll
0x00007ff8d5400000 - 0x00007ff8d5735000 	C:\Windows\System32\combase.dll
0x00007ff8d4190000 - 0x00007ff8d4210000 	C:\Windows\System32\bcryptPrimitives.dll
0x00007ff8d5000000 - 0x00007ff8d502e000 	C:\Windows\System32\IMM32.DLL
0x0000000050550000 - 0x0000000050622000 	C:\Program Files (x86)\Minecraft Launcher\runtime\jre-x64\bin\msvcr100.dll
0x0000000077150000 - 0x00000000779d3000 	C:\Program Files (x86)\Minecraft Launcher\runtime\jre-x64\bin\server\jvm.dll
0x00007ff8d5030000 - 0x00007ff8d5038000 	C:\Windows\System32\PSAPI.DLL
0x00007ff8d0d60000 - 0x00007ff8d0d84000 	C:\Windows\SYSTEM32\WINMM.dll
0x00007ff8b55a0000 - 0x00007ff8b55a9000 	C:\Windows\SYSTEM32\WSOCK32.dll
0x00007ff8c6100000 - 0x00007ff8c610a000 	C:\Windows\SYSTEM32\VERSION.dll
0x00007ff8d51e0000 - 0x00007ff8d524f000 	C:\Windows\System32\WS2_32.dll
0x00007ff8d0bb0000 - 0x00007ff8d0bdd000 	C:\Windows\SYSTEM32\WINMMBASE.dll
0x00007ff8d33f0000 - 0x00007ff8d343a000 	C:\Windows\System32\cfgmgr32.dll
0x0000000050b00000 - 0x0000000050b0f000 	C:\Program Files (x86)\Minecraft Launcher\runtime\jre-x64\bin\verify.dll
0x0000000050ad0000 - 0x0000000050af9000 	C:\Program Files (x86)\Minecraft Launcher\runtime\jre-x64\bin\java.dll
0x0000000050ab0000 - 0x0000000050ac6000 	C:\Program Files (x86)\Minecraft Launcher\runtime\jre-x64\bin\zip.dll
0x00007ff8d5970000 - 0x00007ff8d6057000 	C:\Windows\System32\SHELL32.dll
0x00007ff8d45b0000 - 0x00007ff8d4659000 	C:\Windows\System32\shcore.dll
0x00007ff8d3660000 - 0x00007ff8d3de2000 	C:\Windows\System32\windows.storage.dll
0x00007ff8d3040000 - 0x00007ff8d3063000 	C:\Windows\System32\profapi.dll
0x00007ff8d3070000 - 0x00007ff8d30ba000 	C:\Windows\System32\powrprof.dll
0x00007ff8d3010000 - 0x00007ff8d3020000 	C:\Windows\System32\UMPDC.dll
0x00007ff8d4310000 - 0x00007ff8d4362000 	C:\Windows\System32\shlwapi.dll
0x00007ff8d3020000 - 0x00007ff8d3031000 	C:\Windows\System32\kernel.appcore.dll
0x00007ff8d3610000 - 0x00007ff8d3627000 	C:\Windows\System32\cryptsp.dll
0x0000000050aa0000 - 0x0000000050aad000 	C:\Program Files (x86)\Minecraft Launcher\runtime\jre-x64\bin\management.dll
0x0000000050530000 - 0x000000005054a000 	C:\Program Files (x86)\Minecraft Launcher\runtime\jre-x64\bin\net.dll
0x00007ff8d2870000 - 0x00007ff8d28d7000 	C:\Windows\system32\mswsock.dll
0x00007ff8b1c00000 - 0x00007ff8b1c16000 	C:\Windows\system32\napinsp.dll
0x00007ff8b1be0000 - 0x00007ff8b1bfa000 	C:\Windows\system32\pnrpnsp.dll
0x00007ff8d25c0000 - 0x00007ff8d268b000 	C:\Windows\SYSTEM32\DNSAPI.dll
0x00007ff8d4840000 - 0x00007ff8d4848000 	C:\Windows\System32\NSI.dll
0x00007ff8d2580000 - 0x00007ff8d25ba000 	C:\Windows\SYSTEM32\IPHLPAPI.DLL
0x00007ff8b1b90000 - 0x00007ff8b1b9e000 	C:\Windows\System32\winrnr.dll
0x00007ff8cf480000 - 0x00007ff8cf49c000 	C:\Windows\system32\NLAapi.dll
0x00007ff8b1b70000 - 0x00007ff8b1b85000 	C:\Windows\system32\wshbth.dll
0x0000000050710000 - 0x0000000050736000 	C:\Program Files\Bonjour\mdnsNSP.dll
0x00007ff8c2720000 - 0x00007ff8c272a000 	C:\Windows\System32\rasadhlp.dll
0x00007ff8c96c0000 - 0x00007ff8c9737000 	C:\Windows\System32\fwpuclnt.dll
0x00007ff8d3630000 - 0x00007ff8d3656000 	C:\Windows\System32\bcrypt.dll
0x0000000050510000 - 0x0000000050521000 	C:\Program Files (x86)\Minecraft Launcher\runtime\jre-x64\bin\nio.dll
0x00007ff8d23e0000 - 0x00007ff8d2413000 	C:\Windows\system32\rsaenh.dll
0x00007ff8d2f00000 - 0x00007ff8d2f25000 	C:\Windows\SYSTEM32\USERENV.dll
0x00007ff8d2a40000 - 0x00007ff8d2a4c000 	C:\Windows\SYSTEM32\CRYPTBASE.dll
0x00007ff8aca10000 - 0x00007ff8aca82000 	C:\Users\owenm\AppData\Roaming\.minecraft\bin\eba2-d079-6692-cf0e\lwjgl.dll
0x00007ff8c68e0000 - 0x00007ff8c693e000 	C:\Users\owenm\AppData\Roaming\.minecraft\bin\eba2-d079-6692-cf0e\glfw.dll
0x00007ff873980000 - 0x00007ff873bd1000 	C:\Users\owenm\AppData\Roaming\.minecraft\bin\eba2-d079-6692-cf0e\jemalloc.dll
0x00007ff8d1370000 - 0x00007ff8d1409000 	C:\Windows\system32\uxtheme.dll
0x00007ff8c2df0000 - 0x00007ff8c2e33000 	C:\Windows\SYSTEM32\dinput8.dll
0x00007ff8cb650000 - 0x00007ff8cb661000 	C:\Windows\SYSTEM32\xinput1_4.dll
0x00007ff8d2e10000 - 0x00007ff8d2e3a000 	C:\Windows\SYSTEM32\DEVOBJ.dll
0x00007ff8d1970000 - 0x00007ff8d199d000 	C:\Windows\SYSTEM32\dwmapi.dll
0x00007ff8a80c0000 - 0x00007ff8a81db000 	C:\Windows\SYSTEM32\inputhost.dll
0x00007ff8d0ad0000 - 0x00007ff8d0ba4000 	C:\Windows\SYSTEM32\CoreMessaging.dll
0x00007ff8ceda0000 - 0x00007ff8cf0ca000 	C:\Windows\SYSTEM32\CoreUIComponents.dll
0x00007ff8cf600000 - 0x00007ff8cf6f0000 	C:\Windows\SYSTEM32\PROPSYS.dll
0x00007ff8d5110000 - 0x00007ff8d51d5000 	C:\Windows\System32\OLEAUT32.dll
0x00007ff8cebb0000 - 0x00007ff8ced03000 	C:\Windows\SYSTEM32\wintypes.dll
0x00007ff8d2060000 - 0x00007ff8d2091000 	C:\Windows\SYSTEM32\ntmarta.dll
0x00007ff8d5250000 - 0x00007ff8d5385000 	C:\Windows\System32\MSCTF.dll
0x00007ff8d1c10000 - 0x00007ff8d1c1e000 	C:\Windows\SYSTEM32\HID.DLL
0x00007ff8d4850000 - 0x00007ff8d4cc0000 	C:\Windows\System32\SETUPAPI.DLL
0x00007ff8d30e0000 - 0x00007ff8d313c000 	C:\Windows\System32\WINTRUST.dll
0x00007ff8d30c0000 - 0x00007ff8d30d2000 	C:\Windows\System32\MSASN1.dll
0x00007ff8d3df0000 - 0x00007ff8d3f39000 	C:\Windows\System32\CRYPT32.dll
0x00007ff89b990000 - 0x00007ff89bae6000 	C:\Windows\SYSTEM32\opengl32.dll
0x00007ff89bd30000 - 0x00007ff89bd5c000 	C:\Windows\SYSTEM32\GLU32.dll
0x00007ff8d1c70000 - 0x00007ff8d1c90000 	C:\Windows\SYSTEM32\dxcore.dll
0x00007ff8623c0000 - 0x00007ff8632d6000 	C:\Windows\System32\DriverStore\FileRepository\iigd_dch.inf_amd64_cf6c24843162da87\ig9icd64.dll
0x00007ff8d4cc0000 - 0x00007ff8d4e17000 	C:\Windows\System32\ole32.dll
0x00007ff8d1d00000 - 0x00007ff8d1deb000 	C:\Windows\system32\dxgi.dll
0x00007ff8c6ab0000 - 0x00007ff8c8eed000 	C:\Windows\System32\DriverStore\FileRepository\iigd_dch.inf_amd64_cf6c24843162da87\igc64.dll
0x00007ff8c9510000 - 0x00007ff8c96b3000 	C:\Windows\System32\DriverStore\FileRepository\iigd_dch.inf_amd64_cf6c24843162da87\igdgmm64.dll
0x00007ff8a8330000 - 0x00007ff8a83ce000 	C:\Windows\System32\TextInputFramework.dll
0x00007ff8c0e40000 - 0x00007ff8c10e6000 	C:\Windows\System32\iertutil.dll
0x00007ff8aa8c0000 - 0x00007ff8aa918000 	C:\Users\owenm\AppData\Roaming\.minecraft\bin\eba2-d079-6692-cf0e\lwjgl_opengl.dll
0x00007ff8a89b0000 - 0x00007ff8a8a2f000 	C:\Users\owenm\AppData\Roaming\.minecraft\bin\eba2-d079-6692-cf0e\lwjgl_stb.dll
0x00007ff8ce4a0000 - 0x00007ff8ce54e000 	C:\Windows\SYSTEM32\mscms.dll
0x00007ff8ce3c0000 - 0x00007ff8ce3d7000 	C:\Windows\SYSTEM32\ColorAdapterClient.dll
0x00007ff8a8d20000 - 0x00007ff8a8d63000 	C:\Windows\SYSTEM32\icm32.dll
0x00007ff8aab10000 - 0x00007ff8aab52000 	C:\Users\owenm\AppData\Local\Temp\jna-106156540\jna8696786537917307319.dll
0x00007ff8ca010000 - 0x00007ff8ca02a000 	C:\Users\owenm\AppData\Roaming\.minecraft\bin\eba2-d079-6692-cf0e\SAPIWrapper_x64.dll
0x00007ff8d4f50000 - 0x00007ff8d4ff2000 	C:\Windows\System32\clbcatq.dll
0x00007ff894460000 - 0x00007ff8945df000 	C:\Windows\System32\Speech\Common\sapi.dll
0x00007ff8c9ee0000 - 0x00007ff8c9efc000 	C:\Windows\SYSTEM32\MSACM32.dll
0x00007ff8cdf70000 - 0x00007ff8cdf7b000 	C:\Windows\SYSTEM32\msdmo.dll
0x00007ff8c4c10000 - 0x00007ff8c4c82000 	C:\Windows\System32\MMDevApi.dll
0x00000000504e0000 - 0x0000000050504000 	C:\Program Files (x86)\Minecraft Launcher\runtime\jre-x64\bin\sunec.dll
0x0000000050340000 - 0x00000000504d8000 	C:\Program Files (x86)\Minecraft Launcher\runtime\jre-x64\bin\awt.dll
0x00007ff8d0eb0000 - 0x00007ff8d0f3f000 	C:\Windows\SYSTEM32\apphelp.dll
0x00007ff873700000 - 0x00007ff873814000 	C:\Users\owenm\AppData\Roaming\.minecraft\bin\eba2-d079-6692-cf0e\OpenAL.dll
0x00007ff8c3810000 - 0x00007ff8c396d000 	C:\Windows\SYSTEM32\AUDIOSES.DLL
0x00007ff8cb9e0000 - 0x00007ff8cb9f6000 	C:\Windows\SYSTEM32\dhcpcsvc6.DLL
0x00007ff8cb990000 - 0x00007ff8cb9ac000 	C:\Windows\SYSTEM32\dhcpcsvc.DLL
0x00007ff8d1060000 - 0x00007ff8d1254000 	C:\Windows\SYSTEM32\dbghelp.dll

VM Arguments:
jvm_args: -XX:HeapDumpPath=MojangTricksIntelDriversForPerformance_javaw.exe_minecraft.exe.heapdump -Dos.name=Windows 10 -Dos.version=10.0 -Xss1M -Djava.library.path=C:\Users\owenm\AppData\Roaming\.minecraft\bin\eba2-d079-6692-cf0e -Dminecraft.launcher.brand=minecraft-launcher -Dminecraft.launcher.version=2.1.17416 -Xmx2G -XX:+UnlockExperimentalVMOptions -XX:+UseG1GC -XX:G1NewSizePercent=20 -XX:G1ReservePercent=20 -XX:MaxGCPauseMillis=50 -XX:G1HeapRegionSize=32M -Dlog4j.configurationFile=C:\Users\owenm\AppData\Roaming\.minecraft\assets\log_configs\client-1.12.xml 
java_command: net.minecraft.launchwrapper.Launch --username odoggy21 --version 1.16.2-OptiFine_HD_U_G3_pre1 --gameDir C:\Users\owenm\AppData\Roaming\.minecraft --assetsDir C:\Users\owenm\AppData\Roaming\.minecraft\assets --assetIndex 1.16 --uuid f1c7cdbb41114859b0a4d50962eb7c2a --accessToken eyJhbGciOiJIUzI1NiJ9.eyJzdWIiOiI0MGFlN2U5YTdhMDFkNjhkYzY5ZmJiZGNhM2FmYjZhYyIsInlnZ3QiOiI4YzkzYTU1ZWJlOWI0MmQzODdlNGRiMDdmMWRlYzNlNCIsInNwciI6ImYxYzdjZGJiNDExMTQ4NTliMGE0ZDUwOTYyZWI3YzJhIiwiaXNzIjoiWWdnZHJhc2lsLUF1dGgiLCJleHAiOjE1OTk0MzY2ODYsImlhdCI6MTU5OTI2Mzg4Nn0.yHZ93JExwm14JhV2-O93FUXfSgAHi-ECcbdhvBVebfY --userType mojang --versionType release --tweakClass optifine.OptiFineTweaker
java_class_path (initial): C:\Users\owenm\AppData\Roaming\.minecraft\libraries\optifine\OptiFine\1.16.2_HD_U_G3_pre1\OptiFine-1.16.2_HD_U_G3_pre1.jar;C:\Users\owenm\AppData\Roaming\.minecraft\libraries\optifine\launchwrapper-of\2.1\launchwrapper-of-2.1.jar;C:\Users\owenm\AppData\Roaming\.minecraft\libraries\com\mojang\patchy\1.1\patchy-1.1.jar;C:\Users\owenm\AppData\Roaming\.minecraft\libraries\oshi-project\oshi-core\1.1\oshi-core-1.1.jar;C:\Users\owenm\AppData\Roaming\.minecraft\libraries\net\java\dev\jna\jna\4.4.0\jna-4.4.0.jar;C:\Users\owenm\AppData\Roaming\.minecraft\libraries\net\java\dev\jna\platform\3.4.0\platform-3.4.0.jar;C:\Users\owenm\AppData\Roaming\.minecraft\libraries\com\ibm\icu\icu4j\66.1\icu4j-66.1.jar;C:\Users\owenm\AppData\Roaming\.minecraft\libraries\com\mojang\javabridge\1.0.22\javabridge-1.0.22.jar;C:\Users\owenm\AppData\Roaming\.minecraft\libraries\net\sf\jopt-simple\jopt-simple\5.0.3\jopt-simple-5.0.3.jar;C:\Users\owenm\AppData\Roaming\.minecraft\libraries\io\netty\netty-all\4.1.25.Final\netty-all-4.1.25.Final.jar;C:\Users\owenm\AppData\Roaming\.minecraft\libraries\com\google\guava\guava\21.0\guava-21.0.jar;C:\Users\owenm\AppData\Roaming\.minecraft\libraries\org\apache\commons\commons-lang3\3.5\commons-lang3-3.5.jar;C:\Users\owenm\AppData\Roaming\.minecraft\libraries\commons-io\commons-io\2.5\commons-io-2.5.jar;C:\Users\owenm\AppData\Roaming\.minecraft\libraries\commons-codec\commons-codec\1.10\commons-codec-1.10.jar;C:\Users\owenm\AppData\Roaming\.minecraft\libraries\net\java\jinput\jinput\2.0.5\jinput-2.0.5.jar;C:\Users\owenm\AppData\Roaming\.minecraft\libraries\net\java\jutils\jutils\1.0.0\jutils-1.0.0.jar;C:\Users\owenm\AppData\Roaming\.minecraft\libraries\com\mojang\brigadier\1.0.17\brigadier-1.0.17.jar;C:\Users\owenm\AppData\Roaming\.minecraft\libraries\com\mojang\datafixerupper\4.0.26\datafixerupper-4.0.26.jar;C:\Users\owenm\AppData\Roaming\.minecraft\libraries\com\google\code\gson\gson\2.8.0\gson-2.8.0.jar;C:\Users\owenm\AppData\Roa
Launcher Type: SUN_STANDARD

Environment Variables:
PATH=C:\Program Files (x86)\Common Files\Oracle\Java\javapath;C:\Program Files (x86)\NVIDIA Corporation\PhysX\Common;C:\Windows\system32;C:\Windows;C:\Windows\System32\Wbem;C:\Windows\System32\WindowsPowerShell\v1.0\;C:\Windows\System32\OpenSSH\;C:\Program Files\TortoiseSVN\bin;C:\Program Files\Microsoft SQL Server\Client SDK\ODBC\110\Tools\Binn\;C:\Program Files (x86)\Microsoft SQL Server\120\Tools\Binn\;C:\Program Files\Microsoft SQL Server\120\Tools\Binn\;C:\Program Files\Microsoft SQL Server\120\DTS\Binn\;C:\Program Files (x86)\Windows Kits\8.1\Windows Performance Toolkit\;C:\Program Files\NVIDIA Corporation\NVIDIA NvDLISR;C:\Program Files\Git\cmd;C:\Program Files\nodejs\;C:\Program Files\Java\jdk-13.0.2\bin;C:\Users\owenm\AppData\Local\Microsoft\WindowsApps;C:\Users\owenm\AppData\Local\Programs\Microsoft VS Code\bin;C:\Users\owenm\AppData\Roaming\npm;C:\Users\owenm\AppData\Local\atom\bin;C:\Users\owenm\AppData\Local\GitHubDesktop\bin
USERNAME=owenm
OS=Windows_NT
PROCESSOR_IDENTIFIER=Intel64 Family 6 Model 158 Stepping 10, GenuineIntel



---------------  S Y S T E M  ---------------

OS: Windows 10.0 , 64 bit Build 18362 (10.0.18362.959)

CPU:total 12 (6 cores per cpu, 2 threads per core) family 6 model 158 stepping 10, cmov, cx8, fxsr, mmx, sse, sse2, sse3, ssse3, sse4.1, sse4.2, popcnt, avx, avx2, aes, clmul, erms, 3dnowpref, lzcnt, ht, tsc, tscinvbit, bmi1, bmi2, adx

Memory: 4k page, physical 16653556k(7847560k free), swap 19143924k(7080388k free)

vm_info: Java HotSpot(TM) 64-Bit Server VM (25.51-b03) for windows-amd64 JRE (1.8.0_51-b16), built on Jun  8 2015 18:03:07 by "java_re" with MS VC++ 10.0 (VS2010)

time: Sat Sep 05 20:28:38 2020
elapsed time: 50 seconds (0d 0h 0m 50s)

