#
# A fatal error has been detected by the Java Runtime Environment:
#
#  EXCEPTION_ACCESS_VIOLATION (0xc0000005) at pc=0x00007ff861603c8e, pid=2956, tid=16012
#
# JRE version: Java(TM) SE Runtime Environment (8.0_51-b16) (build 1.8.0_51-b16)
# Java VM: Java HotSpot(TM) 64-Bit Server VM (25.51-b03 mixed mode windows-amd64 compressed oops)
# Problematic frame:
# C  [ig9icd64.dll+0x1a3c8e]
#
# Failed to write core dump. Minidumps are not enabled by default on client versions of Windows
#
# If you would like to submit a bug report, please visit:
#   http://bugreport.java.com/bugreport/crash.jsp
# The crash happened outside the Java Virtual Machine in native code.
# See problematic frame for where to report the bug.
#

---------------  T H R E A D  ---------------

Current thread (0x000000000267e800):  JavaThread "Render thread" [_thread_in_native, id=16012, stack(0x0000000002680000,0x0000000002780000)]

siginfo: ExceptionCode=0xc0000005, reading address 0x0000000000000020

Registers:
RAX=0x000000004d327848, RBX=0x0000000000000010, RCX=0x0000000000000000, RDX=0x000000004d3277d0
RSP=0x000000000277d680, RBP=0x000000004d3469f0, RSI=0x000000004dfc26f0, RDI=0x0000000000000000
R8 =0x000000004d3469f8, R9 =0x0000000000000008, R10=0x000000004d265e40, R11=0x0000000000000001
R12=0x000000003072bb00, R13=0x000000004d265e00, R14=0x0000000000000001, R15=0x0000000000000001
RIP=0x00007ff861603c8e, EFLAGS=0x0000000000010202

Top of Stack: (sp=0x000000000277d680)
0x000000000277d680:   0000000000000040 0000000000000000
0x000000000277d690:   0000000000000012 000000007723ac2b
0x000000000277d6a0:   000000000267e800 00007ff8d619c4de
0x000000000277d6b0:   0000000000000000 0000010000000009
0x000000000277d6c0:   0000000000000001 0000000000000007
0x000000000277d6d0:   000000004d265e40 0000000000000000
0x000000000277d6e0:   000000004dfc26f0 000000004d327848
0x000000000277d6f0:   0000000000000100 0000000000bf0000
0x000000000277d700:   0000000000bf02ac 00007ff86160d17f
0x000000000277d710:   000000003072bb00 0000000000bf0ea0
0x000000000277d720:   0000000000000000 000000004d265e00
0x000000000277d730:   000000004d3469f0 00007ff861609190
0x000000000277d740:   00007ff8616030b0 00007ff86160dff0
0x000000000277d750:   0000000000000030 000000000277d819
0x000000000277d760:   0000000000720000 00007ff8d619b997
0x000000000277d770:   0000000000bf0000 000000000000000a 

Instructions: (pc=0x00007ff861603c8e)
0x00007ff861603c6e:   2b c7 44 8b c8 49 8b 52 18 4d 8d 40 04 48 8d 5b
0x00007ff861603c7e:   08 48 8b 44 13 f8 48 8b 88 d8 00 00 00 48 8b 02
0x00007ff861603c8e:   0f 10 41 20 0f 10 11 0f 10 59 10 0f 10 49 30 0f
0x00007ff861603c9e:   29 84 24 10 01 00 00 f2 0f 10 41 40 48 8b 88 d8 


Register to memory mapping:

RAX=0x000000004d327848 is an unknown value
RBX=0x0000000000000010 is an unknown value
RCX=0x0000000000000000 is an unknown value
RDX=0x000000004d3277d0 is an unknown value
RSP=0x000000000277d680 is pointing into the stack for thread: 0x000000000267e800
RBP=0x000000004d3469f0 is an unknown value
RSI=0x000000004dfc26f0 is an unknown value
RDI=0x0000000000000000 is an unknown value
R8 =0x000000004d3469f8 is an unknown value
R9 =0x0000000000000008 is an unknown value
R10=0x000000004d265e40 is an unknown value
R11=0x0000000000000001 is an unknown value
R12=0x000000003072bb00 is an unknown value
R13=0x000000004d265e00 is an unknown value
R14=0x0000000000000001 is an unknown value
R15=0x0000000000000001 is an unknown value


Stack: [0x0000000002680000,0x0000000002780000],  sp=0x000000000277d680,  free space=1013k
Native frames: (J=compiled Java code, j=interpreted, Vv=VM code, C=native code)
C  [ig9icd64.dll+0x1a3c8e]
C  [ig9icd64.dll+0x195a2e]
C  [ig9icd64.dll+0x19db6a]
C  [ig9icd64.dll+0x5273ab]
C  [ig9icd64.dll+0x19cb3c]
C  [ig9icd64.dll+0x1cfe65]
C  [ig9icd64.dll+0x1cdd7c]
C  [ig9icd64.dll+0x4067ac]
C  [ig9icd64.dll+0x988005]
C  0x000000000347324f

Java frames: (J=compiled Java code, j=interpreted, Vv=VM code)
J 7374  org.lwjgl.opengl.GL11C.glDrawArrays(III)V (0 bytes) @ 0x00000000034731c9 [0x0000000003473180+0x49]
J 8316 C2 dff.a(Ldfe;)V (54 bytes) @ 0x0000000002dc01ec [0x0000000002dbfc60+0x58c]
J 9444 C1 eag.a(Ldfe;III)V (94 bytes) @ 0x0000000003e45d2c [0x0000000003e457c0+0x56c]
J 17418 C1 dzy$a.a(Leag;)V (58 bytes) @ 0x0000000004e4568c [0x0000000004e454e0+0x1ac]
J 17431 C1 dzy$a.getBuffer(Leag;)Ldfn; (94 bytes) @ 0x0000000004e4aeec [0x0000000004e4ad60+0x18c]
J 9648 C2 dkr$a.accept(ILob;I)Z (445 bytes) @ 0x0000000003f5903c [0x0000000003f58bc0+0x47c]
j  afo.a(Lob;Laey;IC)Z+22
j  afo.a(Ljava/lang/String;Lob;Laey;)Z+124
j  aex.b(Ljava/lang/String;Lob;Laey;)Z+3
j  aex$$Lambda$3065.accept(Laey;)Z+9
j  dkr.c(Laex;FFIZLb;Ldzy;ZII)F+27
j  dkr.b(Laex;FFIZLb;Ldzy;ZII)I+65
j  dkr.a(Laex;FFIZLb;Ldzy;ZII)I+18
j  dkr.a(Laex;FFILb;Z)I+27
j  dkr.b(Ldfj;Lnr;FFI)I+23
j  dks.a(Ldfj;F)V+833
J 8272 C1 dzr.a(FJZ)V (1147 bytes) @ 0x0000000003beab64 [0x0000000003bde340+0xc824]
J 8107 C1 djw.e(Z)V (946 bytes) @ 0x0000000003bc96e4 [0x0000000003bc4780+0x4f64]
j  djw.e()V+68
j  net.minecraft.client.main.Main.main([Ljava/lang/String;)V+1366
v  ~StubRoutines::call_stub
j  sun.reflect.NativeMethodAccessorImpl.invoke0(Ljava/lang/reflect/Method;Ljava/lang/Object;[Ljava/lang/Object;)Ljava/lang/Object;+0
j  sun.reflect.NativeMethodAccessorImpl.invoke(Ljava/lang/Object;[Ljava/lang/Object;)Ljava/lang/Object;+100
j  sun.reflect.DelegatingMethodAccessorImpl.invoke(Ljava/lang/Object;[Ljava/lang/Object;)Ljava/lang/Object;+6
j  java.lang.reflect.Method.invoke(Ljava/lang/Object;[Ljava/lang/Object;)Ljava/lang/Object;+56
j  net.minecraft.launchwrapper.Launch.launch([Ljava/lang/String;)V+661
j  net.minecraft.launchwrapper.Launch.main([Ljava/lang/String;)V+8
v  ~StubRoutines::call_stub

---------------  P R O C E S S  ---------------

Java Threads: ( => current thread )
  0x000000001e0b0000 JavaThread "Sound engine" daemon [_thread_blocked, id=2544, stack(0x000000003c360000,0x000000003c460000)]
  0x000000001e0b6000 JavaThread "Netty Server IO #1" daemon [_thread_in_native, id=12912, stack(0x000000003f8c0000,0x000000003f9c0000)]
  0x000000001e0b5800 JavaThread "Netty Local Client IO #0" daemon [_thread_blocked, id=5196, stack(0x000000003f520000,0x000000003f620000)]
  0x000000001e0b4000 JavaThread "Keep-Alive-Timer" daemon [_thread_blocked, id=8608, stack(0x000000003c720000,0x000000003c820000)]
  0x000000001dd6e000 JavaThread "Netty Server IO #0" daemon [_thread_in_native, id=12852, stack(0x000000003c260000,0x000000003c360000)]
  0x000000001dd6c800 JavaThread "ObjectCleanerThread" daemon [_thread_blocked, id=11272, stack(0x000000003b100000,0x000000003b200000)]
  0x000000001dd6b800 JavaThread "IO-Worker-21" [_thread_blocked, id=6400, stack(0x000000003b000000,0x000000003b100000)]
  0x000000001dd68000 JavaThread "IO-Worker-20" [_thread_blocked, id=12088, stack(0x000000003af00000,0x000000003b000000)]
  0x000000001dd6b000 JavaThread "Server thread" [_thread_blocked, id=12360, stack(0x000000003ac00000,0x000000003ad00000)]
  0x000000001dd6e800 JavaThread "Snooper Timer" daemon [_thread_blocked, id=14104, stack(0x0000000027900000,0x0000000027a00000)]
  0x000000001dd65000 JavaThread "Worker-Main-19" daemon [_thread_blocked, id=9508, stack(0x0000000024620000,0x0000000024720000)]
  0x000000001dd69800 JavaThread "Worker-Main-17" daemon [_thread_blocked, id=6132, stack(0x0000000021ec0000,0x0000000021fc0000)]
  0x000000001dd68800 JavaThread "Worker-Main-18" daemon [_thread_in_Java, id=17256, stack(0x0000000020d80000,0x0000000020e80000)]
  0x000000001dd6a000 JavaThread "Java2D Disposer" daemon [_thread_blocked, id=3192, stack(0x0000000031870000,0x0000000031970000)]
  0x000000001dd62000 JavaThread "pool-3-thread-3" [_thread_blocked, id=9348, stack(0x0000000040980000,0x0000000040a80000)]
  0x000000001dd61000 JavaThread "pool-3-thread-2" [_thread_blocked, id=14332, stack(0x000000003b680000,0x000000003b780000)]
  0x000000001dd65800 JavaThread "pool-3-thread-1" [_thread_blocked, id=5320, stack(0x0000000033890000,0x0000000033990000)]
  0x000000001dd67000 JavaThread "Worker-Main-14" daemon [_thread_in_native, id=15960, stack(0x0000000034a00000,0x0000000034b00000)]
  0x000000001dd63800 JavaThread "Worker-Main-13" daemon [_thread_in_native, id=15032, stack(0x0000000034650000,0x0000000034750000)]
  0x000000001dd64000 JavaThread "Worker-Main-9" daemon [_thread_blocked, id=1556, stack(0x0000000033d50000,0x0000000033e50000)]
  0x000000001dd66800 JavaThread "Worker-Main-8" daemon [_thread_in_Java, id=9544, stack(0x0000000033c50000,0x0000000033d50000)]
  0x000000001e0b4800 JavaThread "Narrator" [_thread_blocked, id=17240, stack(0x0000000027800000,0x0000000027900000)]
  0x000000001e0b3000 JavaThread "Snooper Timer" daemon [_thread_blocked, id=14736, stack(0x0000000026500000,0x0000000026600000)]
  0x000000001e0b1800 JavaThread "Timer hack thread" daemon [_thread_blocked, id=9616, stack(0x00000000253e0000,0x00000000254e0000)]
  0x00000000211a6800 JavaThread "Worker-Bootstrap-7" daemon [_thread_blocked, id=17580, stack(0x0000000024820000,0x0000000024920000)]
  0x00000000211a5800 JavaThread "Worker-Bootstrap-6" daemon [_thread_blocked, id=17636, stack(0x0000000024720000,0x0000000024820000)]
  0x000000001c5c8000 JavaThread "Service Thread" daemon [_thread_blocked, id=12460, stack(0x000000001d780000,0x000000001d880000)]
  0x000000001c5a8800 JavaThread "C1 CompilerThread3" daemon [_thread_blocked, id=9948, stack(0x000000001d680000,0x000000001d780000)]
  0x000000001c59f800 JavaThread "C2 CompilerThread2" daemon [_thread_in_native, id=10360, stack(0x000000001d580000,0x000000001d680000)]
  0x000000001c59b800 JavaThread "C2 CompilerThread1" daemon [_thread_in_native, id=6100, stack(0x000000001d480000,0x000000001d580000)]
  0x000000001c550800 JavaThread "C2 CompilerThread0" daemon [_thread_in_native, id=3728, stack(0x000000001d380000,0x000000001d480000)]
  0x000000001c54f800 JavaThread "Attach Listener" daemon [_thread_blocked, id=9220, stack(0x000000001d280000,0x000000001d380000)]
  0x000000001c54e800 JavaThread "Signal Dispatcher" daemon [_thread_blocked, id=17728, stack(0x000000001d180000,0x000000001d280000)]
  0x000000001c54e000 JavaThread "Surrogate Locker Thread (Concurrent GC)" daemon [_thread_blocked, id=17644, stack(0x000000001d080000,0x000000001d180000)]
  0x000000001c539000 JavaThread "Finalizer" daemon [_thread_blocked, id=9904, stack(0x000000001ce80000,0x000000001cf80000)]
  0x000000001c532800 JavaThread "Reference Handler" daemon [_thread_blocked, id=7992, stack(0x000000001cd80000,0x000000001ce80000)]
=>0x000000000267e800 JavaThread "Render thread" [_thread_in_native, id=16012, stack(0x0000000002680000,0x0000000002780000)]

Other Threads:
  0x000000001c52d000 VMThread [stack: 0x000000001cc80000,0x000000001cd80000] [id=15548]
  0x000000001c637000 WatcherThread [stack: 0x000000001d880000,0x000000001d980000] [id=612]

VM state:not at safepoint (normal execution)

VM Mutex/Monitor currently owned by a thread: None

Heap:
 garbage-first heap   total 1998848K, used 1097728K [0x0000000080000000, 0x00000000820001e8, 0x0000000100000000)
  region size 32768K, 10 young (327680K), 2 survivors (65536K)
 Metaspace       used 79180K, capacity 89507K, committed 89600K, reserved 1126400K
  class space    used 11150K, capacity 13548K, committed 13612K, reserved 1048576K

Heap Regions: (Y=young(eden), SU=young(survivor), HS=humongous(starts), HC=humongous(continues), CS=collection set, F=free, TS=gc time stamp, PTAMS=previous top-at-mark-start, NTAMS=next top-at-mark-start)
AC   0  O    TS     0 PTAMS 0x0000000082000000 NTAMS 0x0000000082000000 space 32768K, 100% used [0x0000000080000000, 0x0000000082000000)
AC   0  O    TS     0 PTAMS 0x0000000084000000 NTAMS 0x0000000084000000 space 32768K, 100% used [0x0000000082000000, 0x0000000084000000)
AC   0  O    TS     0 PTAMS 0x0000000086000000 NTAMS 0x0000000086000000 space 32768K, 100% used [0x0000000084000000, 0x0000000086000000)
AC   0  O    TS     0 PTAMS 0x0000000088000000 NTAMS 0x0000000088000000 space 32768K, 100% used [0x0000000086000000, 0x0000000088000000)
AC   0  O    TS     0 PTAMS 0x000000008a000000 NTAMS 0x000000008a000000 space 32768K, 100% used [0x0000000088000000, 0x000000008a000000)
AC   0  O    TS     0 PTAMS 0x000000008c000000 NTAMS 0x000000008c000000 space 32768K, 100% used [0x000000008a000000, 0x000000008c000000)
AC   0  O    TS     0 PTAMS 0x000000008e000000 NTAMS 0x000000008e000000 space 32768K, 100% used [0x000000008c000000, 0x000000008e000000)
AC   0  O    TS     0 PTAMS 0x0000000090000000 NTAMS 0x0000000090000000 space 32768K, 100% used [0x000000008e000000, 0x0000000090000000)
AC   0  O    TS     0 PTAMS 0x0000000092000000 NTAMS 0x0000000092000000 space 32768K, 100% used [0x0000000090000000, 0x0000000092000000)
AC   0  O    TS     3 PTAMS 0x0000000092ad3c00 NTAMS 0x0000000092ad3c00 space 32768K, 100% used [0x0000000092000000, 0x0000000094000000)
AC   0  O    TS     3 PTAMS 0x0000000094000000 NTAMS 0x0000000094000000 space 32768K, 100% used [0x0000000094000000, 0x0000000096000000)
AC   0  O    TS     3 PTAMS 0x0000000096000000 NTAMS 0x0000000096000000 space 32768K, 100% used [0x0000000096000000, 0x0000000098000000)
AC   0  O    TS     3 PTAMS 0x0000000098000000 NTAMS 0x0000000098000000 space 32768K, 100% used [0x0000000098000000, 0x000000009a000000)
AC   0  O    TS     3 PTAMS 0x000000009a000000 NTAMS 0x000000009a000000 space 32768K, 100% used [0x000000009a000000, 0x000000009c000000)
AC   0  O    TS     3 PTAMS 0x000000009c000000 NTAMS 0x000000009c000000 space 32768K, 100% used [0x000000009c000000, 0x000000009e000000)
AC   0  O    TS     3 PTAMS 0x000000009e000000 NTAMS 0x000000009e000000 space 32768K, 100% used [0x000000009e000000, 0x00000000a0000000)
AC   0  O    TS     5 PTAMS 0x00000000a0000000 NTAMS 0x00000000a0000000 space 32768K, 100% used [0x00000000a0000000, 0x00000000a2000000)
AC   0  O    TS     5 PTAMS 0x00000000a2000000 NTAMS 0x00000000a2000000 space 32768K, 100% used [0x00000000a2000000, 0x00000000a4000000)
AC   0  O    TS     5 PTAMS 0x00000000a4000000 NTAMS 0x00000000a4000000 space 32768K, 100% used [0x00000000a4000000, 0x00000000a6000000)
AC   0  O    TS     5 PTAMS 0x00000000a6000000 NTAMS 0x00000000a6000000 space 32768K, 100% used [0x00000000a6000000, 0x00000000a8000000)
AC   0  O    TS     5 PTAMS 0x00000000a8000000 NTAMS 0x00000000a8000000 space 32768K, 100% used [0x00000000a8000000, 0x00000000aa000000)
AC   0  O    TS     5 PTAMS 0x00000000aa000000 NTAMS 0x00000000aa000000 space 32768K, 100% used [0x00000000aa000000, 0x00000000ac000000)
AC   0  O    TS     5 PTAMS 0x00000000ac000000 NTAMS 0x00000000ac000000 space 32768K, 100% used [0x00000000ac000000, 0x00000000ae000000)
AC   0  O    TS     5 PTAMS 0x00000000ae000000 NTAMS 0x00000000ae000000 space 32768K, 100% used [0x00000000ae000000, 0x00000000b0000000)
AC   0  O    TS     5 PTAMS 0x00000000b0000000 NTAMS 0x00000000b0000000 space 32768K,  50% used [0x00000000b0000000, 0x00000000b2000000)
AC   0  F    TS     1 PTAMS 0x00000000b2000000 NTAMS 0x00000000b2000000 space 32768K,   0% used [0x00000000b2000000, 0x00000000b4000000)
AC   0  F    TS     0 PTAMS 0x00000000b4000000 NTAMS 0x00000000b4000000 space 32768K,   0% used [0x00000000b4000000, 0x00000000b6000000)
AC   0  F    TS     0 PTAMS 0x00000000b6000000 NTAMS 0x00000000b6000000 space 32768K,   0% used [0x00000000b6000000, 0x00000000b8000000)
AC   0  F    TS     0 PTAMS 0x00000000b8000000 NTAMS 0x00000000b8000000 space 32768K,   0% used [0x00000000b8000000, 0x00000000ba000000)
AC   0  F    TS     0 PTAMS 0x00000000ba000000 NTAMS 0x00000000ba000000 space 32768K,   0% used [0x00000000ba000000, 0x00000000bc000000)
AC   0  F    TS     3 PTAMS 0x00000000bc000000 NTAMS 0x00000000bc000000 space 32768K,   0% used [0x00000000bc000000, 0x00000000be000000)
AC   0  F    TS     3 PTAMS 0x00000000be000000 NTAMS 0x00000000be000000 space 32768K,   0% used [0x00000000be000000, 0x00000000c0000000)
AC   0  F    TS     3 PTAMS 0x00000000c0000000 NTAMS 0x00000000c0000000 space 32768K,   0% used [0x00000000c0000000, 0x00000000c2000000)
AC   0  F    TS     3 PTAMS 0x00000000c2000000 NTAMS 0x00000000c2000000 space 32768K,   0% used [0x00000000c2000000, 0x00000000c4000000)
AC   0  F    TS     0 PTAMS 0x00000000c4000000 NTAMS 0x00000000c4000000 space 32768K,   0% used [0x00000000c4000000, 0x00000000c6000000)
AC   0  F    TS     0 PTAMS 0x00000000c6000000 NTAMS 0x00000000c6000000 space 32768K,   0% used [0x00000000c6000000, 0x00000000c8000000)
AC   0  F    TS     0 PTAMS 0x00000000c8000000 NTAMS 0x00000000c8000000 space 32768K,   0% used [0x00000000c8000000, 0x00000000ca000000)
AC   0  F    TS     0 PTAMS 0x00000000ca000000 NTAMS 0x00000000ca000000 space 32768K,   0% used [0x00000000ca000000, 0x00000000cc000000)
AC   0  F    TS     0 PTAMS 0x00000000cc000000 NTAMS 0x00000000cc000000 space 32768K,   0% used [0x00000000cc000000, 0x00000000ce000000)
AC   0  F    TS     0 PTAMS 0x00000000ce000000 NTAMS 0x00000000ce000000 space 32768K,   0% used [0x00000000ce000000, 0x00000000d0000000)
AC   0  F    TS     0 PTAMS 0x00000000d0000000 NTAMS 0x00000000d0000000 space 32768K,   0% used [0x00000000d0000000, 0x00000000d2000000)
AC   0  F    TS     0 PTAMS 0x00000000d2000000 NTAMS 0x00000000d2000000 space 32768K,   0% used [0x00000000d2000000, 0x00000000d4000000)
AC   0  F    TS     0 PTAMS 0x00000000d4000000 NTAMS 0x00000000d4000000 space 32768K,   0% used [0x00000000d4000000, 0x00000000d6000000)
AC   0  F    TS     0 PTAMS 0x00000000d6000000 NTAMS 0x00000000d6000000 space 32768K,   0% used [0x00000000d6000000, 0x00000000d8000000)
AC   0  F    TS     0 PTAMS 0x00000000d8000000 NTAMS 0x00000000d8000000 space 32768K,   0% used [0x00000000d8000000, 0x00000000da000000)
AC   0  F    TS     0 PTAMS 0x00000000da000000 NTAMS 0x00000000da000000 space 32768K,   0% used [0x00000000da000000, 0x00000000dc000000)
AC   0  F    TS     0 PTAMS 0x00000000dc000000 NTAMS 0x00000000dc000000 space 32768K,   0% used [0x00000000dc000000, 0x00000000de000000)
AC   0  F    TS     0 PTAMS 0x00000000de000000 NTAMS 0x00000000de000000 space 32768K,   0% used [0x00000000de000000, 0x00000000e0000000)
AC   0  F    TS     0 PTAMS 0x00000000e0000000 NTAMS 0x00000000e0000000 space 32768K,   0% used [0x00000000e0000000, 0x00000000e2000000)
AC   0  F    TS     0 PTAMS 0x00000000e2000000 NTAMS 0x00000000e2000000 space 32768K,   0% used [0x00000000e2000000, 0x00000000e4000000)
AC   0  F    TS     0 PTAMS 0x00000000e4000000 NTAMS 0x00000000e4000000 space 32768K,   0% used [0x00000000e4000000, 0x00000000e6000000)
AC   0  S CS TS     5 PTAMS 0x00000000e6000000 NTAMS 0x00000000e6000000 space 32768K, 100% used [0x00000000e6000000, 0x00000000e8000000)
AC   0  S CS TS     5 PTAMS 0x00000000e8000000 NTAMS 0x00000000e8000000 space 32768K, 100% used [0x00000000e8000000, 0x00000000ea000000)
AC   0  E    TS     0 PTAMS 0x00000000ea000000 NTAMS 0x00000000ea000000 space 32768K,  27% used [0x00000000ea000000, 0x00000000ec000000)
AC   0  E CS TS     0 PTAMS 0x00000000ec000000 NTAMS 0x00000000ec000000 space 32768K, 100% used [0x00000000ec000000, 0x00000000ee000000)
AC   0  E CS TS     0 PTAMS 0x00000000ee000000 NTAMS 0x00000000ee000000 space 32768K, 100% used [0x00000000ee000000, 0x00000000f0000000)
AC   0  E CS TS     0 PTAMS 0x00000000f0000000 NTAMS 0x00000000f0000000 space 32768K, 100% used [0x00000000f0000000, 0x00000000f2000000)
AC   0  E CS TS     0 PTAMS 0x00000000f2000000 NTAMS 0x00000000f2000000 space 32768K, 100% used [0x00000000f2000000, 0x00000000f4000000)
AC   0  E CS TS     0 PTAMS 0x00000000f4000000 NTAMS 0x00000000f4000000 space 32768K, 100% used [0x00000000f4000000, 0x00000000f6000000)
AC   0  E CS TS     0 PTAMS 0x00000000f6000000 NTAMS 0x00000000f6000000 space 32768K, 100% used [0x00000000f6000000, 0x00000000f8000000)
AC   0  E CS TS     0 PTAMS 0x00000000f8000000 NTAMS 0x00000000f8000000 space 32768K, 100% used [0x00000000f8000000, 0x00000000fa000000)

Card table byte_map: [0x0000000013fe0000,0x00000000143e0000] byte_map_base: 0x0000000013be0000

Marking Bits (Prev, Next): (CMBitMap*) 0x00000000027e0b18, (CMBitMap*) 0x00000000027e0b70
 Prev Bits: [0x00000000147e0000, 0x00000000167e0000)
 Next Bits: [0x00000000167e0000, 0x00000000187e0000)

Polling page: 0x00000000003d0000

CodeCache: size=245760Kb used=38763Kb max_used=38763Kb free=206996Kb
 bounds [0x0000000002880000, 0x0000000004e90000, 0x0000000011880000]
 total_blobs=14531 nmethods=12817 adapters=1621
 compilation: enabled

Compilation events (10 events):
Event: 64.066 Thread 0x000000001c5a8800 17431       2       dzy$a::getBuffer (94 bytes)
Event: 64.067 Thread 0x000000001c5a8800 nmethod 17431 0x0000000004e4ab90 code [0x0000000004e4ad60, 0x0000000004e4b168]
Event: 64.067 Thread 0x000000001c5a8800 17430       3       it.unimi.dsi.fastutil.objects.Object2ObjectLinkedOpenHashMap::get (116 bytes)
Event: 64.069 Thread 0x000000001c5a8800 nmethod 17430 0x0000000004e4b390 code [0x0000000004e4b560, 0x0000000004e4bc68]
Event: 64.085 Thread 0x000000001c59f800 nmethod 17036 0x0000000004e53910 code [0x0000000004e53f80, 0x0000000004e5aa58]
Event: 64.086 Thread 0x000000001c59f800 17396       4       cui::a (162 bytes)
Event: 64.089 Thread 0x000000001c5a8800 17432       1       cff::a (5 bytes)
Event: 64.089 Thread 0x000000001c5a8800 nmethod 17432 0x0000000004e53650 code [0x0000000004e537a0, 0x0000000004e538b0]
Event: 64.093 Thread 0x000000001c5a8800 17433       3       eat::<init> (36 bytes)
Event: 64.094 Thread 0x000000001c5a8800 nmethod 17433 0x0000000004e53090 code [0x0000000004e53200, 0x0000000004e53568]

GC Heap History (10 events):
Event: 31.296 GC heap before
{Heap before GC invocations=81 (full 0):
 garbage-first heap   total 1998848K, used 1442641K [0x0000000080000000, 0x00000000820001e8, 0x0000000100000000)
  region size 32768K, 35 young (1146880K), 3 survivors (98304K)
 Metaspace       used 58960K, capacity 64403K, committed 64640K, reserved 1103872K
  class space    used 8173K, capacity 9625K, committed 9644K, reserved 1048576K
Event: 31.332 GC heap after
Heap after GC invocations=82 (full 0):
 garbage-first heap   total 1998848K, used 372997K [0x0000000080000000, 0x00000000820001e8, 0x0000000100000000)
  region size 32768K, 3 young (98304K), 3 survivors (98304K)
 Metaspace       used 58960K, capacity 64403K, committed 64640K, reserved 1103872K
  class space    used 8173K, capacity 9625K, committed 9644K, reserved 1048576K
}
Event: 33.675 GC heap before
{Heap before GC invocations=82 (full 0):
 garbage-first heap   total 1998848K, used 962821K [0x0000000080000000, 0x00000000820001e8, 0x0000000100000000)
  region size 32768K, 22 young (720896K), 3 survivors (98304K)
 Metaspace       used 59461K, capacity 64905K, committed 65024K, reserved 1103872K
  class space    used 8252K, capacity 9706K, committed 9772K, reserved 1048576K
Event: 33.723 GC heap after
Heap after GC invocations=83 (full 0):
 garbage-first heap   total 1998848K, used 385305K [0x0000000080000000, 0x00000000820001e8, 0x0000000100000000)
  region size 32768K, 3 young (98304K), 3 survivors (98304K)
 Metaspace       used 59461K, capacity 64905K, committed 65024K, reserved 1103872K
  class space    used 8252K, capacity 9706K, committed 9772K, reserved 1048576K
}
Event: 56.601 GC heap before
{Heap before GC invocations=84 (full 0):
 garbage-first heap   total 1998848K, used 1433881K [0x0000000080000000, 0x00000000820001e8, 0x0000000100000000)
  region size 32768K, 35 young (1146880K), 3 survivors (98304K)
 Metaspace       used 66340K, capacity 74147K, committed 74240K, reserved 1112064K
  class space    used 9378K, capacity 11307K, committed 11308K, reserved 1048576K
Event: 56.658 GC heap after
Heap after GC invocations=85 (full 0):
 garbage-first heap   total 1998848K, used 420766K [0x0000000080000000, 0x00000000820001e8, 0x0000000100000000)
  region size 32768K, 4 young (131072K), 4 survivors (131072K)
 Metaspace       used 66340K, capacity 74147K, committed 74240K, reserved 1112064K
  class space    used 9378K, capacity 11307K, committed 11308K, reserved 1048576K
}
Event: 61.824 GC heap before
{Heap before GC invocations=85 (full 0):
 garbage-first heap   total 1998848K, used 1305502K [0x0000000080000000, 0x00000000820001e8, 0x0000000100000000)
  region size 32768K, 31 young (1015808K), 4 survivors (131072K)
 Metaspace       used 78459K, capacity 88507K, committed 88704K, reserved 1124352K
  class space    used 11051K, capacity 13380K, committed 13484K, reserved 1048576K
Event: 62.058 GC heap after
Heap after GC invocations=86 (full 0):
 garbage-first heap   total 1998848K, used 681920K [0x0000000080000000, 0x00000000820001e8, 0x0000000100000000)
  region size 32768K, 4 young (131072K), 4 survivors (131072K)
 Metaspace       used 78459K, capacity 88507K, committed 88704K, reserved 1124352K
  class space    used 11051K, capacity 13380K, committed 13484K, reserved 1048576K
}
Event: 63.405 GC heap before
{Heap before GC invocations=86 (full 0):
 garbage-first heap   total 1998848K, used 944064K [0x0000000080000000, 0x00000000820001e8, 0x0000000100000000)
  region size 32768K, 12 young (393216K), 4 survivors (131072K)
 Metaspace       used 78780K, capacity 89019K, committed 89216K, reserved 1124352K
  class space    used 11086K, capacity 13452K, committed 13484K, reserved 1048576K
Event: 63.590 GC heap after
Heap after GC invocations=87 (full 0):
 garbage-first heap   total 1998848K, used 868352K [0x0000000080000000, 0x00000000820001e8, 0x0000000100000000)
  region size 32768K, 2 young (65536K), 2 survivors (65536K)
 Metaspace       used 78780K, capacity 89019K, committed 89216K, reserved 1124352K
  class space    used 11086K, capacity 13452K, committed 13484K, reserved 1048576K
}

Deoptimization events (10 events):
Event: 63.958 Thread 0x000000000267e800 Uncommon trap: reason=bimorphic action=maybe_recompile pc=0x0000000004884268 method=java.util.Map.getOrDefault(Ljava/lang/Object;Ljava/lang/Object;)Ljava/lang/Object; @ 2
Event: 63.960 Thread 0x000000001dd66800 Uncommon trap: reason=unstable_if action=reinterpret pc=0x0000000003d04c78 method=eaw.a([F)V @ 4
Event: 63.961 Thread 0x000000000267e800 Uncommon trap: reason=unstable_if action=reinterpret pc=0x0000000003894640 method=java.nio.Buffer.limit(I)Ljava/nio/Buffer; @ 33
Event: 64.024 Thread 0x000000000267e800 Uncommon trap: reason=unstable_if action=reinterpret pc=0x00000000043b4b14 method=eaf$a.lambda$new$0(F)V @ 3
Event: 64.049 Thread 0x000000000267e800 Uncommon trap: reason=class_check action=maybe_recompile pc=0x0000000003e01cfc method=dzy$a.b(Leag;)Ldfe; @ 9
Event: 64.109 Thread 0x000000000267e800 Uncommon trap: reason=unstable_if action=reinterpret pc=0x00000000043be310 method=java.lang.Character.isSurrogate(C)Z @ 3
Event: 64.110 Thread 0x000000000267e800 Uncommon trap: reason=bimorphic action=maybe_recompile pc=0x0000000003f5997c method=dkr$a.accept(ILob;I)Z @ 273
Event: 64.110 Thread 0x000000000267e800 Uncommon trap: reason=unstable_if action=reinterpret pc=0x0000000002bdc11c method=java.lang.Character.isSurrogate(C)Z @ 3
Event: 64.111 Thread 0x000000000267e800 Uncommon trap: reason=bimorphic action=maybe_recompile pc=0x0000000003f5997c method=dkr$a.accept(ILob;I)Z @ 273
Event: 64.111 Thread 0x000000000267e800 Uncommon trap: reason=bimorphic action=maybe_recompile pc=0x0000000003f5997c method=dkr$a.accept(ILob;I)Z @ 273

Internal exceptions (10 events):
Event: 62.718 Thread 0x000000001dd68000 Exception <a 'sun/nio/fs/WindowsException'> (0x00000000f7856730) thrown at [C:\re\workspace\8-2-build-windows-amd64-cygwin\jdk8u51\3951\hotspot\src\share\vm\prims\jni.cpp, line 709]
Event: 62.718 Thread 0x000000001dd68000 Exception <a 'sun/nio/fs/WindowsException'> (0x00000000f785b768) thrown at [C:\re\workspace\8-2-build-windows-amd64-cygwin\jdk8u51\3951\hotspot\src\share\vm\prims\jni.cpp, line 709]
Event: 62.725 Thread 0x000000001dd6b000 Exception <a 'java/io/FileNotFoundException'> (0x00000000f791a570) thrown at [C:\re\workspace\8-2-build-windows-amd64-cygwin\jdk8u51\3951\hotspot\src\share\vm\prims\jni.cpp, line 709]
Event: 62.734 Thread 0x000000001dd6b000 Exception <a 'java/io/FileNotFoundException'> (0x00000000f7bc9370) thrown at [C:\re\workspace\8-2-build-windows-amd64-cygwin\jdk8u51\3951\hotspot\src\share\vm\prims\jni.cpp, line 709]
Event: 62.736 Thread 0x000000001dd6b000 Exception <a 'java/io/FileNotFoundException'> (0x00000000f7c0dc20) thrown at [C:\re\workspace\8-2-build-windows-amd64-cygwin\jdk8u51\3951\hotspot\src\share\vm\prims\jni.cpp, line 709]
Event: 62.737 Thread 0x000000001dd6b000 Exception <a 'java/io/FileNotFoundException'> (0x00000000f7c538f0) thrown at [C:\re\workspace\8-2-build-windows-amd64-cygwin\jdk8u51\3951\hotspot\src\share\vm\prims\jni.cpp, line 709]
Event: 62.739 Thread 0x000000001dd6b000 Exception <a 'java/io/FileNotFoundException'> (0x00000000f7c984e0) thrown at [C:\re\workspace\8-2-build-windows-amd64-cygwin\jdk8u51\3951\hotspot\src\share\vm\prims\jni.cpp, line 709]
Event: 63.139 Thread 0x0000000020124000 Exception <a 'java/lang/InterruptedException'> (0x00000000f833d3f0) thrown at [C:\re\workspace\8-2-build-windows-amd64-cygwin\jdk8u51\3951\hotspot\src\share\vm\runtime\objectMonitor.cpp, line 1494]
Event: 63.139 Thread 0x0000000020122800 Exception <a 'java/lang/InterruptedException'> (0x00000000f82ea3b8) thrown at [C:\re\workspace\8-2-build-windows-amd64-cygwin\jdk8u51\3951\hotspot\src\share\vm\runtime\objectMonitor.cpp, line 1683]
Event: 63.623 Thread 0x000000001dd68800 Implicit null exception at 0x0000000003c4630c to 0x0000000003c48889

Events (10 events):
Event: 64.110 Thread 0x000000000267e800 DEOPT UNPACKING pc=0x00000000028c582a sp=0x000000000277dfa0 mode 2
Event: 64.110 Thread 0x000000000267e800 Uncommon trap: trap_request=0xffffff65 fr.pc=0x0000000002bdc11c
Event: 64.110 Thread 0x000000000267e800 DEOPT PACKING pc=0x0000000002bdc11c sp=0x000000000277e0c0
Event: 64.110 Thread 0x000000000267e800 DEOPT UNPACKING pc=0x00000000028c582a sp=0x000000000277e018 mode 2
Event: 64.111 Thread 0x000000000267e800 Uncommon trap: trap_request=0xffffffc6 fr.pc=0x0000000003f5997c
Event: 64.111 Thread 0x000000000267e800 DEOPT PACKING pc=0x0000000003f5997c sp=0x000000000277dfb0
Event: 64.111 Thread 0x000000000267e800 DEOPT UNPACKING pc=0x00000000028c582a sp=0x000000000277df90 mode 2
Event: 64.111 Thread 0x000000000267e800 Uncommon trap: trap_request=0xffffffc6 fr.pc=0x0000000003f5997c
Event: 64.111 Thread 0x000000000267e800 DEOPT PACKING pc=0x0000000003f5997c sp=0x000000000277dfc0
Event: 64.111 Thread 0x000000000267e800 DEOPT UNPACKING pc=0x00000000028c582a sp=0x000000000277dfa0 mode 2


Dynamic libraries:
0x00007ff6cc180000 - 0x00007ff6cc1b7000 	C:\Program Files (x86)\Minecraft Launcher\runtime\jre-x64\bin\javaw.exe
0x00007ff8d6160000 - 0x00007ff8d6350000 	C:\Windows\SYSTEM32\ntdll.dll
0x00007ff8d6060000 - 0x00007ff8d6112000 	C:\Windows\System32\KERNEL32.DLL
0x00007ff8d3140000 - 0x00007ff8d33e4000 	C:\Windows\System32\KERNELBASE.dll
0x00007ff8d5860000 - 0x00007ff8d5903000 	C:\Windows\System32\ADVAPI32.dll
0x00007ff8d4eb0000 - 0x00007ff8d4f4e000 	C:\Windows\System32\msvcrt.dll
0x00007ff8d4210000 - 0x00007ff8d42a7000 	C:\Windows\System32\sechost.dll
0x00007ff8d5740000 - 0x00007ff8d5860000 	C:\Windows\System32\RPCRT4.dll
0x00007ff8d43f0000 - 0x00007ff8d4585000 	C:\Windows\System32\USER32.dll
0x00007ff8d35e0000 - 0x00007ff8d3601000 	C:\Windows\System32\win32u.dll
0x00007ff8d4660000 - 0x00007ff8d4686000 	C:\Windows\System32\GDI32.dll
0x00007ff8d3440000 - 0x00007ff8d35d6000 	C:\Windows\System32\gdi32full.dll
0x00007ff8d3f40000 - 0x00007ff8d3fde000 	C:\Windows\System32\msvcp_win.dll
0x00007ff8d3fe0000 - 0x00007ff8d40da000 	C:\Windows\System32\ucrtbase.dll
0x00007ff8c3580000 - 0x00007ff8c3804000 	C:\Windows\WinSxS\amd64_microsoft.windows.common-controls_6595b64144ccf1df_6.0.18362.1016_none_9e7a36bbe461dae4\COMCTL32.dll
0x00007ff8d5400000 - 0x00007ff8d5735000 	C:\Windows\System32\combase.dll
0x00007ff8d4190000 - 0x00007ff8d4210000 	C:\Windows\System32\bcryptPrimitives.dll
0x00007ff8d5000000 - 0x00007ff8d502e000 	C:\Windows\System32\IMM32.DLL
0x0000000050550000 - 0x0000000050622000 	C:\Program Files (x86)\Minecraft Launcher\runtime\jre-x64\bin\msvcr100.dll
0x0000000077150000 - 0x00000000779d3000 	C:\Program Files (x86)\Minecraft Launcher\runtime\jre-x64\bin\server\jvm.dll
0x00007ff8d5030000 - 0x00007ff8d5038000 	C:\Windows\System32\PSAPI.DLL
0x00007ff8b55a0000 - 0x00007ff8b55a9000 	C:\Windows\SYSTEM32\WSOCK32.dll
0x00007ff8d0d60000 - 0x00007ff8d0d84000 	C:\Windows\SYSTEM32\WINMM.dll
0x00007ff8c6100000 - 0x00007ff8c610a000 	C:\Windows\SYSTEM32\VERSION.dll
0x00007ff8d51e0000 - 0x00007ff8d524f000 	C:\Windows\System32\WS2_32.dll
0x00007ff8d0bb0000 - 0x00007ff8d0bdd000 	C:\Windows\SYSTEM32\winmmbase.dll
0x00007ff8d33f0000 - 0x00007ff8d343a000 	C:\Windows\System32\cfgmgr32.dll
0x0000000050b20000 - 0x0000000050b2f000 	C:\Program Files (x86)\Minecraft Launcher\runtime\jre-x64\bin\verify.dll
0x0000000050af0000 - 0x0000000050b19000 	C:\Program Files (x86)\Minecraft Launcher\runtime\jre-x64\bin\java.dll
0x0000000050ad0000 - 0x0000000050ae6000 	C:\Program Files (x86)\Minecraft Launcher\runtime\jre-x64\bin\zip.dll
0x00007ff8d5970000 - 0x00007ff8d6057000 	C:\Windows\System32\SHELL32.dll
0x00007ff8d45b0000 - 0x00007ff8d4659000 	C:\Windows\System32\shcore.dll
0x00007ff8d3660000 - 0x00007ff8d3de2000 	C:\Windows\System32\windows.storage.dll
0x00007ff8d3040000 - 0x00007ff8d3063000 	C:\Windows\System32\profapi.dll
0x00007ff8d3070000 - 0x00007ff8d30ba000 	C:\Windows\System32\powrprof.dll
0x00007ff8d3010000 - 0x00007ff8d3020000 	C:\Windows\System32\UMPDC.dll
0x00007ff8d4310000 - 0x00007ff8d4362000 	C:\Windows\System32\shlwapi.dll
0x00007ff8d3020000 - 0x00007ff8d3031000 	C:\Windows\System32\kernel.appcore.dll
0x00007ff8d3610000 - 0x00007ff8d3627000 	C:\Windows\System32\cryptsp.dll
0x0000000050ac0000 - 0x0000000050acd000 	C:\Program Files (x86)\Minecraft Launcher\runtime\jre-x64\bin\management.dll
0x0000000050aa0000 - 0x0000000050aba000 	C:\Program Files (x86)\Minecraft Launcher\runtime\jre-x64\bin\net.dll
0x00007ff8d2870000 - 0x00007ff8d28d7000 	C:\Windows\system32\mswsock.dll
0x00007ff8b1c00000 - 0x00007ff8b1c16000 	C:\Windows\system32\napinsp.dll
0x00007ff8b1be0000 - 0x00007ff8b1bfa000 	C:\Windows\system32\pnrpnsp.dll
0x00007ff8d25c0000 - 0x00007ff8d268b000 	C:\Windows\SYSTEM32\DNSAPI.dll
0x00007ff8d4840000 - 0x00007ff8d4848000 	C:\Windows\System32\NSI.dll
0x00007ff8d2580000 - 0x00007ff8d25ba000 	C:\Windows\SYSTEM32\IPHLPAPI.DLL
0x00007ff8b1b90000 - 0x00007ff8b1b9e000 	C:\Windows\System32\winrnr.dll
0x00007ff8cf480000 - 0x00007ff8cf49c000 	C:\Windows\system32\NLAapi.dll
0x00007ff8b1b70000 - 0x00007ff8b1b85000 	C:\Windows\system32\wshbth.dll
0x0000000050710000 - 0x0000000050736000 	C:\Program Files\Bonjour\mdnsNSP.dll
0x00007ff8c2720000 - 0x00007ff8c272a000 	C:\Windows\System32\rasadhlp.dll
0x00007ff8c96c0000 - 0x00007ff8c9737000 	C:\Windows\System32\fwpuclnt.dll
0x00007ff8d3630000 - 0x00007ff8d3656000 	C:\Windows\System32\bcrypt.dll
0x0000000050530000 - 0x0000000050541000 	C:\Program Files (x86)\Minecraft Launcher\runtime\jre-x64\bin\nio.dll
0x00007ff8d23e0000 - 0x00007ff8d2413000 	C:\Windows\system32\rsaenh.dll
0x00007ff8d2f00000 - 0x00007ff8d2f25000 	C:\Windows\SYSTEM32\USERENV.dll
0x00007ff8d2a40000 - 0x00007ff8d2a4c000 	C:\Windows\SYSTEM32\CRYPTBASE.dll
0x00007ff8aca10000 - 0x00007ff8aca82000 	C:\Users\owenm\AppData\Roaming\.minecraft\bin\8ad6-efaf-4ee0-76a1\lwjgl.dll
0x00007ff8c2de0000 - 0x00007ff8c2e3e000 	C:\Users\owenm\AppData\Roaming\.minecraft\bin\8ad6-efaf-4ee0-76a1\glfw.dll
0x00007ff87f390000 - 0x00007ff87f5e1000 	C:\Users\owenm\AppData\Roaming\.minecraft\bin\8ad6-efaf-4ee0-76a1\jemalloc.dll
0x00007ff8d1370000 - 0x00007ff8d1409000 	C:\Windows\system32\uxtheme.dll
0x00007ff8aab10000 - 0x00007ff8aab53000 	C:\Windows\SYSTEM32\dinput8.dll
0x00007ff8ce070000 - 0x00007ff8ce081000 	C:\Windows\SYSTEM32\xinput1_4.dll
0x00007ff8d2e10000 - 0x00007ff8d2e3a000 	C:\Windows\SYSTEM32\DEVOBJ.dll
0x00007ff8d1970000 - 0x00007ff8d199d000 	C:\Windows\SYSTEM32\dwmapi.dll
0x00007ff8a80c0000 - 0x00007ff8a81db000 	C:\Windows\SYSTEM32\inputhost.dll
0x00007ff8d0ad0000 - 0x00007ff8d0ba4000 	C:\Windows\SYSTEM32\CoreMessaging.dll
0x00007ff8ceda0000 - 0x00007ff8cf0ca000 	C:\Windows\SYSTEM32\CoreUIComponents.dll
0x00007ff8cf600000 - 0x00007ff8cf6f0000 	C:\Windows\SYSTEM32\PROPSYS.dll
0x00007ff8cebb0000 - 0x00007ff8ced03000 	C:\Windows\SYSTEM32\wintypes.dll
0x00007ff8d2060000 - 0x00007ff8d2091000 	C:\Windows\SYSTEM32\ntmarta.dll
0x00007ff8d5110000 - 0x00007ff8d51d5000 	C:\Windows\System32\OLEAUT32.dll
0x00007ff8d5250000 - 0x00007ff8d5385000 	C:\Windows\System32\MSCTF.dll
0x00007ff8d1c10000 - 0x00007ff8d1c1e000 	C:\Windows\SYSTEM32\HID.DLL
0x00007ff8d4850000 - 0x00007ff8d4cc0000 	C:\Windows\System32\SETUPAPI.DLL
0x00007ff8d30e0000 - 0x00007ff8d313c000 	C:\Windows\System32\WINTRUST.dll
0x00007ff8d30c0000 - 0x00007ff8d30d2000 	C:\Windows\System32\MSASN1.dll
0x00007ff8d3df0000 - 0x00007ff8d3f39000 	C:\Windows\System32\CRYPT32.dll
0x00007ff89b990000 - 0x00007ff89bae6000 	C:\Windows\SYSTEM32\opengl32.dll
0x00007ff89bd30000 - 0x00007ff89bd5c000 	C:\Windows\SYSTEM32\GLU32.dll
0x00007ff8d1c70000 - 0x00007ff8d1c90000 	C:\Windows\SYSTEM32\dxcore.dll
0x00007ff861460000 - 0x00007ff862376000 	C:\Windows\System32\DriverStore\FileRepository\iigd_dch.inf_amd64_cf6c24843162da87\ig9icd64.dll
0x00007ff8d4cc0000 - 0x00007ff8d4e17000 	C:\Windows\System32\ole32.dll
0x00007ff8d1d00000 - 0x00007ff8d1deb000 	C:\Windows\system32\dxgi.dll
0x00007ff8c6ab0000 - 0x00007ff8c8eed000 	C:\Windows\System32\DriverStore\FileRepository\iigd_dch.inf_amd64_cf6c24843162da87\igc64.dll
0x00007ff8c9510000 - 0x00007ff8c96b3000 	C:\Windows\System32\DriverStore\FileRepository\iigd_dch.inf_amd64_cf6c24843162da87\igdgmm64.dll
0x00007ff8a8330000 - 0x00007ff8a83ce000 	C:\Windows\System32\TextInputFramework.dll
0x00007ff8c0e40000 - 0x00007ff8c10e6000 	C:\Windows\System32\iertutil.dll
0x00007ff8a8990000 - 0x00007ff8a89e8000 	C:\Users\owenm\AppData\Roaming\.minecraft\bin\8ad6-efaf-4ee0-76a1\lwjgl_opengl.dll
0x00007ff8a8910000 - 0x00007ff8a898f000 	C:\Users\owenm\AppData\Roaming\.minecraft\bin\8ad6-efaf-4ee0-76a1\lwjgl_stb.dll
0x00007ff8ce4a0000 - 0x00007ff8ce54e000 	C:\Windows\SYSTEM32\mscms.dll
0x00007ff8ce3c0000 - 0x00007ff8ce3d7000 	C:\Windows\SYSTEM32\ColorAdapterClient.dll
0x00007ff8a8d20000 - 0x00007ff8a8d63000 	C:\Windows\SYSTEM32\icm32.dll
0x00007ff8a93f0000 - 0x00007ff8a9432000 	C:\Users\owenm\AppData\Local\Temp\jna-106156540\jna6577892099993829908.dll
0x00007ff8cb680000 - 0x00007ff8cb69a000 	C:\Users\owenm\AppData\Roaming\.minecraft\bin\8ad6-efaf-4ee0-76a1\SAPIWrapper_x64.dll
0x00007ff8d4f50000 - 0x00007ff8d4ff2000 	C:\Windows\System32\clbcatq.dll
0x00007ff894460000 - 0x00007ff8945df000 	C:\Windows\System32\Speech\Common\sapi.dll
0x00007ff8c9ee0000 - 0x00007ff8c9efc000 	C:\Windows\SYSTEM32\MSACM32.dll
0x00007ff8cdf70000 - 0x00007ff8cdf7b000 	C:\Windows\SYSTEM32\msdmo.dll
0x00007ff8c4c10000 - 0x00007ff8c4c82000 	C:\Windows\System32\MMDevApi.dll
0x0000000050500000 - 0x0000000050524000 	C:\Program Files (x86)\Minecraft Launcher\runtime\jre-x64\bin\sunec.dll
0x0000000050360000 - 0x00000000504f8000 	C:\Program Files (x86)\Minecraft Launcher\runtime\jre-x64\bin\awt.dll
0x00007ff8d0eb0000 - 0x00007ff8d0f3f000 	C:\Windows\SYSTEM32\apphelp.dll
0x00007ff873ac0000 - 0x00007ff873bd4000 	C:\Users\owenm\AppData\Roaming\.minecraft\bin\8ad6-efaf-4ee0-76a1\OpenAL.dll
0x00007ff8c3810000 - 0x00007ff8c396d000 	C:\Windows\SYSTEM32\AUDIOSES.DLL
0x00007ff8cb9e0000 - 0x00007ff8cb9f6000 	C:\Windows\SYSTEM32\dhcpcsvc6.DLL
0x00007ff8cb990000 - 0x00007ff8cb9ac000 	C:\Windows\SYSTEM32\dhcpcsvc.DLL
0x00007ff8d1060000 - 0x00007ff8d1254000 	C:\Windows\SYSTEM32\dbghelp.dll

VM Arguments:
jvm_args: -XX:HeapDumpPath=MojangTricksIntelDriversForPerformance_javaw.exe_minecraft.exe.heapdump -Dos.name=Windows 10 -Dos.version=10.0 -Xss1M -Djava.library.path=C:\Users\owenm\AppData\Roaming\.minecraft\bin\8ad6-efaf-4ee0-76a1 -Dminecraft.launcher.brand=minecraft-launcher -Dminecraft.launcher.version=2.1.17416 -Xmx2G -XX:+UnlockExperimentalVMOptions -XX:+UseG1GC -XX:G1NewSizePercent=20 -XX:G1ReservePercent=20 -XX:MaxGCPauseMillis=50 -XX:G1HeapRegionSize=32M -Dlog4j.configurationFile=C:\Users\owenm\AppData\Roaming\.minecraft\assets\log_configs\client-1.12.xml 
java_command: net.minecraft.launchwrapper.Launch --username odoggy21 --version 1.16.2-OptiFine_HD_U_G3 --gameDir C:\Users\owenm\AppData\Roaming\.minecraft --assetsDir C:\Users\owenm\AppData\Roaming\.minecraft\assets --assetIndex 1.16 --uuid f1c7cdbb41114859b0a4d50962eb7c2a --accessToken eyJhbGciOiJIUzI1NiJ9.eyJzdWIiOiI0MGFlN2U5YTdhMDFkNjhkYzY5ZmJiZGNhM2FmYjZhYyIsInlnZ3QiOiI4YzkzYTU1ZWJlOWI0MmQzODdlNGRiMDdmMWRlYzNlNCIsInNwciI6ImYxYzdjZGJiNDExMTQ4NTliMGE0ZDUwOTYyZWI3YzJhIiwiaXNzIjoiWWdnZHJhc2lsLUF1dGgiLCJleHAiOjE1OTk0MzY2ODYsImlhdCI6MTU5OTI2Mzg4Nn0.yHZ93JExwm14JhV2-O93FUXfSgAHi-ECcbdhvBVebfY --userType mojang --versionType release --tweakClass optifine.OptiFineTweaker
java_class_path (initial): C:\Users\owenm\AppData\Roaming\.minecraft\libraries\optifine\OptiFine\1.16.2_HD_U_G3\OptiFine-1.16.2_HD_U_G3.jar;C:\Users\owenm\AppData\Roaming\.minecraft\libraries\optifine\launchwrapper-of\2.2\launchwrapper-of-2.2.jar;C:\Users\owenm\AppData\Roaming\.minecraft\libraries\com\mojang\patchy\1.1\patchy-1.1.jar;C:\Users\owenm\AppData\Roaming\.minecraft\libraries\oshi-project\oshi-core\1.1\oshi-core-1.1.jar;C:\Users\owenm\AppData\Roaming\.minecraft\libraries\net\java\dev\jna\jna\4.4.0\jna-4.4.0.jar;C:\Users\owenm\AppData\Roaming\.minecraft\libraries\net\java\dev\jna\platform\3.4.0\platform-3.4.0.jar;C:\Users\owenm\AppData\Roaming\.minecraft\libraries\com\ibm\icu\icu4j\66.1\icu4j-66.1.jar;C:\Users\owenm\AppData\Roaming\.minecraft\libraries\com\mojang\javabridge\1.0.22\javabridge-1.0.22.jar;C:\Users\owenm\AppData\Roaming\.minecraft\libraries\net\sf\jopt-simple\jopt-simple\5.0.3\jopt-simple-5.0.3.jar;C:\Users\owenm\AppData\Roaming\.minecraft\libraries\io\netty\netty-all\4.1.25.Final\netty-all-4.1.25.Final.jar;C:\Users\owenm\AppData\Roaming\.minecraft\libraries\com\google\guava\guava\21.0\guava-21.0.jar;C:\Users\owenm\AppData\Roaming\.minecraft\libraries\org\apache\commons\commons-lang3\3.5\commons-lang3-3.5.jar;C:\Users\owenm\AppData\Roaming\.minecraft\libraries\commons-io\commons-io\2.5\commons-io-2.5.jar;C:\Users\owenm\AppData\Roaming\.minecraft\libraries\commons-codec\commons-codec\1.10\commons-codec-1.10.jar;C:\Users\owenm\AppData\Roaming\.minecraft\libraries\net\java\jinput\jinput\2.0.5\jinput-2.0.5.jar;C:\Users\owenm\AppData\Roaming\.minecraft\libraries\net\java\jutils\jutils\1.0.0\jutils-1.0.0.jar;C:\Users\owenm\AppData\Roaming\.minecraft\libraries\com\mojang\brigadier\1.0.17\brigadier-1.0.17.jar;C:\Users\owenm\AppData\Roaming\.minecraft\libraries\com\mojang\datafixerupper\4.0.26\datafixerupper-4.0.26.jar;C:\Users\owenm\AppData\Roaming\.minecraft\libraries\com\google\code\gson\gson\2.8.0\gson-2.8.0.jar;C:\Users\owenm\AppData\Roaming\.mine
Launcher Type: SUN_STANDARD

Environment Variables:
PATH=C:\Program Files (x86)\Common Files\Oracle\Java\javapath;C:\Program Files (x86)\NVIDIA Corporation\PhysX\Common;C:\Windows\system32;C:\Windows;C:\Windows\System32\Wbem;C:\Windows\System32\WindowsPowerShell\v1.0\;C:\Windows\System32\OpenSSH\;C:\Program Files\TortoiseSVN\bin;C:\Program Files\Microsoft SQL Server\Client SDK\ODBC\110\Tools\Binn\;C:\Program Files (x86)\Microsoft SQL Server\120\Tools\Binn\;C:\Program Files\Microsoft SQL Server\120\Tools\Binn\;C:\Program Files\Microsoft SQL Server\120\DTS\Binn\;C:\Program Files (x86)\Windows Kits\8.1\Windows Performance Toolkit\;C:\Program Files\NVIDIA Corporation\NVIDIA NvDLISR;C:\Program Files\Git\cmd;C:\Program Files\nodejs\;C:\Program Files\Java\jdk-13.0.2\bin;C:\Users\owenm\AppData\Local\Microsoft\WindowsApps;C:\Users\owenm\AppData\Local\Programs\Microsoft VS Code\bin;C:\Users\owenm\AppData\Roaming\npm;C:\Users\owenm\AppData\Local\atom\bin;C:\Users\owenm\AppData\Local\GitHubDesktop\bin
USERNAME=owenm
OS=Windows_NT
PROCESSOR_IDENTIFIER=Intel64 Family 6 Model 158 Stepping 10, GenuineIntel



---------------  S Y S T E M  ---------------

OS: Windows 10.0 , 64 bit Build 18362 (10.0.18362.959)

CPU:total 12 (6 cores per cpu, 2 threads per core) family 6 model 158 stepping 10, cmov, cx8, fxsr, mmx, sse, sse2, sse3, ssse3, sse4.1, sse4.2, popcnt, avx, avx2, aes, clmul, erms, 3dnowpref, lzcnt, ht, tsc, tscinvbit, bmi1, bmi2, adx

Memory: 4k page, physical 16653556k(7304388k free), swap 19143924k(6649844k free)

vm_info: Java HotSpot(TM) 64-Bit Server VM (25.51-b03) for windows-amd64 JRE (1.8.0_51-b16), built on Jun  8 2015 18:03:07 by "java_re" with MS VC++ 10.0 (VS2010)

time: Sat Sep 05 20:31:53 2020
elapsed time: 64 seconds (0d 0h 1m 4s)

