#
# A fatal error has been detected by the Java Runtime Environment:
#
#  EXCEPTION_ACCESS_VIOLATION (0xc0000005) at pc=0x00007ff862563c8e, pid=17964, tid=13728
#
# JRE version: Java(TM) SE Runtime Environment (8.0_51-b16) (build 1.8.0_51-b16)
# Java VM: Java HotSpot(TM) 64-Bit Server VM (25.51-b03 mixed mode windows-amd64 compressed oops)
# Problematic frame:
# C  [ig9icd64.dll+0x1a3c8e]
#
# Failed to write core dump. Minidumps are not enabled by default on client versions of Windows
#
# If you would like to submit a bug report, please visit:
#   http://bugreport.java.com/bugreport/crash.jsp
# The crash happened outside the Java Virtual Machine in native code.
# See problematic frame for where to report the bug.
#

---------------  T H R E A D  ---------------

Current thread (0x000000000253e800):  JavaThread "Render thread" [_thread_in_native, id=13728, stack(0x00000000023d0000,0x00000000024d0000)]

siginfo: ExceptionCode=0xc0000005, reading address 0x0000000000000020

Registers:
RAX=0x0000000052b99ea8, RBX=0x0000000000000010, RCX=0x0000000000000000, RDX=0x0000000052b99e30
RSP=0x00000000024cd0c0, RBP=0x000000002fe57600, RSI=0x0000000052f79040, RDI=0x0000000000000000
R8 =0x000000002fe57608, R9 =0x0000000000000008, R10=0x00000000529247e0, R11=0x0000000000000001
R12=0x0000000027287f80, R13=0x00000000529247a0, R14=0x0000000000000001, R15=0x0000000000000001
RIP=0x00007ff862563c8e, EFLAGS=0x0000000000010202

Top of Stack: (sp=0x00000000024cd0c0)
0x00000000024cd0c0:   0000000000000040 0000000000000000
0x00000000024cd0d0:   0000000000000012 0000000000000005
0x00000000024cd0e0:   00000000009f5790 00007ff8d619c4de
0x00000000024cd0f0:   0000000000000000 0000010000000009
0x00000000024cd100:   0000000000000001 00004cc3c40e6959
0x00000000024cd110:   00000000529247e0 0000000000000000
0x00000000024cd120:   0000000052f79040 0000000052b99ea8
0x00000000024cd130:   0000000000000100 00000000009f0000
0x00000000024cd140:   00000000009f02ac 000000002ff98320
0x00000000024cd150:   0000000027287f80 00000000009f0ed0
0x00000000024cd160:   00000000024cd950 00000000529247a0
0x00000000024cd170:   000000002fe57600 00007ff862569190
0x00000000024cd180:   00007ff8625630b0 00007ff86256dff0
0x00000000024cd190:   0000000000000030 00000000024cd259
0x00000000024cd1a0:   00000000006f0000 00007ff8d619b997
0x00000000024cd1b0:   00000000009f0000 000000000000000b 

Instructions: (pc=0x00007ff862563c8e)
0x00007ff862563c6e:   2b c7 44 8b c8 49 8b 52 18 4d 8d 40 04 48 8d 5b
0x00007ff862563c7e:   08 48 8b 44 13 f8 48 8b 88 d8 00 00 00 48 8b 02
0x00007ff862563c8e:   0f 10 41 20 0f 10 11 0f 10 59 10 0f 10 49 30 0f
0x00007ff862563c9e:   29 84 24 10 01 00 00 f2 0f 10 41 40 48 8b 88 d8 


Register to memory mapping:

RAX=0x0000000052b99ea8 is an unknown value
RBX=0x0000000000000010 is an unknown value
RCX=0x0000000000000000 is an unknown value
RDX=0x0000000052b99e30 is an unknown value
RSP=0x00000000024cd0c0 is pointing into the stack for thread: 0x000000000253e800
RBP=0x000000002fe57600 is an unknown value
RSI=0x0000000052f79040 is an unknown value
RDI=0x0000000000000000 is an unknown value
R8 =0x000000002fe57608 is an unknown value
R9 =0x0000000000000008 is an unknown value
R10=0x00000000529247e0 is an unknown value
R11=0x0000000000000001 is an unknown value
R12=0x0000000027287f80 is an unknown value
R13=0x00000000529247a0 is an unknown value
R14=0x0000000000000001 is an unknown value
R15=0x0000000000000001 is an unknown value


Stack: [0x00000000023d0000,0x00000000024d0000],  sp=0x00000000024cd0c0,  free space=1012k
Native frames: (J=compiled Java code, j=interpreted, Vv=VM code, C=native code)
C  [ig9icd64.dll+0x1a3c8e]
C  [ig9icd64.dll+0x195a2e]
C  [ig9icd64.dll+0x19db6a]
C  [ig9icd64.dll+0x5273ab]
C  [ig9icd64.dll+0x19cb3c]
C  [ig9icd64.dll+0x1cfe65]
C  [ig9icd64.dll+0x1cdd7c]
C  [ig9icd64.dll+0x4067ac]
C  [ig9icd64.dll+0x988005]
C  0x000000000359fe8f

Java frames: (J=compiled Java code, j=interpreted, Vv=VM code)
J 7079  org.lwjgl.opengl.GL11C.glDrawArrays(III)V (0 bytes) @ 0x000000000359fe09 [0x000000000359fdc0+0x49]
J 8387 C2 dff.a(Ldfe;)V (54 bytes) @ 0x0000000002b5a0ac [0x0000000002b59b20+0x58c]
J 9538 C1 eag.a(Ldfe;III)V (94 bytes) @ 0x0000000003bf102c [0x0000000003bf0ac0+0x56c]
J 9517 C1 dzy$a.a(Leag;)V (58 bytes) @ 0x0000000003bca47c [0x0000000003bc9e20+0x65c]
j  dzy$a.getBuffer(Leag;)Ldfn;+44
J 9854 C2 dkr$a.accept(ILob;I)Z (445 bytes) @ 0x0000000003d79884 [0x0000000003d79440+0x444]
j  afo.a(Lob;Laey;IC)Z+22
j  afo.a(Ljava/lang/String;Lob;Laey;)Z+124
J 9480 C1 aex$$Lambda$3070.accept(Laey;)Z (13 bytes) @ 0x0000000003bb27cc [0x0000000003bb2700+0xcc]
J 9500 C1 dkr.c(Laex;FFIZLb;Ldzy;ZII)F (42 bytes) @ 0x0000000003bb81ec [0x0000000003bb8020+0x1cc]
J 9611 C1 dkr.b(Laex;FFIZLb;Ldzy;ZII)I (83 bytes) @ 0x0000000003c6a93c [0x0000000003c6a4c0+0x47c]
J 9612 C1 dkr.a(Laex;FFILb;Z)I (40 bytes) @ 0x0000000003c684dc [0x0000000003c67dc0+0x71c]
j  dkr.b(Ldfj;Lnr;FFI)I+23
j  dks.a(Ldfj;F)V+833
J 8391 C1 dzr.a(FJZ)V (1153 bytes) @ 0x0000000003885184 [0x0000000003878be0+0xc5a4]
J 8122 C1 djw.e(Z)V (946 bytes) @ 0x0000000003863804 [0x000000000385e920+0x4ee4]
j  djw.e()V+68
j  net.minecraft.client.main.Main.main([Ljava/lang/String;)V+1366
v  ~StubRoutines::call_stub
j  sun.reflect.NativeMethodAccessorImpl.invoke0(Ljava/lang/reflect/Method;Ljava/lang/Object;[Ljava/lang/Object;)Ljava/lang/Object;+0
j  sun.reflect.NativeMethodAccessorImpl.invoke(Ljava/lang/Object;[Ljava/lang/Object;)Ljava/lang/Object;+100
j  sun.reflect.DelegatingMethodAccessorImpl.invoke(Ljava/lang/Object;[Ljava/lang/Object;)Ljava/lang/Object;+6
j  java.lang.reflect.Method.invoke(Ljava/lang/Object;[Ljava/lang/Object;)Ljava/lang/Object;+56
j  net.minecraft.launchwrapper.Launch.launch([Ljava/lang/String;)V+661
j  net.minecraft.launchwrapper.Launch.main([Ljava/lang/String;)V+8
v  ~StubRoutines::call_stub

---------------  P R O C E S S  ---------------

Java Threads: ( => current thread )
  0x0000000021161800 JavaThread "Sound engine" daemon [_thread_blocked, id=9584, stack(0x000000004e730000,0x000000004e830000)]
  0x000000002116d000 JavaThread "Netty Server IO #1" daemon [_thread_in_native, id=12852, stack(0x000000003b220000,0x000000003b320000)]
  0x000000002116e000 JavaThread "Netty Local Client IO #0" daemon [_thread_blocked, id=11576, stack(0x000000003af60000,0x000000003b060000)]
  0x000000002116c000 JavaThread "Keep-Alive-Timer" daemon [_thread_blocked, id=4648, stack(0x000000003b120000,0x000000003b220000)]
  0x000000002116a000 JavaThread "Netty Server IO #0" daemon [_thread_in_native, id=9880, stack(0x000000003a530000,0x000000003a630000)]
  0x0000000021162800 JavaThread "ObjectCleanerThread" daemon [_thread_blocked, id=17440, stack(0x0000000023420000,0x0000000023520000)]
  0x0000000021169000 JavaThread "IO-Worker-19" [_thread_blocked, id=15852, stack(0x0000000039bf0000,0x0000000039cf0000)]
  0x0000000021166000 JavaThread "IO-Worker-18" [_thread_blocked, id=7392, stack(0x0000000039af0000,0x0000000039bf0000)]
  0x000000002116b800 JavaThread "Server thread" [_thread_blocked, id=15200, stack(0x00000000325b0000,0x00000000326b0000)]
  0x000000002116a800 JavaThread "Snooper Timer" daemon [_thread_blocked, id=1064, stack(0x0000000023320000,0x0000000023420000)]
  0x0000000021168800 JavaThread "Worker-Main-17" daemon [_thread_blocked, id=17792, stack(0x000000004dfc0000,0x000000004e0c0000)]
  0x0000000021160000 JavaThread "Worker-Main-16" daemon [_thread_in_Java, id=11268, stack(0x000000004ce50000,0x000000004cf50000)]
  0x0000000021167000 JavaThread "Worker-Main-15" daemon [_thread_in_Java, id=8144, stack(0x000000004c8b0000,0x000000004c9b0000)]
  0x0000000021163000 JavaThread "Java2D Disposer" daemon [_thread_blocked, id=16748, stack(0x0000000048880000,0x0000000048980000)]
  0x0000000021164800 JavaThread "pool-3-thread-3" [_thread_blocked, id=844, stack(0x000000003d400000,0x000000003d500000)]
  0x0000000021164000 JavaThread "pool-3-thread-2" [_thread_blocked, id=10228, stack(0x000000003d300000,0x000000003d400000)]
  0x0000000021167800 JavaThread "pool-3-thread-1" [_thread_blocked, id=6096, stack(0x000000003d200000,0x000000003d300000)]
  0x000000001f35d800 JavaThread "Worker-Main-12" daemon [_thread_in_native, id=17556, stack(0x0000000034210000,0x0000000034310000)]
  0x000000001f35b000 JavaThread "Worker-Main-11" daemon [_thread_in_native, id=12572, stack(0x0000000034050000,0x0000000034150000)]
  0x000000001f35f000 JavaThread "Worker-Main-10" daemon [_thread_blocked, id=17248, stack(0x0000000033cd0000,0x0000000033dd0000)]
  0x000000001f35f800 JavaThread "Worker-Main-9" daemon [_thread_blocked, id=18144, stack(0x0000000033ba0000,0x0000000033ca0000)]
  0x000000001f35a800 JavaThread "Narrator" [_thread_blocked, id=15228, stack(0x0000000032ab0000,0x0000000032bb0000)]
  0x000000001f951000 JavaThread "Snooper Timer" daemon [_thread_blocked, id=12660, stack(0x00000000252e0000,0x00000000253e0000)]
  0x0000000022067000 JavaThread "Timer hack thread" daemon [_thread_blocked, id=2944, stack(0x00000000241c0000,0x00000000242c0000)]
  0x0000000021388000 JavaThread "Worker-Bootstrap-6" daemon [_thread_blocked, id=15024, stack(0x0000000023520000,0x0000000023620000)]
  0x0000000022118000 JavaThread "Worker-Bootstrap-3" daemon [_thread_blocked, id=16752, stack(0x0000000021d80000,0x0000000021e80000)]
  0x000000002120e000 JavaThread "Worker-Bootstrap-2" daemon [_thread_blocked, id=7600, stack(0x0000000020c40000,0x0000000020d40000)]
  0x0000000021128800 JavaThread "Worker-Bootstrap-1" daemon [_thread_blocked, id=7348, stack(0x0000000020930000,0x0000000020a30000)]
  0x000000001c41e800 JavaThread "Service Thread" daemon [_thread_blocked, id=16732, stack(0x000000001d580000,0x000000001d680000)]
  0x000000001c3a3000 JavaThread "C1 CompilerThread3" daemon [_thread_blocked, id=1828, stack(0x000000001d480000,0x000000001d580000)]
  0x000000001c39a000 JavaThread "C2 CompilerThread2" daemon [_thread_in_native, id=18336, stack(0x000000001d380000,0x000000001d480000)]
  0x000000001c399800 JavaThread "C2 CompilerThread1" daemon [_thread_in_native, id=9796, stack(0x000000001d280000,0x000000001d380000)]
  0x000000001c34c800 JavaThread "C2 CompilerThread0" daemon [_thread_blocked, id=18260, stack(0x000000001d180000,0x000000001d280000)]
  0x000000001c34c000 JavaThread "Attach Listener" daemon [_thread_blocked, id=10860, stack(0x000000001d080000,0x000000001d180000)]
  0x000000001c34b000 JavaThread "Signal Dispatcher" daemon [_thread_blocked, id=3756, stack(0x000000001cf80000,0x000000001d080000)]
  0x000000001c34a800 JavaThread "Surrogate Locker Thread (Concurrent GC)" daemon [_thread_blocked, id=12688, stack(0x000000001ce80000,0x000000001cf80000)]
  0x000000001c337000 JavaThread "Finalizer" daemon [_thread_blocked, id=11040, stack(0x000000001cc80000,0x000000001cd80000)]
  0x000000001c331000 JavaThread "Reference Handler" daemon [_thread_blocked, id=10304, stack(0x000000001cb80000,0x000000001cc80000)]
=>0x000000000253e800 JavaThread "Render thread" [_thread_in_native, id=13728, stack(0x00000000023d0000,0x00000000024d0000)]

Other Threads:
  0x000000001c32b000 VMThread [stack: 0x000000001ca80000,0x000000001cb80000] [id=12164]
  0x000000001c3de000 WatcherThread [stack: 0x000000001d680000,0x000000001d780000] [id=10812]

VM state:not at safepoint (normal execution)

VM Mutex/Monitor currently owned by a thread: None

Heap:
 garbage-first heap   total 1867776K, used 875915K [0x0000000080000000, 0x00000000820001c8, 0x0000000100000000)
  region size 32768K, 4 young (131072K), 2 survivors (65536K)
 Metaspace       used 79179K, capacity 89460K, committed 89600K, reserved 1126400K
  class space    used 11143K, capacity 13529K, committed 13620K, reserved 1048576K

Heap Regions: (Y=young(eden), SU=young(survivor), HS=humongous(starts), HC=humongous(continues), CS=collection set, F=free, TS=gc time stamp, PTAMS=previous top-at-mark-start, NTAMS=next top-at-mark-start)
AC   0  O    TS     0 PTAMS 0x0000000082000000 NTAMS 0x0000000082000000 space 32768K, 100% used [0x0000000080000000, 0x0000000082000000)
AC   0  O    TS     0 PTAMS 0x0000000084000000 NTAMS 0x0000000084000000 space 32768K, 100% used [0x0000000082000000, 0x0000000084000000)
AC   0  O    TS     0 PTAMS 0x0000000086000000 NTAMS 0x0000000086000000 space 32768K, 100% used [0x0000000084000000, 0x0000000086000000)
AC   0  O    TS     0 PTAMS 0x0000000088000000 NTAMS 0x0000000088000000 space 32768K, 100% used [0x0000000086000000, 0x0000000088000000)
AC   0  O    TS     0 PTAMS 0x000000008a000000 NTAMS 0x000000008a000000 space 32768K, 100% used [0x0000000088000000, 0x000000008a000000)
AC   0  O    TS     5 PTAMS 0x000000008a000000 NTAMS 0x000000008a000000 space 32768K, 100% used [0x000000008a000000, 0x000000008c000000)
AC   0  O    TS     0 PTAMS 0x000000008e000000 NTAMS 0x000000008e000000 space 32768K, 100% used [0x000000008c000000, 0x000000008e000000)
AC   0  O    TS     5 PTAMS 0x000000008e000000 NTAMS 0x000000008e000000 space 32768K, 100% used [0x000000008e000000, 0x0000000090000000)
AC   0  O    TS     7 PTAMS 0x0000000090000000 NTAMS 0x0000000090000000 space 32768K, 100% used [0x0000000090000000, 0x0000000092000000)
AC   0  O    TS     0 PTAMS 0x0000000094000000 NTAMS 0x0000000094000000 space 32768K, 100% used [0x0000000092000000, 0x0000000094000000)
AC   0  O    TS     7 PTAMS 0x0000000094000000 NTAMS 0x0000000094000000 space 32768K, 100% used [0x0000000094000000, 0x0000000096000000)
AC   0  O    TS     3 PTAMS 0x0000000097a0b000 NTAMS 0x0000000097a0b000 space 32768K, 100% used [0x0000000096000000, 0x0000000098000000)
AC   0  O    TS     3 PTAMS 0x0000000098000000 NTAMS 0x0000000098000000 space 32768K, 100% used [0x0000000098000000, 0x000000009a000000)
AC   0  O    TS     5 PTAMS 0x000000009a000000 NTAMS 0x000000009a000000 space 32768K, 100% used [0x000000009a000000, 0x000000009c000000)
AC   0  O    TS     5 PTAMS 0x000000009c000000 NTAMS 0x000000009c000000 space 32768K, 100% used [0x000000009c000000, 0x000000009e000000)
AC   0  O    TS     5 PTAMS 0x000000009e000000 NTAMS 0x000000009e000000 space 32768K, 100% used [0x000000009e000000, 0x00000000a0000000)
AC   0  O    TS     5 PTAMS 0x00000000a0000000 NTAMS 0x00000000a0000000 space 32768K, 100% used [0x00000000a0000000, 0x00000000a2000000)
AC   0  O    TS     7 PTAMS 0x00000000a2000000 NTAMS 0x00000000a2000000 space 32768K, 100% used [0x00000000a2000000, 0x00000000a4000000)
AC   0  O    TS     7 PTAMS 0x00000000a4000000 NTAMS 0x00000000a4000000 space 32768K, 100% used [0x00000000a4000000, 0x00000000a6000000)
AC   0  O    TS     7 PTAMS 0x00000000a6000000 NTAMS 0x00000000a6000000 space 32768K, 100% used [0x00000000a6000000, 0x00000000a8000000)
AC   0  O    TS     9 PTAMS 0x00000000a8000000 NTAMS 0x00000000a8000000 space 32768K, 100% used [0x00000000a8000000, 0x00000000aa000000)
AC   0  O    TS     9 PTAMS 0x00000000aa000000 NTAMS 0x00000000aa000000 space 32768K, 100% used [0x00000000aa000000, 0x00000000ac000000)
AC   0  O    TS     9 PTAMS 0x00000000ac000000 NTAMS 0x00000000ac000000 space 32768K, 100% used [0x00000000ac000000, 0x00000000ae000000)
AC   0  O    TS     9 PTAMS 0x00000000ae000000 NTAMS 0x00000000ae000000 space 32768K,  73% used [0x00000000ae000000, 0x00000000b0000000)
AC   0  F    TS     1 PTAMS 0x00000000b0000000 NTAMS 0x00000000b0000000 space 32768K,   0% used [0x00000000b0000000, 0x00000000b2000000)
AC   0  F    TS     0 PTAMS 0x00000000b2000000 NTAMS 0x00000000b2000000 space 32768K,   0% used [0x00000000b2000000, 0x00000000b4000000)
AC   0  F    TS     0 PTAMS 0x00000000b4000000 NTAMS 0x00000000b4000000 space 32768K,   0% used [0x00000000b4000000, 0x00000000b6000000)
AC   0  F    TS     0 PTAMS 0x00000000b6000000 NTAMS 0x00000000b6000000 space 32768K,   0% used [0x00000000b6000000, 0x00000000b8000000)
AC   0  F    TS     0 PTAMS 0x00000000b8000000 NTAMS 0x00000000b8000000 space 32768K,   0% used [0x00000000b8000000, 0x00000000ba000000)
AC   0  F    TS     0 PTAMS 0x00000000ba000000 NTAMS 0x00000000ba000000 space 32768K,   0% used [0x00000000ba000000, 0x00000000bc000000)
AC   0  F    TS     0 PTAMS 0x00000000bc000000 NTAMS 0x00000000bc000000 space 32768K,   0% used [0x00000000bc000000, 0x00000000be000000)
AC   0  F    TS     0 PTAMS 0x00000000be000000 NTAMS 0x00000000be000000 space 32768K,   0% used [0x00000000be000000, 0x00000000c0000000)
AC   0  F    TS     0 PTAMS 0x00000000c0000000 NTAMS 0x00000000c0000000 space 32768K,   0% used [0x00000000c0000000, 0x00000000c2000000)
AC   0  F    TS     0 PTAMS 0x00000000c2000000 NTAMS 0x00000000c2000000 space 32768K,   0% used [0x00000000c2000000, 0x00000000c4000000)
AC   0  F    TS     0 PTAMS 0x00000000c4000000 NTAMS 0x00000000c4000000 space 32768K,   0% used [0x00000000c4000000, 0x00000000c6000000)
AC   0  F    TS     0 PTAMS 0x00000000c6000000 NTAMS 0x00000000c6000000 space 32768K,   0% used [0x00000000c6000000, 0x00000000c8000000)
AC   0  F    TS     0 PTAMS 0x00000000c8000000 NTAMS 0x00000000c8000000 space 32768K,   0% used [0x00000000c8000000, 0x00000000ca000000)
AC   0  F    TS     0 PTAMS 0x00000000ca000000 NTAMS 0x00000000ca000000 space 32768K,   0% used [0x00000000ca000000, 0x00000000cc000000)
AC   0  F    TS     0 PTAMS 0x00000000cc000000 NTAMS 0x00000000cc000000 space 32768K,   0% used [0x00000000cc000000, 0x00000000ce000000)
AC   0  F    TS     0 PTAMS 0x00000000ce000000 NTAMS 0x00000000ce000000 space 32768K,   0% used [0x00000000ce000000, 0x00000000d0000000)
AC   0  F    TS     0 PTAMS 0x00000000d0000000 NTAMS 0x00000000d0000000 space 32768K,   0% used [0x00000000d0000000, 0x00000000d2000000)
AC   0  F    TS     0 PTAMS 0x00000000d2000000 NTAMS 0x00000000d2000000 space 32768K,   0% used [0x00000000d2000000, 0x00000000d4000000)
AC   0  F    TS     0 PTAMS 0x00000000d4000000 NTAMS 0x00000000d4000000 space 32768K,   0% used [0x00000000d4000000, 0x00000000d6000000)
AC   0  F    TS     0 PTAMS 0x00000000d6000000 NTAMS 0x00000000d6000000 space 32768K,   0% used [0x00000000d6000000, 0x00000000d8000000)
AC   0  S CS TS     9 PTAMS 0x00000000d8000000 NTAMS 0x00000000d8000000 space 32768K, 100% used [0x00000000d8000000, 0x00000000da000000)
AC   0  S CS TS     9 PTAMS 0x00000000da000000 NTAMS 0x00000000da000000 space 32768K, 100% used [0x00000000da000000, 0x00000000dc000000)
AC   0  F    TS     7 PTAMS 0x00000000dc000000 NTAMS 0x00000000dc000000 space 32768K,   0% used [0x00000000dc000000, 0x00000000de000000)
AC   0  F    TS     7 PTAMS 0x00000000de000000 NTAMS 0x00000000de000000 space 32768K,   0% used [0x00000000de000000, 0x00000000e0000000)
AC   0  F    TS     0 PTAMS 0x00000000e0000000 NTAMS 0x00000000e0000000 space 32768K,   0% used [0x00000000e0000000, 0x00000000e2000000)
AC   0  F    TS     0 PTAMS 0x00000000e2000000 NTAMS 0x00000000e2000000 space 32768K,   0% used [0x00000000e2000000, 0x00000000e4000000)
AC   0  F    TS     0 PTAMS 0x00000000e4000000 NTAMS 0x00000000e4000000 space 32768K,   0% used [0x00000000e4000000, 0x00000000e6000000)
AC   0  F    TS     0 PTAMS 0x00000000e6000000 NTAMS 0x00000000e6000000 space 32768K,   0% used [0x00000000e6000000, 0x00000000e8000000)
AC   0  F    TS     0 PTAMS 0x00000000e8000000 NTAMS 0x00000000e8000000 space 32768K,   0% used [0x00000000e8000000, 0x00000000ea000000)
AC   0  F    TS     0 PTAMS 0x00000000ea000000 NTAMS 0x00000000ea000000 space 32768K,   0% used [0x00000000ea000000, 0x00000000ec000000)
AC   0  E    TS     0 PTAMS 0x00000000ec000000 NTAMS 0x00000000ec000000 space 32768K,   2% used [0x00000000ec000000, 0x00000000ee000000)
AC   0  E CS TS     0 PTAMS 0x00000000ee000000 NTAMS 0x00000000ee000000 space 32768K, 100% used [0x00000000ee000000, 0x00000000f0000000)
AC   0  E CS TS     0 PTAMS 0x00000000f0000000 NTAMS 0x00000000f0000000 space 32768K, 100% used [0x00000000f0000000, 0x00000000f2000000)

Card table byte_map: [0x0000000013dd0000,0x00000000141d0000] byte_map_base: 0x00000000139d0000

Marking Bits (Prev, Next): (CMBitMap*) 0x00000000025aea68, (CMBitMap*) 0x00000000025aeac0
 Prev Bits: [0x00000000145d0000, 0x00000000165d0000)
 Next Bits: [0x00000000165d0000, 0x00000000185d0000)

Polling page: 0x00000000001f0000

CodeCache: size=245760Kb used=38742Kb max_used=38742Kb free=207017Kb
 bounds [0x0000000002650000, 0x0000000004c60000, 0x0000000011650000]
 total_blobs=14594 nmethods=12883 adapters=1620
 compilation: enabled

Compilation events (10 events):
Event: 50.232 Thread 0x000000001c3a3000 17261       3       java.util.regex.Pattern$Curly::match0 (174 bytes)
Event: 50.233 Thread 0x000000001c3a3000 nmethod 17261 0x0000000004c18350 code [0x0000000004c18540, 0x0000000004c18f58]
Event: 50.233 Thread 0x000000001c3a3000 17262       3       java.util.HashMap::computeIfAbsent (309 bytes)
Event: 50.235 Thread 0x000000001c3a3000 nmethod 17262 0x0000000004c2b050 code [0x0000000004c2b320, 0x0000000004c2cc18]
Event: 50.260 Thread 0x000000001c3a3000 17267       3       abz::b (64 bytes)
Event: 50.262 Thread 0x000000001c3a3000 nmethod 17267 0x0000000004c2a010 code [0x0000000004c2a200, 0x0000000004c2acb8]
Event: 50.276 Thread 0x000000001c399800 nmethod 17256 0x0000000004c42810 code [0x0000000004c42a40, 0x0000000004c43d50]
Event: 50.276 Thread 0x000000001c399800 17266       4       java.util.regex.Pattern$Curly::match0 (174 bytes)
Event: 50.278 Thread 0x000000001c3a3000 17268       3       dea::a (5 bytes)
Event: 50.278 Thread 0x000000001c3a3000 nmethod 17268 0x0000000004c18010 code [0x0000000004c18160, 0x0000000004c18290]

GC Heap History (10 events):
Event: 35.296 GC heap before
{Heap before GC invocations=87 (full 0):
 garbage-first heap   total 1867776K, used 441735K [0x0000000080000000, 0x00000000820001c8, 0x0000000100000000)
  region size 32768K, 3 young (98304K), 1 survivors (32768K)
 Metaspace       used 59438K, capacity 64942K, committed 65024K, reserved 1103872K
  class space    used 8253K, capacity 9721K, committed 9780K, reserved 1048576K
Event: 35.319 GC heap after
Heap after GC invocations=88 (full 0):
 garbage-first heap   total 1867776K, used 408195K [0x0000000080000000, 0x00000000820001c8, 0x0000000100000000)
  region size 32768K, 1 young (32768K), 1 survivors (32768K)
 Metaspace       used 59438K, capacity 64942K, committed 65024K, reserved 1103872K
  class space    used 8253K, capacity 9721K, committed 9780K, reserved 1048576K
}
Event: 44.504 GC heap before
{Heap before GC invocations=89 (full 0):
 garbage-first heap   total 1867776K, used 1424003K [0x0000000080000000, 0x00000000820001c8, 0x0000000100000000)
  region size 32768K, 32 young (1048576K), 1 survivors (32768K)
 Metaspace       used 66238K, capacity 74024K, committed 74368K, reserved 1112064K
  class space    used 9378K, capacity 11318K, committed 11444K, reserved 1048576K
Event: 44.540 GC heap after
Heap after GC invocations=90 (full 0):
 garbage-first heap   total 1867776K, used 437403K [0x0000000080000000, 0x00000000820001c8, 0x0000000100000000)
  region size 32768K, 2 young (65536K), 2 survivors (65536K)
 Metaspace       used 66238K, capacity 74024K, committed 74368K, reserved 1112064K
  class space    used 9378K, capacity 11318K, committed 11444K, reserved 1048576K
}
Event: 47.015 GC heap before
{Heap before GC invocations=90 (full 0):
 garbage-first heap   total 1867776K, used 732315K [0x0000000080000000, 0x00000000820001c8, 0x0000000100000000)
  region size 32768K, 11 young (360448K), 2 survivors (65536K)
 Metaspace       used 74560K, capacity 83922K, committed 84096K, reserved 1120256K
  class space    used 10478K, capacity 12672K, committed 12724K, reserved 1048576K
Event: 47.084 GC heap after
Heap after GC invocations=91 (full 0):
 garbage-first heap   total 1867776K, used 453414K [0x0000000080000000, 0x00000000820001c8, 0x0000000100000000)
  region size 32768K, 2 young (65536K), 2 survivors (65536K)
 Metaspace       used 74560K, capacity 83922K, committed 84096K, reserved 1120256K
  class space    used 10478K, capacity 12672K, committed 12724K, reserved 1048576K
}
Event: 48.207 GC heap before
{Heap before GC invocations=91 (full 0):
 garbage-first heap   total 1867776K, used 748326K [0x0000000080000000, 0x00000000820001c8, 0x0000000100000000)
  region size 32768K, 11 young (360448K), 2 survivors (65536K)
 Metaspace       used 78425K, capacity 88436K, committed 88704K, reserved 1124352K
  class space    used 11044K, capacity 13397K, committed 13492K, reserved 1048576K
Event: 48.332 GC heap after
Heap after GC invocations=92 (full 0):
 garbage-first heap   total 1867776K, used 561950K [0x0000000080000000, 0x00000000820001c8, 0x0000000100000000)
  region size 32768K, 2 young (65536K), 2 survivors (65536K)
 Metaspace       used 78425K, capacity 88436K, committed 88704K, reserved 1124352K
  class space    used 11044K, capacity 13397K, committed 13492K, reserved 1048576K
}
Event: 49.703 GC heap before
{Heap before GC invocations=92 (full 0):
 garbage-first heap   total 1867776K, used 856862K [0x0000000080000000, 0x00000000820001c8, 0x0000000100000000)
  region size 32768K, 11 young (360448K), 2 survivors (65536K)
 Metaspace       used 79107K, capacity 89354K, committed 89600K, reserved 1126400K
  class space    used 11132K, capacity 13514K, committed 13620K, reserved 1048576K
Event: 49.811 GC heap after
Heap after GC invocations=93 (full 0):
 garbage-first heap   total 1867776K, used 726189K [0x0000000080000000, 0x00000000820001c8, 0x0000000100000000)
  region size 32768K, 2 young (65536K), 2 survivors (65536K)
 Metaspace       used 79107K, capacity 89354K, committed 89600K, reserved 1126400K
  class space    used 11132K, capacity 13514K, committed 13620K, reserved 1048576K
}

Deoptimization events (10 events):
Event: 49.675 Thread 0x000000000253e800 Uncommon trap: reason=unstable_if action=reinterpret pc=0x000000000360fd00 method=java.nio.Buffer.limit(I)Ljava/nio/Buffer; @ 33
Event: 49.840 Thread 0x000000000253e800 Uncommon trap: reason=class_check action=maybe_recompile pc=0x0000000003bb6d78 method=dzy$a.b(Leag;)Ldfe; @ 9
Event: 49.919 Thread 0x000000000253e800 Uncommon trap: reason=unstable_if action=reinterpret pc=0x0000000004771dd8 method=of.d(Ljava/lang/String;)V @ 183
Event: 49.919 Thread 0x000000000253e800 Uncommon trap: reason=unstable_if action=reinterpret pc=0x0000000003c6b94c method=java.lang.Character.isSurrogate(C)Z @ 3
Event: 49.994 Thread 0x0000000021160000 Uncommon trap: reason=unstable_if action=reinterpret pc=0x0000000003683d08 method=java.util.stream.AbstractPipeline.sourceStageSpliterator()Ljava/util/Spliterator; @ 45
Event: 50.277 Thread 0x000000000253e800 Uncommon trap: reason=bimorphic action=maybe_recompile pc=0x0000000003d7a1f0 method=dkr$a.accept(ILob;I)Z @ 273
Event: 50.277 Thread 0x000000000253e800 Uncommon trap: reason=unstable_if action=reinterpret pc=0x00000000040d645c method=java.lang.Character.isSurrogate(C)Z @ 3
Event: 50.278 Thread 0x000000000253e800 Uncommon trap: reason=bimorphic action=maybe_recompile pc=0x0000000003d7a1f0 method=dkr$a.accept(ILob;I)Z @ 273
Event: 50.278 Thread 0x000000000253e800 Uncommon trap: reason=unstable_if action=reinterpret pc=0x00000000036d9d70 method=java.lang.Character.isSurrogate(C)Z @ 3
Event: 50.278 Thread 0x000000000253e800 Uncommon trap: reason=bimorphic action=maybe_recompile pc=0x0000000003d7a1f0 method=dkr$a.accept(ILob;I)Z @ 273

Internal exceptions (10 events):
Event: 48.947 Thread 0x0000000021166000 Exception <a 'sun/nio/fs/WindowsException'> (0x00000000efe0bae8) thrown at [C:\re\workspace\8-2-build-windows-amd64-cygwin\jdk8u51\3951\hotspot\src\share\vm\prims\jni.cpp, line 709]
Event: 48.948 Thread 0x0000000021169000 Exception <a 'sun/nio/fs/WindowsException'> (0x00000000efea8270) thrown at [C:\re\workspace\8-2-build-windows-amd64-cygwin\jdk8u51\3951\hotspot\src\share\vm\prims\jni.cpp, line 709]
Event: 48.949 Thread 0x0000000021166000 Exception <a 'sun/nio/fs/WindowsException'> (0x00000000efe10bc8) thrown at [C:\re\workspace\8-2-build-windows-amd64-cygwin\jdk8u51\3951\hotspot\src\share\vm\prims\jni.cpp, line 709]
Event: 48.949 Thread 0x0000000021169000 Exception <a 'sun/nio/fs/WindowsException'> (0x00000000efead430) thrown at [C:\re\workspace\8-2-build-windows-amd64-cygwin\jdk8u51\3951\hotspot\src\share\vm\prims\jni.cpp, line 709]
Event: 49.430 Thread 0x000000001f359000 Exception <a 'java/lang/InterruptedException'> (0x00000000f0258ea0) thrown at [C:\re\workspace\8-2-build-windows-amd64-cygwin\jdk8u51\3951\hotspot\src\share\vm\runtime\objectMonitor.cpp, line 1494]
Event: 49.430 Thread 0x000000002116f800 Exception <a 'java/lang/InterruptedException'> (0x00000000f020b7c8) thrown at [C:\re\workspace\8-2-build-windows-amd64-cygwin\jdk8u51\3951\hotspot\src\share\vm\runtime\objectMonitor.cpp, line 1683]
Event: 49.613 Thread 0x0000000021167000 Implicit null exception at 0x000000000345a7d9 to 0x000000000345b6e1
Event: 49.613 Thread 0x0000000021167000 Implicit null exception at 0x000000000463ce70 to 0x000000000463ce80
Event: 49.639 Thread 0x000000000253e800 Exception <a 'java/lang/NoSuchMethodError': java.lang.Object.a(Lob;ILaey;)Z> (0x00000000e2ce3ad0) thrown at [C:\re\workspace\8-2-build-windows-amd64-cygwin\jdk8u51\3951\hotspot\src\share\vm\interpreter\linkResolver.cpp, line 582]
Event: 49.641 Thread 0x000000000253e800 Exception <a 'java/lang/NoSuchMethodError': java.lang.Object.a(Ljava/util/List;Laey;)Z> (0x00000000e2cecff8) thrown at [C:\re\workspace\8-2-build-windows-amd64-cygwin\jdk8u51\3951\hotspot\src\share\vm\interpreter\linkResolver.cpp, line 582]

Events (10 events):
Event: 50.277 Thread 0x000000000253e800 DEOPT UNPACKING pc=0x000000000269582a sp=0x00000000024cda68 mode 2
Event: 50.278 Thread 0x000000000253e800 Uncommon trap: trap_request=0xffffffc6 fr.pc=0x0000000003d7a1f0
Event: 50.278 Thread 0x000000000253e800 DEOPT PACKING pc=0x0000000003d7a1f0 sp=0x00000000024cda00
Event: 50.278 Thread 0x000000000253e800 DEOPT UNPACKING pc=0x000000000269582a sp=0x00000000024cd9e0 mode 2
Event: 50.278 Thread 0x000000000253e800 Uncommon trap: trap_request=0xffffff65 fr.pc=0x00000000036d9d70
Event: 50.278 Thread 0x000000000253e800 DEOPT PACKING pc=0x00000000036d9d70 sp=0x00000000024cdac0
Event: 50.278 Thread 0x000000000253e800 DEOPT UNPACKING pc=0x000000000269582a sp=0x00000000024cda60 mode 2
Event: 50.278 Thread 0x000000000253e800 Uncommon trap: trap_request=0xffffffc6 fr.pc=0x0000000003d7a1f0
Event: 50.278 Thread 0x000000000253e800 DEOPT PACKING pc=0x0000000003d7a1f0 sp=0x00000000024cda10
Event: 50.278 Thread 0x000000000253e800 DEOPT UNPACKING pc=0x000000000269582a sp=0x00000000024cd9f0 mode 2


Dynamic libraries:
0x00007ff6cc180000 - 0x00007ff6cc1b7000 	C:\Program Files (x86)\Minecraft Launcher\runtime\jre-x64\bin\javaw.exe
0x00007ff8d6160000 - 0x00007ff8d6350000 	C:\Windows\SYSTEM32\ntdll.dll
0x00007ff8d6060000 - 0x00007ff8d6112000 	C:\Windows\System32\KERNEL32.DLL
0x00007ff8d3140000 - 0x00007ff8d33e4000 	C:\Windows\System32\KERNELBASE.dll
0x00007ff8d5860000 - 0x00007ff8d5903000 	C:\Windows\System32\ADVAPI32.dll
0x00007ff8d4eb0000 - 0x00007ff8d4f4e000 	C:\Windows\System32\msvcrt.dll
0x00007ff8d4210000 - 0x00007ff8d42a7000 	C:\Windows\System32\sechost.dll
0x00007ff8d5740000 - 0x00007ff8d5860000 	C:\Windows\System32\RPCRT4.dll
0x00007ff8d43f0000 - 0x00007ff8d4585000 	C:\Windows\System32\USER32.dll
0x00007ff8d35e0000 - 0x00007ff8d3601000 	C:\Windows\System32\win32u.dll
0x00007ff8d4660000 - 0x00007ff8d4686000 	C:\Windows\System32\GDI32.dll
0x00007ff8d3440000 - 0x00007ff8d35d6000 	C:\Windows\System32\gdi32full.dll
0x00007ff8d3f40000 - 0x00007ff8d3fde000 	C:\Windows\System32\msvcp_win.dll
0x00007ff8d3fe0000 - 0x00007ff8d40da000 	C:\Windows\System32\ucrtbase.dll
0x00007ff8c3580000 - 0x00007ff8c3804000 	C:\Windows\WinSxS\amd64_microsoft.windows.common-controls_6595b64144ccf1df_6.0.18362.1016_none_9e7a36bbe461dae4\COMCTL32.dll
0x00007ff8d5400000 - 0x00007ff8d5735000 	C:\Windows\System32\combase.dll
0x00007ff8d4190000 - 0x00007ff8d4210000 	C:\Windows\System32\bcryptPrimitives.dll
0x00007ff8d5000000 - 0x00007ff8d502e000 	C:\Windows\System32\IMM32.DLL
0x0000000050550000 - 0x0000000050622000 	C:\Program Files (x86)\Minecraft Launcher\runtime\jre-x64\bin\msvcr100.dll
0x0000000077150000 - 0x00000000779d3000 	C:\Program Files (x86)\Minecraft Launcher\runtime\jre-x64\bin\server\jvm.dll
0x00007ff8d5030000 - 0x00007ff8d5038000 	C:\Windows\System32\PSAPI.DLL
0x00007ff8b55a0000 - 0x00007ff8b55a9000 	C:\Windows\SYSTEM32\WSOCK32.dll
0x00007ff8d0d60000 - 0x00007ff8d0d84000 	C:\Windows\SYSTEM32\WINMM.dll
0x00007ff8c6100000 - 0x00007ff8c610a000 	C:\Windows\SYSTEM32\VERSION.dll
0x00007ff8d51e0000 - 0x00007ff8d524f000 	C:\Windows\System32\WS2_32.dll
0x00007ff8d0bb0000 - 0x00007ff8d0bdd000 	C:\Windows\SYSTEM32\WINMMBASE.dll
0x00007ff8d33f0000 - 0x00007ff8d343a000 	C:\Windows\System32\cfgmgr32.dll
0x0000000050b20000 - 0x0000000050b2f000 	C:\Program Files (x86)\Minecraft Launcher\runtime\jre-x64\bin\verify.dll
0x0000000050af0000 - 0x0000000050b19000 	C:\Program Files (x86)\Minecraft Launcher\runtime\jre-x64\bin\java.dll
0x0000000050ad0000 - 0x0000000050ae6000 	C:\Program Files (x86)\Minecraft Launcher\runtime\jre-x64\bin\zip.dll
0x00007ff8d5970000 - 0x00007ff8d6057000 	C:\Windows\System32\SHELL32.dll
0x00007ff8d45b0000 - 0x00007ff8d4659000 	C:\Windows\System32\shcore.dll
0x00007ff8d3660000 - 0x00007ff8d3de2000 	C:\Windows\System32\windows.storage.dll
0x00007ff8d3040000 - 0x00007ff8d3063000 	C:\Windows\System32\profapi.dll
0x00007ff8d3070000 - 0x00007ff8d30ba000 	C:\Windows\System32\powrprof.dll
0x00007ff8d3010000 - 0x00007ff8d3020000 	C:\Windows\System32\UMPDC.dll
0x00007ff8d4310000 - 0x00007ff8d4362000 	C:\Windows\System32\shlwapi.dll
0x00007ff8d3020000 - 0x00007ff8d3031000 	C:\Windows\System32\kernel.appcore.dll
0x00007ff8d3610000 - 0x00007ff8d3627000 	C:\Windows\System32\cryptsp.dll
0x0000000050ac0000 - 0x0000000050acd000 	C:\Program Files (x86)\Minecraft Launcher\runtime\jre-x64\bin\management.dll
0x0000000050aa0000 - 0x0000000050aba000 	C:\Program Files (x86)\Minecraft Launcher\runtime\jre-x64\bin\net.dll
0x00007ff8d2870000 - 0x00007ff8d28d7000 	C:\Windows\system32\mswsock.dll
0x00007ff8b1c00000 - 0x00007ff8b1c16000 	C:\Windows\system32\napinsp.dll
0x00007ff8b1be0000 - 0x00007ff8b1bfa000 	C:\Windows\system32\pnrpnsp.dll
0x00007ff8d25c0000 - 0x00007ff8d268b000 	C:\Windows\SYSTEM32\DNSAPI.dll
0x00007ff8d4840000 - 0x00007ff8d4848000 	C:\Windows\System32\NSI.dll
0x00007ff8d2580000 - 0x00007ff8d25ba000 	C:\Windows\SYSTEM32\IPHLPAPI.DLL
0x00007ff8b1b90000 - 0x00007ff8b1b9e000 	C:\Windows\System32\winrnr.dll
0x00007ff8cf480000 - 0x00007ff8cf49c000 	C:\Windows\system32\NLAapi.dll
0x00007ff8b1b70000 - 0x00007ff8b1b85000 	C:\Windows\system32\wshbth.dll
0x0000000050710000 - 0x0000000050736000 	C:\Program Files\Bonjour\mdnsNSP.dll
0x00007ff8c2720000 - 0x00007ff8c272a000 	C:\Windows\System32\rasadhlp.dll
0x00007ff8c96c0000 - 0x00007ff8c9737000 	C:\Windows\System32\fwpuclnt.dll
0x00007ff8d3630000 - 0x00007ff8d3656000 	C:\Windows\System32\bcrypt.dll
0x0000000050530000 - 0x0000000050541000 	C:\Program Files (x86)\Minecraft Launcher\runtime\jre-x64\bin\nio.dll
0x00007ff8d23e0000 - 0x00007ff8d2413000 	C:\Windows\system32\rsaenh.dll
0x00007ff8d2f00000 - 0x00007ff8d2f25000 	C:\Windows\SYSTEM32\USERENV.dll
0x00007ff8d2a40000 - 0x00007ff8d2a4c000 	C:\Windows\SYSTEM32\CRYPTBASE.dll
0x00007ff8a92a0000 - 0x00007ff8a9312000 	C:\Users\owenm\AppData\Roaming\.minecraft\bin\ce78-8d45-4ea8-0fb1\lwjgl.dll
0x00007ff8c68e0000 - 0x00007ff8c693e000 	C:\Users\owenm\AppData\Roaming\.minecraft\bin\ce78-8d45-4ea8-0fb1\glfw.dll
0x00007ff87f390000 - 0x00007ff87f5e1000 	C:\Users\owenm\AppData\Roaming\.minecraft\bin\ce78-8d45-4ea8-0fb1\jemalloc.dll
0x00007ff8d1370000 - 0x00007ff8d1409000 	C:\Windows\system32\uxtheme.dll
0x00007ff8c2df0000 - 0x00007ff8c2e33000 	C:\Windows\SYSTEM32\dinput8.dll
0x00007ff8cb600000 - 0x00007ff8cb611000 	C:\Windows\SYSTEM32\xinput1_4.dll
0x00007ff8d2e10000 - 0x00007ff8d2e3a000 	C:\Windows\SYSTEM32\DEVOBJ.dll
0x00007ff8d1970000 - 0x00007ff8d199d000 	C:\Windows\SYSTEM32\dwmapi.dll
0x00007ff8a80c0000 - 0x00007ff8a81db000 	C:\Windows\SYSTEM32\inputhost.dll
0x00007ff8d0ad0000 - 0x00007ff8d0ba4000 	C:\Windows\SYSTEM32\CoreMessaging.dll
0x00007ff8ceda0000 - 0x00007ff8cf0ca000 	C:\Windows\SYSTEM32\CoreUIComponents.dll
0x00007ff8cf600000 - 0x00007ff8cf6f0000 	C:\Windows\SYSTEM32\PROPSYS.dll
0x00007ff8cebb0000 - 0x00007ff8ced03000 	C:\Windows\SYSTEM32\wintypes.dll
0x00007ff8d5110000 - 0x00007ff8d51d5000 	C:\Windows\System32\OLEAUT32.dll
0x00007ff8d2060000 - 0x00007ff8d2091000 	C:\Windows\SYSTEM32\ntmarta.dll
0x00007ff8d5250000 - 0x00007ff8d5385000 	C:\Windows\System32\MSCTF.dll
0x00007ff8d1c10000 - 0x00007ff8d1c1e000 	C:\Windows\SYSTEM32\HID.DLL
0x00007ff8d4850000 - 0x00007ff8d4cc0000 	C:\Windows\System32\SETUPAPI.DLL
0x00007ff8d30e0000 - 0x00007ff8d313c000 	C:\Windows\System32\WINTRUST.dll
0x00007ff8d30c0000 - 0x00007ff8d30d2000 	C:\Windows\System32\MSASN1.dll
0x00007ff8d3df0000 - 0x00007ff8d3f39000 	C:\Windows\System32\CRYPT32.dll
0x00007ff89b990000 - 0x00007ff89bae6000 	C:\Windows\SYSTEM32\opengl32.dll
0x00007ff89bd30000 - 0x00007ff89bd5c000 	C:\Windows\SYSTEM32\GLU32.dll
0x00007ff8d1c70000 - 0x00007ff8d1c90000 	C:\Windows\SYSTEM32\dxcore.dll
0x00007ff8623c0000 - 0x00007ff8632d6000 	C:\Windows\System32\DriverStore\FileRepository\iigd_dch.inf_amd64_cf6c24843162da87\ig9icd64.dll
0x00007ff8d4cc0000 - 0x00007ff8d4e17000 	C:\Windows\System32\ole32.dll
0x00007ff8d1d00000 - 0x00007ff8d1deb000 	C:\Windows\system32\dxgi.dll
0x00007ff8c6ab0000 - 0x00007ff8c8eed000 	C:\Windows\System32\DriverStore\FileRepository\iigd_dch.inf_amd64_cf6c24843162da87\igc64.dll
0x00007ff8c9510000 - 0x00007ff8c96b3000 	C:\Windows\System32\DriverStore\FileRepository\iigd_dch.inf_amd64_cf6c24843162da87\igdgmm64.dll
0x00007ff8a8330000 - 0x00007ff8a83ce000 	C:\Windows\System32\TextInputFramework.dll
0x00007ff8c0e40000 - 0x00007ff8c10e6000 	C:\Windows\System32\iertutil.dll
0x00007ff8aca00000 - 0x00007ff8aca58000 	C:\Users\owenm\AppData\Roaming\.minecraft\bin\ce78-8d45-4ea8-0fb1\lwjgl_opengl.dll
0x00007ff8a8a40000 - 0x00007ff8a8abf000 	C:\Users\owenm\AppData\Roaming\.minecraft\bin\ce78-8d45-4ea8-0fb1\lwjgl_stb.dll
0x00007ff8ce4a0000 - 0x00007ff8ce54e000 	C:\Windows\SYSTEM32\mscms.dll
0x00007ff8ce3c0000 - 0x00007ff8ce3d7000 	C:\Windows\SYSTEM32\ColorAdapterClient.dll
0x00007ff8a8d20000 - 0x00007ff8a8d63000 	C:\Windows\SYSTEM32\icm32.dll
0x00007ff8c1ae0000 - 0x00007ff8c1b22000 	C:\Users\owenm\AppData\Local\Temp\jna-106156540\jna2601834391180455643.dll
0x00007ff8c9f70000 - 0x00007ff8c9f8a000 	C:\Users\owenm\AppData\Roaming\.minecraft\bin\ce78-8d45-4ea8-0fb1\SAPIWrapper_x64.dll
0x00007ff8d4f50000 - 0x00007ff8d4ff2000 	C:\Windows\System32\clbcatq.dll
0x00007ff885420000 - 0x00007ff88559f000 	C:\Windows\System32\Speech\Common\sapi.dll
0x00007ff8c9ee0000 - 0x00007ff8c9efc000 	C:\Windows\SYSTEM32\MSACM32.dll
0x00007ff8cdf70000 - 0x00007ff8cdf7b000 	C:\Windows\SYSTEM32\msdmo.dll
0x00007ff8c4c10000 - 0x00007ff8c4c82000 	C:\Windows\System32\MMDevApi.dll
0x0000000050500000 - 0x0000000050524000 	C:\Program Files (x86)\Minecraft Launcher\runtime\jre-x64\bin\sunec.dll
0x0000000050360000 - 0x00000000504f8000 	C:\Program Files (x86)\Minecraft Launcher\runtime\jre-x64\bin\awt.dll
0x00007ff8d0eb0000 - 0x00007ff8d0f3f000 	C:\Windows\SYSTEM32\apphelp.dll
0x00007ff873b90000 - 0x00007ff873ca4000 	C:\Users\owenm\AppData\Roaming\.minecraft\bin\ce78-8d45-4ea8-0fb1\OpenAL.dll
0x00007ff8c3810000 - 0x00007ff8c396d000 	C:\Windows\SYSTEM32\AUDIOSES.DLL
0x00007ff8cb9e0000 - 0x00007ff8cb9f6000 	C:\Windows\SYSTEM32\dhcpcsvc6.DLL
0x00007ff8cb990000 - 0x00007ff8cb9ac000 	C:\Windows\SYSTEM32\dhcpcsvc.DLL
0x00007ff8d1060000 - 0x00007ff8d1254000 	C:\Windows\SYSTEM32\dbghelp.dll

VM Arguments:
jvm_args: -XX:HeapDumpPath=MojangTricksIntelDriversForPerformance_javaw.exe_minecraft.exe.heapdump -Dos.name=Windows 10 -Dos.version=10.0 -Xss1M -Djava.library.path=C:\Users\owenm\AppData\Roaming\.minecraft\bin\ce78-8d45-4ea8-0fb1 -Dminecraft.launcher.brand=minecraft-launcher -Dminecraft.launcher.version=2.1.17416 -Xmx2G -XX:+UnlockExperimentalVMOptions -XX:+UseG1GC -XX:G1NewSizePercent=20 -XX:G1ReservePercent=20 -XX:MaxGCPauseMillis=50 -XX:G1HeapRegionSize=32M -Dlog4j.configurationFile=C:\Users\owenm\AppData\Roaming\.minecraft\assets\log_configs\client-1.12.xml 
java_command: net.minecraft.launchwrapper.Launch --username odoggy21 --version 1.16.2-OptiFine_HD_U_G3_pre1 --gameDir C:\Users\owenm\AppData\Roaming\.minecraft --assetsDir C:\Users\owenm\AppData\Roaming\.minecraft\assets --assetIndex 1.16 --uuid f1c7cdbb41114859b0a4d50962eb7c2a --accessToken eyJhbGciOiJIUzI1NiJ9.eyJzdWIiOiI0MGFlN2U5YTdhMDFkNjhkYzY5ZmJiZGNhM2FmYjZhYyIsInlnZ3QiOiI4YzkzYTU1ZWJlOWI0MmQzODdlNGRiMDdmMWRlYzNlNCIsInNwciI6ImYxYzdjZGJiNDExMTQ4NTliMGE0ZDUwOTYyZWI3YzJhIiwiaXNzIjoiWWdnZHJhc2lsLUF1dGgiLCJleHAiOjE1OTk0MzY2ODYsImlhdCI6MTU5OTI2Mzg4Nn0.yHZ93JExwm14JhV2-O93FUXfSgAHi-ECcbdhvBVebfY --userType mojang --versionType release --tweakClass optifine.OptiFineTweaker
java_class_path (initial): C:\Users\owenm\AppData\Roaming\.minecraft\libraries\optifine\OptiFine\1.16.2_HD_U_G3_pre1\OptiFine-1.16.2_HD_U_G3_pre1.jar;C:\Users\owenm\AppData\Roaming\.minecraft\libraries\optifine\launchwrapper-of\2.1\launchwrapper-of-2.1.jar;C:\Users\owenm\AppData\Roaming\.minecraft\libraries\com\mojang\patchy\1.1\patchy-1.1.jar;C:\Users\owenm\AppData\Roaming\.minecraft\libraries\oshi-project\oshi-core\1.1\oshi-core-1.1.jar;C:\Users\owenm\AppData\Roaming\.minecraft\libraries\net\java\dev\jna\jna\4.4.0\jna-4.4.0.jar;C:\Users\owenm\AppData\Roaming\.minecraft\libraries\net\java\dev\jna\platform\3.4.0\platform-3.4.0.jar;C:\Users\owenm\AppData\Roaming\.minecraft\libraries\com\ibm\icu\icu4j\66.1\icu4j-66.1.jar;C:\Users\owenm\AppData\Roaming\.minecraft\libraries\com\mojang\javabridge\1.0.22\javabridge-1.0.22.jar;C:\Users\owenm\AppData\Roaming\.minecraft\libraries\net\sf\jopt-simple\jopt-simple\5.0.3\jopt-simple-5.0.3.jar;C:\Users\owenm\AppData\Roaming\.minecraft\libraries\io\netty\netty-all\4.1.25.Final\netty-all-4.1.25.Final.jar;C:\Users\owenm\AppData\Roaming\.minecraft\libraries\com\google\guava\guava\21.0\guava-21.0.jar;C:\Users\owenm\AppData\Roaming\.minecraft\libraries\org\apache\commons\commons-lang3\3.5\commons-lang3-3.5.jar;C:\Users\owenm\AppData\Roaming\.minecraft\libraries\commons-io\commons-io\2.5\commons-io-2.5.jar;C:\Users\owenm\AppData\Roaming\.minecraft\libraries\commons-codec\commons-codec\1.10\commons-codec-1.10.jar;C:\Users\owenm\AppData\Roaming\.minecraft\libraries\net\java\jinput\jinput\2.0.5\jinput-2.0.5.jar;C:\Users\owenm\AppData\Roaming\.minecraft\libraries\net\java\jutils\jutils\1.0.0\jutils-1.0.0.jar;C:\Users\owenm\AppData\Roaming\.minecraft\libraries\com\mojang\brigadier\1.0.17\brigadier-1.0.17.jar;C:\Users\owenm\AppData\Roaming\.minecraft\libraries\com\mojang\datafixerupper\4.0.26\datafixerupper-4.0.26.jar;C:\Users\owenm\AppData\Roaming\.minecraft\libraries\com\google\code\gson\gson\2.8.0\gson-2.8.0.jar;C:\Users\owenm\AppData\Roa
Launcher Type: SUN_STANDARD

Environment Variables:
PATH=C:\Program Files (x86)\Common Files\Oracle\Java\javapath;C:\Program Files (x86)\NVIDIA Corporation\PhysX\Common;C:\Windows\system32;C:\Windows;C:\Windows\System32\Wbem;C:\Windows\System32\WindowsPowerShell\v1.0\;C:\Windows\System32\OpenSSH\;C:\Program Files\TortoiseSVN\bin;C:\Program Files\Microsoft SQL Server\Client SDK\ODBC\110\Tools\Binn\;C:\Program Files (x86)\Microsoft SQL Server\120\Tools\Binn\;C:\Program Files\Microsoft SQL Server\120\Tools\Binn\;C:\Program Files\Microsoft SQL Server\120\DTS\Binn\;C:\Program Files (x86)\Windows Kits\8.1\Windows Performance Toolkit\;C:\Program Files\NVIDIA Corporation\NVIDIA NvDLISR;C:\Program Files\Git\cmd;C:\Program Files\nodejs\;C:\Program Files\Java\jdk-13.0.2\bin;C:\Users\owenm\AppData\Local\Microsoft\WindowsApps;C:\Users\owenm\AppData\Local\Programs\Microsoft VS Code\bin;C:\Users\owenm\AppData\Roaming\npm;C:\Users\owenm\AppData\Local\atom\bin;C:\Users\owenm\AppData\Local\GitHubDesktop\bin
USERNAME=owenm
OS=Windows_NT
PROCESSOR_IDENTIFIER=Intel64 Family 6 Model 158 Stepping 10, GenuineIntel



---------------  S Y S T E M  ---------------

OS: Windows 10.0 , 64 bit Build 18362 (10.0.18362.959)

CPU:total 12 (6 cores per cpu, 2 threads per core) family 6 model 158 stepping 10, cmov, cx8, fxsr, mmx, sse, sse2, sse3, ssse3, sse4.1, sse4.2, popcnt, avx, avx2, aes, clmul, erms, 3dnowpref, lzcnt, ht, tsc, tscinvbit, bmi1, bmi2, adx

Memory: 4k page, physical 16653556k(7086732k free), swap 19143924k(6530548k free)

vm_info: Java HotSpot(TM) 64-Bit Server VM (25.51-b03) for windows-amd64 JRE (1.8.0_51-b16), built on Jun  8 2015 18:03:07 by "java_re" with MS VC++ 10.0 (VS2010)

time: Sat Sep 05 19:39:24 2020
elapsed time: 50 seconds (0d 0h 0m 50s)

