#
# A fatal error has been detected by the Java Runtime Environment:
#
#  EXCEPTION_ACCESS_VIOLATION (0xc0000005) at pc=0x00007ff8601e3c8e, pid=1608, tid=15044
#
# JRE version: Java(TM) SE Runtime Environment (8.0_51-b16) (build 1.8.0_51-b16)
# Java VM: Java HotSpot(TM) 64-Bit Server VM (25.51-b03 mixed mode windows-amd64 compressed oops)
# Problematic frame:
# C  [ig9icd64.dll+0x1a3c8e]
#
# Failed to write core dump. Minidumps are not enabled by default on client versions of Windows
#
# If you would like to submit a bug report, please visit:
#   http://bugreport.java.com/bugreport/crash.jsp
# The crash happened outside the Java Virtual Machine in native code.
# See problematic frame for where to report the bug.
#

---------------  T H R E A D  ---------------

Current thread (0x00000000031ee800):  JavaThread "Render thread" [_thread_in_native, id=15044, stack(0x00000000031f0000,0x00000000032f0000)]

siginfo: ExceptionCode=0xc0000005, reading address 0x0000000000000020

Registers:
RAX=0x00000000541b9a68, RBX=0x0000000000000010, RCX=0x0000000000000000, RDX=0x00000000541b99f0
RSP=0x00000000032ed780, RBP=0x0000000054344e40, RSI=0x00000000542dd460, RDI=0x0000000000000000
R8 =0x0000000054344e48, R9 =0x0000000000000008, R10=0x0000000053b9d460, R11=0x0000000000000001
R12=0x0000000028ed7900, R13=0x0000000053b9d420, R14=0x0000000000000001, R15=0x0000000000000001
RIP=0x00007ff8601e3c8e, EFLAGS=0x0000000000010202

Top of Stack: (sp=0x00000000032ed780)
0x00000000032ed780:   0000000000000040 0000000000000000
0x00000000032ed790:   0000000000000012 000000002597edd0
0x00000000032ed7a0:   0000000000000000 00007ff8d619c4de
0x00000000032ed7b0:   0000000000000000 0000010000000009
0x00000000032ed7c0:   0000000000000001 0000000000000005
0x00000000032ed7d0:   0000000053b9d460 0000000000000000
0x00000000032ed7e0:   00000000542dd460 00000000541b9a68
0x00000000032ed7f0:   0000000000000100 0000000001800000
0x00000000032ed800:   00000000018002ac 0000000000000007
0x00000000032ed810:   0000000028ed7900 0000000001800ea0
0x00000000032ed820:   00000000311181a8 0000000053b9d420
0x00000000032ed830:   0000000054344e40 00007ff8601e9190
0x00000000032ed840:   00007ff8601e30b0 00007ff8601edff0
0x00000000032ed850:   0000000000000030 00000000032ed919
0x00000000032ed860:   0000000001330000 00007ff8d619b997
0x00000000032ed870:   0000000001800000 000000000000000a 

Instructions: (pc=0x00007ff8601e3c8e)
0x00007ff8601e3c6e:   2b c7 44 8b c8 49 8b 52 18 4d 8d 40 04 48 8d 5b
0x00007ff8601e3c7e:   08 48 8b 44 13 f8 48 8b 88 d8 00 00 00 48 8b 02
0x00007ff8601e3c8e:   0f 10 41 20 0f 10 11 0f 10 59 10 0f 10 49 30 0f
0x00007ff8601e3c9e:   29 84 24 10 01 00 00 f2 0f 10 41 40 48 8b 88 d8 


Register to memory mapping:

RAX=0x00000000541b9a68 is an unknown value
RBX=0x0000000000000010 is an unknown value
RCX=0x0000000000000000 is an unknown value
RDX=0x00000000541b99f0 is an unknown value
RSP=0x00000000032ed780 is pointing into the stack for thread: 0x00000000031ee800
RBP=0x0000000054344e40 is an unknown value
RSI=0x00000000542dd460 is an unknown value
RDI=0x0000000000000000 is an unknown value
R8 =0x0000000054344e48 is an unknown value
R9 =0x0000000000000008 is an unknown value
R10=0x0000000053b9d460 is an unknown value
R11=0x0000000000000001 is an unknown value
R12=0x0000000028ed7900 is an unknown value
R13=0x0000000053b9d420 is an unknown value
R14=0x0000000000000001 is an unknown value
R15=0x0000000000000001 is an unknown value


Stack: [0x00000000031f0000,0x00000000032f0000],  sp=0x00000000032ed780,  free space=1013k
Native frames: (J=compiled Java code, j=interpreted, Vv=VM code, C=native code)
C  [ig9icd64.dll+0x1a3c8e]
C  [ig9icd64.dll+0x195a2e]
C  [ig9icd64.dll+0x19db6a]
C  [ig9icd64.dll+0x5273ab]
C  [ig9icd64.dll+0x19cb3c]
C  [ig9icd64.dll+0x1cfe65]
C  [ig9icd64.dll+0x1cdd7c]
C  [ig9icd64.dll+0x4067ac]
C  [ig9icd64.dll+0x988005]
C  0x00000000043ad68f

Java frames: (J=compiled Java code, j=interpreted, Vv=VM code)
J 7184  org.lwjgl.opengl.GL11C.glDrawArrays(III)V (0 bytes) @ 0x00000000043ad609 [0x00000000043ad5c0+0x49]
J 8390 C2 dff.a(Ljava/nio/ByteBuffer;ILdfo;I)V (53 bytes) @ 0x000000000464bee8 [0x000000000464bce0+0x208]
J 9224 C2 dff.a(Ldfe;)V (54 bytes) @ 0x000000000495ad48 [0x000000000495acc0+0x88]
J 9427 C1 eag.a(Ldfe;III)V (94 bytes) @ 0x00000000049a726c [0x00000000049a6d00+0x56c]
J 18215 C1 dzy$a.a(Leag;)V (58 bytes) @ 0x0000000005c21a4c [0x0000000005c218a0+0x1ac]
j  dzy$a.getBuffer(Leag;)Ldfn;+44
J 10293 C2 dkr$a.accept(ILob;I)Z (445 bytes) @ 0x00000000037850a8 [0x0000000003784c60+0x448]
j  afo.a(Lob;Laey;IC)Z+22
j  afo.a(Ljava/lang/String;Lob;Laey;)Z+124
j  aex.b(Ljava/lang/String;Lob;Laey;)Z+3
j  aex$$Lambda$3060.accept(Laey;)Z+9
j  dkr.c(Laex;FFIZLb;Ldzy;ZII)F+27
J 9456 C1 dkr.b(Laex;FFIZLb;Ldzy;ZII)I (83 bytes) @ 0x0000000004a08bfc [0x0000000004a08780+0x47c]
J 9457 C1 dkr.a(Laex;FFILb;Z)I (40 bytes) @ 0x0000000004a0af9c [0x0000000004a0a880+0x71c]
J 10353 C1 dkr.b(Ldfj;Lnr;FFI)I (27 bytes) @ 0x0000000004315a04 [0x0000000004315260+0x7a4]
j  dks.a(Ldfj;F)V+833
j  dzr.a(FJZ)V+662
J 13187 C1 djw.e(Z)V (946 bytes) @ 0x0000000005146b4c [0x0000000005141e60+0x4cec]
j  djw.e()V+68
j  net.minecraft.client.main.Main.main([Ljava/lang/String;)V+1366
v  ~StubRoutines::call_stub
j  sun.reflect.NativeMethodAccessorImpl.invoke0(Ljava/lang/reflect/Method;Ljava/lang/Object;[Ljava/lang/Object;)Ljava/lang/Object;+0
j  sun.reflect.NativeMethodAccessorImpl.invoke(Ljava/lang/Object;[Ljava/lang/Object;)Ljava/lang/Object;+100
j  sun.reflect.DelegatingMethodAccessorImpl.invoke(Ljava/lang/Object;[Ljava/lang/Object;)Ljava/lang/Object;+6
j  java.lang.reflect.Method.invoke(Ljava/lang/Object;[Ljava/lang/Object;)Ljava/lang/Object;+56
j  net.minecraft.launchwrapper.Launch.launch([Ljava/lang/String;)V+661
j  net.minecraft.launchwrapper.Launch.main([Ljava/lang/String;)V+8
v  ~StubRoutines::call_stub

---------------  P R O C E S S  ---------------

Java Threads: ( => current thread )
  0x00000000672e2800 JavaThread "IO-Worker-25" [_thread_in_native, id=12912, stack(0x0000000040d50000,0x0000000040e50000)]
  0x000000001e9c0800 JavaThread "Sound engine" daemon [_thread_blocked, id=636, stack(0x0000000050120000,0x0000000050220000)]
  0x000000001e9c0000 JavaThread "Netty Server IO #1" daemon [_thread_in_native, id=2140, stack(0x000000004fe20000,0x000000004ff20000)]
  0x000000001e9c3000 JavaThread "Netty Local Client IO #0" daemon [_thread_blocked, id=644, stack(0x000000004fb40000,0x000000004fc40000)]
  0x000000001e9bd000 JavaThread "Keep-Alive-Timer" daemon [_thread_blocked, id=2412, stack(0x000000004f920000,0x000000004fa20000)]
  0x000000001e9bf000 JavaThread "Netty Server IO #0" daemon [_thread_in_native, id=5220, stack(0x000000004fd20000,0x000000004fe20000)]
  0x000000001e9bd800 JavaThread "ObjectCleanerThread" daemon [_thread_blocked, id=4472, stack(0x000000004fa40000,0x000000004fb40000)]
  0x0000000022652800 JavaThread "IO-Worker-24" [_thread_in_native, id=2896, stack(0x00000000440b0000,0x00000000441b0000)]
  0x0000000022653000 JavaThread "IO-Worker-23" [_thread_blocked, id=17124, stack(0x00000000420e0000,0x00000000421e0000)]
  0x0000000022651800 JavaThread "Server thread" [_thread_blocked, id=17112, stack(0x0000000040e50000,0x0000000040f50000)]
  0x000000002264a000 JavaThread "Snooper Timer" daemon [_thread_blocked, id=12776, stack(0x0000000033330000,0x0000000033430000)]
  0x0000000022650000 JavaThread "Worker-Main-22" daemon [_thread_in_native, id=13916, stack(0x00000000327e0000,0x00000000328e0000)]
  0x0000000022655800 JavaThread "Worker-Main-21" daemon [_thread_blocked, id=17428, stack(0x0000000036860000,0x0000000036960000)]
  0x0000000022648800 JavaThread "Worker-Main-20" daemon [_thread_in_native, id=12012, stack(0x0000000035170000,0x0000000035270000)]
  0x000000002264b000 JavaThread "Worker-Main-19" daemon [_thread_blocked, id=11016, stack(0x0000000034b80000,0x0000000034c80000)]
  0x0000000022649800 JavaThread "Worker-Main-17" daemon [_thread_blocked, id=16896, stack(0x00000000321b0000,0x00000000322b0000)]
  0x0000000022648000 JavaThread "Worker-Main-16" daemon [_thread_in_native, id=5080, stack(0x00000000276f0000,0x00000000277f0000)]
  0x0000000022647000 JavaThread "Worker-Main-15" daemon [_thread_blocked, id=8512, stack(0x0000000001700000,0x0000000001800000)]
  0x000000002264e800 JavaThread "Java2D Disposer" daemon [_thread_blocked, id=7128, stack(0x00000000324e0000,0x00000000325e0000)]
  0x000000002264d000 JavaThread "pool-3-thread-3" [_thread_blocked, id=9880, stack(0x0000000046200000,0x0000000046300000)]
  0x000000002264c800 JavaThread "pool-3-thread-2" [_thread_blocked, id=9912, stack(0x0000000046100000,0x0000000046200000)]
  0x000000002264b800 JavaThread "pool-3-thread-1" [_thread_blocked, id=11208, stack(0x0000000046000000,0x0000000046100000)]
  0x000000001e9bc000 JavaThread "Narrator" [_thread_blocked, id=16748, stack(0x0000000034470000,0x0000000034570000)]
  0x000000001e9be800 JavaThread "Snooper Timer" daemon [_thread_blocked, id=16032, stack(0x0000000024210000,0x0000000024310000)]
  0x000000001e9c1800 JavaThread "Timer hack thread" daemon [_thread_blocked, id=16300, stack(0x00000000211f0000,0x00000000212f0000)]
  0x000000001d1b6000 JavaThread "Service Thread" daemon [_thread_blocked, id=9960, stack(0x000000001e310000,0x000000001e410000)]
  0x000000001d144000 JavaThread "C1 CompilerThread3" daemon [_thread_blocked, id=4740, stack(0x000000001e210000,0x000000001e310000)]
  0x000000001d12b000 JavaThread "C2 CompilerThread2" daemon [_thread_in_native, id=9932, stack(0x000000001e110000,0x000000001e210000)]
  0x000000001d12a800 JavaThread "C2 CompilerThread1" daemon [_thread_in_native, id=16068, stack(0x000000001e010000,0x000000001e110000)]
  0x000000001d0dd800 JavaThread "C2 CompilerThread0" daemon [_thread_in_native, id=2480, stack(0x000000001df10000,0x000000001e010000)]
  0x000000001d0dc800 JavaThread "Attach Listener" daemon [_thread_blocked, id=12344, stack(0x000000001de10000,0x000000001df10000)]
  0x000000001d0dc000 JavaThread "Signal Dispatcher" daemon [_thread_blocked, id=17492, stack(0x000000001dd10000,0x000000001de10000)]
  0x000000001d0db000 JavaThread "Surrogate Locker Thread (Concurrent GC)" daemon [_thread_blocked, id=15912, stack(0x000000001dc10000,0x000000001dd10000)]
  0x000000001d0c8000 JavaThread "Finalizer" daemon [_thread_blocked, id=7328, stack(0x000000001da10000,0x000000001db10000)]
  0x000000001d0c1800 JavaThread "Reference Handler" daemon [_thread_blocked, id=1288, stack(0x000000001d910000,0x000000001da10000)]
=>0x00000000031ee800 JavaThread "Render thread" [_thread_in_native, id=15044, stack(0x00000000031f0000,0x00000000032f0000)]

Other Threads:
  0x000000001d0bc000 VMThread [stack: 0x000000001d810000,0x000000001d910000] [id=1516]
  0x000000001d1c9000 WatcherThread [stack: 0x000000001e410000,0x000000001e510000] [id=10940]

VM state:not at safepoint (normal execution)

VM Mutex/Monitor currently owned by a thread: None

Heap:
 garbage-first heap   total 2031616K, used 904084K [0x0000000080000000, 0x00000000820001f0, 0x0000000100000000)
  region size 32768K, 7 young (229376K), 2 survivors (65536K)
 Metaspace       used 79657K, capacity 90128K, committed 90368K, reserved 1126400K
  class space    used 11163K, capacity 13587K, committed 13620K, reserved 1048576K

Heap Regions: (Y=young(eden), SU=young(survivor), HS=humongous(starts), HC=humongous(continues), CS=collection set, F=free, TS=gc time stamp, PTAMS=previous top-at-mark-start, NTAMS=next top-at-mark-start)
AC   0  O    TS     0 PTAMS 0x0000000082000000 NTAMS 0x0000000082000000 space 32768K, 100% used [0x0000000080000000, 0x0000000082000000)
AC   0  O    TS     0 PTAMS 0x0000000084000000 NTAMS 0x0000000084000000 space 32768K, 100% used [0x0000000082000000, 0x0000000084000000)
AC   0  O    TS     0 PTAMS 0x0000000086000000 NTAMS 0x0000000086000000 space 32768K, 100% used [0x0000000084000000, 0x0000000086000000)
AC   0  O    TS     0 PTAMS 0x0000000088000000 NTAMS 0x0000000088000000 space 32768K, 100% used [0x0000000086000000, 0x0000000088000000)
AC   0  O    TS     0 PTAMS 0x000000008a000000 NTAMS 0x000000008a000000 space 32768K, 100% used [0x0000000088000000, 0x000000008a000000)
AC   0  O    TS     0 PTAMS 0x000000008c000000 NTAMS 0x000000008c000000 space 32768K, 100% used [0x000000008a000000, 0x000000008c000000)
AC   0  O    TS     0 PTAMS 0x000000008e000000 NTAMS 0x000000008e000000 space 32768K, 100% used [0x000000008c000000, 0x000000008e000000)
AC   0  O    TS     0 PTAMS 0x0000000090000000 NTAMS 0x0000000090000000 space 32768K, 100% used [0x000000008e000000, 0x0000000090000000)
AC   0  O    TS     5 PTAMS 0x0000000090000000 NTAMS 0x0000000090000000 space 32768K, 100% used [0x0000000090000000, 0x0000000092000000)
AC   0  O    TS     0 PTAMS 0x0000000094000000 NTAMS 0x0000000094000000 space 32768K, 100% used [0x0000000092000000, 0x0000000094000000)
AC   0  O    TS     5 PTAMS 0x0000000094000000 NTAMS 0x0000000094000000 space 32768K, 100% used [0x0000000094000000, 0x0000000096000000)
AC   0  O    TS     1 PTAMS 0x0000000096e41400 NTAMS 0x0000000096e41400 space 32768K, 100% used [0x0000000096000000, 0x0000000098000000)
AC   0  O    TS     3 PTAMS 0x0000000098000000 NTAMS 0x0000000098000000 space 32768K, 100% used [0x0000000098000000, 0x000000009a000000)
AC   0  O    TS     3 PTAMS 0x000000009a000000 NTAMS 0x000000009a000000 space 32768K, 100% used [0x000000009a000000, 0x000000009c000000)
AC   0  O    TS     3 PTAMS 0x000000009c000000 NTAMS 0x000000009c000000 space 32768K, 100% used [0x000000009c000000, 0x000000009e000000)
AC   0  O    TS     3 PTAMS 0x000000009e000000 NTAMS 0x000000009e000000 space 32768K, 100% used [0x000000009e000000, 0x00000000a0000000)
AC   0  O    TS     5 PTAMS 0x00000000a0000000 NTAMS 0x00000000a0000000 space 32768K, 100% used [0x00000000a0000000, 0x00000000a2000000)
AC   0  O    TS     5 PTAMS 0x00000000a2000000 NTAMS 0x00000000a2000000 space 32768K, 100% used [0x00000000a2000000, 0x00000000a4000000)
AC   0  O    TS     5 PTAMS 0x00000000a4000000 NTAMS 0x00000000a4000000 space 32768K, 100% used [0x00000000a4000000, 0x00000000a6000000)
AC   0  O    TS     5 PTAMS 0x00000000a6000000 NTAMS 0x00000000a6000000 space 32768K, 100% used [0x00000000a6000000, 0x00000000a8000000)
AC   0  O    TS     5 PTAMS 0x00000000a8000000 NTAMS 0x00000000a8000000 space 32768K,  66% used [0x00000000a8000000, 0x00000000aa000000)
AC   0 HS    TS     0 PTAMS 0x00000000aa000000 NTAMS 0x00000000aa000000 space 32768K,  92% used [0x00000000aa000000, 0x00000000ac000000)
AC   0  F    TS     0 PTAMS 0x00000000ac000000 NTAMS 0x00000000ac000000 space 32768K,   0% used [0x00000000ac000000, 0x00000000ae000000)
AC   0  F    TS     0 PTAMS 0x00000000ae000000 NTAMS 0x00000000ae000000 space 32768K,   0% used [0x00000000ae000000, 0x00000000b0000000)
AC   0  F    TS     0 PTAMS 0x00000000b0000000 NTAMS 0x00000000b0000000 space 32768K,   0% used [0x00000000b0000000, 0x00000000b2000000)
AC   0  F    TS     0 PTAMS 0x00000000b2000000 NTAMS 0x00000000b2000000 space 32768K,   0% used [0x00000000b2000000, 0x00000000b4000000)
AC   0  F    TS     0 PTAMS 0x00000000b4000000 NTAMS 0x00000000b4000000 space 32768K,   0% used [0x00000000b4000000, 0x00000000b6000000)
AC   0  F    TS     0 PTAMS 0x00000000b6000000 NTAMS 0x00000000b6000000 space 32768K,   0% used [0x00000000b6000000, 0x00000000b8000000)
AC   0  F    TS     0 PTAMS 0x00000000b8000000 NTAMS 0x00000000b8000000 space 32768K,   0% used [0x00000000b8000000, 0x00000000ba000000)
AC   0  F    TS     0 PTAMS 0x00000000ba000000 NTAMS 0x00000000ba000000 space 32768K,   0% used [0x00000000ba000000, 0x00000000bc000000)
AC   0  F    TS     0 PTAMS 0x00000000bc000000 NTAMS 0x00000000bc000000 space 32768K,   0% used [0x00000000bc000000, 0x00000000be000000)
AC   0  F    TS     0 PTAMS 0x00000000be000000 NTAMS 0x00000000be000000 space 32768K,   0% used [0x00000000be000000, 0x00000000c0000000)
AC   0  F    TS     0 PTAMS 0x00000000c0000000 NTAMS 0x00000000c0000000 space 32768K,   0% used [0x00000000c0000000, 0x00000000c2000000)
AC   0  F    TS     0 PTAMS 0x00000000c2000000 NTAMS 0x00000000c2000000 space 32768K,   0% used [0x00000000c2000000, 0x00000000c4000000)
AC   0  F    TS     0 PTAMS 0x00000000c4000000 NTAMS 0x00000000c4000000 space 32768K,   0% used [0x00000000c4000000, 0x00000000c6000000)
AC   0  F    TS     0 PTAMS 0x00000000c6000000 NTAMS 0x00000000c6000000 space 32768K,   0% used [0x00000000c6000000, 0x00000000c8000000)
AC   0  F    TS     0 PTAMS 0x00000000c8000000 NTAMS 0x00000000c8000000 space 32768K,   0% used [0x00000000c8000000, 0x00000000ca000000)
AC   0  F    TS     0 PTAMS 0x00000000ca000000 NTAMS 0x00000000ca000000 space 32768K,   0% used [0x00000000ca000000, 0x00000000cc000000)
AC   0  F    TS     0 PTAMS 0x00000000cc000000 NTAMS 0x00000000cc000000 space 32768K,   0% used [0x00000000cc000000, 0x00000000ce000000)
AC   0  F    TS     0 PTAMS 0x00000000ce000000 NTAMS 0x00000000ce000000 space 32768K,   0% used [0x00000000ce000000, 0x00000000d0000000)
AC   0  F    TS     0 PTAMS 0x00000000d0000000 NTAMS 0x00000000d0000000 space 32768K,   0% used [0x00000000d0000000, 0x00000000d2000000)
AC   0  F    TS     0 PTAMS 0x00000000d2000000 NTAMS 0x00000000d2000000 space 32768K,   0% used [0x00000000d2000000, 0x00000000d4000000)
AC   0  F    TS     0 PTAMS 0x00000000d4000000 NTAMS 0x00000000d4000000 space 32768K,   0% used [0x00000000d4000000, 0x00000000d6000000)
AC   0  F    TS     0 PTAMS 0x00000000d6000000 NTAMS 0x00000000d6000000 space 32768K,   0% used [0x00000000d6000000, 0x00000000d8000000)
AC   0  F    TS     0 PTAMS 0x00000000d8000000 NTAMS 0x00000000d8000000 space 32768K,   0% used [0x00000000d8000000, 0x00000000da000000)
AC   0  F    TS     0 PTAMS 0x00000000da000000 NTAMS 0x00000000da000000 space 32768K,   0% used [0x00000000da000000, 0x00000000dc000000)
AC   0  F    TS     0 PTAMS 0x00000000dc000000 NTAMS 0x00000000dc000000 space 32768K,   0% used [0x00000000dc000000, 0x00000000de000000)
AC   0  S CS TS     5 PTAMS 0x00000000de000000 NTAMS 0x00000000de000000 space 32768K, 100% used [0x00000000de000000, 0x00000000e0000000)
AC   0  F    TS     3 PTAMS 0x00000000e0000000 NTAMS 0x00000000e0000000 space 32768K,   0% used [0x00000000e0000000, 0x00000000e2000000)
AC   0  F    TS     3 PTAMS 0x00000000e2000000 NTAMS 0x00000000e2000000 space 32768K,   0% used [0x00000000e2000000, 0x00000000e4000000)
AC   0  S CS TS     5 PTAMS 0x00000000e4000000 NTAMS 0x00000000e4000000 space 32768K, 100% used [0x00000000e4000000, 0x00000000e6000000)
AC   0  F    TS     1 PTAMS 0x00000000e6000000 NTAMS 0x00000000e6000000 space 32768K,   0% used [0x00000000e6000000, 0x00000000e8000000)
AC   0  F    TS     0 PTAMS 0x00000000e8000000 NTAMS 0x00000000e8000000 space 32768K,   0% used [0x00000000e8000000, 0x00000000ea000000)
AC   0  F    TS     0 PTAMS 0x00000000ea000000 NTAMS 0x00000000ea000000 space 32768K,   0% used [0x00000000ea000000, 0x00000000ec000000)
AC   0  F    TS     0 PTAMS 0x00000000ec000000 NTAMS 0x00000000ec000000 space 32768K,   0% used [0x00000000ec000000, 0x00000000ee000000)
AC   0  F    TS     0 PTAMS 0x00000000ee000000 NTAMS 0x00000000ee000000 space 32768K,   0% used [0x00000000ee000000, 0x00000000f0000000)
AC   0  E    TS     0 PTAMS 0x00000000f0000000 NTAMS 0x00000000f0000000 space 32768K,   2% used [0x00000000f0000000, 0x00000000f2000000)
AC   0  E CS TS     0 PTAMS 0x00000000f2000000 NTAMS 0x00000000f2000000 space 32768K, 100% used [0x00000000f2000000, 0x00000000f4000000)
AC   0  E CS TS     0 PTAMS 0x00000000f4000000 NTAMS 0x00000000f4000000 space 32768K, 100% used [0x00000000f4000000, 0x00000000f6000000)
AC   0  E CS TS     0 PTAMS 0x00000000f6000000 NTAMS 0x00000000f6000000 space 32768K, 100% used [0x00000000f6000000, 0x00000000f8000000)
AC   0  E CS TS     0 PTAMS 0x00000000f8000000 NTAMS 0x00000000f8000000 space 32768K, 100% used [0x00000000f8000000, 0x00000000fa000000)
AC   0  E CS TS     0 PTAMS 0x00000000fa000000 NTAMS 0x00000000fa000000 space 32768K, 100% used [0x00000000fa000000, 0x00000000fc000000)

Card table byte_map: [0x0000000014b50000,0x0000000014f50000] byte_map_base: 0x0000000014750000

Marking Bits (Prev, Next): (CMBitMap*) 0x000000000334c2e8, (CMBitMap*) 0x000000000334c340
 Prev Bits: [0x0000000015350000, 0x0000000017350000)
 Next Bits: [0x0000000017350000, 0x0000000019350000)

Polling page: 0x0000000001300000

CodeCache: size=245760Kb used=41622Kb max_used=41622Kb free=204137Kb
 bounds [0x00000000033f0000, 0x0000000005cd0000, 0x00000000123f0000]
 total_blobs=15402 nmethods=13689 adapters=1620
 compilation: enabled

Compilation events (10 events):
Event: 377.859 Thread 0x000000001d0dd800 18248       4       dnf::a (99 bytes)
Event: 377.871 Thread 0x000000001d12b000 nmethod 18247 0x0000000005c6d450 code [0x0000000005c6d600, 0x0000000005c6ddb0]
Event: 377.871 Thread 0x000000001d12b000 18249       4       java.text.DecimalFormatSymbols::getInstance (37 bytes)
Event: 377.872 Thread 0x000000001d144000 18250   !   3       acl::a (120 bytes)
Event: 377.874 Thread 0x000000001d144000 nmethod 18250 0x0000000005c6edd0 code [0x0000000005c6f140, 0x0000000005c70ba8]
Event: 377.875 Thread 0x000000001d144000 18255       3       afo::a (223 bytes)
Event: 377.877 Thread 0x000000001d144000 nmethod 18255 0x0000000005c71c50 code [0x0000000005c71f20, 0x0000000005c73558]
Event: 377.880 Thread 0x000000001d144000 18256       3       java.util.RegularEnumSet::remove (74 bytes)
Event: 377.881 Thread 0x000000001d144000 nmethod 18256 0x0000000005c6cbd0 code [0x0000000005c6cd60, 0x0000000005c6d308]
Event: 377.882 Thread 0x000000001d144000 18257       3       ebh::getPredicate (37 bytes)

GC Heap History (10 events):
Event: 364.359 GC heap before
{Heap before GC invocations=93 (full 0):
 garbage-first heap   total 2031616K, used 725525K [0x0000000080000000, 0x00000000820001f0, 0x0000000100000000)
  region size 32768K, 12 young (393216K), 1 survivors (32768K)
 Metaspace       used 62541K, capacity 69227K, committed 69456K, reserved 1107968K
  class space    used 8666K, capacity 10320K, committed 10320K, reserved 1048576K
Event: 364.397 GC heap after
Heap after GC invocations=94 (full 0):
 garbage-first heap   total 2031616K, used 403570K [0x0000000080000000, 0x00000000820001f0, 0x0000000100000000)
  region size 32768K, 2 young (65536K), 2 survivors (65536K)
 Metaspace       used 62541K, capacity 69227K, committed 69456K, reserved 1107968K
  class space    used 8666K, capacity 10320K, committed 10320K, reserved 1048576K
}
Event: 371.252 GC heap before
{Heap before GC invocations=95 (full 0):
 garbage-first heap   total 2031616K, used 1484914K [0x0000000080000000, 0x00000000820001f0, 0x0000000100000000)
  region size 32768K, 35 young (1146880K), 2 survivors (65536K)
 Metaspace       used 68107K, capacity 76262K, committed 76416K, reserved 1114112K
  class space    used 9590K, capacity 11596K, committed 11700K, reserved 1048576K
Event: 371.307 GC heap after
Heap after GC invocations=96 (full 0):
 garbage-first heap   total 2031616K, used 438304K [0x0000000080000000, 0x00000000820001f0, 0x0000000100000000)
  region size 32768K, 2 young (65536K), 2 survivors (65536K)
 Metaspace       used 68107K, capacity 76262K, committed 76416K, reserved 1114112K
  class space    used 9590K, capacity 11596K, committed 11700K, reserved 1048576K
}
Event: 375.094 GC heap before
{Heap before GC invocations=97 (full 0):
 garbage-first heap   total 2031616K, used 765984K [0x0000000080000000, 0x00000000820001f0, 0x0000000100000000)
  region size 32768K, 12 young (393216K), 2 survivors (65536K)
 Metaspace       used 77676K, capacity 87504K, committed 87680K, reserved 1124352K
  class space    used 10895K, capacity 13179K, committed 13236K, reserved 1048576K
Event: 375.141 GC heap after
Heap after GC invocations=98 (full 0):
 garbage-first heap   total 2031616K, used 470467K [0x0000000080000000, 0x00000000820001f0, 0x0000000100000000)
  region size 32768K, 2 young (65536K), 2 survivors (65536K)
 Metaspace       used 77676K, capacity 87504K, committed 87680K, reserved 1124352K
  class space    used 10895K, capacity 13179K, committed 13236K, reserved 1048576K
}
Event: 376.529 GC heap before
{Heap before GC invocations=98 (full 0):
 garbage-first heap   total 2031616K, used 798147K [0x0000000080000000, 0x00000000820001f0, 0x0000000100000000)
  region size 32768K, 12 young (393216K), 2 survivors (65536K)
 Metaspace       used 79156K, capacity 89512K, committed 89728K, reserved 1126400K
  class space    used 11094K, capacity 13485K, committed 13492K, reserved 1048576K
Event: 376.638 GC heap after
Heap after GC invocations=99 (full 0):
 garbage-first heap   total 2031616K, used 549126K [0x0000000080000000, 0x00000000820001f0, 0x0000000100000000)
  region size 32768K, 2 young (65536K), 2 survivors (65536K)
 Metaspace       used 79156K, capacity 89512K, committed 89728K, reserved 1126400K
  class space    used 11094K, capacity 13485K, committed 13492K, reserved 1048576K
}
Event: 377.588 GC heap before
{Heap before GC invocations=99 (full 0):
 garbage-first heap   total 2031616K, used 876806K [0x0000000080000000, 0x00000000820001f0, 0x0000000100000000)
  region size 32768K, 13 young (425984K), 2 survivors (65536K)
 Metaspace       used 79600K, capacity 90096K, committed 90368K, reserved 1126400K
  class space    used 11155K, capacity 13577K, committed 13620K, reserved 1048576K
Event: 377.708 GC heap after
Heap after GC invocations=100 (full 0):
 garbage-first heap   total 2031616K, used 742660K [0x0000000080000000, 0x00000000820001f0, 0x0000000100000000)
  region size 32768K, 2 young (65536K), 2 survivors (65536K)
 Metaspace       used 79600K, capacity 90096K, committed 90368K, reserved 1126400K
  class space    used 11155K, capacity 13577K, committed 13620K, reserved 1048576K
}

Deoptimization events (10 events):
Event: 377.743 Thread 0x00000000031ee800 Uncommon trap: reason=unstable_if action=reinterpret pc=0x00000000041b9080 method=eaf$h.lambda$new$1(Z)V @ 1
Event: 377.743 Thread 0x00000000031ee800 Uncommon trap: reason=unstable_if action=reinterpret pc=0x0000000004129960 method=eaf$r.lambda$new$1(ZZ)V @ 1
Event: 377.746 Thread 0x00000000031ee800 Uncommon trap: reason=class_check action=maybe_recompile pc=0x000000000499443c method=dzy$a.b(Leag;)Ldfe; @ 9
Event: 377.826 Thread 0x0000000022650000 Uncommon trap: reason=unstable_if action=reinterpret pc=0x000000000439b7b8 method=dnf.<init>(Lacf;[BLjava/lang/String;)V @ 34
Event: 377.875 Thread 0x00000000031ee800 Uncommon trap: reason=unstable_if action=reinterpret pc=0x000000000565cf0c method=of.d(Ljava/lang/String;)V @ 183
Event: 377.875 Thread 0x00000000031ee800 Uncommon trap: reason=unstable_if action=reinterpret pc=0x000000000368cf5c method=java.lang.Character.isSurrogate(C)Z @ 3
Event: 377.876 Thread 0x00000000031ee800 Uncommon trap: reason=unstable_if action=reinterpret pc=0x00000000043f8b10 method=java.lang.Character.isSurrogate(C)Z @ 3
Event: 377.877 Thread 0x00000000031ee800 Uncommon trap: reason=bimorphic action=maybe_recompile pc=0x00000000037859f0 method=dkr$a.accept(ILob;I)Z @ 273
Event: 377.878 Thread 0x00000000031ee800 Uncommon trap: reason=bimorphic action=maybe_recompile pc=0x00000000037859f0 method=dkr$a.accept(ILob;I)Z @ 273
Event: 377.878 Thread 0x00000000031ee800 Uncommon trap: reason=bimorphic action=maybe_recompile pc=0x00000000037859f0 method=dkr$a.accept(ILob;I)Z @ 273

Internal exceptions (10 events):
Event: 376.327 Thread 0x00000000672e2800 Exception <a 'sun/nio/fs/WindowsException'> (0x00000000e8fe9060) thrown at [C:\re\workspace\8-2-build-windows-amd64-cygwin\jdk8u51\3951\hotspot\src\share\vm\prims\jni.cpp, line 709]
Event: 376.327 Thread 0x0000000022652800 Exception <a 'sun/nio/fs/WindowsException'> (0x00000000e9199358) thrown at [C:\re\workspace\8-2-build-windows-amd64-cygwin\jdk8u51\3951\hotspot\src\share\vm\prims\jni.cpp, line 709]
Event: 376.328 Thread 0x00000000672e2800 Exception <a 'sun/nio/fs/WindowsException'> (0x00000000e8fee140) thrown at [C:\re\workspace\8-2-build-windows-amd64-cygwin\jdk8u51\3951\hotspot\src\share\vm\prims\jni.cpp, line 709]
Event: 376.329 Thread 0x0000000022652800 Exception <a 'sun/nio/fs/WindowsException'> (0x00000000e919e438) thrown at [C:\re\workspace\8-2-build-windows-amd64-cygwin\jdk8u51\3951\hotspot\src\share\vm\prims\jni.cpp, line 709]
Event: 376.330 Thread 0x00000000672e2800 Exception <a 'sun/nio/fs/WindowsException'> (0x00000000e8ff3220) thrown at [C:\re\workspace\8-2-build-windows-amd64-cygwin\jdk8u51\3951\hotspot\src\share\vm\prims\jni.cpp, line 709]
Event: 376.331 Thread 0x0000000022652800 Exception <a 'sun/nio/fs/WindowsException'> (0x00000000e91a35f8) thrown at [C:\re\workspace\8-2-build-windows-amd64-cygwin\jdk8u51\3951\hotspot\src\share\vm\prims\jni.cpp, line 709]
Event: 376.862 Thread 0x00000000672df800 Exception <a 'java/lang/InterruptedException'> (0x00000000fbae5cc0) thrown at [C:\re\workspace\8-2-build-windows-amd64-cygwin\jdk8u51\3951\hotspot\src\share\vm\runtime\objectMonitor.cpp, line 1494]
Event: 376.862 Thread 0x0000000022651000 Exception <a 'java/lang/InterruptedException'> (0x00000000fbb29eb0) thrown at [C:\re\workspace\8-2-build-windows-amd64-cygwin\jdk8u51\3951\hotspot\src\share\vm\runtime\objectMonitor.cpp, line 1683]
Event: 377.439 Thread 0x00000000031ee800 Exception <a 'java/lang/NoSuchMethodError': java.lang.Object.a(Lob;ILaey;)Z> (0x00000000e87e81e8) thrown at [C:\re\workspace\8-2-build-windows-amd64-cygwin\jdk8u51\3951\hotspot\src\share\vm\interpreter\linkResolver.cpp, line 582]
Event: 377.441 Thread 0x00000000031ee800 Exception <a 'java/lang/NoSuchMethodError': java.lang.Object.a(Ljava/util/List;Laey;)Z> (0x00000000e87f1610) thrown at [C:\re\workspace\8-2-build-windows-amd64-cygwin\jdk8u51\3951\hotspot\src\share\vm\interpreter\linkResolver.cpp, line 582]

Events (10 events):
Event: 377.876 Thread 0x00000000031ee800 DEOPT UNPACKING pc=0x000000000343582a sp=0x00000000032ee168 mode 2
Event: 377.877 Thread 0x00000000031ee800 Uncommon trap: trap_request=0xffffffc6 fr.pc=0x00000000037859f0
Event: 377.877 Thread 0x00000000031ee800 DEOPT PACKING pc=0x00000000037859f0 sp=0x00000000032ee100
Event: 377.877 Thread 0x00000000031ee800 DEOPT UNPACKING pc=0x000000000343582a sp=0x00000000032ee0e0 mode 2
Event: 377.878 Thread 0x00000000031ee800 Uncommon trap: trap_request=0xffffffc6 fr.pc=0x00000000037859f0
Event: 377.878 Thread 0x00000000031ee800 DEOPT PACKING pc=0x00000000037859f0 sp=0x00000000032ee100
Event: 377.878 Thread 0x00000000031ee800 DEOPT UNPACKING pc=0x000000000343582a sp=0x00000000032ee0e0 mode 2
Event: 377.878 Thread 0x00000000031ee800 Uncommon trap: trap_request=0xffffffc6 fr.pc=0x00000000037859f0
Event: 377.878 Thread 0x00000000031ee800 DEOPT PACKING pc=0x00000000037859f0 sp=0x00000000032ee100
Event: 377.878 Thread 0x00000000031ee800 DEOPT UNPACKING pc=0x000000000343582a sp=0x00000000032ee0e0 mode 2


Dynamic libraries:
0x00007ff6cc180000 - 0x00007ff6cc1b7000 	C:\Program Files (x86)\Minecraft Launcher\runtime\jre-x64\bin\javaw.exe
0x00007ff8d6160000 - 0x00007ff8d6350000 	C:\Windows\SYSTEM32\ntdll.dll
0x00007ff8d6060000 - 0x00007ff8d6112000 	C:\Windows\System32\KERNEL32.DLL
0x00007ff8d3140000 - 0x00007ff8d33e4000 	C:\Windows\System32\KERNELBASE.dll
0x00007ff8d5860000 - 0x00007ff8d5903000 	C:\Windows\System32\ADVAPI32.dll
0x00007ff8d4eb0000 - 0x00007ff8d4f4e000 	C:\Windows\System32\msvcrt.dll
0x00007ff8d4210000 - 0x00007ff8d42a7000 	C:\Windows\System32\sechost.dll
0x00007ff8d5740000 - 0x00007ff8d5860000 	C:\Windows\System32\RPCRT4.dll
0x00007ff8d43f0000 - 0x00007ff8d4585000 	C:\Windows\System32\USER32.dll
0x00007ff8d35e0000 - 0x00007ff8d3601000 	C:\Windows\System32\win32u.dll
0x00007ff8d4660000 - 0x00007ff8d4686000 	C:\Windows\System32\GDI32.dll
0x00007ff8d3440000 - 0x00007ff8d35d6000 	C:\Windows\System32\gdi32full.dll
0x00007ff8d3f40000 - 0x00007ff8d3fde000 	C:\Windows\System32\msvcp_win.dll
0x00007ff8d3fe0000 - 0x00007ff8d40da000 	C:\Windows\System32\ucrtbase.dll
0x00007ff8c3580000 - 0x00007ff8c3804000 	C:\Windows\WinSxS\amd64_microsoft.windows.common-controls_6595b64144ccf1df_6.0.18362.1016_none_9e7a36bbe461dae4\COMCTL32.dll
0x00007ff8d5400000 - 0x00007ff8d5735000 	C:\Windows\System32\combase.dll
0x00007ff8d4190000 - 0x00007ff8d4210000 	C:\Windows\System32\bcryptPrimitives.dll
0x00007ff8d5000000 - 0x00007ff8d502e000 	C:\Windows\System32\IMM32.DLL
0x0000000050550000 - 0x0000000050622000 	C:\Program Files (x86)\Minecraft Launcher\runtime\jre-x64\bin\msvcr100.dll
0x0000000077150000 - 0x00000000779d3000 	C:\Program Files (x86)\Minecraft Launcher\runtime\jre-x64\bin\server\jvm.dll
0x00007ff8d5030000 - 0x00007ff8d5038000 	C:\Windows\System32\PSAPI.DLL
0x00007ff8c6100000 - 0x00007ff8c610a000 	C:\Windows\SYSTEM32\VERSION.dll
0x00007ff8d0d60000 - 0x00007ff8d0d84000 	C:\Windows\SYSTEM32\WINMM.dll
0x00007ff8b55a0000 - 0x00007ff8b55a9000 	C:\Windows\SYSTEM32\WSOCK32.dll
0x00007ff8d51e0000 - 0x00007ff8d524f000 	C:\Windows\System32\WS2_32.dll
0x00007ff8d0bb0000 - 0x00007ff8d0bdd000 	C:\Windows\SYSTEM32\winmmbase.dll
0x00007ff8d33f0000 - 0x00007ff8d343a000 	C:\Windows\System32\cfgmgr32.dll
0x0000000050b20000 - 0x0000000050b2f000 	C:\Program Files (x86)\Minecraft Launcher\runtime\jre-x64\bin\verify.dll
0x0000000050af0000 - 0x0000000050b19000 	C:\Program Files (x86)\Minecraft Launcher\runtime\jre-x64\bin\java.dll
0x0000000050ad0000 - 0x0000000050ae6000 	C:\Program Files (x86)\Minecraft Launcher\runtime\jre-x64\bin\zip.dll
0x00007ff8d5970000 - 0x00007ff8d6057000 	C:\Windows\System32\SHELL32.dll
0x00007ff8d45b0000 - 0x00007ff8d4659000 	C:\Windows\System32\shcore.dll
0x00007ff8d3660000 - 0x00007ff8d3de2000 	C:\Windows\System32\windows.storage.dll
0x00007ff8d3040000 - 0x00007ff8d3063000 	C:\Windows\System32\profapi.dll
0x00007ff8d3070000 - 0x00007ff8d30ba000 	C:\Windows\System32\powrprof.dll
0x00007ff8d3010000 - 0x00007ff8d3020000 	C:\Windows\System32\UMPDC.dll
0x00007ff8d4310000 - 0x00007ff8d4362000 	C:\Windows\System32\shlwapi.dll
0x00007ff8d3020000 - 0x00007ff8d3031000 	C:\Windows\System32\kernel.appcore.dll
0x00007ff8d3610000 - 0x00007ff8d3627000 	C:\Windows\System32\cryptsp.dll
0x0000000050ac0000 - 0x0000000050acd000 	C:\Program Files (x86)\Minecraft Launcher\runtime\jre-x64\bin\management.dll
0x0000000050aa0000 - 0x0000000050aba000 	C:\Program Files (x86)\Minecraft Launcher\runtime\jre-x64\bin\net.dll
0x00007ff8d2870000 - 0x00007ff8d28d7000 	C:\Windows\system32\mswsock.dll
0x00007ff8b1c00000 - 0x00007ff8b1c16000 	C:\Windows\system32\napinsp.dll
0x00007ff8b1be0000 - 0x00007ff8b1bfa000 	C:\Windows\system32\pnrpnsp.dll
0x00007ff8d25c0000 - 0x00007ff8d268b000 	C:\Windows\SYSTEM32\DNSAPI.dll
0x00007ff8d4840000 - 0x00007ff8d4848000 	C:\Windows\System32\NSI.dll
0x00007ff8d2580000 - 0x00007ff8d25ba000 	C:\Windows\SYSTEM32\IPHLPAPI.DLL
0x00007ff8b1b90000 - 0x00007ff8b1b9e000 	C:\Windows\System32\winrnr.dll
0x00007ff8cf480000 - 0x00007ff8cf49c000 	C:\Windows\system32\NLAapi.dll
0x00007ff8b1b70000 - 0x00007ff8b1b85000 	C:\Windows\system32\wshbth.dll
0x0000000050710000 - 0x0000000050736000 	C:\Program Files\Bonjour\mdnsNSP.dll
0x00007ff8c2720000 - 0x00007ff8c272a000 	C:\Windows\System32\rasadhlp.dll
0x00007ff8c96c0000 - 0x00007ff8c9737000 	C:\Windows\System32\fwpuclnt.dll
0x00007ff8d3630000 - 0x00007ff8d3656000 	C:\Windows\System32\bcrypt.dll
0x0000000050530000 - 0x0000000050541000 	C:\Program Files (x86)\Minecraft Launcher\runtime\jre-x64\bin\nio.dll
0x00007ff8d23e0000 - 0x00007ff8d2413000 	C:\Windows\system32\rsaenh.dll
0x00007ff8d2f00000 - 0x00007ff8d2f25000 	C:\Windows\SYSTEM32\USERENV.dll
0x00007ff8d2a40000 - 0x00007ff8d2a4c000 	C:\Windows\SYSTEM32\CRYPTBASE.dll
0x00007ff8a92a0000 - 0x00007ff8a9312000 	C:\Users\owenm\AppData\Roaming\.minecraft\bin\0c17-24e3-e936-6880\lwjgl.dll
0x00007ff8c2de0000 - 0x00007ff8c2e3e000 	C:\Users\owenm\AppData\Roaming\.minecraft\bin\0c17-24e3-e936-6880\glfw.dll
0x00007ff8713c0000 - 0x00007ff871611000 	C:\Users\owenm\AppData\Roaming\.minecraft\bin\0c17-24e3-e936-6880\jemalloc.dll
0x00007ff8d1370000 - 0x00007ff8d1409000 	C:\Windows\system32\uxtheme.dll
0x00007ff8c1ae0000 - 0x00007ff8c1b23000 	C:\Windows\SYSTEM32\dinput8.dll
0x00007ff8c6870000 - 0x00007ff8c6881000 	C:\Windows\SYSTEM32\xinput1_4.dll
0x00007ff8d2e10000 - 0x00007ff8d2e3a000 	C:\Windows\SYSTEM32\DEVOBJ.dll
0x00007ff8d1970000 - 0x00007ff8d199d000 	C:\Windows\SYSTEM32\dwmapi.dll
0x00007ff8d5250000 - 0x00007ff8d5385000 	C:\Windows\System32\MSCTF.dll
0x00007ff8d5110000 - 0x00007ff8d51d5000 	C:\Windows\System32\OLEAUT32.dll
0x00007ff8a80c0000 - 0x00007ff8a81db000 	C:\Windows\SYSTEM32\inputhost.dll
0x00007ff8d0ad0000 - 0x00007ff8d0ba4000 	C:\Windows\SYSTEM32\CoreMessaging.dll
0x00007ff8ceda0000 - 0x00007ff8cf0ca000 	C:\Windows\SYSTEM32\CoreUIComponents.dll
0x00007ff8cf600000 - 0x00007ff8cf6f0000 	C:\Windows\SYSTEM32\PROPSYS.dll
0x00007ff8cebb0000 - 0x00007ff8ced03000 	C:\Windows\SYSTEM32\wintypes.dll
0x00007ff8d2060000 - 0x00007ff8d2091000 	C:\Windows\SYSTEM32\ntmarta.dll
0x00007ff8d1c10000 - 0x00007ff8d1c1e000 	C:\Windows\SYSTEM32\HID.DLL
0x00007ff8d4850000 - 0x00007ff8d4cc0000 	C:\Windows\System32\SETUPAPI.DLL
0x00007ff8d30e0000 - 0x00007ff8d313c000 	C:\Windows\System32\WINTRUST.dll
0x00007ff8d30c0000 - 0x00007ff8d30d2000 	C:\Windows\System32\MSASN1.dll
0x00007ff8d3df0000 - 0x00007ff8d3f39000 	C:\Windows\System32\CRYPT32.dll
0x00007ff89b990000 - 0x00007ff89bae6000 	C:\Windows\SYSTEM32\opengl32.dll
0x00007ff89bd30000 - 0x00007ff89bd5c000 	C:\Windows\SYSTEM32\GLU32.dll
0x00007ff8d1c70000 - 0x00007ff8d1c90000 	C:\Windows\SYSTEM32\dxcore.dll
0x00007ff860040000 - 0x00007ff860f56000 	C:\Windows\System32\DriverStore\FileRepository\iigd_dch.inf_amd64_cf6c24843162da87\ig9icd64.dll
0x00007ff8d4cc0000 - 0x00007ff8d4e17000 	C:\Windows\System32\ole32.dll
0x00007ff8d1d00000 - 0x00007ff8d1deb000 	C:\Windows\system32\dxgi.dll
0x00007ff8c6ab0000 - 0x00007ff8c8eed000 	C:\Windows\System32\DriverStore\FileRepository\iigd_dch.inf_amd64_cf6c24843162da87\igc64.dll
0x00007ff8c9510000 - 0x00007ff8c96b3000 	C:\Windows\System32\DriverStore\FileRepository\iigd_dch.inf_amd64_cf6c24843162da87\igdgmm64.dll
0x00007ff8aca00000 - 0x00007ff8aca58000 	C:\Users\owenm\AppData\Roaming\.minecraft\bin\0c17-24e3-e936-6880\lwjgl_opengl.dll
0x00007ff8a88f0000 - 0x00007ff8a896f000 	C:\Users\owenm\AppData\Roaming\.minecraft\bin\0c17-24e3-e936-6880\lwjgl_stb.dll
0x00007ff8ce4a0000 - 0x00007ff8ce54e000 	C:\Windows\SYSTEM32\mscms.dll
0x00007ff8ce3c0000 - 0x00007ff8ce3d7000 	C:\Windows\SYSTEM32\ColorAdapterClient.dll
0x00007ff8a8d20000 - 0x00007ff8a8d63000 	C:\Windows\SYSTEM32\icm32.dll
0x00007ff8aab10000 - 0x00007ff8aab52000 	C:\Users\owenm\AppData\Local\Temp\jna-106156540\jna1279335334438426285.dll
0x00007ff8c60b0000 - 0x00007ff8c60ca000 	C:\Users\owenm\AppData\Roaming\.minecraft\bin\0c17-24e3-e936-6880\SAPIWrapper_x64.dll
0x00007ff8d4f50000 - 0x00007ff8d4ff2000 	C:\Windows\System32\clbcatq.dll
0x00007ff8708c0000 - 0x00007ff870a3f000 	C:\Windows\System32\Speech\Common\sapi.dll
0x00007ff8ca020000 - 0x00007ff8ca02b000 	C:\Windows\SYSTEM32\msdmo.dll
0x00007ff8c9ee0000 - 0x00007ff8c9efc000 	C:\Windows\SYSTEM32\MSACM32.dll
0x00007ff8c4c10000 - 0x00007ff8c4c82000 	C:\Windows\System32\MMDevApi.dll
0x0000000050500000 - 0x0000000050524000 	C:\Program Files (x86)\Minecraft Launcher\runtime\jre-x64\bin\sunec.dll
0x0000000050360000 - 0x00000000504f8000 	C:\Program Files (x86)\Minecraft Launcher\runtime\jre-x64\bin\awt.dll
0x00007ff8d0eb0000 - 0x00007ff8d0f3f000 	C:\Windows\SYSTEM32\apphelp.dll
0x00007ff871230000 - 0x00007ff871344000 	C:\Users\owenm\AppData\Roaming\.minecraft\bin\0c17-24e3-e936-6880\OpenAL.dll
0x00007ff8c3810000 - 0x00007ff8c396d000 	C:\Windows\SYSTEM32\AUDIOSES.DLL
0x00007ff8a8330000 - 0x00007ff8a83ce000 	C:\Windows\System32\TextInputFramework.dll
0x00007ff8c0e40000 - 0x00007ff8c10e6000 	C:\Windows\System32\iertutil.dll
0x00007ff8cb9e0000 - 0x00007ff8cb9f6000 	C:\Windows\SYSTEM32\dhcpcsvc6.DLL
0x00007ff8cb990000 - 0x00007ff8cb9ac000 	C:\Windows\SYSTEM32\dhcpcsvc.DLL
0x00007ff8d1060000 - 0x00007ff8d1254000 	C:\Windows\SYSTEM32\dbghelp.dll

VM Arguments:
jvm_args: -XX:HeapDumpPath=MojangTricksIntelDriversForPerformance_javaw.exe_minecraft.exe.heapdump -Dos.name=Windows 10 -Dos.version=10.0 -Xss1M -Djava.library.path=C:\Users\owenm\AppData\Roaming\.minecraft\bin\0c17-24e3-e936-6880 -Dminecraft.launcher.brand=minecraft-launcher -Dminecraft.launcher.version=2.1.17416 -Xmx2G -XX:+UnlockExperimentalVMOptions -XX:+UseG1GC -XX:G1NewSizePercent=20 -XX:G1ReservePercent=20 -XX:MaxGCPauseMillis=50 -XX:G1HeapRegionSize=32M -Dlog4j.configurationFile=C:\Users\owenm\AppData\Roaming\.minecraft\assets\log_configs\client-1.12.xml 
java_command: net.minecraft.launchwrapper.Launch --username odoggy21 --version 1.16.2-OptiFine_HD_U_G3_pre1 --gameDir C:\Users\owenm\AppData\Roaming\.minecraft --assetsDir C:\Users\owenm\AppData\Roaming\.minecraft\assets --assetIndex 1.16 --uuid f1c7cdbb41114859b0a4d50962eb7c2a --accessToken eyJhbGciOiJIUzI1NiJ9.eyJzdWIiOiI0MGFlN2U5YTdhMDFkNjhkYzY5ZmJiZGNhM2FmYjZhYyIsInlnZ3QiOiI4YzkzYTU1ZWJlOWI0MmQzODdlNGRiMDdmMWRlYzNlNCIsInNwciI6ImYxYzdjZGJiNDExMTQ4NTliMGE0ZDUwOTYyZWI3YzJhIiwiaXNzIjoiWWdnZHJhc2lsLUF1dGgiLCJleHAiOjE1OTk0MzY2ODYsImlhdCI6MTU5OTI2Mzg4Nn0.yHZ93JExwm14JhV2-O93FUXfSgAHi-ECcbdhvBVebfY --userType mojang --versionType release --tweakClass optifine.OptiFineTweaker
java_class_path (initial): C:\Users\owenm\AppData\Roaming\.minecraft\libraries\optifine\OptiFine\1.16.2_HD_U_G3_pre1\OptiFine-1.16.2_HD_U_G3_pre1.jar;C:\Users\owenm\AppData\Roaming\.minecraft\libraries\optifine\launchwrapper-of\2.1\launchwrapper-of-2.1.jar;C:\Users\owenm\AppData\Roaming\.minecraft\libraries\com\mojang\patchy\1.1\patchy-1.1.jar;C:\Users\owenm\AppData\Roaming\.minecraft\libraries\oshi-project\oshi-core\1.1\oshi-core-1.1.jar;C:\Users\owenm\AppData\Roaming\.minecraft\libraries\net\java\dev\jna\jna\4.4.0\jna-4.4.0.jar;C:\Users\owenm\AppData\Roaming\.minecraft\libraries\net\java\dev\jna\platform\3.4.0\platform-3.4.0.jar;C:\Users\owenm\AppData\Roaming\.minecraft\libraries\com\ibm\icu\icu4j\66.1\icu4j-66.1.jar;C:\Users\owenm\AppData\Roaming\.minecraft\libraries\com\mojang\javabridge\1.0.22\javabridge-1.0.22.jar;C:\Users\owenm\AppData\Roaming\.minecraft\libraries\net\sf\jopt-simple\jopt-simple\5.0.3\jopt-simple-5.0.3.jar;C:\Users\owenm\AppData\Roaming\.minecraft\libraries\io\netty\netty-all\4.1.25.Final\netty-all-4.1.25.Final.jar;C:\Users\owenm\AppData\Roaming\.minecraft\libraries\com\google\guava\guava\21.0\guava-21.0.jar;C:\Users\owenm\AppData\Roaming\.minecraft\libraries\org\apache\commons\commons-lang3\3.5\commons-lang3-3.5.jar;C:\Users\owenm\AppData\Roaming\.minecraft\libraries\commons-io\commons-io\2.5\commons-io-2.5.jar;C:\Users\owenm\AppData\Roaming\.minecraft\libraries\commons-codec\commons-codec\1.10\commons-codec-1.10.jar;C:\Users\owenm\AppData\Roaming\.minecraft\libraries\net\java\jinput\jinput\2.0.5\jinput-2.0.5.jar;C:\Users\owenm\AppData\Roaming\.minecraft\libraries\net\java\jutils\jutils\1.0.0\jutils-1.0.0.jar;C:\Users\owenm\AppData\Roaming\.minecraft\libraries\com\mojang\brigadier\1.0.17\brigadier-1.0.17.jar;C:\Users\owenm\AppData\Roaming\.minecraft\libraries\com\mojang\datafixerupper\4.0.26\datafixerupper-4.0.26.jar;C:\Users\owenm\AppData\Roaming\.minecraft\libraries\com\google\code\gson\gson\2.8.0\gson-2.8.0.jar;C:\Users\owenm\AppData\Roa
Launcher Type: SUN_STANDARD

Environment Variables:
PATH=C:\Program Files (x86)\Common Files\Oracle\Java\javapath;C:\Program Files (x86)\NVIDIA Corporation\PhysX\Common;C:\Windows\system32;C:\Windows;C:\Windows\System32\Wbem;C:\Windows\System32\WindowsPowerShell\v1.0\;C:\Windows\System32\OpenSSH\;C:\Program Files\TortoiseSVN\bin;C:\Program Files\Microsoft SQL Server\Client SDK\ODBC\110\Tools\Binn\;C:\Program Files (x86)\Microsoft SQL Server\120\Tools\Binn\;C:\Program Files\Microsoft SQL Server\120\Tools\Binn\;C:\Program Files\Microsoft SQL Server\120\DTS\Binn\;C:\Program Files (x86)\Windows Kits\8.1\Windows Performance Toolkit\;C:\Program Files\NVIDIA Corporation\NVIDIA NvDLISR;C:\Program Files\Git\cmd;C:\Program Files\nodejs\;C:\Program Files\Java\jdk-13.0.2\bin;C:\Users\owenm\AppData\Local\Microsoft\WindowsApps;C:\Users\owenm\AppData\Local\Programs\Microsoft VS Code\bin;C:\Users\owenm\AppData\Roaming\npm;C:\Users\owenm\AppData\Local\atom\bin;C:\Users\owenm\AppData\Local\GitHubDesktop\bin
USERNAME=owenm
OS=Windows_NT
PROCESSOR_IDENTIFIER=Intel64 Family 6 Model 158 Stepping 10, GenuineIntel



---------------  S Y S T E M  ---------------

OS: Windows 10.0 , 64 bit Build 18362 (10.0.18362.959)

CPU:total 12 (6 cores per cpu, 2 threads per core) family 6 model 158 stepping 10, cmov, cx8, fxsr, mmx, sse, sse2, sse3, ssse3, sse4.1, sse4.2, popcnt, avx, avx2, aes, clmul, erms, 3dnowpref, lzcnt, ht, tsc, tscinvbit, bmi1, bmi2, adx

Memory: 4k page, physical 16653556k(7443676k free), swap 19143924k(7018520k free)

vm_info: Java HotSpot(TM) 64-Bit Server VM (25.51-b03) for windows-amd64 JRE (1.8.0_51-b16), built on Jun  8 2015 18:03:07 by "java_re" with MS VC++ 10.0 (VS2010)

time: Sat Sep 05 19:38:21 2020
elapsed time: 378 seconds (0d 0h 6m 18s)

